0th: bestScore=(0,-1) v.s. (1,9488878)
1th: bestScore=(1,9488878) v.s. (1,9669466)
2th: bestScore=(1,9669466) v.s. (1,8485460)
3th: bestScore=(1,9669466) v.s. (1,8837727)
4th: bestScore=(1,9669466) v.s. (1,9479358)
5th: bestScore=(1,9669466) v.s. (1,10129933)
6th: bestScore=(1,10129933) v.s. (1,9764955)
7th: bestScore=(1,10129933) v.s. (1,9400691)
8th: bestScore=(1,10129933) v.s. (1,8920264)
9th: bestScore=(1,10129933) v.s. (1,10156844)
10th: bestScore=(1,10156844) v.s. (1,9824993)
11th: bestScore=(1,10156844) v.s. (1,7939019)
12th: bestScore=(1,10156844) v.s. (1,9086413)
13th: bestScore=(1,10156844) v.s. (1,8858247)
14th: bestScore=(1,10156844) v.s. (1,9431254)
15th: bestScore=(1,10156844) v.s. (1,10279916)
16th: bestScore=(1,10279916) v.s. (1,9897784)
17th: bestScore=(1,10279916) v.s. (1,8584744)
18th: bestScore=(1,10279916) v.s. (1,10675463)
19th: bestScore=(1,10675463) v.s. (1,10664054)
20th: bestScore=(1,10675463) v.s. (1,9317889)
21th: bestScore=(1,10675463) v.s. (1,8408026)
22th: bestScore=(1,10675463) v.s. (1,8969333)
23th: bestScore=(1,10675463) v.s. (1,9873146)
24th: bestScore=(1,10675463) v.s. (1,8702737)
25th: bestScore=(1,10675463) v.s. (1,10964284)
26th: bestScore=(1,10964284) v.s. (1,8551342)
27th: bestScore=(1,10964284) v.s. (1,9908430)
28th: bestScore=(1,10964284) v.s. (1,11244056)
29th: bestScore=(1,11244056) v.s. (1,9306305)
30th: bestScore=(1,11244056) v.s. (1,12128176)
31th: bestScore=(1,12128176) v.s. (1,9226506)
32th: bestScore=(1,12128176) v.s. (1,12058909)
33th: bestScore=(1,12128176) v.s. (1,10991848)
34th: bestScore=(1,12128176) v.s. (1,9778985)
35th: bestScore=(1,12128176) v.s. (1,9436317)
36th: bestScore=(1,12128176) v.s. (1,10015324)
37th: bestScore=(1,12128176) v.s. (1,8226016)
38th: bestScore=(1,12128176) v.s. (1,10229101)
39th: bestScore=(1,12128176) v.s. (1,9825761)
40th: bestScore=(1,12128176) v.s. (1,10595422)
41th: bestScore=(1,12128176) v.s. (1,9731449)
42th: bestScore=(1,12128176) v.s. (1,9697970)
43th: bestScore=(1,12128176) v.s. (1,9789272)
44th: bestScore=(1,12128176) v.s. (1,10112516)
45th: bestScore=(1,12128176) v.s. (1,9451501)
46th: bestScore=(1,12128176) v.s. (1,9949408)
47th: bestScore=(1,12128176) v.s. (1,12170329)
48th: bestScore=(1,12170329) v.s. (1,8978329)
49th: bestScore=(1,12170329) v.s. (1,10872163)
50th: bestScore=(1,12170329) v.s. (1,10032447)
51th: bestScore=(1,12170329) v.s. (1,8205925)
52th: bestScore=(1,12170329) v.s. (1,9734563)
53th: bestScore=(1,12170329) v.s. (1,8955860)
54th: bestScore=(1,12170329) v.s. (1,9751457)
55th: bestScore=(1,12170329) v.s. (1,8484905)
56th: bestScore=(1,12170329) v.s. (1,8501931)
57th: bestScore=(1,12170329) v.s. (1,11106270)
58th: bestScore=(1,12170329) v.s. (1,9616885)
59th: bestScore=(1,12170329) v.s. (1,7937081)
60th: bestScore=(1,12170329) v.s. (1,12147235)
61th: bestScore=(1,12170329) v.s. (1,9494996)
62th: bestScore=(1,12170329) v.s. (1,9631728)
63th: bestScore=(1,12170329) v.s. (1,8955833)
64th: bestScore=(1,12170329) v.s. (1,9547436)
65th: bestScore=(1,12170329) v.s. (1,9602567)
66th: bestScore=(1,12170329) v.s. (1,10263589)
67th: bestScore=(1,12170329) v.s. (1,8590041)
68th: bestScore=(1,12170329) v.s. (1,11580206)
69th: bestScore=(1,12170329) v.s. (1,9648117)
70th: bestScore=(1,12170329) v.s. (1,8806651)
71th: bestScore=(1,12170329) v.s. (1,10663449)
72th: bestScore=(1,12170329) v.s. (1,10809159)
73th: bestScore=(1,12170329) v.s. (1,8436956)
74th: bestScore=(1,12170329) v.s. (1,9244280)
75th: bestScore=(1,12170329) v.s. (1,10772944)
76th: bestScore=(1,12170329) v.s. (1,10105650)
77th: bestScore=(1,12170329) v.s. (1,10497056)
78th: bestScore=(1,12170329) v.s. (1,10120460)
79th: bestScore=(1,12170329) v.s. (1,10297323)
80th: bestScore=(1,12170329) v.s. (1,9154689)
81th: bestScore=(1,12170329) v.s. (1,8459070)
82th: bestScore=(1,12170329) v.s. (1,10142043)
83th: bestScore=(1,12170329) v.s. (1,10379897)
84th: bestScore=(1,12170329) v.s. (1,9455014)
85th: bestScore=(1,12170329) v.s. (1,9831588)
86th: bestScore=(1,12170329) v.s. (1,10986512)
87th: bestScore=(1,12170329) v.s. (1,8576892)
88th: bestScore=(1,12170329) v.s. (1,8314977)
89th: bestScore=(1,12170329) v.s. (1,10843646)
90th: bestScore=(1,12170329) v.s. (1,10625383)
91th: bestScore=(1,12170329) v.s. (1,9617322)
92th: bestScore=(1,12170329) v.s. (1,8677556)
93th: bestScore=(1,12170329) v.s. (1,9493600)
94th: bestScore=(1,12170329) v.s. (1,10081163)
95th: bestScore=(1,12170329) v.s. (1,11410008)
96th: bestScore=(1,12170329) v.s. (1,9193412)
97th: bestScore=(1,12170329) v.s. (1,11989856)
98th: bestScore=(1,12170329) v.s. (1,10597889)
99th: bestScore=(1,12170329) v.s. (1,11457332)
100th: bestScore=(1,12170329) v.s. (1,9189085)
101th: bestScore=(1,12170329) v.s. (1,9724345)
102th: bestScore=(1,12170329) v.s. (1,9597979)
103th: bestScore=(1,12170329) v.s. (1,9971305)
104th: bestScore=(1,12170329) v.s. (1,9534776)
105th: bestScore=(1,12170329) v.s. (1,8970401)
106th: bestScore=(1,12170329) v.s. (1,6809004)
107th: bestScore=(1,12170329) v.s. (1,9573778)
108th: bestScore=(1,12170329) v.s. (1,9543143)
109th: bestScore=(1,12170329) v.s. (1,10125276)
110th: bestScore=(1,12170329) v.s. (1,9502073)
111th: bestScore=(1,12170329) v.s. (1,8572607)
112th: bestScore=(1,12170329) v.s. (1,9958920)
113th: bestScore=(1,12170329) v.s. (1,9351602)
114th: bestScore=(1,12170329) v.s. (1,9038014)
115th: bestScore=(1,12170329) v.s. (1,10568291)
116th: bestScore=(1,12170329) v.s. (1,9540864)
117th: bestScore=(1,12170329) v.s. (1,10327690)
118th: bestScore=(1,12170329) v.s. (1,10244634)
119th: bestScore=(1,12170329) v.s. (1,8414379)
120th: bestScore=(1,12170329) v.s. (1,9875030)
121th: bestScore=(1,12170329) v.s. (1,10121939)
122th: bestScore=(1,12170329) v.s. (1,8976152)
123th: bestScore=(1,12170329) v.s. (1,9147193)
124th: bestScore=(1,12170329) v.s. (1,10083938)
125th: bestScore=(1,12170329) v.s. (1,11568537)
126th: bestScore=(1,12170329) v.s. (1,9906380)
127th: bestScore=(1,12170329) v.s. (1,8420885)
128th: bestScore=(1,12170329) v.s. (1,9075606)
129th: bestScore=(1,12170329) v.s. (1,11139549)
130th: bestScore=(1,12170329) v.s. (1,7558046)
131th: bestScore=(1,12170329) v.s. (1,9191126)
132th: bestScore=(1,12170329) v.s. (1,8442818)
133th: bestScore=(1,12170329) v.s. (1,10564928)
134th: bestScore=(1,12170329) v.s. (1,10242752)
135th: bestScore=(1,12170329) v.s. (1,10344026)
136th: bestScore=(1,12170329) v.s. (1,10083948)
137th: bestScore=(1,12170329) v.s. (1,11444634)
138th: bestScore=(1,12170329) v.s. (1,8408086)
139th: bestScore=(1,12170329) v.s. (1,11126383)
140th: bestScore=(1,12170329) v.s. (1,9102733)
141th: bestScore=(1,12170329) v.s. (1,8374814)
142th: bestScore=(1,12170329) v.s. (1,11026300)
143th: bestScore=(1,12170329) v.s. (1,9250276)
144th: bestScore=(1,12170329) v.s. (1,8718370)
145th: bestScore=(1,12170329) v.s. (1,9874343)
146th: bestScore=(1,12170329) v.s. (1,10475674)
147th: bestScore=(1,12170329) v.s. (1,9248437)
148th: bestScore=(1,12170329) v.s. (1,9986241)
149th: bestScore=(1,12170329) v.s. (1,11598936)
150th: bestScore=(1,12170329) v.s. (1,10830119)
151th: bestScore=(1,12170329) v.s. (1,9910383)
152th: bestScore=(1,12170329) v.s. (1,9700194)
153th: bestScore=(1,12170329) v.s. (1,8703616)
154th: bestScore=(1,12170329) v.s. (1,9630981)
155th: bestScore=(1,12170329) v.s. (1,10425463)
156th: bestScore=(1,12170329) v.s. (1,8421132)
157th: bestScore=(1,12170329) v.s. (1,9720941)
158th: bestScore=(1,12170329) v.s. (1,9525783)
159th: bestScore=(1,12170329) v.s. (1,8141664)
160th: bestScore=(1,12170329) v.s. (1,7841790)
161th: bestScore=(1,12170329) v.s. (1,10476109)
162th: bestScore=(1,12170329) v.s. (1,11078945)
163th: bestScore=(1,12170329) v.s. (1,9062092)
164th: bestScore=(1,12170329) v.s. (1,8373281)
165th: bestScore=(1,12170329) v.s. (1,9387135)
166th: bestScore=(1,12170329) v.s. (1,8647242)
167th: bestScore=(1,12170329) v.s. (1,9953678)
168th: bestScore=(1,12170329) v.s. (1,11702856)
169th: bestScore=(1,12170329) v.s. (1,9397051)
170th: bestScore=(1,12170329) v.s. (1,9921528)
171th: bestScore=(1,12170329) v.s. (1,8391074)
172th: bestScore=(1,12170329) v.s. (1,7983172)
173th: bestScore=(1,12170329) v.s. (1,10198518)
174th: bestScore=(1,12170329) v.s. (1,8065356)
175th: bestScore=(1,12170329) v.s. (1,9856164)
176th: bestScore=(1,12170329) v.s. (1,10020854)
177th: bestScore=(1,12170329) v.s. (1,10996943)
178th: bestScore=(1,12170329) v.s. (1,8925985)
179th: bestScore=(1,12170329) v.s. (1,10018175)
180th: bestScore=(1,12170329) v.s. (1,10773822)
181th: bestScore=(1,12170329) v.s. (1,9016376)
182th: bestScore=(1,12170329) v.s. (1,8400950)
183th: bestScore=(1,12170329) v.s. (1,10728010)
184th: bestScore=(1,12170329) v.s. (1,9302389)
185th: bestScore=(1,12170329) v.s. (1,8979695)
186th: bestScore=(1,12170329) v.s. (1,9400830)
187th: bestScore=(1,12170329) v.s. (1,8378410)
188th: bestScore=(1,12170329) v.s. (1,9530601)
189th: bestScore=(1,12170329) v.s. (1,8790270)
190th: bestScore=(1,12170329) v.s. (1,8853870)
191th: bestScore=(1,12170329) v.s. (1,9338078)
192th: bestScore=(1,12170329) v.s. (1,9832002)
193th: bestScore=(1,12170329) v.s. (1,9808979)
194th: bestScore=(1,12170329) v.s. (1,8477011)
195th: bestScore=(1,12170329) v.s. (1,9144590)
196th: bestScore=(1,12170329) v.s. (1,9616175)
197th: bestScore=(1,12170329) v.s. (1,9579500)
198th: bestScore=(1,12170329) v.s. (1,11213162)
199th: bestScore=(1,12170329) v.s. (1,9093598)
score = (1,12170329)
