0th: bestScore=(0,-1) v.s. (1,13665507)
1th: bestScore=(1,13665507) v.s. (1,13194470)
2th: bestScore=(1,13665507) v.s. (1,16469820)
3th: bestScore=(1,16469820) v.s. (1,14184600)
4th: bestScore=(1,16469820) v.s. (1,14397162)
5th: bestScore=(1,16469820) v.s. (1,14876440)
6th: bestScore=(1,16469820) v.s. (1,18737552)
7th: bestScore=(1,18737552) v.s. (1,12609535)
8th: bestScore=(1,18737552) v.s. (1,12228520)
9th: bestScore=(1,18737552) v.s. (1,14624683)
10th: bestScore=(1,18737552) v.s. (1,13659297)
11th: bestScore=(1,18737552) v.s. (1,11045585)
12th: bestScore=(1,18737552) v.s. (1,12913522)
13th: bestScore=(1,18737552) v.s. (1,14317239)
14th: bestScore=(1,18737552) v.s. (1,12041913)
15th: bestScore=(1,18737552) v.s. (1,15302205)
16th: bestScore=(1,18737552) v.s. (1,14494587)
17th: bestScore=(1,18737552) v.s. (1,12694090)
18th: bestScore=(1,18737552) v.s. (1,10629348)
19th: bestScore=(1,18737552) v.s. (1,14093140)
20th: bestScore=(1,18737552) v.s. (1,18890180)
21th: bestScore=(1,18890180) v.s. (1,11271554)
22th: bestScore=(1,18890180) v.s. (1,15372833)
23th: bestScore=(1,18890180) v.s. (1,14138004)
24th: bestScore=(1,18890180) v.s. (1,14307773)
25th: bestScore=(1,18890180) v.s. (1,14603178)
26th: bestScore=(1,18890180) v.s. (1,12690772)
27th: bestScore=(1,18890180) v.s. (1,11429624)
28th: bestScore=(1,18890180) v.s. (1,17523733)
29th: bestScore=(1,18890180) v.s. (1,11084854)
30th: bestScore=(1,18890180) v.s. (1,10551273)
31th: bestScore=(1,18890180) v.s. (1,14233547)
32th: bestScore=(1,18890180) v.s. (1,11430708)
33th: bestScore=(1,18890180) v.s. (1,14701342)
34th: bestScore=(1,18890180) v.s. (1,11640682)
35th: bestScore=(1,18890180) v.s. (1,11296593)
36th: bestScore=(1,18890180) v.s. (1,15762914)
37th: bestScore=(1,18890180) v.s. (1,12785468)
38th: bestScore=(1,18890180) v.s. (1,14854365)
39th: bestScore=(1,18890180) v.s. (1,12058887)
40th: bestScore=(1,18890180) v.s. (1,12464172)
41th: bestScore=(1,18890180) v.s. (1,11468629)
42th: bestScore=(1,18890180) v.s. (1,12539328)
43th: bestScore=(1,18890180) v.s. (1,15242698)
44th: bestScore=(1,18890180) v.s. (1,14777555)
45th: bestScore=(1,18890180) v.s. (1,12249483)
46th: bestScore=(1,18890180) v.s. (1,13722447)
47th: bestScore=(1,18890180) v.s. (1,13070232)
48th: bestScore=(1,18890180) v.s. (1,15593907)
49th: bestScore=(1,18890180) v.s. (1,15281793)
50th: bestScore=(1,18890180) v.s. (1,15641243)
51th: bestScore=(1,18890180) v.s. (1,13438616)
52th: bestScore=(1,18890180) v.s. (1,13250294)
53th: bestScore=(1,18890180) v.s. (1,15584640)
54th: bestScore=(1,18890180) v.s. (1,15400230)
55th: bestScore=(1,18890180) v.s. (1,13378640)
56th: bestScore=(1,18890180) v.s. (1,13105422)
57th: bestScore=(1,18890180) v.s. (1,13947488)
58th: bestScore=(1,18890180) v.s. (1,11477459)
59th: bestScore=(1,18890180) v.s. (1,12913314)
60th: bestScore=(1,18890180) v.s. (1,12436169)
61th: bestScore=(1,18890180) v.s. (1,15719710)
62th: bestScore=(1,18890180) v.s. (1,11496634)
63th: bestScore=(1,18890180) v.s. (1,13491751)
64th: bestScore=(1,18890180) v.s. (1,14551350)
65th: bestScore=(1,18890180) v.s. (1,12313163)
66th: bestScore=(1,18890180) v.s. (1,13298829)
67th: bestScore=(1,18890180) v.s. (1,13088404)
68th: bestScore=(1,18890180) v.s. (1,13973393)
69th: bestScore=(1,18890180) v.s. (1,14018322)
70th: bestScore=(1,18890180) v.s. (1,11549221)
71th: bestScore=(1,18890180) v.s. (1,13717648)
72th: bestScore=(1,18890180) v.s. (1,11572575)
73th: bestScore=(1,18890180) v.s. (1,13195545)
74th: bestScore=(1,18890180) v.s. (1,11989911)
75th: bestScore=(1,18890180) v.s. (1,10788150)
76th: bestScore=(1,18890180) v.s. (1,11089177)
77th: bestScore=(1,18890180) v.s. (1,15917844)
78th: bestScore=(1,18890180) v.s. (1,13383116)
79th: bestScore=(1,18890180) v.s. (1,12552346)
80th: bestScore=(1,18890180) v.s. (1,13052990)
81th: bestScore=(1,18890180) v.s. (1,14405587)
82th: bestScore=(1,18890180) v.s. (1,12314287)
83th: bestScore=(1,18890180) v.s. (1,17978704)
84th: bestScore=(1,18890180) v.s. (1,12274599)
85th: bestScore=(1,18890180) v.s. (1,13078512)
86th: bestScore=(1,18890180) v.s. (1,12204173)
87th: bestScore=(1,18890180) v.s. (1,13398240)
88th: bestScore=(1,18890180) v.s. (1,14387450)
89th: bestScore=(1,18890180) v.s. (1,10230690)
90th: bestScore=(1,18890180) v.s. (1,11931462)
91th: bestScore=(1,18890180) v.s. (1,13725193)
92th: bestScore=(1,18890180) v.s. (1,13637355)
93th: bestScore=(1,18890180) v.s. (1,19902818)
94th: bestScore=(1,19902818) v.s. (1,14370407)
95th: bestScore=(1,19902818) v.s. (1,12555066)
96th: bestScore=(1,19902818) v.s. (1,16215301)
97th: bestScore=(1,19902818) v.s. (1,13554642)
98th: bestScore=(1,19902818) v.s. (1,13898234)
99th: bestScore=(1,19902818) v.s. (1,13242973)
100th: bestScore=(1,19902818) v.s. (1,15154610)
101th: bestScore=(1,19902818) v.s. (1,15379905)
102th: bestScore=(1,19902818) v.s. (1,9934556)
103th: bestScore=(1,19902818) v.s. (1,11837251)
104th: bestScore=(1,19902818) v.s. (1,13080570)
105th: bestScore=(1,19902818) v.s. (1,14062101)
106th: bestScore=(1,19902818) v.s. (1,13811740)
107th: bestScore=(1,19902818) v.s. (1,13564228)
108th: bestScore=(1,19902818) v.s. (1,10925843)
109th: bestScore=(1,19902818) v.s. (1,12569970)
110th: bestScore=(1,19902818) v.s. (1,13634679)
111th: bestScore=(1,19902818) v.s. (1,14582186)
112th: bestScore=(1,19902818) v.s. (1,11890815)
113th: bestScore=(1,19902818) v.s. (1,13027625)
114th: bestScore=(1,19902818) v.s. (1,13459106)
115th: bestScore=(1,19902818) v.s. (1,16036086)
116th: bestScore=(1,19902818) v.s. (1,12268516)
117th: bestScore=(1,19902818) v.s. (1,15136495)
118th: bestScore=(1,19902818) v.s. (1,13076835)
119th: bestScore=(1,19902818) v.s. (1,15122051)
120th: bestScore=(1,19902818) v.s. (1,12661072)
121th: bestScore=(1,19902818) v.s. (1,14038721)
122th: bestScore=(1,19902818) v.s. (1,14276347)
123th: bestScore=(1,19902818) v.s. (1,14378230)
124th: bestScore=(1,19902818) v.s. (1,11573659)
125th: bestScore=(1,19902818) v.s. (1,12535422)
126th: bestScore=(1,19902818) v.s. (1,9631978)
127th: bestScore=(1,19902818) v.s. (1,10094001)
128th: bestScore=(1,19902818) v.s. (1,13795072)
129th: bestScore=(1,19902818) v.s. (1,13519978)
130th: bestScore=(1,19902818) v.s. (1,11961136)
131th: bestScore=(1,19902818) v.s. (1,12973823)
132th: bestScore=(1,19902818) v.s. (1,13668243)
133th: bestScore=(1,19902818) v.s. (1,17078748)
134th: bestScore=(1,19902818) v.s. (1,14056704)
135th: bestScore=(1,19902818) v.s. (1,13325735)
136th: bestScore=(1,19902818) v.s. (1,14493899)
137th: bestScore=(1,19902818) v.s. (1,11769183)
138th: bestScore=(1,19902818) v.s. (1,13170176)
139th: bestScore=(1,19902818) v.s. (1,13091226)
140th: bestScore=(1,19902818) v.s. (1,12874254)
141th: bestScore=(1,19902818) v.s. (1,10845517)
142th: bestScore=(1,19902818) v.s. (1,13973058)
143th: bestScore=(1,19902818) v.s. (1,13593521)
144th: bestScore=(1,19902818) v.s. (1,12643028)
145th: bestScore=(1,19902818) v.s. (1,15612379)
146th: bestScore=(1,19902818) v.s. (1,16900184)
147th: bestScore=(1,19902818) v.s. (1,12657847)
148th: bestScore=(1,19902818) v.s. (1,11445996)
149th: bestScore=(1,19902818) v.s. (1,17759374)
150th: bestScore=(1,19902818) v.s. (1,11205589)
151th: bestScore=(1,19902818) v.s. (1,13379739)
152th: bestScore=(1,19902818) v.s. (1,15758673)
153th: bestScore=(1,19902818) v.s. (1,14432224)
154th: bestScore=(1,19902818) v.s. (1,11748983)
155th: bestScore=(1,19902818) v.s. (1,12873179)
156th: bestScore=(1,19902818) v.s. (1,17223577)
157th: bestScore=(1,19902818) v.s. (1,9965695)
158th: bestScore=(1,19902818) v.s. (1,14740182)
159th: bestScore=(1,19902818) v.s. (1,12832630)
160th: bestScore=(1,19902818) v.s. (1,11455538)
161th: bestScore=(1,19902818) v.s. (1,13584089)
162th: bestScore=(1,19902818) v.s. (1,12983258)
163th: bestScore=(1,19902818) v.s. (1,13976573)
164th: bestScore=(1,19902818) v.s. (1,13626736)
165th: bestScore=(1,19902818) v.s. (1,13155785)
166th: bestScore=(1,19902818) v.s. (1,14815333)
167th: bestScore=(1,19902818) v.s. (1,14506955)
168th: bestScore=(1,19902818) v.s. (1,12802779)
169th: bestScore=(1,19902818) v.s. (1,12925022)
170th: bestScore=(1,19902818) v.s. (1,12599240)
171th: bestScore=(1,19902818) v.s. (1,14959897)
172th: bestScore=(1,19902818) v.s. (1,11772372)
173th: bestScore=(1,19902818) v.s. (1,15365272)
174th: bestScore=(1,19902818) v.s. (1,11785586)
175th: bestScore=(1,19902818) v.s. (1,13344293)
176th: bestScore=(1,19902818) v.s. (1,13768246)
177th: bestScore=(1,19902818) v.s. (1,13956086)
178th: bestScore=(1,19902818) v.s. (1,10652912)
179th: bestScore=(1,19902818) v.s. (1,15284423)
180th: bestScore=(1,19902818) v.s. (1,11257049)
181th: bestScore=(1,19902818) v.s. (1,13779473)
182th: bestScore=(1,19902818) v.s. (1,12754521)
183th: bestScore=(1,19902818) v.s. (1,12644450)
184th: bestScore=(1,19902818) v.s. (1,13730709)
185th: bestScore=(1,19902818) v.s. (1,12377313)
186th: bestScore=(1,19902818) v.s. (1,12264382)
187th: bestScore=(1,19902818) v.s. (1,13097836)
188th: bestScore=(1,19902818) v.s. (1,13354582)
189th: bestScore=(1,19902818) v.s. (1,13501867)
190th: bestScore=(1,19902818) v.s. (1,15267360)
191th: bestScore=(1,19902818) v.s. (1,10371112)
192th: bestScore=(1,19902818) v.s. (1,17556838)
193th: bestScore=(1,19902818) v.s. (1,13812513)
194th: bestScore=(1,19902818) v.s. (1,16757921)
195th: bestScore=(1,19902818) v.s. (1,14173952)
196th: bestScore=(1,19902818) v.s. (1,12951147)
197th: bestScore=(1,19902818) v.s. (1,15769970)
198th: bestScore=(1,19902818) v.s. (1,12644255)
199th: bestScore=(1,19902818) v.s. (1,12510960)
score = (1,19902818)
