0th: bestScore=(0,-1) v.s. (1,10000255)
1th: bestScore=(1,10000255) v.s. (1,9776616)
2th: bestScore=(1,10000255) v.s. (1,9396985)
3th: bestScore=(1,10000255) v.s. (1,10450927)
4th: bestScore=(1,10450927) v.s. (1,9142678)
5th: bestScore=(1,10450927) v.s. (1,10390132)
6th: bestScore=(1,10450927) v.s. (1,9705121)
7th: bestScore=(1,10450927) v.s. (1,10147092)
8th: bestScore=(1,10450927) v.s. (1,9637279)
9th: bestScore=(1,10450927) v.s. (1,9421507)
10th: bestScore=(1,10450927) v.s. (1,9145811)
11th: bestScore=(1,10450927) v.s. (1,8922039)
12th: bestScore=(1,10450927) v.s. (1,10096469)
13th: bestScore=(1,10450927) v.s. (1,10399693)
14th: bestScore=(1,10450927) v.s. (1,9308280)
15th: bestScore=(1,10450927) v.s. (1,10359376)
16th: bestScore=(1,10450927) v.s. (1,9733512)
17th: bestScore=(1,10450927) v.s. (1,9863365)
18th: bestScore=(1,10450927) v.s. (1,10286784)
19th: bestScore=(1,10450927) v.s. (1,9416820)
20th: bestScore=(1,10450927) v.s. (1,9174295)
21th: bestScore=(1,10450927) v.s. (1,10141903)
22th: bestScore=(1,10450927) v.s. (1,9321597)
23th: bestScore=(1,10450927) v.s. (1,9922440)
24th: bestScore=(1,10450927) v.s. (1,10746721)
25th: bestScore=(1,10746721) v.s. (1,10066264)
26th: bestScore=(1,10746721) v.s. (1,9207558)
27th: bestScore=(1,10746721) v.s. (1,10634600)
28th: bestScore=(1,10746721) v.s. (1,8997384)
29th: bestScore=(1,10746721) v.s. (1,9590176)
30th: bestScore=(1,10746721) v.s. (1,9718137)
31th: bestScore=(1,10746721) v.s. (1,9435286)
32th: bestScore=(1,10746721) v.s. (1,9136244)
33th: bestScore=(1,10746721) v.s. (1,9999384)
34th: bestScore=(1,10746721) v.s. (1,9308470)
35th: bestScore=(1,10746721) v.s. (1,9564082)
36th: bestScore=(1,10746721) v.s. (1,9504310)
37th: bestScore=(1,10746721) v.s. (1,9526326)
38th: bestScore=(1,10746721) v.s. (1,9339615)
39th: bestScore=(1,10746721) v.s. (1,8965362)
40th: bestScore=(1,10746721) v.s. (1,9472969)
41th: bestScore=(1,10746721) v.s. (1,9158916)
42th: bestScore=(1,10746721) v.s. (1,10183473)
43th: bestScore=(1,10746721) v.s. (1,10064426)
44th: bestScore=(1,10746721) v.s. (1,9618303)
45th: bestScore=(1,10746721) v.s. (1,10595678)
46th: bestScore=(1,10746721) v.s. (1,9942542)
47th: bestScore=(1,10746721) v.s. (1,9345165)
48th: bestScore=(1,10746721) v.s. (1,8952922)
49th: bestScore=(1,10746721) v.s. (1,9194977)
50th: bestScore=(1,10746721) v.s. (1,9780138)
51th: bestScore=(1,10746721) v.s. (1,9993922)
52th: bestScore=(1,10746721) v.s. (1,9666093)
53th: bestScore=(1,10746721) v.s. (1,8806975)
54th: bestScore=(1,10746721) v.s. (1,9773202)
55th: bestScore=(1,10746721) v.s. (1,10909997)
56th: bestScore=(1,10909997) v.s. (1,8256200)
57th: bestScore=(1,10909997) v.s. (1,10390002)
58th: bestScore=(1,10909997) v.s. (1,9367509)
59th: bestScore=(1,10909997) v.s. (1,8916973)
60th: bestScore=(1,10909997) v.s. (1,10867184)
61th: bestScore=(1,10909997) v.s. (1,9014550)
62th: bestScore=(1,10909997) v.s. (1,10244009)
63th: bestScore=(1,10909997) v.s. (1,10737336)
64th: bestScore=(1,10909997) v.s. (1,9547007)
65th: bestScore=(1,10909997) v.s. (1,9737049)
66th: bestScore=(1,10909997) v.s. (1,9768073)
67th: bestScore=(1,10909997) v.s. (1,8873795)
68th: bestScore=(1,10909997) v.s. (1,10156139)
69th: bestScore=(1,10909997) v.s. (1,9450160)
70th: bestScore=(1,10909997) v.s. (1,8983807)
71th: bestScore=(1,10909997) v.s. (1,9176929)
72th: bestScore=(1,10909997) v.s. (1,9588124)
73th: bestScore=(1,10909997) v.s. (1,9378774)
74th: bestScore=(1,10909997) v.s. (1,9571512)
75th: bestScore=(1,10909997) v.s. (1,8667199)
76th: bestScore=(1,10909997) v.s. (1,10385922)
77th: bestScore=(1,10909997) v.s. (1,9689902)
78th: bestScore=(1,10909997) v.s. (1,9106897)
79th: bestScore=(1,10909997) v.s. (1,8841546)
80th: bestScore=(1,10909997) v.s. (1,8650852)
81th: bestScore=(1,10909997) v.s. (1,9024686)
82th: bestScore=(1,10909997) v.s. (1,9228889)
83th: bestScore=(1,10909997) v.s. (1,8966358)
84th: bestScore=(1,10909997) v.s. (1,9123822)
85th: bestScore=(1,10909997) v.s. (1,9498661)
86th: bestScore=(1,10909997) v.s. (1,9539638)
87th: bestScore=(1,10909997) v.s. (1,9618268)
88th: bestScore=(1,10909997) v.s. (1,9040260)
89th: bestScore=(1,10909997) v.s. (1,9997676)
90th: bestScore=(1,10909997) v.s. (1,9542231)
91th: bestScore=(1,10909997) v.s. (1,9285230)
92th: bestScore=(1,10909997) v.s. (1,9291085)
93th: bestScore=(1,10909997) v.s. (1,9393261)
94th: bestScore=(1,10909997) v.s. (1,10324695)
95th: bestScore=(1,10909997) v.s. (1,9676380)
96th: bestScore=(1,10909997) v.s. (1,9588664)
97th: bestScore=(1,10909997) v.s. (1,9583927)
98th: bestScore=(1,10909997) v.s. (1,9183687)
99th: bestScore=(1,10909997) v.s. (1,8810963)
100th: bestScore=(1,10909997) v.s. (1,8989207)
101th: bestScore=(1,10909997) v.s. (1,8568931)
102th: bestScore=(1,10909997) v.s. (1,9598596)
103th: bestScore=(1,10909997) v.s. (1,9277751)
104th: bestScore=(1,10909997) v.s. (1,9485096)
105th: bestScore=(1,10909997) v.s. (1,9093194)
106th: bestScore=(1,10909997) v.s. (1,9649069)
107th: bestScore=(1,10909997) v.s. (1,10677926)
108th: bestScore=(1,10909997) v.s. (1,9806082)
109th: bestScore=(1,10909997) v.s. (1,9756687)
110th: bestScore=(1,10909997) v.s. (1,8712818)
111th: bestScore=(1,10909997) v.s. (1,11034582)
112th: bestScore=(1,11034582) v.s. (1,9443692)
113th: bestScore=(1,11034582) v.s. (1,9393836)
114th: bestScore=(1,11034582) v.s. (1,9858795)
115th: bestScore=(1,11034582) v.s. (1,9606522)
116th: bestScore=(1,11034582) v.s. (1,8743915)
117th: bestScore=(1,11034582) v.s. (1,9863908)
118th: bestScore=(1,11034582) v.s. (1,9230785)
119th: bestScore=(1,11034582) v.s. (1,9371131)
120th: bestScore=(1,11034582) v.s. (1,9014840)
121th: bestScore=(1,11034582) v.s. (1,9199126)
122th: bestScore=(1,11034582) v.s. (1,10290529)
123th: bestScore=(1,11034582) v.s. (1,9687126)
124th: bestScore=(1,11034582) v.s. (1,9815418)
125th: bestScore=(1,11034582) v.s. (1,9517757)
126th: bestScore=(1,11034582) v.s. (1,9509249)
127th: bestScore=(1,11034582) v.s. (1,9991387)
128th: bestScore=(1,11034582) v.s. (1,8982707)
129th: bestScore=(1,11034582) v.s. (1,9282203)
130th: bestScore=(1,11034582) v.s. (1,10088970)
131th: bestScore=(1,11034582) v.s. (1,10983982)
132th: bestScore=(1,11034582) v.s. (1,10708967)
133th: bestScore=(1,11034582) v.s. (1,9951075)
134th: bestScore=(1,11034582) v.s. (1,10207058)
135th: bestScore=(1,11034582) v.s. (1,9103126)
136th: bestScore=(1,11034582) v.s. (1,8594265)
137th: bestScore=(1,11034582) v.s. (1,8773194)
138th: bestScore=(1,11034582) v.s. (1,8687107)
139th: bestScore=(1,11034582) v.s. (1,10110127)
140th: bestScore=(1,11034582) v.s. (1,9017911)
141th: bestScore=(1,11034582) v.s. (1,9566961)
142th: bestScore=(1,11034582) v.s. (1,9219511)
143th: bestScore=(1,11034582) v.s. (1,8873313)
144th: bestScore=(1,11034582) v.s. (1,9918293)
145th: bestScore=(1,11034582) v.s. (1,8797830)
146th: bestScore=(1,11034582) v.s. (1,9515834)
147th: bestScore=(1,11034582) v.s. (1,9530263)
148th: bestScore=(1,11034582) v.s. (1,9264257)
149th: bestScore=(1,11034582) v.s. (1,9633874)
150th: bestScore=(1,11034582) v.s. (1,9515512)
151th: bestScore=(1,11034582) v.s. (1,9723462)
152th: bestScore=(1,11034582) v.s. (1,9524970)
153th: bestScore=(1,11034582) v.s. (1,9375315)
154th: bestScore=(1,11034582) v.s. (1,9782511)
155th: bestScore=(1,11034582) v.s. (1,10358735)
156th: bestScore=(1,11034582) v.s. (1,9667792)
157th: bestScore=(1,11034582) v.s. (1,9562390)
158th: bestScore=(1,11034582) v.s. (1,10049975)
159th: bestScore=(1,11034582) v.s. (1,9136696)
160th: bestScore=(1,11034582) v.s. (1,10081418)
161th: bestScore=(1,11034582) v.s. (1,9340677)
162th: bestScore=(1,11034582) v.s. (1,10274869)
163th: bestScore=(1,11034582) v.s. (1,9185966)
164th: bestScore=(1,11034582) v.s. (1,10921086)
165th: bestScore=(1,11034582) v.s. (1,8434019)
166th: bestScore=(1,11034582) v.s. (1,9760236)
167th: bestScore=(1,11034582) v.s. (1,9299122)
168th: bestScore=(1,11034582) v.s. (1,8595779)
169th: bestScore=(1,11034582) v.s. (1,9935315)
170th: bestScore=(1,11034582) v.s. (1,10194818)
171th: bestScore=(1,11034582) v.s. (1,9406483)
172th: bestScore=(1,11034582) v.s. (1,9762620)
173th: bestScore=(1,11034582) v.s. (1,9898701)
174th: bestScore=(1,11034582) v.s. (1,8569223)
175th: bestScore=(1,11034582) v.s. (1,9589516)
176th: bestScore=(1,11034582) v.s. (1,9129156)
177th: bestScore=(1,11034582) v.s. (1,10210262)
178th: bestScore=(1,11034582) v.s. (1,9848861)
179th: bestScore=(1,11034582) v.s. (1,9363197)
180th: bestScore=(1,11034582) v.s. (1,9388853)
181th: bestScore=(1,11034582) v.s. (1,10075325)
182th: bestScore=(1,11034582) v.s. (1,8629355)
183th: bestScore=(1,11034582) v.s. (1,9699601)
184th: bestScore=(1,11034582) v.s. (1,9629598)
185th: bestScore=(1,11034582) v.s. (1,10201829)
186th: bestScore=(1,11034582) v.s. (1,10205369)
187th: bestScore=(1,11034582) v.s. (1,9734593)
188th: bestScore=(1,11034582) v.s. (1,9262894)
189th: bestScore=(1,11034582) v.s. (1,10478292)
190th: bestScore=(1,11034582) v.s. (1,8499287)
191th: bestScore=(1,11034582) v.s. (1,9870366)
192th: bestScore=(1,11034582) v.s. (1,9536550)
193th: bestScore=(1,11034582) v.s. (1,8735773)
194th: bestScore=(1,11034582) v.s. (1,10155063)
195th: bestScore=(1,11034582) v.s. (1,9430067)
196th: bestScore=(1,11034582) v.s. (1,10656350)
197th: bestScore=(1,11034582) v.s. (1,9492429)
198th: bestScore=(1,11034582) v.s. (1,8820276)
199th: bestScore=(1,11034582) v.s. (1,10331404)
score = (1,11034582)
