0th: bestScore=(0,-1) v.s. (1,5022879)
1th: bestScore=(1,5022879) v.s. (1,6559146)
2th: bestScore=(1,6559146) v.s. (1,5737507)
3th: bestScore=(1,6559146) v.s. (1,6603849)
4th: bestScore=(1,6603849) v.s. (1,5251417)
5th: bestScore=(1,6603849) v.s. (1,5723283)
6th: bestScore=(1,6603849) v.s. (1,5371723)
7th: bestScore=(1,6603849) v.s. (1,5417827)
8th: bestScore=(1,6603849) v.s. (1,3635696)
9th: bestScore=(1,6603849) v.s. (1,6509507)
10th: bestScore=(1,6603849) v.s. (1,5882484)
11th: bestScore=(1,6603849) v.s. (1,5838776)
12th: bestScore=(1,6603849) v.s. (1,5875571)
13th: bestScore=(1,6603849) v.s. (1,4961298)
14th: bestScore=(1,6603849) v.s. (1,6268311)
15th: bestScore=(1,6603849) v.s. (1,5733299)
16th: bestScore=(1,6603849) v.s. (1,5941781)
17th: bestScore=(1,6603849) v.s. (1,6282097)
18th: bestScore=(1,6603849) v.s. (1,6059949)
19th: bestScore=(1,6603849) v.s. (1,5745066)
20th: bestScore=(1,6603849) v.s. (1,5620387)
21th: bestScore=(1,6603849) v.s. (1,5151684)
22th: bestScore=(1,6603849) v.s. (1,6316460)
23th: bestScore=(1,6603849) v.s. (1,6412173)
24th: bestScore=(1,6603849) v.s. (1,5865017)
25th: bestScore=(1,6603849) v.s. (1,5442925)
26th: bestScore=(1,6603849) v.s. (1,4477086)
27th: bestScore=(1,6603849) v.s. (1,5633292)
28th: bestScore=(1,6603849) v.s. (1,5103351)
29th: bestScore=(1,6603849) v.s. (1,5254178)
30th: bestScore=(1,6603849) v.s. (1,5605302)
31th: bestScore=(1,6603849) v.s. (1,5836562)
32th: bestScore=(1,6603849) v.s. (1,5078496)
33th: bestScore=(1,6603849) v.s. (1,5825415)
34th: bestScore=(1,6603849) v.s. (1,5814224)
35th: bestScore=(1,6603849) v.s. (1,5042543)
36th: bestScore=(1,6603849) v.s. (1,5381699)
37th: bestScore=(1,6603849) v.s. (1,5808474)
38th: bestScore=(1,6603849) v.s. (1,6044958)
39th: bestScore=(1,6603849) v.s. (1,5619035)
40th: bestScore=(1,6603849) v.s. (1,5057118)
41th: bestScore=(1,6603849) v.s. (1,5267346)
42th: bestScore=(1,6603849) v.s. (1,5300779)
43th: bestScore=(1,6603849) v.s. (1,5829285)
44th: bestScore=(1,6603849) v.s. (1,5487791)
45th: bestScore=(1,6603849) v.s. (1,5761728)
46th: bestScore=(1,6603849) v.s. (1,4578804)
47th: bestScore=(1,6603849) v.s. (1,4426791)
48th: bestScore=(1,6603849) v.s. (1,5429080)
49th: bestScore=(1,6603849) v.s. (1,4444171)
50th: bestScore=(1,6603849) v.s. (1,5742742)
51th: bestScore=(1,6603849) v.s. (1,5810174)
52th: bestScore=(1,6603849) v.s. (1,5208705)
53th: bestScore=(1,6603849) v.s. (1,5312790)
54th: bestScore=(1,6603849) v.s. (1,7100088)
55th: bestScore=(1,7100088) v.s. (1,6358615)
56th: bestScore=(1,7100088) v.s. (1,6115299)
57th: bestScore=(1,7100088) v.s. (1,6496946)
58th: bestScore=(1,7100088) v.s. (1,5803606)
59th: bestScore=(1,7100088) v.s. (1,5023051)
60th: bestScore=(1,7100088) v.s. (1,5213347)
61th: bestScore=(1,7100088) v.s. (1,5607110)
62th: bestScore=(1,7100088) v.s. (1,4339738)
63th: bestScore=(1,7100088) v.s. (1,5238897)
64th: bestScore=(1,7100088) v.s. (1,5919914)
65th: bestScore=(1,7100088) v.s. (1,5297689)
66th: bestScore=(1,7100088) v.s. (1,5440839)
67th: bestScore=(1,7100088) v.s. (1,5737249)
68th: bestScore=(1,7100088) v.s. (1,5087156)
69th: bestScore=(1,7100088) v.s. (1,5838807)
70th: bestScore=(1,7100088) v.s. (1,6024558)
71th: bestScore=(1,7100088) v.s. (1,5768105)
72th: bestScore=(1,7100088) v.s. (1,4891611)
73th: bestScore=(1,7100088) v.s. (1,5146892)
74th: bestScore=(1,7100088) v.s. (1,5604492)
75th: bestScore=(1,7100088) v.s. (1,6455063)
76th: bestScore=(1,7100088) v.s. (1,6267193)
77th: bestScore=(1,7100088) v.s. (1,6050792)
78th: bestScore=(1,7100088) v.s. (1,4665427)
79th: bestScore=(1,7100088) v.s. (1,4135224)
80th: bestScore=(1,7100088) v.s. (1,6126745)
81th: bestScore=(1,7100088) v.s. (1,5401347)
82th: bestScore=(1,7100088) v.s. (1,4591167)
83th: bestScore=(1,7100088) v.s. (1,6173790)
84th: bestScore=(1,7100088) v.s. (1,4212053)
85th: bestScore=(1,7100088) v.s. (1,5967719)
86th: bestScore=(1,7100088) v.s. (1,5375680)
87th: bestScore=(1,7100088) v.s. (1,5097117)
88th: bestScore=(1,7100088) v.s. (1,5619332)
89th: bestScore=(1,7100088) v.s. (1,5443746)
90th: bestScore=(1,7100088) v.s. (1,5493838)
91th: bestScore=(1,7100088) v.s. (1,5411638)
92th: bestScore=(1,7100088) v.s. (1,4750358)
93th: bestScore=(1,7100088) v.s. (1,5093700)
94th: bestScore=(1,7100088) v.s. (1,5141484)
95th: bestScore=(1,7100088) v.s. (1,6159051)
96th: bestScore=(1,7100088) v.s. (1,6259433)
97th: bestScore=(1,7100088) v.s. (1,4571400)
98th: bestScore=(1,7100088) v.s. (1,5209114)
99th: bestScore=(1,7100088) v.s. (1,5890581)
100th: bestScore=(1,7100088) v.s. (1,5977981)
101th: bestScore=(1,7100088) v.s. (1,5413583)
102th: bestScore=(1,7100088) v.s. (1,4918312)
103th: bestScore=(1,7100088) v.s. (1,5509217)
104th: bestScore=(1,7100088) v.s. (1,5742749)
105th: bestScore=(1,7100088) v.s. (1,5784349)
106th: bestScore=(1,7100088) v.s. (1,5580158)
107th: bestScore=(1,7100088) v.s. (1,6494262)
108th: bestScore=(1,7100088) v.s. (1,6044435)
109th: bestScore=(1,7100088) v.s. (1,5531550)
110th: bestScore=(1,7100088) v.s. (1,6111385)
111th: bestScore=(1,7100088) v.s. (1,5558701)
112th: bestScore=(1,7100088) v.s. (1,5804425)
113th: bestScore=(1,7100088) v.s. (1,6931869)
114th: bestScore=(1,7100088) v.s. (1,5319486)
115th: bestScore=(1,7100088) v.s. (1,6377155)
116th: bestScore=(1,7100088) v.s. (1,5625729)
117th: bestScore=(1,7100088) v.s. (1,4712885)
118th: bestScore=(1,7100088) v.s. (1,6027643)
119th: bestScore=(1,7100088) v.s. (1,5829883)
120th: bestScore=(1,7100088) v.s. (1,5692230)
121th: bestScore=(1,7100088) v.s. (1,4079540)
122th: bestScore=(1,7100088) v.s. (1,5875817)
123th: bestScore=(1,7100088) v.s. (1,4809668)
124th: bestScore=(1,7100088) v.s. (1,5323760)
125th: bestScore=(1,7100088) v.s. (1,5923810)
126th: bestScore=(1,7100088) v.s. (1,6059749)
127th: bestScore=(1,7100088) v.s. (1,3946458)
128th: bestScore=(1,7100088) v.s. (1,5097090)
129th: bestScore=(1,7100088) v.s. (1,4697854)
130th: bestScore=(1,7100088) v.s. (1,6280783)
131th: bestScore=(1,7100088) v.s. (1,5700258)
132th: bestScore=(1,7100088) v.s. (1,6112898)
133th: bestScore=(1,7100088) v.s. (1,5504846)
134th: bestScore=(1,7100088) v.s. (1,6072612)
135th: bestScore=(1,7100088) v.s. (1,5720068)
136th: bestScore=(1,7100088) v.s. (1,6667183)
137th: bestScore=(1,7100088) v.s. (1,5482957)
138th: bestScore=(1,7100088) v.s. (1,5134270)
139th: bestScore=(1,7100088) v.s. (1,5495347)
140th: bestScore=(1,7100088) v.s. (1,6866147)
141th: bestScore=(1,7100088) v.s. (1,5388276)
142th: bestScore=(1,7100088) v.s. (1,5492465)
143th: bestScore=(1,7100088) v.s. (1,5622200)
144th: bestScore=(1,7100088) v.s. (1,5382206)
145th: bestScore=(1,7100088) v.s. (1,5557457)
146th: bestScore=(1,7100088) v.s. (1,5635469)
147th: bestScore=(1,7100088) v.s. (1,5754352)
148th: bestScore=(1,7100088) v.s. (1,6222189)
149th: bestScore=(1,7100088) v.s. (1,6457439)
150th: bestScore=(1,7100088) v.s. (1,6008640)
151th: bestScore=(1,7100088) v.s. (1,5601463)
152th: bestScore=(1,7100088) v.s. (1,4758522)
153th: bestScore=(1,7100088) v.s. (1,5729317)
154th: bestScore=(1,7100088) v.s. (1,4507562)
155th: bestScore=(1,7100088) v.s. (1,5443950)
156th: bestScore=(1,7100088) v.s. (1,6152086)
157th: bestScore=(1,7100088) v.s. (1,6006746)
158th: bestScore=(1,7100088) v.s. (1,5466121)
159th: bestScore=(1,7100088) v.s. (1,4493330)
160th: bestScore=(1,7100088) v.s. (1,5708383)
161th: bestScore=(1,7100088) v.s. (1,5833203)
162th: bestScore=(1,7100088) v.s. (1,4783444)
163th: bestScore=(1,7100088) v.s. (1,5230105)
164th: bestScore=(1,7100088) v.s. (1,5897753)
165th: bestScore=(1,7100088) v.s. (1,5253233)
166th: bestScore=(1,7100088) v.s. (1,5904330)
167th: bestScore=(1,7100088) v.s. (1,5162245)
168th: bestScore=(1,7100088) v.s. (1,4353087)
169th: bestScore=(1,7100088) v.s. (1,4963114)
170th: bestScore=(1,7100088) v.s. (1,4999827)
171th: bestScore=(1,7100088) v.s. (1,5735335)
172th: bestScore=(1,7100088) v.s. (1,5233707)
173th: bestScore=(1,7100088) v.s. (1,5908266)
174th: bestScore=(1,7100088) v.s. (1,5651833)
175th: bestScore=(1,7100088) v.s. (1,5882360)
176th: bestScore=(1,7100088) v.s. (1,5631843)
177th: bestScore=(1,7100088) v.s. (1,4332477)
178th: bestScore=(1,7100088) v.s. (1,5496758)
179th: bestScore=(1,7100088) v.s. (1,5317310)
180th: bestScore=(1,7100088) v.s. (1,5666403)
181th: bestScore=(1,7100088) v.s. (1,5540014)
182th: bestScore=(1,7100088) v.s. (1,4971555)
183th: bestScore=(1,7100088) v.s. (1,6069589)
184th: bestScore=(1,7100088) v.s. (1,5514849)
185th: bestScore=(1,7100088) v.s. (1,5410506)
186th: bestScore=(1,7100088) v.s. (1,5709775)
187th: bestScore=(1,7100088) v.s. (1,5564156)
188th: bestScore=(1,7100088) v.s. (1,6110012)
189th: bestScore=(1,7100088) v.s. (1,4461111)
190th: bestScore=(1,7100088) v.s. (1,5658136)
191th: bestScore=(1,7100088) v.s. (1,5749550)
192th: bestScore=(1,7100088) v.s. (1,5632480)
193th: bestScore=(1,7100088) v.s. (1,6026204)
194th: bestScore=(1,7100088) v.s. (1,6692729)
195th: bestScore=(1,7100088) v.s. (1,5716821)
196th: bestScore=(1,7100088) v.s. (1,5747118)
197th: bestScore=(1,7100088) v.s. (1,5494764)
198th: bestScore=(1,7100088) v.s. (1,5488211)
199th: bestScore=(1,7100088) v.s. (1,5616801)
score = (1,7100088)
