0th: bestScore=(0,-1) v.s. (1,1155315)
1th: bestScore=(1,1155315) v.s. (1,1146215)
2th: bestScore=(1,1155315) v.s. (1,1017172)
3th: bestScore=(1,1155315) v.s. (1,1005433)
4th: bestScore=(1,1155315) v.s. (1,920606)
5th: bestScore=(1,1155315) v.s. (1,1042493)
6th: bestScore=(1,1155315) v.s. (1,1051164)
7th: bestScore=(1,1155315) v.s. (1,989583)
8th: bestScore=(1,1155315) v.s. (1,1119037)
9th: bestScore=(1,1155315) v.s. (1,1102375)
10th: bestScore=(1,1155315) v.s. (1,1029323)
11th: bestScore=(1,1155315) v.s. (1,1064732)
12th: bestScore=(1,1155315) v.s. (1,998040)
13th: bestScore=(1,1155315) v.s. (1,1009296)
14th: bestScore=(1,1155315) v.s. (1,1085595)
15th: bestScore=(1,1155315) v.s. (1,996622)
16th: bestScore=(1,1155315) v.s. (1,1040628)
17th: bestScore=(1,1155315) v.s. (1,993459)
18th: bestScore=(1,1155315) v.s. (1,969108)
19th: bestScore=(1,1155315) v.s. (1,1038146)
20th: bestScore=(1,1155315) v.s. (1,1129864)
21th: bestScore=(1,1155315) v.s. (1,1138443)
22th: bestScore=(1,1155315) v.s. (1,1072876)
23th: bestScore=(1,1155315) v.s. (1,1094045)
24th: bestScore=(1,1155315) v.s. (1,1104968)
25th: bestScore=(1,1155315) v.s. (1,1011973)
26th: bestScore=(1,1155315) v.s. (1,1020305)
27th: bestScore=(1,1155315) v.s. (1,1019601)
28th: bestScore=(1,1155315) v.s. (1,936234)
29th: bestScore=(1,1155315) v.s. (1,939095)
30th: bestScore=(1,1155315) v.s. (1,1106129)
31th: bestScore=(1,1155315) v.s. (1,1070325)
32th: bestScore=(1,1155315) v.s. (1,1057322)
33th: bestScore=(1,1155315) v.s. (1,1073507)
34th: bestScore=(1,1155315) v.s. (1,1111646)
35th: bestScore=(1,1155315) v.s. (1,963028)
36th: bestScore=(1,1155315) v.s. (1,1018952)
37th: bestScore=(1,1155315) v.s. (1,1055736)
38th: bestScore=(1,1155315) v.s. (1,1207555)
39th: bestScore=(1,1207555) v.s. (1,1122514)
40th: bestScore=(1,1207555) v.s. (1,969431)
41th: bestScore=(1,1207555) v.s. (1,1112818)
42th: bestScore=(1,1207555) v.s. (1,891001)
43th: bestScore=(1,1207555) v.s. (1,1113650)
44th: bestScore=(1,1207555) v.s. (1,928484)
45th: bestScore=(1,1207555) v.s. (1,1063845)
46th: bestScore=(1,1207555) v.s. (1,1103163)
47th: bestScore=(1,1207555) v.s. (1,956057)
48th: bestScore=(1,1207555) v.s. (1,1008368)
49th: bestScore=(1,1207555) v.s. (1,1025054)
50th: bestScore=(1,1207555) v.s. (1,1052854)
51th: bestScore=(1,1207555) v.s. (1,1062824)
52th: bestScore=(1,1207555) v.s. (1,1072484)
53th: bestScore=(1,1207555) v.s. (1,1017550)
54th: bestScore=(1,1207555) v.s. (1,1070185)
55th: bestScore=(1,1207555) v.s. (1,1070094)
56th: bestScore=(1,1207555) v.s. (1,1090167)
57th: bestScore=(1,1207555) v.s. (1,1018849)
58th: bestScore=(1,1207555) v.s. (1,1130228)
59th: bestScore=(1,1207555) v.s. (1,1093145)
60th: bestScore=(1,1207555) v.s. (1,1023870)
61th: bestScore=(1,1207555) v.s. (1,1088145)
62th: bestScore=(1,1207555) v.s. (1,1147004)
63th: bestScore=(1,1207555) v.s. (1,1117807)
64th: bestScore=(1,1207555) v.s. (1,1004233)
65th: bestScore=(1,1207555) v.s. (1,917672)
66th: bestScore=(1,1207555) v.s. (1,987069)
67th: bestScore=(1,1207555) v.s. (1,1037051)
68th: bestScore=(1,1207555) v.s. (1,1085645)
69th: bestScore=(1,1207555) v.s. (1,937224)
70th: bestScore=(1,1207555) v.s. (1,973878)
71th: bestScore=(1,1207555) v.s. (1,1064639)
72th: bestScore=(1,1207555) v.s. (1,982093)
73th: bestScore=(1,1207555) v.s. (1,1101143)
74th: bestScore=(1,1207555) v.s. (1,1111123)
75th: bestScore=(1,1207555) v.s. (1,1027355)
76th: bestScore=(1,1207555) v.s. (1,1109330)
77th: bestScore=(1,1207555) v.s. (1,1030023)
78th: bestScore=(1,1207555) v.s. (1,1034586)
79th: bestScore=(1,1207555) v.s. (1,1079053)
80th: bestScore=(1,1207555) v.s. (1,1020850)
81th: bestScore=(1,1207555) v.s. (1,1115936)
82th: bestScore=(1,1207555) v.s. (1,1013462)
83th: bestScore=(1,1207555) v.s. (1,929669)
84th: bestScore=(1,1207555) v.s. (1,1042488)
85th: bestScore=(1,1207555) v.s. (1,1132254)
86th: bestScore=(1,1207555) v.s. (1,1179191)
87th: bestScore=(1,1207555) v.s. (1,969694)
88th: bestScore=(1,1207555) v.s. (1,1066963)
89th: bestScore=(1,1207555) v.s. (1,1064858)
90th: bestScore=(1,1207555) v.s. (1,1013798)
91th: bestScore=(1,1207555) v.s. (1,1051541)
92th: bestScore=(1,1207555) v.s. (1,1063966)
93th: bestScore=(1,1207555) v.s. (1,1030150)
94th: bestScore=(1,1207555) v.s. (1,918727)
95th: bestScore=(1,1207555) v.s. (1,1003351)
96th: bestScore=(1,1207555) v.s. (1,1073055)
97th: bestScore=(1,1207555) v.s. (1,1057857)
98th: bestScore=(1,1207555) v.s. (1,1092139)
99th: bestScore=(1,1207555) v.s. (1,1001341)
100th: bestScore=(1,1207555) v.s. (1,1018600)
101th: bestScore=(1,1207555) v.s. (1,1078854)
102th: bestScore=(1,1207555) v.s. (1,1024350)
103th: bestScore=(1,1207555) v.s. (1,1030526)
104th: bestScore=(1,1207555) v.s. (1,1156514)
105th: bestScore=(1,1207555) v.s. (1,1038178)
106th: bestScore=(1,1207555) v.s. (1,1088078)
107th: bestScore=(1,1207555) v.s. (1,1114463)
108th: bestScore=(1,1207555) v.s. (1,1198958)
109th: bestScore=(1,1207555) v.s. (1,979941)
110th: bestScore=(1,1207555) v.s. (1,993442)
111th: bestScore=(1,1207555) v.s. (1,1002389)
112th: bestScore=(1,1207555) v.s. (1,1008423)
113th: bestScore=(1,1207555) v.s. (1,960466)
114th: bestScore=(1,1207555) v.s. (1,1042415)
115th: bestScore=(1,1207555) v.s. (1,1004593)
116th: bestScore=(1,1207555) v.s. (1,1013893)
117th: bestScore=(1,1207555) v.s. (1,1030930)
118th: bestScore=(1,1207555) v.s. (1,1179395)
119th: bestScore=(1,1207555) v.s. (1,997570)
120th: bestScore=(1,1207555) v.s. (1,1083844)
121th: bestScore=(1,1207555) v.s. (1,984019)
122th: bestScore=(1,1207555) v.s. (1,1061389)
123th: bestScore=(1,1207555) v.s. (1,1196937)
124th: bestScore=(1,1207555) v.s. (1,1091418)
125th: bestScore=(1,1207555) v.s. (1,995203)
126th: bestScore=(1,1207555) v.s. (1,1045954)
127th: bestScore=(1,1207555) v.s. (1,1015374)
128th: bestScore=(1,1207555) v.s. (1,968285)
129th: bestScore=(1,1207555) v.s. (1,995500)
130th: bestScore=(1,1207555) v.s. (1,1045737)
131th: bestScore=(1,1207555) v.s. (1,1051677)
132th: bestScore=(1,1207555) v.s. (1,1057935)
133th: bestScore=(1,1207555) v.s. (1,1007967)
134th: bestScore=(1,1207555) v.s. (1,1072100)
135th: bestScore=(1,1207555) v.s. (1,1106663)
136th: bestScore=(1,1207555) v.s. (1,1090675)
137th: bestScore=(1,1207555) v.s. (1,967927)
138th: bestScore=(1,1207555) v.s. (1,1030816)
139th: bestScore=(1,1207555) v.s. (1,1080493)
140th: bestScore=(1,1207555) v.s. (1,1041372)
141th: bestScore=(1,1207555) v.s. (1,1104752)
142th: bestScore=(1,1207555) v.s. (1,1016225)
143th: bestScore=(1,1207555) v.s. (1,1078986)
144th: bestScore=(1,1207555) v.s. (1,898065)
145th: bestScore=(1,1207555) v.s. (1,997293)
146th: bestScore=(1,1207555) v.s. (1,1085383)
147th: bestScore=(1,1207555) v.s. (1,1096931)
148th: bestScore=(1,1207555) v.s. (1,1099814)
149th: bestScore=(1,1207555) v.s. (1,1000535)
150th: bestScore=(1,1207555) v.s. (1,1142462)
151th: bestScore=(1,1207555) v.s. (1,1099890)
152th: bestScore=(1,1207555) v.s. (1,1032404)
153th: bestScore=(1,1207555) v.s. (1,1048322)
154th: bestScore=(1,1207555) v.s. (1,1027126)
155th: bestScore=(1,1207555) v.s. (1,912085)
156th: bestScore=(1,1207555) v.s. (1,1027487)
157th: bestScore=(1,1207555) v.s. (1,1148121)
158th: bestScore=(1,1207555) v.s. (1,1059255)
159th: bestScore=(1,1207555) v.s. (1,1068061)
160th: bestScore=(1,1207555) v.s. (1,1150981)
161th: bestScore=(1,1207555) v.s. (1,1010431)
162th: bestScore=(1,1207555) v.s. (1,1127017)
163th: bestScore=(1,1207555) v.s. (1,1019843)
164th: bestScore=(1,1207555) v.s. (1,949857)
165th: bestScore=(1,1207555) v.s. (1,1042220)
166th: bestScore=(1,1207555) v.s. (1,1027322)
167th: bestScore=(1,1207555) v.s. (1,985280)
168th: bestScore=(1,1207555) v.s. (1,1127019)
169th: bestScore=(1,1207555) v.s. (1,1228767)
170th: bestScore=(1,1228767) v.s. (1,1074362)
171th: bestScore=(1,1228767) v.s. (1,1066452)
172th: bestScore=(1,1228767) v.s. (1,1055901)
173th: bestScore=(1,1228767) v.s. (1,935928)
174th: bestScore=(1,1228767) v.s. (1,1025306)
175th: bestScore=(1,1228767) v.s. (1,1017000)
176th: bestScore=(1,1228767) v.s. (1,1057088)
177th: bestScore=(1,1228767) v.s. (1,982404)
178th: bestScore=(1,1228767) v.s. (1,968365)
179th: bestScore=(1,1228767) v.s. (1,1086724)
180th: bestScore=(1,1228767) v.s. (1,1075743)
181th: bestScore=(1,1228767) v.s. (1,983011)
182th: bestScore=(1,1228767) v.s. (1,1063833)
183th: bestScore=(1,1228767) v.s. (1,996170)
184th: bestScore=(1,1228767) v.s. (1,1030893)
185th: bestScore=(1,1228767) v.s. (1,920195)
186th: bestScore=(1,1228767) v.s. (1,972497)
187th: bestScore=(1,1228767) v.s. (1,1083747)
188th: bestScore=(1,1228767) v.s. (1,995725)
189th: bestScore=(1,1228767) v.s. (1,1077661)
190th: bestScore=(1,1228767) v.s. (1,970612)
191th: bestScore=(1,1228767) v.s. (1,1033358)
192th: bestScore=(1,1228767) v.s. (1,1098227)
193th: bestScore=(1,1228767) v.s. (1,1056280)
194th: bestScore=(1,1228767) v.s. (1,989593)
195th: bestScore=(1,1228767) v.s. (1,988898)
196th: bestScore=(1,1228767) v.s. (1,1043500)
197th: bestScore=(1,1228767) v.s. (1,1055776)
198th: bestScore=(1,1228767) v.s. (1,1208821)
199th: bestScore=(1,1228767) v.s. (1,1048003)
score = (1,1228767)
