0th: bestScore=(0,-1) v.s. (1,7992653)
1th: bestScore=(1,7992653) v.s. (1,6931305)
2th: bestScore=(1,7992653) v.s. (1,7519774)
3th: bestScore=(1,7992653) v.s. (1,8092448)
4th: bestScore=(1,8092448) v.s. (1,6520242)
5th: bestScore=(1,8092448) v.s. (1,8601980)
6th: bestScore=(1,8601980) v.s. (1,7908366)
7th: bestScore=(1,8601980) v.s. (1,8930786)
8th: bestScore=(1,8930786) v.s. (1,8879716)
9th: bestScore=(1,8930786) v.s. (1,7062916)
10th: bestScore=(1,8930786) v.s. (1,8400983)
11th: bestScore=(1,8930786) v.s. (1,7706468)
12th: bestScore=(1,8930786) v.s. (1,7462640)
13th: bestScore=(1,8930786) v.s. (1,7934348)
14th: bestScore=(1,8930786) v.s. (1,8701111)
15th: bestScore=(1,8930786) v.s. (1,8002023)
16th: bestScore=(1,8930786) v.s. (1,8431539)
17th: bestScore=(1,8930786) v.s. (1,8698259)
18th: bestScore=(1,8930786) v.s. (1,8128149)
19th: bestScore=(1,8930786) v.s. (1,6601404)
20th: bestScore=(1,8930786) v.s. (1,7275394)
21th: bestScore=(1,8930786) v.s. (1,8242988)
22th: bestScore=(1,8930786) v.s. (1,7172293)
23th: bestScore=(1,8930786) v.s. (1,7734351)
24th: bestScore=(1,8930786) v.s. (1,8222481)
25th: bestScore=(1,8930786) v.s. (1,8359017)
26th: bestScore=(1,8930786) v.s. (1,7861223)
27th: bestScore=(1,8930786) v.s. (1,8184087)
28th: bestScore=(1,8930786) v.s. (1,8243737)
29th: bestScore=(1,8930786) v.s. (1,8664828)
30th: bestScore=(1,8930786) v.s. (1,8797379)
31th: bestScore=(1,8930786) v.s. (1,7684404)
32th: bestScore=(1,8930786) v.s. (1,8766688)
33th: bestScore=(1,8930786) v.s. (1,6964388)
34th: bestScore=(1,8930786) v.s. (1,7571723)
35th: bestScore=(1,8930786) v.s. (1,7959110)
36th: bestScore=(1,8930786) v.s. (1,8497185)
37th: bestScore=(1,8930786) v.s. (1,7505465)
38th: bestScore=(1,8930786) v.s. (1,7442435)
39th: bestScore=(1,8930786) v.s. (1,7628989)
40th: bestScore=(1,8930786) v.s. (1,7784595)
41th: bestScore=(1,8930786) v.s. (1,6552810)
42th: bestScore=(1,8930786) v.s. (1,8245045)
43th: bestScore=(1,8930786) v.s. (1,6965944)
44th: bestScore=(1,8930786) v.s. (1,7524168)
45th: bestScore=(1,8930786) v.s. (1,8098347)
46th: bestScore=(1,8930786) v.s. (1,7464901)
47th: bestScore=(1,8930786) v.s. (1,7633019)
48th: bestScore=(1,8930786) v.s. (1,8235629)
49th: bestScore=(1,8930786) v.s. (1,7870945)
50th: bestScore=(1,8930786) v.s. (1,7136208)
51th: bestScore=(1,8930786) v.s. (1,7441640)
52th: bestScore=(1,8930786) v.s. (1,8677194)
53th: bestScore=(1,8930786) v.s. (1,7225787)
54th: bestScore=(1,8930786) v.s. (1,8313067)
55th: bestScore=(1,8930786) v.s. (1,7443645)
56th: bestScore=(1,8930786) v.s. (1,7688723)
57th: bestScore=(1,8930786) v.s. (1,8903181)
58th: bestScore=(1,8930786) v.s. (1,7331185)
59th: bestScore=(1,8930786) v.s. (1,8579174)
60th: bestScore=(1,8930786) v.s. (1,7729890)
61th: bestScore=(1,8930786) v.s. (1,9076026)
62th: bestScore=(1,9076026) v.s. (1,8014623)
63th: bestScore=(1,9076026) v.s. (1,8716509)
64th: bestScore=(1,9076026) v.s. (1,8007753)
65th: bestScore=(1,9076026) v.s. (1,8534716)
66th: bestScore=(1,9076026) v.s. (1,8266808)
67th: bestScore=(1,9076026) v.s. (1,8880058)
68th: bestScore=(1,9076026) v.s. (1,8719876)
69th: bestScore=(1,9076026) v.s. (1,7794756)
70th: bestScore=(1,9076026) v.s. (1,8171541)
71th: bestScore=(1,9076026) v.s. (1,9240127)
72th: bestScore=(1,9240127) v.s. (1,7868508)
73th: bestScore=(1,9240127) v.s. (1,9069072)
74th: bestScore=(1,9240127) v.s. (1,8977800)
75th: bestScore=(1,9240127) v.s. (1,9580868)
76th: bestScore=(1,9580868) v.s. (1,7345703)
77th: bestScore=(1,9580868) v.s. (1,8750753)
78th: bestScore=(1,9580868) v.s. (1,9156787)
79th: bestScore=(1,9580868) v.s. (1,7883310)
80th: bestScore=(1,9580868) v.s. (1,7385453)
81th: bestScore=(1,9580868) v.s. (1,6884527)
82th: bestScore=(1,9580868) v.s. (1,8889948)
83th: bestScore=(1,9580868) v.s. (1,8607190)
84th: bestScore=(1,9580868) v.s. (1,7982043)
85th: bestScore=(1,9580868) v.s. (1,6793510)
86th: bestScore=(1,9580868) v.s. (1,9081875)
87th: bestScore=(1,9580868) v.s. (1,8158008)
88th: bestScore=(1,9580868) v.s. (1,7410555)
89th: bestScore=(1,9580868) v.s. (1,7594872)
90th: bestScore=(1,9580868) v.s. (1,8309120)
91th: bestScore=(1,9580868) v.s. (1,9293710)
92th: bestScore=(1,9580868) v.s. (1,6993088)
93th: bestScore=(1,9580868) v.s. (1,7792681)
94th: bestScore=(1,9580868) v.s. (1,8570449)
95th: bestScore=(1,9580868) v.s. (1,8873742)
96th: bestScore=(1,9580868) v.s. (1,7686582)
97th: bestScore=(1,9580868) v.s. (1,7860711)
98th: bestScore=(1,9580868) v.s. (1,7301807)
99th: bestScore=(1,9580868) v.s. (1,8931357)
100th: bestScore=(1,9580868) v.s. (1,8068594)
101th: bestScore=(1,9580868) v.s. (1,9037122)
102th: bestScore=(1,9580868) v.s. (1,7917246)
103th: bestScore=(1,9580868) v.s. (1,8586423)
104th: bestScore=(1,9580868) v.s. (1,8814914)
105th: bestScore=(1,9580868) v.s. (1,9012783)
106th: bestScore=(1,9580868) v.s. (1,7119480)
107th: bestScore=(1,9580868) v.s. (1,9327777)
108th: bestScore=(1,9580868) v.s. (1,8188828)
109th: bestScore=(1,9580868) v.s. (1,7624058)
110th: bestScore=(1,9580868) v.s. (1,8211020)
111th: bestScore=(1,9580868) v.s. (1,7542706)
112th: bestScore=(1,9580868) v.s. (1,7975683)
113th: bestScore=(1,9580868) v.s. (1,8616695)
114th: bestScore=(1,9580868) v.s. (1,7828893)
115th: bestScore=(1,9580868) v.s. (1,9168396)
116th: bestScore=(1,9580868) v.s. (1,7594176)
117th: bestScore=(1,9580868) v.s. (1,8224043)
118th: bestScore=(1,9580868) v.s. (1,7601621)
119th: bestScore=(1,9580868) v.s. (1,6500640)
120th: bestScore=(1,9580868) v.s. (1,7326516)
121th: bestScore=(1,9580868) v.s. (1,7407550)
122th: bestScore=(1,9580868) v.s. (1,8129637)
123th: bestScore=(1,9580868) v.s. (1,8257069)
124th: bestScore=(1,9580868) v.s. (1,8196972)
125th: bestScore=(1,9580868) v.s. (1,7304953)
126th: bestScore=(1,9580868) v.s. (1,7769758)
127th: bestScore=(1,9580868) v.s. (1,7529386)
128th: bestScore=(1,9580868) v.s. (1,7807050)
129th: bestScore=(1,9580868) v.s. (1,7290106)
130th: bestScore=(1,9580868) v.s. (1,8639864)
131th: bestScore=(1,9580868) v.s. (1,7119052)
132th: bestScore=(1,9580868) v.s. (1,7800429)
133th: bestScore=(1,9580868) v.s. (1,8109484)
134th: bestScore=(1,9580868) v.s. (1,8977436)
135th: bestScore=(1,9580868) v.s. (1,7771268)
136th: bestScore=(1,9580868) v.s. (1,7539541)
137th: bestScore=(1,9580868) v.s. (1,7533008)
138th: bestScore=(1,9580868) v.s. (1,7506487)
139th: bestScore=(1,9580868) v.s. (1,7035347)
140th: bestScore=(1,9580868) v.s. (1,8141919)
141th: bestScore=(1,9580868) v.s. (1,7180964)
142th: bestScore=(1,9580868) v.s. (1,7580419)
143th: bestScore=(1,9580868) v.s. (1,8614911)
144th: bestScore=(1,9580868) v.s. (1,7799434)
145th: bestScore=(1,9580868) v.s. (1,7397582)
146th: bestScore=(1,9580868) v.s. (1,7920506)
147th: bestScore=(1,9580868) v.s. (1,7276565)
148th: bestScore=(1,9580868) v.s. (1,7905984)
149th: bestScore=(1,9580868) v.s. (1,7856208)
150th: bestScore=(1,9580868) v.s. (1,8578297)
151th: bestScore=(1,9580868) v.s. (1,9203892)
152th: bestScore=(1,9580868) v.s. (1,8527632)
153th: bestScore=(1,9580868) v.s. (1,7282997)
154th: bestScore=(1,9580868) v.s. (1,8453649)
155th: bestScore=(1,9580868) v.s. (1,8550799)
156th: bestScore=(1,9580868) v.s. (1,7296707)
157th: bestScore=(1,9580868) v.s. (1,7103814)
158th: bestScore=(1,9580868) v.s. (1,8115634)
159th: bestScore=(1,9580868) v.s. (1,7650546)
160th: bestScore=(1,9580868) v.s. (1,6995363)
161th: bestScore=(1,9580868) v.s. (1,8007215)
162th: bestScore=(1,9580868) v.s. (1,8026761)
163th: bestScore=(1,9580868) v.s. (1,9388738)
164th: bestScore=(1,9580868) v.s. (1,7292160)
165th: bestScore=(1,9580868) v.s. (1,8365926)
166th: bestScore=(1,9580868) v.s. (1,8476246)
167th: bestScore=(1,9580868) v.s. (1,8325333)
168th: bestScore=(1,9580868) v.s. (1,8883404)
169th: bestScore=(1,9580868) v.s. (1,7560708)
170th: bestScore=(1,9580868) v.s. (1,8171904)
171th: bestScore=(1,9580868) v.s. (1,8482065)
172th: bestScore=(1,9580868) v.s. (1,7163157)
173th: bestScore=(1,9580868) v.s. (1,6536936)
174th: bestScore=(1,9580868) v.s. (1,8284571)
175th: bestScore=(1,9580868) v.s. (1,8010854)
176th: bestScore=(1,9580868) v.s. (1,8345025)
177th: bestScore=(1,9580868) v.s. (1,8171471)
178th: bestScore=(1,9580868) v.s. (1,7975402)
179th: bestScore=(1,9580868) v.s. (1,8529250)
180th: bestScore=(1,9580868) v.s. (1,7620522)
181th: bestScore=(1,9580868) v.s. (1,8402076)
182th: bestScore=(1,9580868) v.s. (1,8441890)
183th: bestScore=(1,9580868) v.s. (1,8981575)
184th: bestScore=(1,9580868) v.s. (1,7224252)
185th: bestScore=(1,9580868) v.s. (1,9150388)
186th: bestScore=(1,9580868) v.s. (1,8104962)
187th: bestScore=(1,9580868) v.s. (1,8024821)
188th: bestScore=(1,9580868) v.s. (1,8489856)
189th: bestScore=(1,9580868) v.s. (1,8033461)
190th: bestScore=(1,9580868) v.s. (1,7541788)
191th: bestScore=(1,9580868) v.s. (1,8081392)
192th: bestScore=(1,9580868) v.s. (1,7855393)
193th: bestScore=(1,9580868) v.s. (1,7934013)
194th: bestScore=(1,9580868) v.s. (1,9319135)
195th: bestScore=(1,9580868) v.s. (1,8923654)
196th: bestScore=(1,9580868) v.s. (1,7840313)
197th: bestScore=(1,9580868) v.s. (1,7741512)
198th: bestScore=(1,9580868) v.s. (1,7712853)
199th: bestScore=(1,9580868) v.s. (1,8076143)
score = (1,9580868)
