0th: bestScore=(0,-1) v.s. (1,5354534)
1th: bestScore=(1,5354534) v.s. (1,5531011)
2th: bestScore=(1,5531011) v.s. (1,5876119)
3th: bestScore=(1,5876119) v.s. (1,6150711)
4th: bestScore=(1,6150711) v.s. (1,5951548)
5th: bestScore=(1,6150711) v.s. (1,6171836)
6th: bestScore=(1,6171836) v.s. (1,6072318)
7th: bestScore=(1,6171836) v.s. (1,6712878)
8th: bestScore=(1,6712878) v.s. (1,6543071)
9th: bestScore=(1,6712878) v.s. (1,6720641)
10th: bestScore=(1,6720641) v.s. (1,5956925)
11th: bestScore=(1,6720641) v.s. (1,6703644)
12th: bestScore=(1,6720641) v.s. (1,6311265)
13th: bestScore=(1,6720641) v.s. (1,6607058)
14th: bestScore=(1,6720641) v.s. (1,6515309)
15th: bestScore=(1,6720641) v.s. (1,5397083)
16th: bestScore=(1,6720641) v.s. (1,6326357)
17th: bestScore=(1,6720641) v.s. (1,5089505)
18th: bestScore=(1,6720641) v.s. (1,5551754)
19th: bestScore=(1,6720641) v.s. (1,6100909)
20th: bestScore=(1,6720641) v.s. (1,6186738)
21th: bestScore=(1,6720641) v.s. (1,6079342)
22th: bestScore=(1,6720641) v.s. (1,5885829)
23th: bestScore=(1,6720641) v.s. (1,5320243)
24th: bestScore=(1,6720641) v.s. (1,6592648)
25th: bestScore=(1,6720641) v.s. (1,5899424)
26th: bestScore=(1,6720641) v.s. (1,6184150)
27th: bestScore=(1,6720641) v.s. (1,6050128)
28th: bestScore=(1,6720641) v.s. (1,5790636)
29th: bestScore=(1,6720641) v.s. (1,5795221)
30th: bestScore=(1,6720641) v.s. (1,6407683)
31th: bestScore=(1,6720641) v.s. (1,5660598)
32th: bestScore=(1,6720641) v.s. (1,6002895)
33th: bestScore=(1,6720641) v.s. (1,6233197)
34th: bestScore=(1,6720641) v.s. (1,6482700)
35th: bestScore=(1,6720641) v.s. (1,6559755)
36th: bestScore=(1,6720641) v.s. (1,6247561)
37th: bestScore=(1,6720641) v.s. (1,6278117)
38th: bestScore=(1,6720641) v.s. (1,5671113)
39th: bestScore=(1,6720641) v.s. (1,6206242)
40th: bestScore=(1,6720641) v.s. (1,5784997)
41th: bestScore=(1,6720641) v.s. (1,5869697)
42th: bestScore=(1,6720641) v.s. (1,7691904)
43th: bestScore=(1,7691904) v.s. (1,5408494)
44th: bestScore=(1,7691904) v.s. (1,5744528)
45th: bestScore=(1,7691904) v.s. (1,5986118)
46th: bestScore=(1,7691904) v.s. (1,6892841)
47th: bestScore=(1,7691904) v.s. (1,5602775)
48th: bestScore=(1,7691904) v.s. (1,6483075)
49th: bestScore=(1,7691904) v.s. (1,6088753)
50th: bestScore=(1,7691904) v.s. (1,5859217)
51th: bestScore=(1,7691904) v.s. (1,6208588)
52th: bestScore=(1,7691904) v.s. (1,6621165)
53th: bestScore=(1,7691904) v.s. (1,5662343)
54th: bestScore=(1,7691904) v.s. (1,6446007)
55th: bestScore=(1,7691904) v.s. (1,6740677)
56th: bestScore=(1,7691904) v.s. (1,5666676)
57th: bestScore=(1,7691904) v.s. (1,6020519)
58th: bestScore=(1,7691904) v.s. (1,5817921)
59th: bestScore=(1,7691904) v.s. (1,6006326)
60th: bestScore=(1,7691904) v.s. (1,5807385)
61th: bestScore=(1,7691904) v.s. (1,5635855)
62th: bestScore=(1,7691904) v.s. (1,6824780)
63th: bestScore=(1,7691904) v.s. (1,6008153)
64th: bestScore=(1,7691904) v.s. (1,6232734)
65th: bestScore=(1,7691904) v.s. (1,6300117)
66th: bestScore=(1,7691904) v.s. (1,6070421)
67th: bestScore=(1,7691904) v.s. (1,6811387)
68th: bestScore=(1,7691904) v.s. (1,6297375)
69th: bestScore=(1,7691904) v.s. (1,5643836)
70th: bestScore=(1,7691904) v.s. (1,6271027)
71th: bestScore=(1,7691904) v.s. (1,5902823)
72th: bestScore=(1,7691904) v.s. (1,6042975)
73th: bestScore=(1,7691904) v.s. (1,6022687)
74th: bestScore=(1,7691904) v.s. (1,5744299)
75th: bestScore=(1,7691904) v.s. (1,5815174)
76th: bestScore=(1,7691904) v.s. (1,5803940)
77th: bestScore=(1,7691904) v.s. (1,6450032)
78th: bestScore=(1,7691904) v.s. (1,6639970)
79th: bestScore=(1,7691904) v.s. (1,5918277)
80th: bestScore=(1,7691904) v.s. (1,5625317)
81th: bestScore=(1,7691904) v.s. (1,5972561)
82th: bestScore=(1,7691904) v.s. (1,6613705)
83th: bestScore=(1,7691904) v.s. (1,5720400)
84th: bestScore=(1,7691904) v.s. (1,6307340)
85th: bestScore=(1,7691904) v.s. (1,5587824)
86th: bestScore=(1,7691904) v.s. (1,5909548)
87th: bestScore=(1,7691904) v.s. (1,6012578)
88th: bestScore=(1,7691904) v.s. (1,5852405)
89th: bestScore=(1,7691904) v.s. (1,5520392)
90th: bestScore=(1,7691904) v.s. (1,5991853)
91th: bestScore=(1,7691904) v.s. (1,5901041)
92th: bestScore=(1,7691904) v.s. (1,6390155)
93th: bestScore=(1,7691904) v.s. (1,5544077)
94th: bestScore=(1,7691904) v.s. (1,6796023)
95th: bestScore=(1,7691904) v.s. (1,6255462)
96th: bestScore=(1,7691904) v.s. (1,5910719)
97th: bestScore=(1,7691904) v.s. (1,6334114)
98th: bestScore=(1,7691904) v.s. (1,5513254)
99th: bestScore=(1,7691904) v.s. (1,6153218)
100th: bestScore=(1,7691904) v.s. (1,5471844)
101th: bestScore=(1,7691904) v.s. (1,5969279)
102th: bestScore=(1,7691904) v.s. (1,6885593)
103th: bestScore=(1,7691904) v.s. (1,5761849)
104th: bestScore=(1,7691904) v.s. (1,6344624)
105th: bestScore=(1,7691904) v.s. (1,6335571)
106th: bestScore=(1,7691904) v.s. (1,5710243)
107th: bestScore=(1,7691904) v.s. (1,6158146)
108th: bestScore=(1,7691904) v.s. (1,5926811)
109th: bestScore=(1,7691904) v.s. (1,6285388)
110th: bestScore=(1,7691904) v.s. (1,6010552)
111th: bestScore=(1,7691904) v.s. (1,5258497)
112th: bestScore=(1,7691904) v.s. (1,6356685)
113th: bestScore=(1,7691904) v.s. (1,6346401)
114th: bestScore=(1,7691904) v.s. (1,5842169)
115th: bestScore=(1,7691904) v.s. (1,6037796)
116th: bestScore=(1,7691904) v.s. (1,5600948)
117th: bestScore=(1,7691904) v.s. (1,5737208)
118th: bestScore=(1,7691904) v.s. (1,5784712)
119th: bestScore=(1,7691904) v.s. (1,6037193)
120th: bestScore=(1,7691904) v.s. (1,5630146)
121th: bestScore=(1,7691904) v.s. (1,5727187)
122th: bestScore=(1,7691904) v.s. (1,5856354)
123th: bestScore=(1,7691904) v.s. (1,6564754)
124th: bestScore=(1,7691904) v.s. (1,6140680)
125th: bestScore=(1,7691904) v.s. (1,5703720)
126th: bestScore=(1,7691904) v.s. (1,6336717)
127th: bestScore=(1,7691904) v.s. (1,5750498)
128th: bestScore=(1,7691904) v.s. (1,6423175)
129th: bestScore=(1,7691904) v.s. (1,5806070)
130th: bestScore=(1,7691904) v.s. (1,6176131)
131th: bestScore=(1,7691904) v.s. (1,6758887)
132th: bestScore=(1,7691904) v.s. (1,6266797)
133th: bestScore=(1,7691904) v.s. (1,5708059)
134th: bestScore=(1,7691904) v.s. (1,6640326)
135th: bestScore=(1,7691904) v.s. (1,5904812)
136th: bestScore=(1,7691904) v.s. (1,6577216)
137th: bestScore=(1,7691904) v.s. (1,6079108)
138th: bestScore=(1,7691904) v.s. (1,6246850)
139th: bestScore=(1,7691904) v.s. (1,6688824)
140th: bestScore=(1,7691904) v.s. (1,5850915)
141th: bestScore=(1,7691904) v.s. (1,6152753)
142th: bestScore=(1,7691904) v.s. (1,6333805)
143th: bestScore=(1,7691904) v.s. (1,5553726)
144th: bestScore=(1,7691904) v.s. (1,6524063)
145th: bestScore=(1,7691904) v.s. (1,5631389)
146th: bestScore=(1,7691904) v.s. (1,5944613)
147th: bestScore=(1,7691904) v.s. (1,5705530)
148th: bestScore=(1,7691904) v.s. (1,5706303)
149th: bestScore=(1,7691904) v.s. (1,5853847)
150th: bestScore=(1,7691904) v.s. (1,6189953)
151th: bestScore=(1,7691904) v.s. (1,6019584)
152th: bestScore=(1,7691904) v.s. (1,6283294)
153th: bestScore=(1,7691904) v.s. (1,6133711)
154th: bestScore=(1,7691904) v.s. (1,6041943)
155th: bestScore=(1,7691904) v.s. (1,6343812)
156th: bestScore=(1,7691904) v.s. (1,5638761)
157th: bestScore=(1,7691904) v.s. (1,6720808)
158th: bestScore=(1,7691904) v.s. (1,5843015)
159th: bestScore=(1,7691904) v.s. (1,6280637)
160th: bestScore=(1,7691904) v.s. (1,5655045)
161th: bestScore=(1,7691904) v.s. (1,6170742)
162th: bestScore=(1,7691904) v.s. (1,5820522)
163th: bestScore=(1,7691904) v.s. (1,5788375)
164th: bestScore=(1,7691904) v.s. (1,5832394)
165th: bestScore=(1,7691904) v.s. (1,6333151)
166th: bestScore=(1,7691904) v.s. (1,5937340)
167th: bestScore=(1,7691904) v.s. (1,5866026)
168th: bestScore=(1,7691904) v.s. (1,5704192)
169th: bestScore=(1,7691904) v.s. (1,6012674)
170th: bestScore=(1,7691904) v.s. (1,6009005)
171th: bestScore=(1,7691904) v.s. (1,7133890)
172th: bestScore=(1,7691904) v.s. (1,6011402)
173th: bestScore=(1,7691904) v.s. (1,6286033)
174th: bestScore=(1,7691904) v.s. (1,5875004)
175th: bestScore=(1,7691904) v.s. (1,6342240)
176th: bestScore=(1,7691904) v.s. (1,6145963)
177th: bestScore=(1,7691904) v.s. (1,5805678)
178th: bestScore=(1,7691904) v.s. (1,6270219)
179th: bestScore=(1,7691904) v.s. (1,5820256)
180th: bestScore=(1,7691904) v.s. (1,6031291)
181th: bestScore=(1,7691904) v.s. (1,6614860)
182th: bestScore=(1,7691904) v.s. (1,5750812)
183th: bestScore=(1,7691904) v.s. (1,5658946)
184th: bestScore=(1,7691904) v.s. (1,5503214)
185th: bestScore=(1,7691904) v.s. (1,6110713)
186th: bestScore=(1,7691904) v.s. (1,6383158)
187th: bestScore=(1,7691904) v.s. (1,5733304)
188th: bestScore=(1,7691904) v.s. (1,5826584)
189th: bestScore=(1,7691904) v.s. (1,6253265)
190th: bestScore=(1,7691904) v.s. (1,6117834)
191th: bestScore=(1,7691904) v.s. (1,5655121)
192th: bestScore=(1,7691904) v.s. (1,6054282)
193th: bestScore=(1,7691904) v.s. (1,6045640)
194th: bestScore=(1,7691904) v.s. (1,5602539)
195th: bestScore=(1,7691904) v.s. (1,6415696)
196th: bestScore=(1,7691904) v.s. (1,5803746)
197th: bestScore=(1,7691904) v.s. (1,6170201)
198th: bestScore=(1,7691904) v.s. (1,5857996)
199th: bestScore=(1,7691904) v.s. (1,6276013)
score = (1,7691904)
