0th: bestScore=(0,-1) v.s. (1,7457141)
1th: bestScore=(1,7457141) v.s. (1,10623910)
2th: bestScore=(1,10623910) v.s. (1,8602602)
3th: bestScore=(1,10623910) v.s. (1,8927928)
4th: bestScore=(1,10623910) v.s. (1,8423823)
5th: bestScore=(1,10623910) v.s. (1,8326614)
6th: bestScore=(1,10623910) v.s. (1,8566898)
7th: bestScore=(1,10623910) v.s. (1,8029070)
8th: bestScore=(1,10623910) v.s. (1,14761496)
9th: bestScore=(1,14761496) v.s. (1,9615336)
10th: bestScore=(1,14761496) v.s. (1,8410867)
11th: bestScore=(1,14761496) v.s. (1,8337303)
12th: bestScore=(1,14761496) v.s. (1,10128230)
13th: bestScore=(1,14761496) v.s. (1,8509197)
14th: bestScore=(1,14761496) v.s. (1,8260598)
15th: bestScore=(1,14761496) v.s. (1,8510246)
16th: bestScore=(1,14761496) v.s. (1,9866518)
17th: bestScore=(1,14761496) v.s. (1,8348877)
18th: bestScore=(1,14761496) v.s. (1,7852239)
19th: bestScore=(1,14761496) v.s. (1,7840642)
20th: bestScore=(1,14761496) v.s. (1,13049023)
21th: bestScore=(1,14761496) v.s. (1,8140647)
22th: bestScore=(1,14761496) v.s. (1,8191103)
23th: bestScore=(1,14761496) v.s. (1,8516308)
24th: bestScore=(1,14761496) v.s. (1,8104207)
25th: bestScore=(1,14761496) v.s. (1,7857383)
26th: bestScore=(1,14761496) v.s. (1,9663742)
27th: bestScore=(1,14761496) v.s. (1,9095532)
28th: bestScore=(1,14761496) v.s. (1,7466223)
29th: bestScore=(1,14761496) v.s. (1,8242353)
30th: bestScore=(1,14761496) v.s. (1,9847656)
31th: bestScore=(1,14761496) v.s. (1,7892328)
32th: bestScore=(1,14761496) v.s. (1,8474514)
33th: bestScore=(1,14761496) v.s. (1,7998886)
34th: bestScore=(1,14761496) v.s. (1,8130379)
35th: bestScore=(1,14761496) v.s. (1,8940471)
36th: bestScore=(1,14761496) v.s. (1,8250463)
37th: bestScore=(1,14761496) v.s. (1,7401749)
38th: bestScore=(1,14761496) v.s. (1,8731779)
39th: bestScore=(1,14761496) v.s. (1,8346544)
40th: bestScore=(1,14761496) v.s. (1,8721070)
41th: bestScore=(1,14761496) v.s. (1,8710376)
42th: bestScore=(1,14761496) v.s. (1,10284132)
43th: bestScore=(1,14761496) v.s. (1,8702212)
44th: bestScore=(1,14761496) v.s. (1,9636120)
45th: bestScore=(1,14761496) v.s. (1,7994221)
46th: bestScore=(1,14761496) v.s. (1,7927326)
47th: bestScore=(1,14761496) v.s. (1,8961997)
48th: bestScore=(1,14761496) v.s. (1,8087024)
49th: bestScore=(1,14761496) v.s. (1,9299828)
50th: bestScore=(1,14761496) v.s. (1,8684999)
51th: bestScore=(1,14761496) v.s. (1,8444755)
52th: bestScore=(1,14761496) v.s. (1,7867534)
53th: bestScore=(1,14761496) v.s. (1,8003109)
54th: bestScore=(1,14761496) v.s. (1,8514321)
55th: bestScore=(1,14761496) v.s. (1,8699257)
56th: bestScore=(1,14761496) v.s. (1,7787237)
57th: bestScore=(1,14761496) v.s. (1,8047337)
58th: bestScore=(1,14761496) v.s. (1,7804553)
59th: bestScore=(1,14761496) v.s. (1,8843587)
60th: bestScore=(1,14761496) v.s. (1,8774508)
61th: bestScore=(1,14761496) v.s. (1,9006886)
62th: bestScore=(1,14761496) v.s. (1,7936799)
63th: bestScore=(1,14761496) v.s. (1,8589478)
64th: bestScore=(1,14761496) v.s. (1,8141402)
65th: bestScore=(1,14761496) v.s. (1,8260393)
66th: bestScore=(1,14761496) v.s. (1,10667894)
67th: bestScore=(1,14761496) v.s. (1,9839543)
68th: bestScore=(1,14761496) v.s. (1,8292833)
69th: bestScore=(1,14761496) v.s. (1,8760678)
70th: bestScore=(1,14761496) v.s. (1,9705936)
71th: bestScore=(1,14761496) v.s. (1,8250697)
72th: bestScore=(1,14761496) v.s. (1,10670999)
73th: bestScore=(1,14761496) v.s. (1,7827663)
74th: bestScore=(1,14761496) v.s. (1,8794981)
75th: bestScore=(1,14761496) v.s. (1,8291940)
76th: bestScore=(1,14761496) v.s. (1,8535125)
77th: bestScore=(1,14761496) v.s. (1,8831180)
78th: bestScore=(1,14761496) v.s. (1,8351124)
79th: bestScore=(1,14761496) v.s. (1,8672380)
80th: bestScore=(1,14761496) v.s. (1,8143227)
81th: bestScore=(1,14761496) v.s. (1,10046945)
82th: bestScore=(1,14761496) v.s. (1,7734664)
83th: bestScore=(1,14761496) v.s. (1,7922451)
84th: bestScore=(1,14761496) v.s. (1,8441417)
85th: bestScore=(1,14761496) v.s. (1,8511974)
86th: bestScore=(1,14761496) v.s. (1,8058352)
87th: bestScore=(1,14761496) v.s. (1,7908812)
88th: bestScore=(1,14761496) v.s. (1,8261707)
89th: bestScore=(1,14761496) v.s. (1,8527326)
90th: bestScore=(1,14761496) v.s. (1,8285769)
91th: bestScore=(1,14761496) v.s. (1,9148990)
92th: bestScore=(1,14761496) v.s. (1,7946186)
93th: bestScore=(1,14761496) v.s. (1,8171420)
94th: bestScore=(1,14761496) v.s. (1,11796587)
95th: bestScore=(1,14761496) v.s. (1,9008473)
96th: bestScore=(1,14761496) v.s. (1,8840383)
97th: bestScore=(1,14761496) v.s. (1,7275415)
98th: bestScore=(1,14761496) v.s. (1,10847829)
99th: bestScore=(1,14761496) v.s. (1,8295772)
100th: bestScore=(1,14761496) v.s. (1,8445145)
101th: bestScore=(1,14761496) v.s. (1,10168261)
102th: bestScore=(1,14761496) v.s. (1,8557382)
103th: bestScore=(1,14761496) v.s. (1,7108172)
104th: bestScore=(1,14761496) v.s. (1,8221374)
105th: bestScore=(1,14761496) v.s. (1,7833298)
106th: bestScore=(1,14761496) v.s. (1,7831733)
107th: bestScore=(1,14761496) v.s. (1,7625904)
108th: bestScore=(1,14761496) v.s. (1,8910002)
109th: bestScore=(1,14761496) v.s. (1,8275899)
110th: bestScore=(1,14761496) v.s. (1,7353860)
111th: bestScore=(1,14761496) v.s. (1,7946837)
112th: bestScore=(1,14761496) v.s. (1,8276125)
113th: bestScore=(1,14761496) v.s. (1,10060299)
114th: bestScore=(1,14761496) v.s. (1,8700796)
115th: bestScore=(1,14761496) v.s. (1,9699717)
116th: bestScore=(1,14761496) v.s. (1,8547692)
117th: bestScore=(1,14761496) v.s. (1,8225378)
118th: bestScore=(1,14761496) v.s. (1,9723106)
119th: bestScore=(1,14761496) v.s. (1,9024182)
120th: bestScore=(1,14761496) v.s. (1,8413077)
121th: bestScore=(1,14761496) v.s. (1,7421907)
122th: bestScore=(1,14761496) v.s. (1,9071010)
123th: bestScore=(1,14761496) v.s. (1,8592189)
124th: bestScore=(1,14761496) v.s. (1,8285574)
125th: bestScore=(1,14761496) v.s. (1,7509387)
126th: bestScore=(1,14761496) v.s. (1,9004082)
127th: bestScore=(1,14761496) v.s. (1,7855415)
128th: bestScore=(1,14761496) v.s. (1,8443017)
129th: bestScore=(1,14761496) v.s. (1,9235440)
130th: bestScore=(1,14761496) v.s. (1,11188923)
131th: bestScore=(1,14761496) v.s. (1,8334326)
132th: bestScore=(1,14761496) v.s. (1,7094889)
133th: bestScore=(1,14761496) v.s. (1,8804091)
134th: bestScore=(1,14761496) v.s. (1,9196678)
135th: bestScore=(1,14761496) v.s. (1,8112003)
136th: bestScore=(1,14761496) v.s. (1,8837871)
137th: bestScore=(1,14761496) v.s. (1,10912237)
138th: bestScore=(1,14761496) v.s. (1,8324171)
139th: bestScore=(1,14761496) v.s. (1,8375017)
140th: bestScore=(1,14761496) v.s. (1,9012890)
141th: bestScore=(1,14761496) v.s. (1,8805655)
142th: bestScore=(1,14761496) v.s. (1,7025241)
143th: bestScore=(1,14761496) v.s. (1,7830904)
144th: bestScore=(1,14761496) v.s. (1,8636391)
145th: bestScore=(1,14761496) v.s. (1,8882223)
146th: bestScore=(1,14761496) v.s. (1,8577874)
147th: bestScore=(1,14761496) v.s. (1,9106680)
148th: bestScore=(1,14761496) v.s. (1,8729037)
149th: bestScore=(1,14761496) v.s. (1,8844476)
150th: bestScore=(1,14761496) v.s. (1,8832813)
151th: bestScore=(1,14761496) v.s. (1,8511385)
152th: bestScore=(1,14761496) v.s. (1,8702783)
153th: bestScore=(1,14761496) v.s. (1,8330918)
154th: bestScore=(1,14761496) v.s. (1,8856738)
155th: bestScore=(1,14761496) v.s. (1,11090744)
156th: bestScore=(1,14761496) v.s. (1,10411624)
157th: bestScore=(1,14761496) v.s. (1,10415803)
158th: bestScore=(1,14761496) v.s. (1,8482164)
159th: bestScore=(1,14761496) v.s. (1,8566581)
160th: bestScore=(1,14761496) v.s. (1,7422710)
161th: bestScore=(1,14761496) v.s. (1,7968172)
162th: bestScore=(1,14761496) v.s. (1,8420298)
163th: bestScore=(1,14761496) v.s. (1,8499456)
164th: bestScore=(1,14761496) v.s. (1,9600293)
165th: bestScore=(1,14761496) v.s. (1,7971232)
166th: bestScore=(1,14761496) v.s. (1,8881506)
167th: bestScore=(1,14761496) v.s. (1,7340475)
168th: bestScore=(1,14761496) v.s. (1,9915593)
169th: bestScore=(1,14761496) v.s. (1,8409872)
170th: bestScore=(1,14761496) v.s. (1,8366045)
171th: bestScore=(1,14761496) v.s. (1,8789528)
172th: bestScore=(1,14761496) v.s. (1,8489519)
173th: bestScore=(1,14761496) v.s. (1,8415118)
174th: bestScore=(1,14761496) v.s. (1,7671010)
175th: bestScore=(1,14761496) v.s. (1,8099105)
176th: bestScore=(1,14761496) v.s. (1,8128116)
177th: bestScore=(1,14761496) v.s. (1,8975810)
178th: bestScore=(1,14761496) v.s. (1,9792572)
179th: bestScore=(1,14761496) v.s. (1,8306439)
180th: bestScore=(1,14761496) v.s. (1,8939914)
181th: bestScore=(1,14761496) v.s. (1,8528424)
182th: bestScore=(1,14761496) v.s. (1,7213992)
183th: bestScore=(1,14761496) v.s. (1,8594429)
184th: bestScore=(1,14761496) v.s. (1,8002640)
185th: bestScore=(1,14761496) v.s. (1,7547250)
186th: bestScore=(1,14761496) v.s. (1,8518385)
187th: bestScore=(1,14761496) v.s. (1,8309776)
188th: bestScore=(1,14761496) v.s. (1,7911634)
189th: bestScore=(1,14761496) v.s. (1,10185475)
190th: bestScore=(1,14761496) v.s. (1,8713090)
191th: bestScore=(1,14761496) v.s. (1,8155946)
192th: bestScore=(1,14761496) v.s. (1,8169246)
193th: bestScore=(1,14761496) v.s. (1,8085829)
194th: bestScore=(1,14761496) v.s. (1,7915082)
195th: bestScore=(1,14761496) v.s. (1,8783167)
196th: bestScore=(1,14761496) v.s. (1,8298386)
197th: bestScore=(1,14761496) v.s. (1,7875386)
198th: bestScore=(1,14761496) v.s. (1,7460450)
199th: bestScore=(1,14761496) v.s. (1,7891707)
score = (1,14761496)
