0th: bestScore=(0,-1) v.s. (1,15950673)
1th: bestScore=(1,15950673) v.s. (1,17355696)
2th: bestScore=(1,17355696) v.s. (1,15241850)
3th: bestScore=(1,17355696) v.s. (1,15271298)
4th: bestScore=(1,17355696) v.s. (1,15680364)
5th: bestScore=(1,17355696) v.s. (1,16880439)
6th: bestScore=(1,17355696) v.s. (1,15892996)
7th: bestScore=(1,17355696) v.s. (1,15738430)
8th: bestScore=(1,17355696) v.s. (1,16568730)
9th: bestScore=(1,17355696) v.s. (1,16104102)
10th: bestScore=(1,17355696) v.s. (1,16356793)
11th: bestScore=(1,17355696) v.s. (1,15904604)
12th: bestScore=(1,17355696) v.s. (1,14593751)
13th: bestScore=(1,17355696) v.s. (1,15507204)
14th: bestScore=(1,17355696) v.s. (1,16121376)
15th: bestScore=(1,17355696) v.s. (1,16658934)
16th: bestScore=(1,17355696) v.s. (1,17127410)
17th: bestScore=(1,17355696) v.s. (1,16292932)
18th: bestScore=(1,17355696) v.s. (1,16262472)
19th: bestScore=(1,17355696) v.s. (1,16151084)
20th: bestScore=(1,17355696) v.s. (1,18158321)
21th: bestScore=(1,18158321) v.s. (1,16305129)
22th: bestScore=(1,18158321) v.s. (1,16741337)
23th: bestScore=(1,18158321) v.s. (1,15613308)
24th: bestScore=(1,18158321) v.s. (1,15126693)
25th: bestScore=(1,18158321) v.s. (1,13583618)
26th: bestScore=(1,18158321) v.s. (1,16497547)
27th: bestScore=(1,18158321) v.s. (1,16910913)
28th: bestScore=(1,18158321) v.s. (1,15260516)
29th: bestScore=(1,18158321) v.s. (1,17379112)
30th: bestScore=(1,18158321) v.s. (1,17342535)
31th: bestScore=(1,18158321) v.s. (1,16856282)
32th: bestScore=(1,18158321) v.s. (1,13718789)
33th: bestScore=(1,18158321) v.s. (1,15461828)
34th: bestScore=(1,18158321) v.s. (1,16885954)
35th: bestScore=(1,18158321) v.s. (1,15773990)
36th: bestScore=(1,18158321) v.s. (1,16225984)
37th: bestScore=(1,18158321) v.s. (1,15771211)
38th: bestScore=(1,18158321) v.s. (1,16506339)
39th: bestScore=(1,18158321) v.s. (1,16080326)
40th: bestScore=(1,18158321) v.s. (1,16330942)
41th: bestScore=(1,18158321) v.s. (1,16414110)
42th: bestScore=(1,18158321) v.s. (1,15180791)
43th: bestScore=(1,18158321) v.s. (1,15499612)
44th: bestScore=(1,18158321) v.s. (1,16039667)
45th: bestScore=(1,18158321) v.s. (1,15208114)
46th: bestScore=(1,18158321) v.s. (1,16410521)
47th: bestScore=(1,18158321) v.s. (1,15561437)
48th: bestScore=(1,18158321) v.s. (1,15777128)
49th: bestScore=(1,18158321) v.s. (1,15795026)
50th: bestScore=(1,18158321) v.s. (1,16239196)
51th: bestScore=(1,18158321) v.s. (1,16018950)
52th: bestScore=(1,18158321) v.s. (1,16420916)
53th: bestScore=(1,18158321) v.s. (1,16290772)
54th: bestScore=(1,18158321) v.s. (1,16659469)
55th: bestScore=(1,18158321) v.s. (1,14050223)
56th: bestScore=(1,18158321) v.s. (1,16593965)
57th: bestScore=(1,18158321) v.s. (1,15163255)
58th: bestScore=(1,18158321) v.s. (1,16361825)
59th: bestScore=(1,18158321) v.s. (1,16905069)
60th: bestScore=(1,18158321) v.s. (1,15500061)
61th: bestScore=(1,18158321) v.s. (1,16320777)
62th: bestScore=(1,18158321) v.s. (1,16438396)
63th: bestScore=(1,18158321) v.s. (1,16685067)
64th: bestScore=(1,18158321) v.s. (1,16259532)
65th: bestScore=(1,18158321) v.s. (1,16250838)
66th: bestScore=(1,18158321) v.s. (1,15107498)
67th: bestScore=(1,18158321) v.s. (1,16142076)
68th: bestScore=(1,18158321) v.s. (1,16129309)
69th: bestScore=(1,18158321) v.s. (1,16664861)
70th: bestScore=(1,18158321) v.s. (1,16925589)
71th: bestScore=(1,18158321) v.s. (1,15832932)
72th: bestScore=(1,18158321) v.s. (1,16121220)
73th: bestScore=(1,18158321) v.s. (1,15928039)
74th: bestScore=(1,18158321) v.s. (1,16770137)
75th: bestScore=(1,18158321) v.s. (1,17122157)
76th: bestScore=(1,18158321) v.s. (1,15115669)
77th: bestScore=(1,18158321) v.s. (1,17300679)
78th: bestScore=(1,18158321) v.s. (1,14765226)
79th: bestScore=(1,18158321) v.s. (1,16885595)
80th: bestScore=(1,18158321) v.s. (1,14694165)
81th: bestScore=(1,18158321) v.s. (1,15308974)
82th: bestScore=(1,18158321) v.s. (1,16586963)
83th: bestScore=(1,18158321) v.s. (1,17818343)
84th: bestScore=(1,18158321) v.s. (1,16166343)
85th: bestScore=(1,18158321) v.s. (1,16298685)
86th: bestScore=(1,18158321) v.s. (1,16086714)
87th: bestScore=(1,18158321) v.s. (1,16255266)
88th: bestScore=(1,18158321) v.s. (1,15520834)
89th: bestScore=(1,18158321) v.s. (1,16773798)
90th: bestScore=(1,18158321) v.s. (1,17107001)
91th: bestScore=(1,18158321) v.s. (1,16467227)
92th: bestScore=(1,18158321) v.s. (1,15666589)
93th: bestScore=(1,18158321) v.s. (1,15682523)
94th: bestScore=(1,18158321) v.s. (1,16051389)
95th: bestScore=(1,18158321) v.s. (1,16571420)
96th: bestScore=(1,18158321) v.s. (1,14631908)
97th: bestScore=(1,18158321) v.s. (1,14758402)
98th: bestScore=(1,18158321) v.s. (1,16059856)
99th: bestScore=(1,18158321) v.s. (1,15529098)
100th: bestScore=(1,18158321) v.s. (1,15525596)
101th: bestScore=(1,18158321) v.s. (1,14534298)
102th: bestScore=(1,18158321) v.s. (1,16691696)
103th: bestScore=(1,18158321) v.s. (1,16302142)
104th: bestScore=(1,18158321) v.s. (1,16280082)
105th: bestScore=(1,18158321) v.s. (1,16044696)
106th: bestScore=(1,18158321) v.s. (1,17459177)
107th: bestScore=(1,18158321) v.s. (1,16567915)
108th: bestScore=(1,18158321) v.s. (1,16267933)
109th: bestScore=(1,18158321) v.s. (1,16900797)
110th: bestScore=(1,18158321) v.s. (1,17428443)
111th: bestScore=(1,18158321) v.s. (1,15942140)
112th: bestScore=(1,18158321) v.s. (1,16847002)
113th: bestScore=(1,18158321) v.s. (1,16077325)
114th: bestScore=(1,18158321) v.s. (1,16478221)
115th: bestScore=(1,18158321) v.s. (1,16346671)
116th: bestScore=(1,18158321) v.s. (1,16856337)
117th: bestScore=(1,18158321) v.s. (1,16275799)
118th: bestScore=(1,18158321) v.s. (1,16117810)
119th: bestScore=(1,18158321) v.s. (1,18032738)
120th: bestScore=(1,18158321) v.s. (1,15630341)
121th: bestScore=(1,18158321) v.s. (1,16836057)
122th: bestScore=(1,18158321) v.s. (1,17312719)
123th: bestScore=(1,18158321) v.s. (1,17178221)
124th: bestScore=(1,18158321) v.s. (1,15721104)
125th: bestScore=(1,18158321) v.s. (1,17314586)
126th: bestScore=(1,18158321) v.s. (1,15260531)
127th: bestScore=(1,18158321) v.s. (1,16121825)
128th: bestScore=(1,18158321) v.s. (1,16218031)
129th: bestScore=(1,18158321) v.s. (1,15733845)
130th: bestScore=(1,18158321) v.s. (1,16974438)
131th: bestScore=(1,18158321) v.s. (1,16170586)
132th: bestScore=(1,18158321) v.s. (1,16421232)
133th: bestScore=(1,18158321) v.s. (1,16280486)
134th: bestScore=(1,18158321) v.s. (1,15391422)
135th: bestScore=(1,18158321) v.s. (1,15459121)
136th: bestScore=(1,18158321) v.s. (1,16578090)
137th: bestScore=(1,18158321) v.s. (1,17163421)
138th: bestScore=(1,18158321) v.s. (1,16567421)
139th: bestScore=(1,18158321) v.s. (1,16675242)
140th: bestScore=(1,18158321) v.s. (1,16042829)
141th: bestScore=(1,18158321) v.s. (1,17432570)
142th: bestScore=(1,18158321) v.s. (1,13668231)
143th: bestScore=(1,18158321) v.s. (1,14686345)
144th: bestScore=(1,18158321) v.s. (1,17049436)
145th: bestScore=(1,18158321) v.s. (1,16482728)
146th: bestScore=(1,18158321) v.s. (1,15849515)
147th: bestScore=(1,18158321) v.s. (1,16275035)
148th: bestScore=(1,18158321) v.s. (1,14906159)
149th: bestScore=(1,18158321) v.s. (1,16410492)
150th: bestScore=(1,18158321) v.s. (1,16322144)
151th: bestScore=(1,18158321) v.s. (1,15783927)
152th: bestScore=(1,18158321) v.s. (1,16387619)
153th: bestScore=(1,18158321) v.s. (1,14569580)
154th: bestScore=(1,18158321) v.s. (1,16755409)
155th: bestScore=(1,18158321) v.s. (1,15828033)
156th: bestScore=(1,18158321) v.s. (1,16326341)
157th: bestScore=(1,18158321) v.s. (1,15130009)
158th: bestScore=(1,18158321) v.s. (1,15936190)
159th: bestScore=(1,18158321) v.s. (1,17664258)
160th: bestScore=(1,18158321) v.s. (1,16589826)
161th: bestScore=(1,18158321) v.s. (1,15785553)
162th: bestScore=(1,18158321) v.s. (1,16945881)
163th: bestScore=(1,18158321) v.s. (1,15826626)
164th: bestScore=(1,18158321) v.s. (1,15911260)
165th: bestScore=(1,18158321) v.s. (1,15802441)
166th: bestScore=(1,18158321) v.s. (1,16582985)
167th: bestScore=(1,18158321) v.s. (1,14979608)
168th: bestScore=(1,18158321) v.s. (1,15128302)
169th: bestScore=(1,18158321) v.s. (1,15832062)
170th: bestScore=(1,18158321) v.s. (1,15624414)
171th: bestScore=(1,18158321) v.s. (1,17095605)
172th: bestScore=(1,18158321) v.s. (1,17606976)
173th: bestScore=(1,18158321) v.s. (1,15869659)
174th: bestScore=(1,18158321) v.s. (1,16483960)
175th: bestScore=(1,18158321) v.s. (1,16750860)
176th: bestScore=(1,18158321) v.s. (1,16790543)
177th: bestScore=(1,18158321) v.s. (1,16325364)
178th: bestScore=(1,18158321) v.s. (1,16500036)
179th: bestScore=(1,18158321) v.s. (1,17420853)
180th: bestScore=(1,18158321) v.s. (1,15796770)
181th: bestScore=(1,18158321) v.s. (1,17038853)
182th: bestScore=(1,18158321) v.s. (1,17132622)
183th: bestScore=(1,18158321) v.s. (1,16322562)
184th: bestScore=(1,18158321) v.s. (1,15884445)
185th: bestScore=(1,18158321) v.s. (1,17033949)
186th: bestScore=(1,18158321) v.s. (1,15433129)
187th: bestScore=(1,18158321) v.s. (1,17341249)
188th: bestScore=(1,18158321) v.s. (1,15526149)
189th: bestScore=(1,18158321) v.s. (1,15348952)
190th: bestScore=(1,18158321) v.s. (1,16179388)
191th: bestScore=(1,18158321) v.s. (1,15604309)
192th: bestScore=(1,18158321) v.s. (1,16110441)
193th: bestScore=(1,18158321) v.s. (1,16024096)
194th: bestScore=(1,18158321) v.s. (1,16970150)
195th: bestScore=(1,18158321) v.s. (1,16830546)
196th: bestScore=(1,18158321) v.s. (1,15549185)
197th: bestScore=(1,18158321) v.s. (1,15678889)
198th: bestScore=(1,18158321) v.s. (1,17404319)
199th: bestScore=(1,18158321) v.s. (1,16840224)
score = (1,18158321)
