0th: bestScore=(0,-1) v.s. (1,11616454)
1th: bestScore=(1,11616454) v.s. (1,11406124)
2th: bestScore=(1,11616454) v.s. (1,15229256)
3th: bestScore=(1,15229256) v.s. (1,13296283)
4th: bestScore=(1,15229256) v.s. (1,15491207)
5th: bestScore=(1,15491207) v.s. (1,12971976)
6th: bestScore=(1,15491207) v.s. (1,15694405)
7th: bestScore=(1,15694405) v.s. (1,12908146)
8th: bestScore=(1,15694405) v.s. (1,12581781)
9th: bestScore=(1,15694405) v.s. (1,11881733)
10th: bestScore=(1,15694405) v.s. (1,12259988)
11th: bestScore=(1,15694405) v.s. (1,11016534)
12th: bestScore=(1,15694405) v.s. (1,11609452)
13th: bestScore=(1,15694405) v.s. (1,15311553)
14th: bestScore=(1,15694405) v.s. (1,10894835)
15th: bestScore=(1,15694405) v.s. (1,13254893)
16th: bestScore=(1,15694405) v.s. (1,19180040)
17th: bestScore=(1,19180040) v.s. (1,15858223)
18th: bestScore=(1,19180040) v.s. (1,12393877)
19th: bestScore=(1,19180040) v.s. (1,12121223)
20th: bestScore=(1,19180040) v.s. (1,9986142)
21th: bestScore=(1,19180040) v.s. (1,12041408)
22th: bestScore=(1,19180040) v.s. (1,12382463)
23th: bestScore=(1,19180040) v.s. (1,11779641)
24th: bestScore=(1,19180040) v.s. (1,13411293)
25th: bestScore=(1,19180040) v.s. (1,11341365)
26th: bestScore=(1,19180040) v.s. (1,11597601)
27th: bestScore=(1,19180040) v.s. (1,12141615)
28th: bestScore=(1,19180040) v.s. (1,16022215)
29th: bestScore=(1,19180040) v.s. (1,12226839)
30th: bestScore=(1,19180040) v.s. (1,12382766)
31th: bestScore=(1,19180040) v.s. (1,8644036)
32th: bestScore=(1,19180040) v.s. (1,16412209)
33th: bestScore=(1,19180040) v.s. (1,11899886)
34th: bestScore=(1,19180040) v.s. (1,11392654)
35th: bestScore=(1,19180040) v.s. (1,13900321)
36th: bestScore=(1,19180040) v.s. (1,12054543)
37th: bestScore=(1,19180040) v.s. (1,12381518)
38th: bestScore=(1,19180040) v.s. (1,14447271)
39th: bestScore=(1,19180040) v.s. (1,11144718)
40th: bestScore=(1,19180040) v.s. (1,13081256)
41th: bestScore=(1,19180040) v.s. (1,16633797)
42th: bestScore=(1,19180040) v.s. (1,13399665)
43th: bestScore=(1,19180040) v.s. (1,12732962)
44th: bestScore=(1,19180040) v.s. (1,13354238)
45th: bestScore=(1,19180040) v.s. (1,12750523)
46th: bestScore=(1,19180040) v.s. (1,11431900)
47th: bestScore=(1,19180040) v.s. (1,10313467)
48th: bestScore=(1,19180040) v.s. (1,15256486)
49th: bestScore=(1,19180040) v.s. (1,12498863)
50th: bestScore=(1,19180040) v.s. (1,13524177)
51th: bestScore=(1,19180040) v.s. (1,12701088)
52th: bestScore=(1,19180040) v.s. (1,10607922)
53th: bestScore=(1,19180040) v.s. (1,11401709)
54th: bestScore=(1,19180040) v.s. (1,10732750)
55th: bestScore=(1,19180040) v.s. (1,11721149)
56th: bestScore=(1,19180040) v.s. (1,15382210)
57th: bestScore=(1,19180040) v.s. (1,14005532)
58th: bestScore=(1,19180040) v.s. (1,13728563)
59th: bestScore=(1,19180040) v.s. (1,9459113)
60th: bestScore=(1,19180040) v.s. (1,11107155)
61th: bestScore=(1,19180040) v.s. (1,11166185)
62th: bestScore=(1,19180040) v.s. (1,12982028)
63th: bestScore=(1,19180040) v.s. (1,13182531)
64th: bestScore=(1,19180040) v.s. (1,13594289)
65th: bestScore=(1,19180040) v.s. (1,11829238)
66th: bestScore=(1,19180040) v.s. (1,12986927)
67th: bestScore=(1,19180040) v.s. (1,12437617)
68th: bestScore=(1,19180040) v.s. (1,12946516)
69th: bestScore=(1,19180040) v.s. (1,10937167)
70th: bestScore=(1,19180040) v.s. (1,13114649)
71th: bestScore=(1,19180040) v.s. (1,11994295)
72th: bestScore=(1,19180040) v.s. (1,13121648)
73th: bestScore=(1,19180040) v.s. (1,11989880)
74th: bestScore=(1,19180040) v.s. (1,13248480)
75th: bestScore=(1,19180040) v.s. (1,12474079)
76th: bestScore=(1,19180040) v.s. (1,14736307)
77th: bestScore=(1,19180040) v.s. (1,11303234)
78th: bestScore=(1,19180040) v.s. (1,13374440)
79th: bestScore=(1,19180040) v.s. (1,10947961)
80th: bestScore=(1,19180040) v.s. (1,12151003)
81th: bestScore=(1,19180040) v.s. (1,19128014)
82th: bestScore=(1,19180040) v.s. (1,12911623)
83th: bestScore=(1,19180040) v.s. (1,11350428)
84th: bestScore=(1,19180040) v.s. (1,13616660)
85th: bestScore=(1,19180040) v.s. (1,12061773)
86th: bestScore=(1,19180040) v.s. (1,13590805)
87th: bestScore=(1,19180040) v.s. (1,11050485)
88th: bestScore=(1,19180040) v.s. (1,11808069)
89th: bestScore=(1,19180040) v.s. (1,12164931)
90th: bestScore=(1,19180040) v.s. (1,13925602)
91th: bestScore=(1,19180040) v.s. (1,11109760)
92th: bestScore=(1,19180040) v.s. (1,13493699)
93th: bestScore=(1,19180040) v.s. (1,8849097)
94th: bestScore=(1,19180040) v.s. (1,13075990)
95th: bestScore=(1,19180040) v.s. (1,10439939)
96th: bestScore=(1,19180040) v.s. (1,13335475)
97th: bestScore=(1,19180040) v.s. (1,13415475)
98th: bestScore=(1,19180040) v.s. (1,11545967)
99th: bestScore=(1,19180040) v.s. (1,11229575)
100th: bestScore=(1,19180040) v.s. (1,12458587)
101th: bestScore=(1,19180040) v.s. (1,13421740)
102th: bestScore=(1,19180040) v.s. (1,12888177)
103th: bestScore=(1,19180040) v.s. (1,10227604)
104th: bestScore=(1,19180040) v.s. (1,12857402)
105th: bestScore=(1,19180040) v.s. (1,11106808)
106th: bestScore=(1,19180040) v.s. (1,11049235)
107th: bestScore=(1,19180040) v.s. (1,13423013)
108th: bestScore=(1,19180040) v.s. (1,12037369)
109th: bestScore=(1,19180040) v.s. (1,14624459)
110th: bestScore=(1,19180040) v.s. (1,11598933)
111th: bestScore=(1,19180040) v.s. (1,10797900)
112th: bestScore=(1,19180040) v.s. (1,14493886)
113th: bestScore=(1,19180040) v.s. (1,12446494)
114th: bestScore=(1,19180040) v.s. (1,13369916)
115th: bestScore=(1,19180040) v.s. (1,14062952)
116th: bestScore=(1,19180040) v.s. (1,12251923)
117th: bestScore=(1,19180040) v.s. (1,13930440)
118th: bestScore=(1,19180040) v.s. (1,11206169)
119th: bestScore=(1,19180040) v.s. (1,11491020)
120th: bestScore=(1,19180040) v.s. (1,10866710)
121th: bestScore=(1,19180040) v.s. (1,11902186)
122th: bestScore=(1,19180040) v.s. (1,14884327)
123th: bestScore=(1,19180040) v.s. (1,14727182)
124th: bestScore=(1,19180040) v.s. (1,11726582)
125th: bestScore=(1,19180040) v.s. (1,13129034)
126th: bestScore=(1,19180040) v.s. (1,13453931)
127th: bestScore=(1,19180040) v.s. (1,10117223)
128th: bestScore=(1,19180040) v.s. (1,9823109)
129th: bestScore=(1,19180040) v.s. (1,13024194)
130th: bestScore=(1,19180040) v.s. (1,13700807)
131th: bestScore=(1,19180040) v.s. (1,11940563)
132th: bestScore=(1,19180040) v.s. (1,12995883)
133th: bestScore=(1,19180040) v.s. (1,13334157)
134th: bestScore=(1,19180040) v.s. (1,14984021)
135th: bestScore=(1,19180040) v.s. (1,12318506)
136th: bestScore=(1,19180040) v.s. (1,13252212)
137th: bestScore=(1,19180040) v.s. (1,13297632)
138th: bestScore=(1,19180040) v.s. (1,14182475)
139th: bestScore=(1,19180040) v.s. (1,12481754)
140th: bestScore=(1,19180040) v.s. (1,15985918)
141th: bestScore=(1,19180040) v.s. (1,10941500)
142th: bestScore=(1,19180040) v.s. (1,15108226)
143th: bestScore=(1,19180040) v.s. (1,11222371)
144th: bestScore=(1,19180040) v.s. (1,11366565)
145th: bestScore=(1,19180040) v.s. (1,11112635)
146th: bestScore=(1,19180040) v.s. (1,13468325)
147th: bestScore=(1,19180040) v.s. (1,12991483)
148th: bestScore=(1,19180040) v.s. (1,11441860)
149th: bestScore=(1,19180040) v.s. (1,15109014)
150th: bestScore=(1,19180040) v.s. (1,14474044)
151th: bestScore=(1,19180040) v.s. (1,12651666)
152th: bestScore=(1,19180040) v.s. (1,12316185)
153th: bestScore=(1,19180040) v.s. (1,11238699)
154th: bestScore=(1,19180040) v.s. (1,14097298)
155th: bestScore=(1,19180040) v.s. (1,11535245)
156th: bestScore=(1,19180040) v.s. (1,11397701)
157th: bestScore=(1,19180040) v.s. (1,12024166)
158th: bestScore=(1,19180040) v.s. (1,13790675)
159th: bestScore=(1,19180040) v.s. (1,11355132)
160th: bestScore=(1,19180040) v.s. (1,13524996)
161th: bestScore=(1,19180040) v.s. (1,12317517)
162th: bestScore=(1,19180040) v.s. (1,10957568)
163th: bestScore=(1,19180040) v.s. (1,15167289)
164th: bestScore=(1,19180040) v.s. (1,15485055)
165th: bestScore=(1,19180040) v.s. (1,12270651)
166th: bestScore=(1,19180040) v.s. (1,13298846)
167th: bestScore=(1,19180040) v.s. (1,12038968)
168th: bestScore=(1,19180040) v.s. (1,12225181)
169th: bestScore=(1,19180040) v.s. (1,12945591)
170th: bestScore=(1,19180040) v.s. (1,10419621)
171th: bestScore=(1,19180040) v.s. (1,15369500)
172th: bestScore=(1,19180040) v.s. (1,11842119)
173th: bestScore=(1,19180040) v.s. (1,15117901)
174th: bestScore=(1,19180040) v.s. (1,12941299)
175th: bestScore=(1,19180040) v.s. (1,16213536)
176th: bestScore=(1,19180040) v.s. (1,12438974)
177th: bestScore=(1,19180040) v.s. (1,13955387)
178th: bestScore=(1,19180040) v.s. (1,14584528)
179th: bestScore=(1,19180040) v.s. (1,12300842)
180th: bestScore=(1,19180040) v.s. (1,12278876)
181th: bestScore=(1,19180040) v.s. (1,11653743)
182th: bestScore=(1,19180040) v.s. (1,13615208)
183th: bestScore=(1,19180040) v.s. (1,12232743)
184th: bestScore=(1,19180040) v.s. (1,12656893)
185th: bestScore=(1,19180040) v.s. (1,12922327)
186th: bestScore=(1,19180040) v.s. (1,11610857)
187th: bestScore=(1,19180040) v.s. (1,12565480)
188th: bestScore=(1,19180040) v.s. (1,10825862)
189th: bestScore=(1,19180040) v.s. (1,12920378)
190th: bestScore=(1,19180040) v.s. (1,11800542)
191th: bestScore=(1,19180040) v.s. (1,14137245)
192th: bestScore=(1,19180040) v.s. (1,12442489)
193th: bestScore=(1,19180040) v.s. (1,10526802)
194th: bestScore=(1,19180040) v.s. (1,12963722)
195th: bestScore=(1,19180040) v.s. (1,11384222)
196th: bestScore=(1,19180040) v.s. (1,11257426)
197th: bestScore=(1,19180040) v.s. (1,13338424)
198th: bestScore=(1,19180040) v.s. (1,14691746)
199th: bestScore=(1,19180040) v.s. (1,15385419)
score = (1,19180040)
