0th: bestScore=(0,-1) v.s. (1,11847694)
1th: bestScore=(1,11847694) v.s. (1,11506512)
2th: bestScore=(1,11847694) v.s. (1,10938661)
3th: bestScore=(1,11847694) v.s. (1,11783451)
4th: bestScore=(1,11847694) v.s. (1,11971822)
5th: bestScore=(1,11971822) v.s. (1,10968210)
6th: bestScore=(1,11971822) v.s. (1,10931085)
7th: bestScore=(1,11971822) v.s. (1,11257470)
8th: bestScore=(1,11971822) v.s. (1,11829492)
9th: bestScore=(1,11971822) v.s. (1,11371099)
10th: bestScore=(1,11971822) v.s. (1,11341941)
11th: bestScore=(1,11971822) v.s. (1,11012359)
12th: bestScore=(1,11971822) v.s. (1,11615063)
13th: bestScore=(1,11971822) v.s. (1,11469580)
14th: bestScore=(1,11971822) v.s. (1,12134964)
15th: bestScore=(1,12134964) v.s. (1,12249566)
16th: bestScore=(1,12249566) v.s. (1,11090906)
17th: bestScore=(1,12249566) v.s. (1,10999519)
18th: bestScore=(1,12249566) v.s. (1,11727128)
19th: bestScore=(1,12249566) v.s. (1,12194405)
20th: bestScore=(1,12249566) v.s. (1,11413972)
21th: bestScore=(1,12249566) v.s. (1,11644240)
22th: bestScore=(1,12249566) v.s. (1,11459171)
23th: bestScore=(1,12249566) v.s. (1,11513659)
24th: bestScore=(1,12249566) v.s. (1,11369960)
25th: bestScore=(1,12249566) v.s. (1,10795342)
26th: bestScore=(1,12249566) v.s. (1,11505465)
27th: bestScore=(1,12249566) v.s. (1,11141675)
28th: bestScore=(1,12249566) v.s. (1,10940280)
29th: bestScore=(1,12249566) v.s. (1,11349944)
30th: bestScore=(1,12249566) v.s. (1,11548145)
31th: bestScore=(1,12249566) v.s. (1,11189427)
32th: bestScore=(1,12249566) v.s. (1,11716682)
33th: bestScore=(1,12249566) v.s. (1,11455680)
34th: bestScore=(1,12249566) v.s. (1,11591501)
35th: bestScore=(1,12249566) v.s. (1,11451733)
36th: bestScore=(1,12249566) v.s. (1,11721531)
37th: bestScore=(1,12249566) v.s. (1,11437883)
38th: bestScore=(1,12249566) v.s. (1,10893664)
39th: bestScore=(1,12249566) v.s. (1,11279294)
40th: bestScore=(1,12249566) v.s. (1,10844348)
41th: bestScore=(1,12249566) v.s. (1,11650583)
42th: bestScore=(1,12249566) v.s. (1,10850128)
43th: bestScore=(1,12249566) v.s. (1,11437901)
44th: bestScore=(1,12249566) v.s. (1,11379936)
45th: bestScore=(1,12249566) v.s. (1,11345260)
46th: bestScore=(1,12249566) v.s. (1,11828941)
47th: bestScore=(1,12249566) v.s. (1,11906308)
48th: bestScore=(1,12249566) v.s. (1,12203115)
49th: bestScore=(1,12249566) v.s. (1,12022827)
50th: bestScore=(1,12249566) v.s. (1,11380470)
51th: bestScore=(1,12249566) v.s. (1,11148771)
52th: bestScore=(1,12249566) v.s. (1,11374048)
53th: bestScore=(1,12249566) v.s. (1,11285141)
54th: bestScore=(1,12249566) v.s. (1,11784722)
55th: bestScore=(1,12249566) v.s. (1,11457484)
56th: bestScore=(1,12249566) v.s. (1,11630725)
57th: bestScore=(1,12249566) v.s. (1,11865284)
58th: bestScore=(1,12249566) v.s. (1,11197284)
59th: bestScore=(1,12249566) v.s. (1,11599955)
60th: bestScore=(1,12249566) v.s. (1,10974685)
61th: bestScore=(1,12249566) v.s. (1,10921097)
62th: bestScore=(1,12249566) v.s. (1,11119374)
63th: bestScore=(1,12249566) v.s. (1,11242955)
64th: bestScore=(1,12249566) v.s. (1,11321206)
65th: bestScore=(1,12249566) v.s. (1,11427674)
66th: bestScore=(1,12249566) v.s. (1,11145844)
67th: bestScore=(1,12249566) v.s. (1,10867553)
68th: bestScore=(1,12249566) v.s. (1,11465755)
69th: bestScore=(1,12249566) v.s. (1,11584064)
70th: bestScore=(1,12249566) v.s. (1,10873038)
71th: bestScore=(1,12249566) v.s. (1,11022806)
72th: bestScore=(1,12249566) v.s. (1,11769807)
73th: bestScore=(1,12249566) v.s. (1,11916168)
74th: bestScore=(1,12249566) v.s. (1,11167650)
75th: bestScore=(1,12249566) v.s. (1,11714412)
76th: bestScore=(1,12249566) v.s. (1,11667755)
77th: bestScore=(1,12249566) v.s. (1,11373000)
78th: bestScore=(1,12249566) v.s. (1,12126904)
79th: bestScore=(1,12249566) v.s. (1,11909672)
80th: bestScore=(1,12249566) v.s. (1,11563736)
81th: bestScore=(1,12249566) v.s. (1,11256410)
82th: bestScore=(1,12249566) v.s. (1,12363676)
83th: bestScore=(1,12363676) v.s. (1,11701664)
84th: bestScore=(1,12363676) v.s. (1,11736975)
85th: bestScore=(1,12363676) v.s. (1,10810317)
86th: bestScore=(1,12363676) v.s. (1,11325674)
87th: bestScore=(1,12363676) v.s. (1,11344429)
88th: bestScore=(1,12363676) v.s. (1,11757303)
89th: bestScore=(1,12363676) v.s. (1,11549490)
90th: bestScore=(1,12363676) v.s. (1,10893864)
91th: bestScore=(1,12363676) v.s. (1,11487428)
92th: bestScore=(1,12363676) v.s. (1,11371178)
93th: bestScore=(1,12363676) v.s. (1,11227506)
94th: bestScore=(1,12363676) v.s. (1,12545132)
95th: bestScore=(1,12545132) v.s. (1,11558611)
96th: bestScore=(1,12545132) v.s. (1,11478009)
97th: bestScore=(1,12545132) v.s. (1,10938851)
98th: bestScore=(1,12545132) v.s. (1,10580719)
99th: bestScore=(1,12545132) v.s. (1,11682060)
100th: bestScore=(1,12545132) v.s. (1,11038516)
101th: bestScore=(1,12545132) v.s. (1,12670200)
102th: bestScore=(1,12670200) v.s. (1,11371643)
103th: bestScore=(1,12670200) v.s. (1,11049087)
104th: bestScore=(1,12670200) v.s. (1,12263587)
105th: bestScore=(1,12670200) v.s. (1,11770432)
106th: bestScore=(1,12670200) v.s. (1,11977091)
107th: bestScore=(1,12670200) v.s. (1,12060138)
108th: bestScore=(1,12670200) v.s. (1,11341827)
109th: bestScore=(1,12670200) v.s. (1,11523324)
110th: bestScore=(1,12670200) v.s. (1,11505060)
111th: bestScore=(1,12670200) v.s. (1,11371930)
112th: bestScore=(1,12670200) v.s. (1,11127267)
113th: bestScore=(1,12670200) v.s. (1,11372055)
114th: bestScore=(1,12670200) v.s. (1,11564672)
115th: bestScore=(1,12670200) v.s. (1,12203711)
116th: bestScore=(1,12670200) v.s. (1,11842517)
117th: bestScore=(1,12670200) v.s. (1,11172548)
118th: bestScore=(1,12670200) v.s. (1,11559859)
119th: bestScore=(1,12670200) v.s. (1,11258047)
120th: bestScore=(1,12670200) v.s. (1,12422508)
121th: bestScore=(1,12670200) v.s. (1,11537508)
122th: bestScore=(1,12670200) v.s. (1,11723381)
123th: bestScore=(1,12670200) v.s. (1,10866470)
124th: bestScore=(1,12670200) v.s. (1,11428355)
125th: bestScore=(1,12670200) v.s. (1,12105198)
126th: bestScore=(1,12670200) v.s. (1,11821542)
127th: bestScore=(1,12670200) v.s. (1,11877324)
128th: bestScore=(1,12670200) v.s. (1,11185611)
129th: bestScore=(1,12670200) v.s. (1,11536489)
130th: bestScore=(1,12670200) v.s. (1,11588355)
131th: bestScore=(1,12670200) v.s. (1,11820091)
132th: bestScore=(1,12670200) v.s. (1,12124946)
133th: bestScore=(1,12670200) v.s. (1,11622279)
134th: bestScore=(1,12670200) v.s. (1,11344308)
135th: bestScore=(1,12670200) v.s. (1,11468383)
136th: bestScore=(1,12670200) v.s. (1,11735354)
137th: bestScore=(1,12670200) v.s. (1,11503755)
138th: bestScore=(1,12670200) v.s. (1,12076366)
139th: bestScore=(1,12670200) v.s. (1,11021929)
140th: bestScore=(1,12670200) v.s. (1,11620884)
141th: bestScore=(1,12670200) v.s. (1,11271203)
142th: bestScore=(1,12670200) v.s. (1,11401922)
143th: bestScore=(1,12670200) v.s. (1,11309649)
144th: bestScore=(1,12670200) v.s. (1,12196419)
145th: bestScore=(1,12670200) v.s. (1,12010591)
146th: bestScore=(1,12670200) v.s. (1,10946824)
147th: bestScore=(1,12670200) v.s. (1,11678542)
148th: bestScore=(1,12670200) v.s. (1,11227886)
149th: bestScore=(1,12670200) v.s. (1,11491170)
150th: bestScore=(1,12670200) v.s. (1,12220107)
151th: bestScore=(1,12670200) v.s. (1,11919255)
152th: bestScore=(1,12670200) v.s. (1,11131538)
153th: bestScore=(1,12670200) v.s. (1,11421931)
154th: bestScore=(1,12670200) v.s. (1,10870269)
155th: bestScore=(1,12670200) v.s. (1,11656452)
156th: bestScore=(1,12670200) v.s. (1,11028633)
157th: bestScore=(1,12670200) v.s. (1,11404690)
158th: bestScore=(1,12670200) v.s. (1,12095797)
159th: bestScore=(1,12670200) v.s. (1,11252234)
160th: bestScore=(1,12670200) v.s. (1,11326850)
161th: bestScore=(1,12670200) v.s. (1,12076799)
162th: bestScore=(1,12670200) v.s. (1,11512509)
163th: bestScore=(1,12670200) v.s. (1,11851998)
164th: bestScore=(1,12670200) v.s. (1,11053595)
165th: bestScore=(1,12670200) v.s. (1,11202530)
166th: bestScore=(1,12670200) v.s. (1,12504646)
167th: bestScore=(1,12670200) v.s. (1,10873528)
168th: bestScore=(1,12670200) v.s. (1,11754782)
169th: bestScore=(1,12670200) v.s. (1,12813428)
170th: bestScore=(1,12813428) v.s. (1,10995830)
171th: bestScore=(1,12813428) v.s. (1,11662846)
172th: bestScore=(1,12813428) v.s. (1,11629042)
173th: bestScore=(1,12813428) v.s. (1,11080635)
174th: bestScore=(1,12813428) v.s. (1,11688917)
175th: bestScore=(1,12813428) v.s. (1,12043194)
176th: bestScore=(1,12813428) v.s. (1,11196620)
177th: bestScore=(1,12813428) v.s. (1,12764140)
178th: bestScore=(1,12813428) v.s. (1,11434057)
179th: bestScore=(1,12813428) v.s. (1,11751468)
180th: bestScore=(1,12813428) v.s. (1,10874322)
181th: bestScore=(1,12813428) v.s. (1,11426342)
182th: bestScore=(1,12813428) v.s. (1,11711816)
183th: bestScore=(1,12813428) v.s. (1,11130876)
184th: bestScore=(1,12813428) v.s. (1,11367179)
185th: bestScore=(1,12813428) v.s. (1,11736904)
186th: bestScore=(1,12813428) v.s. (1,11792466)
187th: bestScore=(1,12813428) v.s. (1,11441074)
188th: bestScore=(1,12813428) v.s. (1,11622386)
189th: bestScore=(1,12813428) v.s. (1,11266690)
190th: bestScore=(1,12813428) v.s. (1,11635343)
191th: bestScore=(1,12813428) v.s. (1,11312092)
192th: bestScore=(1,12813428) v.s. (1,11880226)
193th: bestScore=(1,12813428) v.s. (1,11098490)
194th: bestScore=(1,12813428) v.s. (1,11135840)
195th: bestScore=(1,12813428) v.s. (1,11778604)
196th: bestScore=(1,12813428) v.s. (1,11524650)
197th: bestScore=(1,12813428) v.s. (1,11688602)
198th: bestScore=(1,12813428) v.s. (1,11209451)
199th: bestScore=(1,12813428) v.s. (1,11406045)
score = (1,12813428)
