0th: bestScore=(0,-1) v.s. (1,51948820)
1th: bestScore=(1,51948820) v.s. (1,52211246)
2th: bestScore=(1,52211246) v.s. (1,51468932)
3th: bestScore=(1,52211246) v.s. (1,52823247)
4th: bestScore=(1,52823247) v.s. (1,48581702)
5th: bestScore=(1,52823247) v.s. (1,52024520)
6th: bestScore=(1,52823247) v.s. (1,57036664)
7th: bestScore=(1,57036664) v.s. (1,50625769)
8th: bestScore=(1,57036664) v.s. (1,51957517)
9th: bestScore=(1,57036664) v.s. (1,53470363)
10th: bestScore=(1,57036664) v.s. (1,52726945)
11th: bestScore=(1,57036664) v.s. (1,51565496)
12th: bestScore=(1,57036664) v.s. (1,49705456)
13th: bestScore=(1,57036664) v.s. (1,52940897)
14th: bestScore=(1,57036664) v.s. (1,54693623)
15th: bestScore=(1,57036664) v.s. (1,48790711)
16th: bestScore=(1,57036664) v.s. (1,49413421)
17th: bestScore=(1,57036664) v.s. (1,54444549)
18th: bestScore=(1,57036664) v.s. (1,48908594)
19th: bestScore=(1,57036664) v.s. (1,49451578)
20th: bestScore=(1,57036664) v.s. (1,50566308)
21th: bestScore=(1,57036664) v.s. (1,49750487)
22th: bestScore=(1,57036664) v.s. (1,53903203)
23th: bestScore=(1,57036664) v.s. (1,53137974)
24th: bestScore=(1,57036664) v.s. (1,52263652)
25th: bestScore=(1,57036664) v.s. (1,49889496)
26th: bestScore=(1,57036664) v.s. (1,51628025)
27th: bestScore=(1,57036664) v.s. (1,50498249)
28th: bestScore=(1,57036664) v.s. (1,48441154)
29th: bestScore=(1,57036664) v.s. (1,53894655)
30th: bestScore=(1,57036664) v.s. (1,50495778)
31th: bestScore=(1,57036664) v.s. (1,50734949)
32th: bestScore=(1,57036664) v.s. (1,51064969)
33th: bestScore=(1,57036664) v.s. (1,48593961)
34th: bestScore=(1,57036664) v.s. (1,50153625)
35th: bestScore=(1,57036664) v.s. (1,52202166)
36th: bestScore=(1,57036664) v.s. (1,53336896)
37th: bestScore=(1,57036664) v.s. (1,48826272)
38th: bestScore=(1,57036664) v.s. (1,51000525)
39th: bestScore=(1,57036664) v.s. (1,49512357)
40th: bestScore=(1,57036664) v.s. (1,52179969)
41th: bestScore=(1,57036664) v.s. (1,47047816)
42th: bestScore=(1,57036664) v.s. (1,53122593)
43th: bestScore=(1,57036664) v.s. (1,48080815)
44th: bestScore=(1,57036664) v.s. (1,47812198)
45th: bestScore=(1,57036664) v.s. (1,49681805)
46th: bestScore=(1,57036664) v.s. (1,50534440)
47th: bestScore=(1,57036664) v.s. (1,48129896)
48th: bestScore=(1,57036664) v.s. (1,49827025)
49th: bestScore=(1,57036664) v.s. (1,48313820)
50th: bestScore=(1,57036664) v.s. (1,47925942)
51th: bestScore=(1,57036664) v.s. (1,48506733)
52th: bestScore=(1,57036664) v.s. (1,51551313)
53th: bestScore=(1,57036664) v.s. (1,51360612)
54th: bestScore=(1,57036664) v.s. (1,47296149)
55th: bestScore=(1,57036664) v.s. (1,51054048)
56th: bestScore=(1,57036664) v.s. (1,53443490)
57th: bestScore=(1,57036664) v.s. (1,52493697)
58th: bestScore=(1,57036664) v.s. (1,51603891)
59th: bestScore=(1,57036664) v.s. (1,49617394)
60th: bestScore=(1,57036664) v.s. (1,51771982)
61th: bestScore=(1,57036664) v.s. (1,53959189)
62th: bestScore=(1,57036664) v.s. (1,53616809)
63th: bestScore=(1,57036664) v.s. (1,53685597)
64th: bestScore=(1,57036664) v.s. (1,52646742)
65th: bestScore=(1,57036664) v.s. (1,49906704)
66th: bestScore=(1,57036664) v.s. (1,52229054)
67th: bestScore=(1,57036664) v.s. (1,49591605)
68th: bestScore=(1,57036664) v.s. (1,49221284)
69th: bestScore=(1,57036664) v.s. (1,49932166)
70th: bestScore=(1,57036664) v.s. (1,50461823)
71th: bestScore=(1,57036664) v.s. (1,49543276)
72th: bestScore=(1,57036664) v.s. (1,54852031)
73th: bestScore=(1,57036664) v.s. (1,52116287)
74th: bestScore=(1,57036664) v.s. (1,52674643)
75th: bestScore=(1,57036664) v.s. (1,50658070)
76th: bestScore=(1,57036664) v.s. (1,48749727)
77th: bestScore=(1,57036664) v.s. (1,50243370)
78th: bestScore=(1,57036664) v.s. (1,56335212)
79th: bestScore=(1,57036664) v.s. (1,49979250)
80th: bestScore=(1,57036664) v.s. (1,50067494)
81th: bestScore=(1,57036664) v.s. (1,52461635)
82th: bestScore=(1,57036664) v.s. (1,49463251)
83th: bestScore=(1,57036664) v.s. (1,49304255)
84th: bestScore=(1,57036664) v.s. (1,51235543)
85th: bestScore=(1,57036664) v.s. (1,50985624)
86th: bestScore=(1,57036664) v.s. (1,49451634)
87th: bestScore=(1,57036664) v.s. (1,48957721)
88th: bestScore=(1,57036664) v.s. (1,47564078)
89th: bestScore=(1,57036664) v.s. (1,50525455)
90th: bestScore=(1,57036664) v.s. (1,51494014)
91th: bestScore=(1,57036664) v.s. (1,55079256)
92th: bestScore=(1,57036664) v.s. (1,48746508)
93th: bestScore=(1,57036664) v.s. (1,50027666)
94th: bestScore=(1,57036664) v.s. (1,47976054)
95th: bestScore=(1,57036664) v.s. (1,51533473)
96th: bestScore=(1,57036664) v.s. (1,50936504)
97th: bestScore=(1,57036664) v.s. (1,51032720)
98th: bestScore=(1,57036664) v.s. (1,50162141)
99th: bestScore=(1,57036664) v.s. (1,51146411)
100th: bestScore=(1,57036664) v.s. (1,51008242)
101th: bestScore=(1,57036664) v.s. (1,48582700)
102th: bestScore=(1,57036664) v.s. (1,49695414)
103th: bestScore=(1,57036664) v.s. (1,53104009)
104th: bestScore=(1,57036664) v.s. (1,49330027)
105th: bestScore=(1,57036664) v.s. (1,50954005)
106th: bestScore=(1,57036664) v.s. (1,56173938)
107th: bestScore=(1,57036664) v.s. (1,49314634)
108th: bestScore=(1,57036664) v.s. (1,50266840)
109th: bestScore=(1,57036664) v.s. (1,52325438)
110th: bestScore=(1,57036664) v.s. (1,55072962)
111th: bestScore=(1,57036664) v.s. (1,51436549)
112th: bestScore=(1,57036664) v.s. (1,54161188)
113th: bestScore=(1,57036664) v.s. (1,52064928)
114th: bestScore=(1,57036664) v.s. (1,53396911)
115th: bestScore=(1,57036664) v.s. (1,52377956)
116th: bestScore=(1,57036664) v.s. (1,49557836)
117th: bestScore=(1,57036664) v.s. (1,50283261)
118th: bestScore=(1,57036664) v.s. (1,51337533)
119th: bestScore=(1,57036664) v.s. (1,51689284)
120th: bestScore=(1,57036664) v.s. (1,52886195)
121th: bestScore=(1,57036664) v.s. (1,51980667)
122th: bestScore=(1,57036664) v.s. (1,49956351)
123th: bestScore=(1,57036664) v.s. (1,47911731)
124th: bestScore=(1,57036664) v.s. (1,52486190)
125th: bestScore=(1,57036664) v.s. (1,51204816)
126th: bestScore=(1,57036664) v.s. (1,52546991)
127th: bestScore=(1,57036664) v.s. (1,52513490)
128th: bestScore=(1,57036664) v.s. (1,52484844)
129th: bestScore=(1,57036664) v.s. (1,52782474)
130th: bestScore=(1,57036664) v.s. (1,50374943)
131th: bestScore=(1,57036664) v.s. (1,50955354)
132th: bestScore=(1,57036664) v.s. (1,52188498)
133th: bestScore=(1,57036664) v.s. (1,50529187)
134th: bestScore=(1,57036664) v.s. (1,50226653)
135th: bestScore=(1,57036664) v.s. (1,49396975)
136th: bestScore=(1,57036664) v.s. (1,55388226)
137th: bestScore=(1,57036664) v.s. (1,54912295)
138th: bestScore=(1,57036664) v.s. (1,51928882)
139th: bestScore=(1,57036664) v.s. (1,51701759)
140th: bestScore=(1,57036664) v.s. (1,53388110)
141th: bestScore=(1,57036664) v.s. (1,52910636)
142th: bestScore=(1,57036664) v.s. (1,51265410)
143th: bestScore=(1,57036664) v.s. (1,51833209)
144th: bestScore=(1,57036664) v.s. (1,51050937)
145th: bestScore=(1,57036664) v.s. (1,47755302)
146th: bestScore=(1,57036664) v.s. (1,49624349)
147th: bestScore=(1,57036664) v.s. (1,52868009)
148th: bestScore=(1,57036664) v.s. (1,51180509)
149th: bestScore=(1,57036664) v.s. (1,54673659)
150th: bestScore=(1,57036664) v.s. (1,55738304)
151th: bestScore=(1,57036664) v.s. (1,52153745)
152th: bestScore=(1,57036664) v.s. (1,51667171)
153th: bestScore=(1,57036664) v.s. (1,48829461)
154th: bestScore=(1,57036664) v.s. (1,49316302)
155th: bestScore=(1,57036664) v.s. (1,49214540)
156th: bestScore=(1,57036664) v.s. (1,50644343)
157th: bestScore=(1,57036664) v.s. (1,47901987)
158th: bestScore=(1,57036664) v.s. (1,52576294)
159th: bestScore=(1,57036664) v.s. (1,57298137)
160th: bestScore=(1,57298137) v.s. (1,50691967)
161th: bestScore=(1,57298137) v.s. (1,50407480)
162th: bestScore=(1,57298137) v.s. (1,49457987)
163th: bestScore=(1,57298137) v.s. (1,54627593)
164th: bestScore=(1,57298137) v.s. (1,50530004)
165th: bestScore=(1,57298137) v.s. (1,55118882)
166th: bestScore=(1,57298137) v.s. (1,53751191)
167th: bestScore=(1,57298137) v.s. (1,51370424)
168th: bestScore=(1,57298137) v.s. (1,51959154)
169th: bestScore=(1,57298137) v.s. (1,54345959)
170th: bestScore=(1,57298137) v.s. (1,48722161)
171th: bestScore=(1,57298137) v.s. (1,50118826)
172th: bestScore=(1,57298137) v.s. (1,53027649)
173th: bestScore=(1,57298137) v.s. (1,49409023)
174th: bestScore=(1,57298137) v.s. (1,50325078)
175th: bestScore=(1,57298137) v.s. (1,51340567)
176th: bestScore=(1,57298137) v.s. (1,52160439)
177th: bestScore=(1,57298137) v.s. (1,53886257)
178th: bestScore=(1,57298137) v.s. (1,55659566)
179th: bestScore=(1,57298137) v.s. (1,53242366)
180th: bestScore=(1,57298137) v.s. (1,52563357)
181th: bestScore=(1,57298137) v.s. (1,50500802)
182th: bestScore=(1,57298137) v.s. (1,50262056)
183th: bestScore=(1,57298137) v.s. (1,54712465)
184th: bestScore=(1,57298137) v.s. (1,50380646)
185th: bestScore=(1,57298137) v.s. (1,51656340)
186th: bestScore=(1,57298137) v.s. (1,47455732)
187th: bestScore=(1,57298137) v.s. (1,52633239)
188th: bestScore=(1,57298137) v.s. (1,52432353)
189th: bestScore=(1,57298137) v.s. (1,50632868)
190th: bestScore=(1,57298137) v.s. (1,52466067)
191th: bestScore=(1,57298137) v.s. (1,53432422)
192th: bestScore=(1,57298137) v.s. (1,54227523)
193th: bestScore=(1,57298137) v.s. (1,50110776)
194th: bestScore=(1,57298137) v.s. (1,54305249)
195th: bestScore=(1,57298137) v.s. (1,52198777)
196th: bestScore=(1,57298137) v.s. (1,53259587)
197th: bestScore=(1,57298137) v.s. (1,52383029)
198th: bestScore=(1,57298137) v.s. (1,51248175)
199th: bestScore=(1,57298137) v.s. (1,53974303)
score = (1,57298137)
