0th: bestScore=(0,-1) v.s. (1,44033925)
1th: bestScore=(1,44033925) v.s. (1,43113078)
2th: bestScore=(1,44033925) v.s. (1,44247875)
3th: bestScore=(1,44247875) v.s. (1,45703837)
4th: bestScore=(1,45703837) v.s. (1,44820766)
5th: bestScore=(1,45703837) v.s. (1,46091448)
6th: bestScore=(1,46091448) v.s. (1,44900516)
7th: bestScore=(1,46091448) v.s. (1,44892208)
8th: bestScore=(1,46091448) v.s. (1,44945198)
9th: bestScore=(1,46091448) v.s. (1,42951355)
10th: bestScore=(1,46091448) v.s. (1,45637780)
11th: bestScore=(1,46091448) v.s. (1,45696608)
12th: bestScore=(1,46091448) v.s. (1,45367632)
13th: bestScore=(1,46091448) v.s. (1,47801718)
14th: bestScore=(1,47801718) v.s. (1,44048125)
15th: bestScore=(1,47801718) v.s. (1,42895939)
16th: bestScore=(1,47801718) v.s. (1,47934522)
17th: bestScore=(1,47934522) v.s. (1,47083415)
18th: bestScore=(1,47934522) v.s. (1,44441242)
19th: bestScore=(1,47934522) v.s. (1,45584123)
20th: bestScore=(1,47934522) v.s. (1,43958128)
21th: bestScore=(1,47934522) v.s. (1,45687362)
22th: bestScore=(1,47934522) v.s. (1,44298494)
23th: bestScore=(1,47934522) v.s. (1,45330343)
24th: bestScore=(1,47934522) v.s. (1,46058609)
25th: bestScore=(1,47934522) v.s. (1,47272719)
26th: bestScore=(1,47934522) v.s. (1,46209053)
27th: bestScore=(1,47934522) v.s. (1,43921654)
28th: bestScore=(1,47934522) v.s. (1,46570171)
29th: bestScore=(1,47934522) v.s. (1,44636299)
30th: bestScore=(1,47934522) v.s. (1,46884077)
31th: bestScore=(1,47934522) v.s. (1,48198305)
32th: bestScore=(1,48198305) v.s. (1,45331984)
33th: bestScore=(1,48198305) v.s. (1,44725130)
34th: bestScore=(1,48198305) v.s. (1,45246188)
35th: bestScore=(1,48198305) v.s. (1,43575911)
36th: bestScore=(1,48198305) v.s. (1,45563569)
37th: bestScore=(1,48198305) v.s. (1,41361353)
38th: bestScore=(1,48198305) v.s. (1,45562173)
39th: bestScore=(1,48198305) v.s. (1,46416148)
40th: bestScore=(1,48198305) v.s. (1,46834380)
41th: bestScore=(1,48198305) v.s. (1,48119840)
42th: bestScore=(1,48198305) v.s. (1,43754564)
43th: bestScore=(1,48198305) v.s. (1,45826381)
44th: bestScore=(1,48198305) v.s. (1,44693157)
45th: bestScore=(1,48198305) v.s. (1,45112941)
46th: bestScore=(1,48198305) v.s. (1,45401220)
47th: bestScore=(1,48198305) v.s. (1,46758731)
48th: bestScore=(1,48198305) v.s. (1,45815973)
49th: bestScore=(1,48198305) v.s. (1,44271743)
50th: bestScore=(1,48198305) v.s. (1,44771401)
51th: bestScore=(1,48198305) v.s. (1,43899550)
52th: bestScore=(1,48198305) v.s. (1,45421392)
53th: bestScore=(1,48198305) v.s. (1,45468052)
54th: bestScore=(1,48198305) v.s. (1,44114387)
55th: bestScore=(1,48198305) v.s. (1,47967394)
56th: bestScore=(1,48198305) v.s. (1,44998313)
57th: bestScore=(1,48198305) v.s. (1,43505458)
58th: bestScore=(1,48198305) v.s. (1,46452536)
59th: bestScore=(1,48198305) v.s. (1,42558124)
60th: bestScore=(1,48198305) v.s. (1,46410461)
61th: bestScore=(1,48198305) v.s. (1,44741547)
62th: bestScore=(1,48198305) v.s. (1,43754802)
63th: bestScore=(1,48198305) v.s. (1,44645505)
64th: bestScore=(1,48198305) v.s. (1,44153622)
65th: bestScore=(1,48198305) v.s. (1,45320811)
66th: bestScore=(1,48198305) v.s. (1,47005344)
67th: bestScore=(1,48198305) v.s. (1,45322728)
68th: bestScore=(1,48198305) v.s. (1,46745962)
69th: bestScore=(1,48198305) v.s. (1,45081794)
70th: bestScore=(1,48198305) v.s. (1,43901001)
71th: bestScore=(1,48198305) v.s. (1,46654095)
72th: bestScore=(1,48198305) v.s. (1,46843849)
73th: bestScore=(1,48198305) v.s. (1,44047781)
74th: bestScore=(1,48198305) v.s. (1,48935501)
75th: bestScore=(1,48935501) v.s. (1,43257031)
76th: bestScore=(1,48935501) v.s. (1,44116387)
77th: bestScore=(1,48935501) v.s. (1,45407498)
78th: bestScore=(1,48935501) v.s. (1,44090305)
79th: bestScore=(1,48935501) v.s. (1,46643103)
80th: bestScore=(1,48935501) v.s. (1,43328209)
81th: bestScore=(1,48935501) v.s. (1,45497750)
82th: bestScore=(1,48935501) v.s. (1,44874037)
83th: bestScore=(1,48935501) v.s. (1,46244163)
84th: bestScore=(1,48935501) v.s. (1,45407800)
85th: bestScore=(1,48935501) v.s. (1,43719367)
86th: bestScore=(1,48935501) v.s. (1,44656524)
87th: bestScore=(1,48935501) v.s. (1,43744075)
88th: bestScore=(1,48935501) v.s. (1,45341181)
89th: bestScore=(1,48935501) v.s. (1,46290222)
90th: bestScore=(1,48935501) v.s. (1,49449942)
91th: bestScore=(1,49449942) v.s. (1,46521200)
92th: bestScore=(1,49449942) v.s. (1,47072879)
93th: bestScore=(1,49449942) v.s. (1,45935937)
94th: bestScore=(1,49449942) v.s. (1,44736885)
95th: bestScore=(1,49449942) v.s. (1,45056995)
96th: bestScore=(1,49449942) v.s. (1,46483010)
97th: bestScore=(1,49449942) v.s. (1,44151036)
98th: bestScore=(1,49449942) v.s. (1,46484072)
99th: bestScore=(1,49449942) v.s. (1,42049962)
100th: bestScore=(1,49449942) v.s. (1,44000964)
101th: bestScore=(1,49449942) v.s. (1,45775008)
102th: bestScore=(1,49449942) v.s. (1,45343073)
103th: bestScore=(1,49449942) v.s. (1,45473314)
104th: bestScore=(1,49449942) v.s. (1,43940263)
105th: bestScore=(1,49449942) v.s. (1,45840181)
106th: bestScore=(1,49449942) v.s. (1,44105623)
107th: bestScore=(1,49449942) v.s. (1,41564077)
108th: bestScore=(1,49449942) v.s. (1,44905114)
109th: bestScore=(1,49449942) v.s. (1,46070817)
110th: bestScore=(1,49449942) v.s. (1,44139166)
111th: bestScore=(1,49449942) v.s. (1,45939538)
112th: bestScore=(1,49449942) v.s. (1,45703327)
113th: bestScore=(1,49449942) v.s. (1,43008683)
114th: bestScore=(1,49449942) v.s. (1,43696611)
115th: bestScore=(1,49449942) v.s. (1,44668245)
116th: bestScore=(1,49449942) v.s. (1,45535714)
117th: bestScore=(1,49449942) v.s. (1,46382031)
118th: bestScore=(1,49449942) v.s. (1,45706466)
119th: bestScore=(1,49449942) v.s. (1,47198352)
120th: bestScore=(1,49449942) v.s. (1,47422064)
121th: bestScore=(1,49449942) v.s. (1,44398912)
122th: bestScore=(1,49449942) v.s. (1,43363384)
123th: bestScore=(1,49449942) v.s. (1,45418133)
124th: bestScore=(1,49449942) v.s. (1,46940355)
125th: bestScore=(1,49449942) v.s. (1,44004031)
126th: bestScore=(1,49449942) v.s. (1,42932660)
127th: bestScore=(1,49449942) v.s. (1,48612568)
128th: bestScore=(1,49449942) v.s. (1,46976344)
129th: bestScore=(1,49449942) v.s. (1,46437758)
130th: bestScore=(1,49449942) v.s. (1,48105375)
131th: bestScore=(1,49449942) v.s. (1,46132518)
132th: bestScore=(1,49449942) v.s. (1,45788929)
133th: bestScore=(1,49449942) v.s. (1,45755731)
134th: bestScore=(1,49449942) v.s. (1,44574456)
135th: bestScore=(1,49449942) v.s. (1,46666560)
136th: bestScore=(1,49449942) v.s. (1,49248421)
137th: bestScore=(1,49449942) v.s. (1,45550377)
138th: bestScore=(1,49449942) v.s. (1,45970930)
139th: bestScore=(1,49449942) v.s. (1,46714459)
140th: bestScore=(1,49449942) v.s. (1,47194560)
141th: bestScore=(1,49449942) v.s. (1,44873124)
142th: bestScore=(1,49449942) v.s. (1,44859023)
143th: bestScore=(1,49449942) v.s. (1,45462301)
144th: bestScore=(1,49449942) v.s. (1,45557288)
145th: bestScore=(1,49449942) v.s. (1,45122493)
146th: bestScore=(1,49449942) v.s. (1,45574668)
147th: bestScore=(1,49449942) v.s. (1,45750905)
148th: bestScore=(1,49449942) v.s. (1,43648160)
149th: bestScore=(1,49449942) v.s. (1,44852132)
150th: bestScore=(1,49449942) v.s. (1,46914527)
151th: bestScore=(1,49449942) v.s. (1,47539380)
152th: bestScore=(1,49449942) v.s. (1,44582065)
153th: bestScore=(1,49449942) v.s. (1,48067990)
154th: bestScore=(1,49449942) v.s. (1,45380665)
155th: bestScore=(1,49449942) v.s. (1,44332465)
156th: bestScore=(1,49449942) v.s. (1,43621804)
157th: bestScore=(1,49449942) v.s. (1,46517831)
158th: bestScore=(1,49449942) v.s. (1,46807460)
159th: bestScore=(1,49449942) v.s. (1,45262616)
160th: bestScore=(1,49449942) v.s. (1,45169288)
161th: bestScore=(1,49449942) v.s. (1,46558114)
162th: bestScore=(1,49449942) v.s. (1,45390617)
163th: bestScore=(1,49449942) v.s. (1,43739797)
164th: bestScore=(1,49449942) v.s. (1,43563200)
165th: bestScore=(1,49449942) v.s. (1,44280551)
166th: bestScore=(1,49449942) v.s. (1,46675553)
167th: bestScore=(1,49449942) v.s. (1,44870765)
168th: bestScore=(1,49449942) v.s. (1,44541600)
169th: bestScore=(1,49449942) v.s. (1,45336953)
170th: bestScore=(1,49449942) v.s. (1,42820708)
171th: bestScore=(1,49449942) v.s. (1,47945648)
172th: bestScore=(1,49449942) v.s. (1,46051865)
173th: bestScore=(1,49449942) v.s. (1,45496149)
174th: bestScore=(1,49449942) v.s. (1,43421900)
175th: bestScore=(1,49449942) v.s. (1,48648899)
176th: bestScore=(1,49449942) v.s. (1,48188915)
177th: bestScore=(1,49449942) v.s. (1,44737737)
178th: bestScore=(1,49449942) v.s. (1,46890382)
179th: bestScore=(1,49449942) v.s. (1,47679379)
180th: bestScore=(1,49449942) v.s. (1,43786708)
181th: bestScore=(1,49449942) v.s. (1,44404131)
182th: bestScore=(1,49449942) v.s. (1,44063409)
183th: bestScore=(1,49449942) v.s. (1,49689402)
184th: bestScore=(1,49689402) v.s. (1,47216179)
185th: bestScore=(1,49689402) v.s. (1,44585129)
186th: bestScore=(1,49689402) v.s. (1,43040431)
187th: bestScore=(1,49689402) v.s. (1,44139590)
188th: bestScore=(1,49689402) v.s. (1,45206773)
189th: bestScore=(1,49689402) v.s. (1,48982422)
190th: bestScore=(1,49689402) v.s. (1,44964313)
191th: bestScore=(1,49689402) v.s. (1,47066121)
192th: bestScore=(1,49689402) v.s. (1,48955093)
193th: bestScore=(1,49689402) v.s. (1,45441795)
194th: bestScore=(1,49689402) v.s. (1,46101570)
195th: bestScore=(1,49689402) v.s. (1,46808224)
196th: bestScore=(1,49689402) v.s. (1,49039386)
197th: bestScore=(1,49689402) v.s. (1,45462031)
198th: bestScore=(1,49689402) v.s. (1,44596698)
199th: bestScore=(1,49689402) v.s. (1,44711695)
score = (1,49689402)
