0th: bestScore=(0,-1) v.s. (1,21706818)
1th: bestScore=(1,21706818) v.s. (1,23310834)
2th: bestScore=(1,23310834) v.s. (1,22189896)
3th: bestScore=(1,23310834) v.s. (1,22017007)
4th: bestScore=(1,23310834) v.s. (1,23091967)
5th: bestScore=(1,23310834) v.s. (1,24033999)
6th: bestScore=(1,24033999) v.s. (1,22561546)
7th: bestScore=(1,24033999) v.s. (1,23275249)
8th: bestScore=(1,24033999) v.s. (1,22499165)
9th: bestScore=(1,24033999) v.s. (1,22289103)
10th: bestScore=(1,24033999) v.s. (1,23990464)
11th: bestScore=(1,24033999) v.s. (1,24508942)
12th: bestScore=(1,24508942) v.s. (1,26951564)
13th: bestScore=(1,26951564) v.s. (1,24755683)
14th: bestScore=(1,26951564) v.s. (1,22586344)
15th: bestScore=(1,26951564) v.s. (1,22095726)
16th: bestScore=(1,26951564) v.s. (1,24191271)
17th: bestScore=(1,26951564) v.s. (1,25412743)
18th: bestScore=(1,26951564) v.s. (1,21619749)
19th: bestScore=(1,26951564) v.s. (1,23099570)
20th: bestScore=(1,26951564) v.s. (1,24063154)
21th: bestScore=(1,26951564) v.s. (1,23307514)
22th: bestScore=(1,26951564) v.s. (1,25751178)
23th: bestScore=(1,26951564) v.s. (1,24176181)
24th: bestScore=(1,26951564) v.s. (1,22059355)
25th: bestScore=(1,26951564) v.s. (1,22070156)
26th: bestScore=(1,26951564) v.s. (1,21396443)
27th: bestScore=(1,26951564) v.s. (1,23096799)
28th: bestScore=(1,26951564) v.s. (1,22819177)
29th: bestScore=(1,26951564) v.s. (1,22184326)
30th: bestScore=(1,26951564) v.s. (1,24724285)
31th: bestScore=(1,26951564) v.s. (1,25844701)
32th: bestScore=(1,26951564) v.s. (1,22171371)
33th: bestScore=(1,26951564) v.s. (1,22157568)
34th: bestScore=(1,26951564) v.s. (1,24043076)
35th: bestScore=(1,26951564) v.s. (1,22609329)
36th: bestScore=(1,26951564) v.s. (1,23511185)
37th: bestScore=(1,26951564) v.s. (1,23054036)
38th: bestScore=(1,26951564) v.s. (1,24353898)
39th: bestScore=(1,26951564) v.s. (1,22128733)
40th: bestScore=(1,26951564) v.s. (1,20688188)
41th: bestScore=(1,26951564) v.s. (1,24768282)
42th: bestScore=(1,26951564) v.s. (1,21755031)
43th: bestScore=(1,26951564) v.s. (1,23958152)
44th: bestScore=(1,26951564) v.s. (1,22850319)
45th: bestScore=(1,26951564) v.s. (1,24146553)
46th: bestScore=(1,26951564) v.s. (1,23151144)
47th: bestScore=(1,26951564) v.s. (1,24677757)
48th: bestScore=(1,26951564) v.s. (1,21316624)
49th: bestScore=(1,26951564) v.s. (1,20823721)
50th: bestScore=(1,26951564) v.s. (1,23898743)
51th: bestScore=(1,26951564) v.s. (1,21086635)
52th: bestScore=(1,26951564) v.s. (1,24795662)
53th: bestScore=(1,26951564) v.s. (1,24537317)
54th: bestScore=(1,26951564) v.s. (1,24373386)
55th: bestScore=(1,26951564) v.s. (1,23525946)
56th: bestScore=(1,26951564) v.s. (1,23304764)
57th: bestScore=(1,26951564) v.s. (1,22492174)
58th: bestScore=(1,26951564) v.s. (1,21772885)
59th: bestScore=(1,26951564) v.s. (1,22989596)
60th: bestScore=(1,26951564) v.s. (1,26263571)
61th: bestScore=(1,26951564) v.s. (1,23988945)
62th: bestScore=(1,26951564) v.s. (1,22064331)
63th: bestScore=(1,26951564) v.s. (1,24782314)
64th: bestScore=(1,26951564) v.s. (1,22469618)
65th: bestScore=(1,26951564) v.s. (1,22374614)
66th: bestScore=(1,26951564) v.s. (1,24259871)
67th: bestScore=(1,26951564) v.s. (1,21200929)
68th: bestScore=(1,26951564) v.s. (1,23594258)
69th: bestScore=(1,26951564) v.s. (1,22117250)
70th: bestScore=(1,26951564) v.s. (1,21859632)
71th: bestScore=(1,26951564) v.s. (1,23246495)
72th: bestScore=(1,26951564) v.s. (1,22851557)
73th: bestScore=(1,26951564) v.s. (1,23214293)
74th: bestScore=(1,26951564) v.s. (1,22188435)
75th: bestScore=(1,26951564) v.s. (1,25486487)
76th: bestScore=(1,26951564) v.s. (1,24134179)
77th: bestScore=(1,26951564) v.s. (1,27019963)
78th: bestScore=(1,27019963) v.s. (1,23456361)
79th: bestScore=(1,27019963) v.s. (1,22802849)
80th: bestScore=(1,27019963) v.s. (1,20573137)
81th: bestScore=(1,27019963) v.s. (1,21993239)
82th: bestScore=(1,27019963) v.s. (1,23327276)
83th: bestScore=(1,27019963) v.s. (1,22874332)
84th: bestScore=(1,27019963) v.s. (1,21395267)
85th: bestScore=(1,27019963) v.s. (1,24146473)
86th: bestScore=(1,27019963) v.s. (1,22113487)
87th: bestScore=(1,27019963) v.s. (1,23131590)
88th: bestScore=(1,27019963) v.s. (1,23664975)
89th: bestScore=(1,27019963) v.s. (1,20392838)
90th: bestScore=(1,27019963) v.s. (1,22886221)
91th: bestScore=(1,27019963) v.s. (1,23386905)
92th: bestScore=(1,27019963) v.s. (1,24480553)
93th: bestScore=(1,27019963) v.s. (1,21801635)
94th: bestScore=(1,27019963) v.s. (1,23632806)
95th: bestScore=(1,27019963) v.s. (1,22620094)
96th: bestScore=(1,27019963) v.s. (1,22370031)
97th: bestScore=(1,27019963) v.s. (1,23246877)
98th: bestScore=(1,27019963) v.s. (1,22908476)
99th: bestScore=(1,27019963) v.s. (1,22616344)
100th: bestScore=(1,27019963) v.s. (1,22257792)
101th: bestScore=(1,27019963) v.s. (1,22135778)
102th: bestScore=(1,27019963) v.s. (1,22611465)
103th: bestScore=(1,27019963) v.s. (1,21085933)
104th: bestScore=(1,27019963) v.s. (1,22085622)
105th: bestScore=(1,27019963) v.s. (1,25933164)
106th: bestScore=(1,27019963) v.s. (1,21761015)
107th: bestScore=(1,27019963) v.s. (1,21863416)
108th: bestScore=(1,27019963) v.s. (1,25073957)
109th: bestScore=(1,27019963) v.s. (1,22478582)
110th: bestScore=(1,27019963) v.s. (1,22600625)
111th: bestScore=(1,27019963) v.s. (1,24167076)
112th: bestScore=(1,27019963) v.s. (1,26335754)
113th: bestScore=(1,27019963) v.s. (1,23308958)
114th: bestScore=(1,27019963) v.s. (1,24766969)
115th: bestScore=(1,27019963) v.s. (1,23029038)
116th: bestScore=(1,27019963) v.s. (1,25284869)
117th: bestScore=(1,27019963) v.s. (1,23918360)
118th: bestScore=(1,27019963) v.s. (1,23336795)
119th: bestScore=(1,27019963) v.s. (1,23515891)
120th: bestScore=(1,27019963) v.s. (1,23386979)
121th: bestScore=(1,27019963) v.s. (1,20203056)
122th: bestScore=(1,27019963) v.s. (1,22312026)
123th: bestScore=(1,27019963) v.s. (1,23803076)
124th: bestScore=(1,27019963) v.s. (1,21151353)
125th: bestScore=(1,27019963) v.s. (1,24731653)
126th: bestScore=(1,27019963) v.s. (1,22380428)
127th: bestScore=(1,27019963) v.s. (1,23493708)
128th: bestScore=(1,27019963) v.s. (1,25591860)
129th: bestScore=(1,27019963) v.s. (1,22258670)
130th: bestScore=(1,27019963) v.s. (1,20649278)
131th: bestScore=(1,27019963) v.s. (1,22623034)
132th: bestScore=(1,27019963) v.s. (1,23151680)
133th: bestScore=(1,27019963) v.s. (1,23317933)
134th: bestScore=(1,27019963) v.s. (1,24158637)
135th: bestScore=(1,27019963) v.s. (1,25124194)
136th: bestScore=(1,27019963) v.s. (1,25577557)
137th: bestScore=(1,27019963) v.s. (1,23992898)
138th: bestScore=(1,27019963) v.s. (1,23077574)
139th: bestScore=(1,27019963) v.s. (1,21430427)
140th: bestScore=(1,27019963) v.s. (1,21984046)
141th: bestScore=(1,27019963) v.s. (1,21230800)
142th: bestScore=(1,27019963) v.s. (1,24495321)
143th: bestScore=(1,27019963) v.s. (1,24661235)
144th: bestScore=(1,27019963) v.s. (1,25336444)
145th: bestScore=(1,27019963) v.s. (1,22452275)
146th: bestScore=(1,27019963) v.s. (1,22424967)
147th: bestScore=(1,27019963) v.s. (1,21646708)
148th: bestScore=(1,27019963) v.s. (1,23734453)
149th: bestScore=(1,27019963) v.s. (1,24010673)
150th: bestScore=(1,27019963) v.s. (1,24453372)
151th: bestScore=(1,27019963) v.s. (1,19903008)
152th: bestScore=(1,27019963) v.s. (1,23550431)
153th: bestScore=(1,27019963) v.s. (1,21059470)
154th: bestScore=(1,27019963) v.s. (1,24813158)
155th: bestScore=(1,27019963) v.s. (1,22338865)
156th: bestScore=(1,27019963) v.s. (1,24434900)
157th: bestScore=(1,27019963) v.s. (1,21245303)
158th: bestScore=(1,27019963) v.s. (1,20652391)
159th: bestScore=(1,27019963) v.s. (1,22082823)
160th: bestScore=(1,27019963) v.s. (1,26636973)
161th: bestScore=(1,27019963) v.s. (1,22122845)
162th: bestScore=(1,27019963) v.s. (1,22768993)
163th: bestScore=(1,27019963) v.s. (1,22578769)
164th: bestScore=(1,27019963) v.s. (1,21869850)
165th: bestScore=(1,27019963) v.s. (1,21659750)
166th: bestScore=(1,27019963) v.s. (1,21969532)
167th: bestScore=(1,27019963) v.s. (1,25087563)
168th: bestScore=(1,27019963) v.s. (1,23484923)
169th: bestScore=(1,27019963) v.s. (1,24662044)
170th: bestScore=(1,27019963) v.s. (1,21670205)
171th: bestScore=(1,27019963) v.s. (1,23197012)
172th: bestScore=(1,27019963) v.s. (1,22822196)
173th: bestScore=(1,27019963) v.s. (1,21813211)
174th: bestScore=(1,27019963) v.s. (1,21125288)
175th: bestScore=(1,27019963) v.s. (1,22360936)
176th: bestScore=(1,27019963) v.s. (1,24932838)
177th: bestScore=(1,27019963) v.s. (1,23810749)
178th: bestScore=(1,27019963) v.s. (1,25264849)
179th: bestScore=(1,27019963) v.s. (1,23462244)
180th: bestScore=(1,27019963) v.s. (1,20296998)
181th: bestScore=(1,27019963) v.s. (1,26744767)
182th: bestScore=(1,27019963) v.s. (1,21197815)
183th: bestScore=(1,27019963) v.s. (1,21654543)
184th: bestScore=(1,27019963) v.s. (1,20572431)
185th: bestScore=(1,27019963) v.s. (1,22520787)
186th: bestScore=(1,27019963) v.s. (1,25098663)
187th: bestScore=(1,27019963) v.s. (1,23826503)
188th: bestScore=(1,27019963) v.s. (1,20852970)
189th: bestScore=(1,27019963) v.s. (1,23021832)
190th: bestScore=(1,27019963) v.s. (1,24643412)
191th: bestScore=(1,27019963) v.s. (1,22916068)
192th: bestScore=(1,27019963) v.s. (1,23291201)
193th: bestScore=(1,27019963) v.s. (1,21815006)
194th: bestScore=(1,27019963) v.s. (1,22638602)
195th: bestScore=(1,27019963) v.s. (1,22707296)
196th: bestScore=(1,27019963) v.s. (1,23552213)
197th: bestScore=(1,27019963) v.s. (1,21970731)
198th: bestScore=(1,27019963) v.s. (1,22151787)
199th: bestScore=(1,27019963) v.s. (1,23218953)
score = (1,27019963)
