0th: bestScore=(0,-1) v.s. (1,6685555)
1th: bestScore=(1,6685555) v.s. (1,7719560)
2th: bestScore=(1,7719560) v.s. (1,6319604)
3th: bestScore=(1,7719560) v.s. (1,6418700)
4th: bestScore=(1,7719560) v.s. (1,6539273)
5th: bestScore=(1,7719560) v.s. (1,6456377)
6th: bestScore=(1,7719560) v.s. (1,7828649)
7th: bestScore=(1,7828649) v.s. (1,7324637)
8th: bestScore=(1,7828649) v.s. (1,7454164)
9th: bestScore=(1,7828649) v.s. (1,7142733)
10th: bestScore=(1,7828649) v.s. (1,6892787)
11th: bestScore=(1,7828649) v.s. (1,6955358)
12th: bestScore=(1,7828649) v.s. (1,6464811)
13th: bestScore=(1,7828649) v.s. (1,7282028)
14th: bestScore=(1,7828649) v.s. (1,5772937)
15th: bestScore=(1,7828649) v.s. (1,7245444)
16th: bestScore=(1,7828649) v.s. (1,6649341)
17th: bestScore=(1,7828649) v.s. (1,6456869)
18th: bestScore=(1,7828649) v.s. (1,6001246)
19th: bestScore=(1,7828649) v.s. (1,7095103)
20th: bestScore=(1,7828649) v.s. (1,6751895)
21th: bestScore=(1,7828649) v.s. (1,7297178)
22th: bestScore=(1,7828649) v.s. (1,5986902)
23th: bestScore=(1,7828649) v.s. (1,6204067)
24th: bestScore=(1,7828649) v.s. (1,6979025)
25th: bestScore=(1,7828649) v.s. (1,6149254)
26th: bestScore=(1,7828649) v.s. (1,7315326)
27th: bestScore=(1,7828649) v.s. (1,6538294)
28th: bestScore=(1,7828649) v.s. (1,7475835)
29th: bestScore=(1,7828649) v.s. (1,6399264)
30th: bestScore=(1,7828649) v.s. (1,7329662)
31th: bestScore=(1,7828649) v.s. (1,6232780)
32th: bestScore=(1,7828649) v.s. (1,6847389)
33th: bestScore=(1,7828649) v.s. (1,6913867)
34th: bestScore=(1,7828649) v.s. (1,7663720)
35th: bestScore=(1,7828649) v.s. (1,7605251)
36th: bestScore=(1,7828649) v.s. (1,6819780)
37th: bestScore=(1,7828649) v.s. (1,8517337)
38th: bestScore=(1,8517337) v.s. (1,6789883)
39th: bestScore=(1,8517337) v.s. (1,6566517)
40th: bestScore=(1,8517337) v.s. (1,6461552)
41th: bestScore=(1,8517337) v.s. (1,6796902)
42th: bestScore=(1,8517337) v.s. (1,7118328)
43th: bestScore=(1,8517337) v.s. (1,6796298)
44th: bestScore=(1,8517337) v.s. (1,6232889)
45th: bestScore=(1,8517337) v.s. (1,7079561)
46th: bestScore=(1,8517337) v.s. (1,6814518)
47th: bestScore=(1,8517337) v.s. (1,6806390)
48th: bestScore=(1,8517337) v.s. (1,6900836)
49th: bestScore=(1,8517337) v.s. (1,6262629)
50th: bestScore=(1,8517337) v.s. (1,7306190)
51th: bestScore=(1,8517337) v.s. (1,6907574)
52th: bestScore=(1,8517337) v.s. (1,7029667)
53th: bestScore=(1,8517337) v.s. (1,7012014)
54th: bestScore=(1,8517337) v.s. (1,6191175)
55th: bestScore=(1,8517337) v.s. (1,7277940)
56th: bestScore=(1,8517337) v.s. (1,7747021)
57th: bestScore=(1,8517337) v.s. (1,7624411)
58th: bestScore=(1,8517337) v.s. (1,6915343)
59th: bestScore=(1,8517337) v.s. (1,6594567)
60th: bestScore=(1,8517337) v.s. (1,6550850)
61th: bestScore=(1,8517337) v.s. (1,7000976)
62th: bestScore=(1,8517337) v.s. (1,6679920)
63th: bestScore=(1,8517337) v.s. (1,6947302)
64th: bestScore=(1,8517337) v.s. (1,6984578)
65th: bestScore=(1,8517337) v.s. (1,6436057)
66th: bestScore=(1,8517337) v.s. (1,7217268)
67th: bestScore=(1,8517337) v.s. (1,6268433)
68th: bestScore=(1,8517337) v.s. (1,6828454)
69th: bestScore=(1,8517337) v.s. (1,6392098)
70th: bestScore=(1,8517337) v.s. (1,5650174)
71th: bestScore=(1,8517337) v.s. (1,6345961)
72th: bestScore=(1,8517337) v.s. (1,6510328)
73th: bestScore=(1,8517337) v.s. (1,6161672)
74th: bestScore=(1,8517337) v.s. (1,6127976)
75th: bestScore=(1,8517337) v.s. (1,5722813)
76th: bestScore=(1,8517337) v.s. (1,5787481)
77th: bestScore=(1,8517337) v.s. (1,6730187)
78th: bestScore=(1,8517337) v.s. (1,6070727)
79th: bestScore=(1,8517337) v.s. (1,6608412)
80th: bestScore=(1,8517337) v.s. (1,6578815)
81th: bestScore=(1,8517337) v.s. (1,6295840)
82th: bestScore=(1,8517337) v.s. (1,6547993)
83th: bestScore=(1,8517337) v.s. (1,5996336)
84th: bestScore=(1,8517337) v.s. (1,6713046)
85th: bestScore=(1,8517337) v.s. (1,6590699)
86th: bestScore=(1,8517337) v.s. (1,6151541)
87th: bestScore=(1,8517337) v.s. (1,6112707)
88th: bestScore=(1,8517337) v.s. (1,6826832)
89th: bestScore=(1,8517337) v.s. (1,6977070)
90th: bestScore=(1,8517337) v.s. (1,7066820)
91th: bestScore=(1,8517337) v.s. (1,7030615)
92th: bestScore=(1,8517337) v.s. (1,7393083)
93th: bestScore=(1,8517337) v.s. (1,6512931)
94th: bestScore=(1,8517337) v.s. (1,7246097)
95th: bestScore=(1,8517337) v.s. (1,6338702)
96th: bestScore=(1,8517337) v.s. (1,7880196)
97th: bestScore=(1,8517337) v.s. (1,6343072)
98th: bestScore=(1,8517337) v.s. (1,5749097)
99th: bestScore=(1,8517337) v.s. (1,6962658)
100th: bestScore=(1,8517337) v.s. (1,6479935)
101th: bestScore=(1,8517337) v.s. (1,6908877)
102th: bestScore=(1,8517337) v.s. (1,6699097)
103th: bestScore=(1,8517337) v.s. (1,7042398)
104th: bestScore=(1,8517337) v.s. (1,6677805)
105th: bestScore=(1,8517337) v.s. (1,6114465)
106th: bestScore=(1,8517337) v.s. (1,6315882)
107th: bestScore=(1,8517337) v.s. (1,7210503)
108th: bestScore=(1,8517337) v.s. (1,6512952)
109th: bestScore=(1,8517337) v.s. (1,5914506)
110th: bestScore=(1,8517337) v.s. (1,7076593)
111th: bestScore=(1,8517337) v.s. (1,6581540)
112th: bestScore=(1,8517337) v.s. (1,6970998)
113th: bestScore=(1,8517337) v.s. (1,6286560)
114th: bestScore=(1,8517337) v.s. (1,6623956)
115th: bestScore=(1,8517337) v.s. (1,6841105)
116th: bestScore=(1,8517337) v.s. (1,7100839)
117th: bestScore=(1,8517337) v.s. (1,6274641)
118th: bestScore=(1,8517337) v.s. (1,5933328)
119th: bestScore=(1,8517337) v.s. (1,6530758)
120th: bestScore=(1,8517337) v.s. (1,7154924)
121th: bestScore=(1,8517337) v.s. (1,7064004)
122th: bestScore=(1,8517337) v.s. (1,6816493)
123th: bestScore=(1,8517337) v.s. (1,6037127)
124th: bestScore=(1,8517337) v.s. (1,6925949)
125th: bestScore=(1,8517337) v.s. (1,6750431)
126th: bestScore=(1,8517337) v.s. (1,6387315)
127th: bestScore=(1,8517337) v.s. (1,6768310)
128th: bestScore=(1,8517337) v.s. (1,6575934)
129th: bestScore=(1,8517337) v.s. (1,7404299)
130th: bestScore=(1,8517337) v.s. (1,7280556)
131th: bestScore=(1,8517337) v.s. (1,7034978)
132th: bestScore=(1,8517337) v.s. (1,7374292)
133th: bestScore=(1,8517337) v.s. (1,6308111)
134th: bestScore=(1,8517337) v.s. (1,7415942)
135th: bestScore=(1,8517337) v.s. (1,6515641)
136th: bestScore=(1,8517337) v.s. (1,5981388)
137th: bestScore=(1,8517337) v.s. (1,6946158)
138th: bestScore=(1,8517337) v.s. (1,6881806)
139th: bestScore=(1,8517337) v.s. (1,6511335)
140th: bestScore=(1,8517337) v.s. (1,6248503)
141th: bestScore=(1,8517337) v.s. (1,6532005)
142th: bestScore=(1,8517337) v.s. (1,6621338)
143th: bestScore=(1,8517337) v.s. (1,6929082)
144th: bestScore=(1,8517337) v.s. (1,6198453)
145th: bestScore=(1,8517337) v.s. (1,6864114)
146th: bestScore=(1,8517337) v.s. (1,6392159)
147th: bestScore=(1,8517337) v.s. (1,7294750)
148th: bestScore=(1,8517337) v.s. (1,6458774)
149th: bestScore=(1,8517337) v.s. (1,7279756)
150th: bestScore=(1,8517337) v.s. (1,6617927)
151th: bestScore=(1,8517337) v.s. (1,6967918)
152th: bestScore=(1,8517337) v.s. (1,6798167)
153th: bestScore=(1,8517337) v.s. (1,6130755)
154th: bestScore=(1,8517337) v.s. (1,6297662)
155th: bestScore=(1,8517337) v.s. (1,6061388)
156th: bestScore=(1,8517337) v.s. (1,7208727)
157th: bestScore=(1,8517337) v.s. (1,6948253)
158th: bestScore=(1,8517337) v.s. (1,6318632)
159th: bestScore=(1,8517337) v.s. (1,6564135)
160th: bestScore=(1,8517337) v.s. (1,7291006)
161th: bestScore=(1,8517337) v.s. (1,7471155)
162th: bestScore=(1,8517337) v.s. (1,6368650)
163th: bestScore=(1,8517337) v.s. (1,6208312)
164th: bestScore=(1,8517337) v.s. (1,6543766)
165th: bestScore=(1,8517337) v.s. (1,6339565)
166th: bestScore=(1,8517337) v.s. (1,7270153)
167th: bestScore=(1,8517337) v.s. (1,6267544)
168th: bestScore=(1,8517337) v.s. (1,6788791)
169th: bestScore=(1,8517337) v.s. (1,5902755)
170th: bestScore=(1,8517337) v.s. (1,6324256)
171th: bestScore=(1,8517337) v.s. (1,7055300)
172th: bestScore=(1,8517337) v.s. (1,6780981)
173th: bestScore=(1,8517337) v.s. (1,6257483)
174th: bestScore=(1,8517337) v.s. (1,6001311)
175th: bestScore=(1,8517337) v.s. (1,6680978)
176th: bestScore=(1,8517337) v.s. (1,6942535)
177th: bestScore=(1,8517337) v.s. (1,7019496)
178th: bestScore=(1,8517337) v.s. (1,6763881)
179th: bestScore=(1,8517337) v.s. (1,7591792)
180th: bestScore=(1,8517337) v.s. (1,6362229)
181th: bestScore=(1,8517337) v.s. (1,7030325)
182th: bestScore=(1,8517337) v.s. (1,6552685)
183th: bestScore=(1,8517337) v.s. (1,6975235)
184th: bestScore=(1,8517337) v.s. (1,6474389)
185th: bestScore=(1,8517337) v.s. (1,7042404)
186th: bestScore=(1,8517337) v.s. (1,5897289)
187th: bestScore=(1,8517337) v.s. (1,7493890)
188th: bestScore=(1,8517337) v.s. (1,6976140)
189th: bestScore=(1,8517337) v.s. (1,7038404)
190th: bestScore=(1,8517337) v.s. (1,6651289)
191th: bestScore=(1,8517337) v.s. (1,7695846)
192th: bestScore=(1,8517337) v.s. (1,6345915)
193th: bestScore=(1,8517337) v.s. (1,6635151)
194th: bestScore=(1,8517337) v.s. (1,7603801)
195th: bestScore=(1,8517337) v.s. (1,6721967)
196th: bestScore=(1,8517337) v.s. (1,8161923)
197th: bestScore=(1,8517337) v.s. (1,6865496)
198th: bestScore=(1,8517337) v.s. (1,6196144)
199th: bestScore=(1,8517337) v.s. (1,7867524)
score = (1,8517337)
