0th: bestScore=(0,-1) v.s. (1,22465622)
1th: bestScore=(1,22465622) v.s. (1,21012232)
2th: bestScore=(1,22465622) v.s. (1,22103124)
3th: bestScore=(1,22465622) v.s. (1,23301036)
4th: bestScore=(1,23301036) v.s. (1,21982971)
5th: bestScore=(1,23301036) v.s. (1,21780458)
6th: bestScore=(1,23301036) v.s. (1,22423532)
7th: bestScore=(1,23301036) v.s. (1,20267520)
8th: bestScore=(1,23301036) v.s. (1,22182737)
9th: bestScore=(1,23301036) v.s. (1,23036621)
10th: bestScore=(1,23301036) v.s. (1,20825781)
11th: bestScore=(1,23301036) v.s. (1,22158535)
12th: bestScore=(1,23301036) v.s. (1,21485899)
13th: bestScore=(1,23301036) v.s. (1,22607000)
14th: bestScore=(1,23301036) v.s. (1,23140618)
15th: bestScore=(1,23301036) v.s. (1,23865157)
16th: bestScore=(1,23865157) v.s. (1,21932650)
17th: bestScore=(1,23865157) v.s. (1,23854417)
18th: bestScore=(1,23865157) v.s. (1,22666962)
19th: bestScore=(1,23865157) v.s. (1,23842781)
20th: bestScore=(1,23865157) v.s. (1,23073538)
21th: bestScore=(1,23865157) v.s. (1,22640558)
22th: bestScore=(1,23865157) v.s. (1,22459426)
23th: bestScore=(1,23865157) v.s. (1,23943127)
24th: bestScore=(1,23943127) v.s. (1,24413043)
25th: bestScore=(1,24413043) v.s. (1,21903666)
26th: bestScore=(1,24413043) v.s. (1,22968203)
27th: bestScore=(1,24413043) v.s. (1,20745476)
28th: bestScore=(1,24413043) v.s. (1,22236438)
29th: bestScore=(1,24413043) v.s. (1,22176103)
30th: bestScore=(1,24413043) v.s. (1,23908995)
31th: bestScore=(1,24413043) v.s. (1,23214967)
32th: bestScore=(1,24413043) v.s. (1,21548264)
33th: bestScore=(1,24413043) v.s. (1,23111331)
34th: bestScore=(1,24413043) v.s. (1,22386463)
35th: bestScore=(1,24413043) v.s. (1,22942478)
36th: bestScore=(1,24413043) v.s. (1,22700633)
37th: bestScore=(1,24413043) v.s. (1,22157207)
38th: bestScore=(1,24413043) v.s. (1,21122380)
39th: bestScore=(1,24413043) v.s. (1,21751421)
40th: bestScore=(1,24413043) v.s. (1,22114125)
41th: bestScore=(1,24413043) v.s. (1,21584853)
42th: bestScore=(1,24413043) v.s. (1,22215748)
43th: bestScore=(1,24413043) v.s. (1,23959414)
44th: bestScore=(1,24413043) v.s. (1,21131665)
45th: bestScore=(1,24413043) v.s. (1,21193428)
46th: bestScore=(1,24413043) v.s. (1,21857559)
47th: bestScore=(1,24413043) v.s. (1,21546978)
48th: bestScore=(1,24413043) v.s. (1,23104214)
49th: bestScore=(1,24413043) v.s. (1,21851584)
50th: bestScore=(1,24413043) v.s. (1,23606147)
51th: bestScore=(1,24413043) v.s. (1,21951555)
52th: bestScore=(1,24413043) v.s. (1,20669068)
53th: bestScore=(1,24413043) v.s. (1,23698974)
54th: bestScore=(1,24413043) v.s. (1,20793270)
55th: bestScore=(1,24413043) v.s. (1,22015301)
56th: bestScore=(1,24413043) v.s. (1,22401243)
57th: bestScore=(1,24413043) v.s. (1,23800967)
58th: bestScore=(1,24413043) v.s. (1,23373833)
59th: bestScore=(1,24413043) v.s. (1,22106212)
60th: bestScore=(1,24413043) v.s. (1,23231802)
61th: bestScore=(1,24413043) v.s. (1,21327608)
62th: bestScore=(1,24413043) v.s. (1,23032466)
63th: bestScore=(1,24413043) v.s. (1,21565969)
64th: bestScore=(1,24413043) v.s. (1,21159772)
65th: bestScore=(1,24413043) v.s. (1,21338266)
66th: bestScore=(1,24413043) v.s. (1,22233132)
67th: bestScore=(1,24413043) v.s. (1,22481480)
68th: bestScore=(1,24413043) v.s. (1,21410992)
69th: bestScore=(1,24413043) v.s. (1,22747690)
70th: bestScore=(1,24413043) v.s. (1,21703586)
71th: bestScore=(1,24413043) v.s. (1,23304361)
72th: bestScore=(1,24413043) v.s. (1,21375793)
73th: bestScore=(1,24413043) v.s. (1,21896446)
74th: bestScore=(1,24413043) v.s. (1,22248731)
75th: bestScore=(1,24413043) v.s. (1,22798582)
76th: bestScore=(1,24413043) v.s. (1,22261357)
77th: bestScore=(1,24413043) v.s. (1,23070327)
78th: bestScore=(1,24413043) v.s. (1,20863347)
79th: bestScore=(1,24413043) v.s. (1,21878967)
80th: bestScore=(1,24413043) v.s. (1,22234853)
81th: bestScore=(1,24413043) v.s. (1,24017263)
82th: bestScore=(1,24413043) v.s. (1,23452286)
83th: bestScore=(1,24413043) v.s. (1,21244367)
84th: bestScore=(1,24413043) v.s. (1,22575042)
85th: bestScore=(1,24413043) v.s. (1,21352337)
86th: bestScore=(1,24413043) v.s. (1,22296519)
87th: bestScore=(1,24413043) v.s. (1,20469874)
88th: bestScore=(1,24413043) v.s. (1,21864528)
89th: bestScore=(1,24413043) v.s. (1,22138486)
90th: bestScore=(1,24413043) v.s. (1,22399281)
91th: bestScore=(1,24413043) v.s. (1,19942636)
92th: bestScore=(1,24413043) v.s. (1,22034196)
93th: bestScore=(1,24413043) v.s. (1,22613741)
94th: bestScore=(1,24413043) v.s. (1,21670524)
95th: bestScore=(1,24413043) v.s. (1,23791711)
96th: bestScore=(1,24413043) v.s. (1,22640317)
97th: bestScore=(1,24413043) v.s. (1,22388008)
98th: bestScore=(1,24413043) v.s. (1,22084798)
99th: bestScore=(1,24413043) v.s. (1,20008160)
100th: bestScore=(1,24413043) v.s. (1,22013279)
101th: bestScore=(1,24413043) v.s. (1,21918517)
102th: bestScore=(1,24413043) v.s. (1,20358060)
103th: bestScore=(1,24413043) v.s. (1,22118067)
104th: bestScore=(1,24413043) v.s. (1,21331148)
105th: bestScore=(1,24413043) v.s. (1,21242315)
106th: bestScore=(1,24413043) v.s. (1,22829049)
107th: bestScore=(1,24413043) v.s. (1,22288172)
108th: bestScore=(1,24413043) v.s. (1,22010643)
109th: bestScore=(1,24413043) v.s. (1,23684029)
110th: bestScore=(1,24413043) v.s. (1,23166282)
111th: bestScore=(1,24413043) v.s. (1,24105361)
112th: bestScore=(1,24413043) v.s. (1,22910364)
113th: bestScore=(1,24413043) v.s. (1,20421179)
114th: bestScore=(1,24413043) v.s. (1,22882219)
115th: bestScore=(1,24413043) v.s. (1,21461465)
116th: bestScore=(1,24413043) v.s. (1,21697316)
117th: bestScore=(1,24413043) v.s. (1,21128344)
118th: bestScore=(1,24413043) v.s. (1,21355798)
119th: bestScore=(1,24413043) v.s. (1,21262943)
120th: bestScore=(1,24413043) v.s. (1,22620898)
121th: bestScore=(1,24413043) v.s. (1,22505079)
122th: bestScore=(1,24413043) v.s. (1,23475157)
123th: bestScore=(1,24413043) v.s. (1,22147049)
124th: bestScore=(1,24413043) v.s. (1,21240566)
125th: bestScore=(1,24413043) v.s. (1,21713276)
126th: bestScore=(1,24413043) v.s. (1,22561720)
127th: bestScore=(1,24413043) v.s. (1,24425142)
128th: bestScore=(1,24425142) v.s. (1,22782796)
129th: bestScore=(1,24425142) v.s. (1,22689990)
130th: bestScore=(1,24425142) v.s. (1,21329087)
131th: bestScore=(1,24425142) v.s. (1,22306788)
132th: bestScore=(1,24425142) v.s. (1,21115478)
133th: bestScore=(1,24425142) v.s. (1,22781256)
134th: bestScore=(1,24425142) v.s. (1,21198664)
135th: bestScore=(1,24425142) v.s. (1,21279417)
136th: bestScore=(1,24425142) v.s. (1,21780837)
137th: bestScore=(1,24425142) v.s. (1,23794435)
138th: bestScore=(1,24425142) v.s. (1,21915726)
139th: bestScore=(1,24425142) v.s. (1,22559512)
140th: bestScore=(1,24425142) v.s. (1,21532792)
141th: bestScore=(1,24425142) v.s. (1,22041742)
142th: bestScore=(1,24425142) v.s. (1,20784335)
143th: bestScore=(1,24425142) v.s. (1,22856280)
144th: bestScore=(1,24425142) v.s. (1,20651414)
145th: bestScore=(1,24425142) v.s. (1,23093103)
146th: bestScore=(1,24425142) v.s. (1,21830721)
147th: bestScore=(1,24425142) v.s. (1,22197403)
148th: bestScore=(1,24425142) v.s. (1,22114891)
149th: bestScore=(1,24425142) v.s. (1,22356701)
150th: bestScore=(1,24425142) v.s. (1,22723969)
151th: bestScore=(1,24425142) v.s. (1,20874424)
152th: bestScore=(1,24425142) v.s. (1,21313006)
153th: bestScore=(1,24425142) v.s. (1,21789294)
154th: bestScore=(1,24425142) v.s. (1,20668271)
155th: bestScore=(1,24425142) v.s. (1,21611312)
156th: bestScore=(1,24425142) v.s. (1,24007038)
157th: bestScore=(1,24425142) v.s. (1,21845428)
158th: bestScore=(1,24425142) v.s. (1,22183878)
159th: bestScore=(1,24425142) v.s. (1,20907991)
160th: bestScore=(1,24425142) v.s. (1,21444958)
161th: bestScore=(1,24425142) v.s. (1,21179346)
162th: bestScore=(1,24425142) v.s. (1,23756863)
163th: bestScore=(1,24425142) v.s. (1,23802940)
164th: bestScore=(1,24425142) v.s. (1,21345994)
165th: bestScore=(1,24425142) v.s. (1,21801673)
166th: bestScore=(1,24425142) v.s. (1,22668179)
167th: bestScore=(1,24425142) v.s. (1,22968941)
168th: bestScore=(1,24425142) v.s. (1,21177623)
169th: bestScore=(1,24425142) v.s. (1,23424984)
170th: bestScore=(1,24425142) v.s. (1,22786006)
171th: bestScore=(1,24425142) v.s. (1,24160207)
172th: bestScore=(1,24425142) v.s. (1,20747796)
173th: bestScore=(1,24425142) v.s. (1,23930999)
174th: bestScore=(1,24425142) v.s. (1,22831811)
175th: bestScore=(1,24425142) v.s. (1,21028985)
176th: bestScore=(1,24425142) v.s. (1,22752831)
177th: bestScore=(1,24425142) v.s. (1,21985252)
178th: bestScore=(1,24425142) v.s. (1,22987018)
179th: bestScore=(1,24425142) v.s. (1,22613964)
180th: bestScore=(1,24425142) v.s. (1,22142706)
181th: bestScore=(1,24425142) v.s. (1,22346852)
182th: bestScore=(1,24425142) v.s. (1,21368822)
183th: bestScore=(1,24425142) v.s. (1,20967759)
184th: bestScore=(1,24425142) v.s. (1,23755707)
185th: bestScore=(1,24425142) v.s. (1,21630726)
186th: bestScore=(1,24425142) v.s. (1,23325856)
187th: bestScore=(1,24425142) v.s. (1,22269953)
188th: bestScore=(1,24425142) v.s. (1,21887833)
189th: bestScore=(1,24425142) v.s. (1,23289976)
190th: bestScore=(1,24425142) v.s. (1,21000377)
191th: bestScore=(1,24425142) v.s. (1,23124075)
192th: bestScore=(1,24425142) v.s. (1,22010807)
193th: bestScore=(1,24425142) v.s. (1,21906297)
194th: bestScore=(1,24425142) v.s. (1,22271924)
195th: bestScore=(1,24425142) v.s. (1,20873959)
196th: bestScore=(1,24425142) v.s. (1,23858454)
197th: bestScore=(1,24425142) v.s. (1,21995885)
198th: bestScore=(1,24425142) v.s. (1,22089433)
199th: bestScore=(1,24425142) v.s. (1,22272552)
score = (1,24425142)
