0th: bestScore=(0,-1) v.s. (1,38852762)
1th: bestScore=(1,38852762) v.s. (1,35128280)
2th: bestScore=(1,38852762) v.s. (1,36626657)
3th: bestScore=(1,38852762) v.s. (1,43365552)
4th: bestScore=(1,43365552) v.s. (1,34691087)
5th: bestScore=(1,43365552) v.s. (1,47032122)
6th: bestScore=(1,47032122) v.s. (1,39350566)
7th: bestScore=(1,47032122) v.s. (1,34268705)
8th: bestScore=(1,47032122) v.s. (1,34477431)
9th: bestScore=(1,47032122) v.s. (1,37143662)
10th: bestScore=(1,47032122) v.s. (1,37492737)
11th: bestScore=(1,47032122) v.s. (1,36555779)
12th: bestScore=(1,47032122) v.s. (1,34933060)
13th: bestScore=(1,47032122) v.s. (1,37353928)
14th: bestScore=(1,47032122) v.s. (1,35246722)
15th: bestScore=(1,47032122) v.s. (1,39483311)
16th: bestScore=(1,47032122) v.s. (1,35671139)
17th: bestScore=(1,47032122) v.s. (1,38883078)
18th: bestScore=(1,47032122) v.s. (1,36964315)
19th: bestScore=(1,47032122) v.s. (1,40185503)
20th: bestScore=(1,47032122) v.s. (1,34801062)
21th: bestScore=(1,47032122) v.s. (1,35388947)
22th: bestScore=(1,47032122) v.s. (1,35543004)
23th: bestScore=(1,47032122) v.s. (1,37785236)
24th: bestScore=(1,47032122) v.s. (1,37297226)
25th: bestScore=(1,47032122) v.s. (1,36249728)
26th: bestScore=(1,47032122) v.s. (1,40183400)
27th: bestScore=(1,47032122) v.s. (1,35391961)
28th: bestScore=(1,47032122) v.s. (1,37974214)
29th: bestScore=(1,47032122) v.s. (1,39233443)
30th: bestScore=(1,47032122) v.s. (1,40552369)
31th: bestScore=(1,47032122) v.s. (1,36792983)
32th: bestScore=(1,47032122) v.s. (1,36136046)
33th: bestScore=(1,47032122) v.s. (1,36421190)
34th: bestScore=(1,47032122) v.s. (1,34120395)
35th: bestScore=(1,47032122) v.s. (1,35336147)
36th: bestScore=(1,47032122) v.s. (1,37174364)
37th: bestScore=(1,47032122) v.s. (1,38771934)
38th: bestScore=(1,47032122) v.s. (1,36474794)
39th: bestScore=(1,47032122) v.s. (1,34844051)
40th: bestScore=(1,47032122) v.s. (1,42268815)
41th: bestScore=(1,47032122) v.s. (1,40224181)
42th: bestScore=(1,47032122) v.s. (1,42790846)
43th: bestScore=(1,47032122) v.s. (1,35613896)
44th: bestScore=(1,47032122) v.s. (1,37165173)
45th: bestScore=(1,47032122) v.s. (1,35551764)
46th: bestScore=(1,47032122) v.s. (1,35496790)
47th: bestScore=(1,47032122) v.s. (1,36717927)
48th: bestScore=(1,47032122) v.s. (1,36926966)
49th: bestScore=(1,47032122) v.s. (1,36471407)
50th: bestScore=(1,47032122) v.s. (1,42817915)
51th: bestScore=(1,47032122) v.s. (1,35573893)
52th: bestScore=(1,47032122) v.s. (1,39683327)
53th: bestScore=(1,47032122) v.s. (1,34230001)
54th: bestScore=(1,47032122) v.s. (1,36197692)
55th: bestScore=(1,47032122) v.s. (1,35953318)
56th: bestScore=(1,47032122) v.s. (1,40093482)
57th: bestScore=(1,47032122) v.s. (1,38918172)
58th: bestScore=(1,47032122) v.s. (1,37368459)
59th: bestScore=(1,47032122) v.s. (1,37905687)
60th: bestScore=(1,47032122) v.s. (1,37217739)
61th: bestScore=(1,47032122) v.s. (1,39788020)
62th: bestScore=(1,47032122) v.s. (1,36533865)
63th: bestScore=(1,47032122) v.s. (1,36490192)
64th: bestScore=(1,47032122) v.s. (1,34971829)
65th: bestScore=(1,47032122) v.s. (1,33787151)
66th: bestScore=(1,47032122) v.s. (1,34535017)
67th: bestScore=(1,47032122) v.s. (1,42581201)
68th: bestScore=(1,47032122) v.s. (1,35530729)
69th: bestScore=(1,47032122) v.s. (1,40976731)
70th: bestScore=(1,47032122) v.s. (1,38278480)
71th: bestScore=(1,47032122) v.s. (1,36826095)
72th: bestScore=(1,47032122) v.s. (1,38058473)
73th: bestScore=(1,47032122) v.s. (1,33637109)
74th: bestScore=(1,47032122) v.s. (1,35039170)
75th: bestScore=(1,47032122) v.s. (1,34803820)
76th: bestScore=(1,47032122) v.s. (1,35902974)
77th: bestScore=(1,47032122) v.s. (1,40671453)
78th: bestScore=(1,47032122) v.s. (1,36500495)
79th: bestScore=(1,47032122) v.s. (1,34710808)
80th: bestScore=(1,47032122) v.s. (1,36922546)
81th: bestScore=(1,47032122) v.s. (1,36346928)
82th: bestScore=(1,47032122) v.s. (1,39351767)
83th: bestScore=(1,47032122) v.s. (1,36619020)
84th: bestScore=(1,47032122) v.s. (1,39393535)
85th: bestScore=(1,47032122) v.s. (1,35848967)
86th: bestScore=(1,47032122) v.s. (1,36263580)
87th: bestScore=(1,47032122) v.s. (1,38474037)
88th: bestScore=(1,47032122) v.s. (1,35287317)
89th: bestScore=(1,47032122) v.s. (1,35496122)
90th: bestScore=(1,47032122) v.s. (1,36627068)
91th: bestScore=(1,47032122) v.s. (1,37306486)
92th: bestScore=(1,47032122) v.s. (1,38643939)
93th: bestScore=(1,47032122) v.s. (1,38790098)
94th: bestScore=(1,47032122) v.s. (1,38146832)
95th: bestScore=(1,47032122) v.s. (1,39076138)
96th: bestScore=(1,47032122) v.s. (1,36168261)
97th: bestScore=(1,47032122) v.s. (1,35139931)
98th: bestScore=(1,47032122) v.s. (1,37546170)
99th: bestScore=(1,47032122) v.s. (1,36833851)
100th: bestScore=(1,47032122) v.s. (1,36487771)
101th: bestScore=(1,47032122) v.s. (1,37241988)
102th: bestScore=(1,47032122) v.s. (1,38054887)
103th: bestScore=(1,47032122) v.s. (1,38195028)
104th: bestScore=(1,47032122) v.s. (1,33412053)
105th: bestScore=(1,47032122) v.s. (1,36423389)
106th: bestScore=(1,47032122) v.s. (1,35769366)
107th: bestScore=(1,47032122) v.s. (1,37865670)
108th: bestScore=(1,47032122) v.s. (1,34929209)
109th: bestScore=(1,47032122) v.s. (1,36846695)
110th: bestScore=(1,47032122) v.s. (1,37723339)
111th: bestScore=(1,47032122) v.s. (1,35260626)
112th: bestScore=(1,47032122) v.s. (1,35534237)
113th: bestScore=(1,47032122) v.s. (1,35821169)
114th: bestScore=(1,47032122) v.s. (1,35597745)
115th: bestScore=(1,47032122) v.s. (1,39288186)
116th: bestScore=(1,47032122) v.s. (1,34911728)
117th: bestScore=(1,47032122) v.s. (1,34546408)
118th: bestScore=(1,47032122) v.s. (1,36595636)
119th: bestScore=(1,47032122) v.s. (1,34828099)
120th: bestScore=(1,47032122) v.s. (1,35288576)
121th: bestScore=(1,47032122) v.s. (1,35270406)
122th: bestScore=(1,47032122) v.s. (1,38543195)
123th: bestScore=(1,47032122) v.s. (1,41415111)
124th: bestScore=(1,47032122) v.s. (1,38798690)
125th: bestScore=(1,47032122) v.s. (1,35341255)
126th: bestScore=(1,47032122) v.s. (1,36738700)
127th: bestScore=(1,47032122) v.s. (1,36932834)
128th: bestScore=(1,47032122) v.s. (1,36822298)
129th: bestScore=(1,47032122) v.s. (1,36168384)
130th: bestScore=(1,47032122) v.s. (1,34398598)
131th: bestScore=(1,47032122) v.s. (1,35476935)
132th: bestScore=(1,47032122) v.s. (1,34587041)
133th: bestScore=(1,47032122) v.s. (1,33891576)
134th: bestScore=(1,47032122) v.s. (1,38942818)
135th: bestScore=(1,47032122) v.s. (1,41151720)
136th: bestScore=(1,47032122) v.s. (1,36242043)
137th: bestScore=(1,47032122) v.s. (1,39058107)
138th: bestScore=(1,47032122) v.s. (1,35125179)
139th: bestScore=(1,47032122) v.s. (1,35388687)
140th: bestScore=(1,47032122) v.s. (1,43984626)
141th: bestScore=(1,47032122) v.s. (1,33398196)
142th: bestScore=(1,47032122) v.s. (1,36699680)
143th: bestScore=(1,47032122) v.s. (1,35648652)
144th: bestScore=(1,47032122) v.s. (1,37245026)
145th: bestScore=(1,47032122) v.s. (1,39620815)
146th: bestScore=(1,47032122) v.s. (1,41253853)
147th: bestScore=(1,47032122) v.s. (1,34073011)
148th: bestScore=(1,47032122) v.s. (1,38251390)
149th: bestScore=(1,47032122) v.s. (1,37832404)
150th: bestScore=(1,47032122) v.s. (1,34208804)
151th: bestScore=(1,47032122) v.s. (1,38708946)
152th: bestScore=(1,47032122) v.s. (1,35295651)
153th: bestScore=(1,47032122) v.s. (1,35048817)
154th: bestScore=(1,47032122) v.s. (1,38034467)
155th: bestScore=(1,47032122) v.s. (1,40098854)
156th: bestScore=(1,47032122) v.s. (1,34735851)
157th: bestScore=(1,47032122) v.s. (1,43371105)
158th: bestScore=(1,47032122) v.s. (1,37266085)
159th: bestScore=(1,47032122) v.s. (1,37740465)
160th: bestScore=(1,47032122) v.s. (1,37422276)
161th: bestScore=(1,47032122) v.s. (1,34861548)
162th: bestScore=(1,47032122) v.s. (1,38123843)
163th: bestScore=(1,47032122) v.s. (1,34184655)
164th: bestScore=(1,47032122) v.s. (1,35786570)
165th: bestScore=(1,47032122) v.s. (1,36536033)
166th: bestScore=(1,47032122) v.s. (1,35375673)
167th: bestScore=(1,47032122) v.s. (1,36661385)
168th: bestScore=(1,47032122) v.s. (1,38099739)
169th: bestScore=(1,47032122) v.s. (1,35006160)
170th: bestScore=(1,47032122) v.s. (1,36047667)
171th: bestScore=(1,47032122) v.s. (1,38121231)
172th: bestScore=(1,47032122) v.s. (1,34675653)
173th: bestScore=(1,47032122) v.s. (1,35935037)
174th: bestScore=(1,47032122) v.s. (1,37509006)
175th: bestScore=(1,47032122) v.s. (1,38724122)
176th: bestScore=(1,47032122) v.s. (1,37442996)
177th: bestScore=(1,47032122) v.s. (1,37526054)
178th: bestScore=(1,47032122) v.s. (1,38391555)
179th: bestScore=(1,47032122) v.s. (1,38183374)
180th: bestScore=(1,47032122) v.s. (1,34967517)
181th: bestScore=(1,47032122) v.s. (1,41367906)
182th: bestScore=(1,47032122) v.s. (1,35811192)
183th: bestScore=(1,47032122) v.s. (1,33887531)
184th: bestScore=(1,47032122) v.s. (1,40998879)
185th: bestScore=(1,47032122) v.s. (1,37061489)
186th: bestScore=(1,47032122) v.s. (1,36187009)
187th: bestScore=(1,47032122) v.s. (1,38003807)
188th: bestScore=(1,47032122) v.s. (1,37303759)
189th: bestScore=(1,47032122) v.s. (1,35467434)
190th: bestScore=(1,47032122) v.s. (1,34865836)
191th: bestScore=(1,47032122) v.s. (1,38841524)
192th: bestScore=(1,47032122) v.s. (1,38056285)
193th: bestScore=(1,47032122) v.s. (1,38440918)
194th: bestScore=(1,47032122) v.s. (1,37604657)
195th: bestScore=(1,47032122) v.s. (1,39424903)
196th: bestScore=(1,47032122) v.s. (1,34955098)
197th: bestScore=(1,47032122) v.s. (1,33947576)
198th: bestScore=(1,47032122) v.s. (1,42004339)
199th: bestScore=(1,47032122) v.s. (1,34782761)
score = (1,47032122)
