0th: bestScore=(0,-1) v.s. (1,3037558)
1th: bestScore=(1,3037558) v.s. (1,2718926)
2th: bestScore=(1,3037558) v.s. (1,2870881)
3th: bestScore=(1,3037558) v.s. (1,3611948)
4th: bestScore=(1,3611948) v.s. (1,3183969)
5th: bestScore=(1,3611948) v.s. (1,2747237)
6th: bestScore=(1,3611948) v.s. (1,3268280)
7th: bestScore=(1,3611948) v.s. (1,3212257)
8th: bestScore=(1,3611948) v.s. (1,4023860)
9th: bestScore=(1,4023860) v.s. (1,3972239)
10th: bestScore=(1,4023860) v.s. (1,3096242)
11th: bestScore=(1,4023860) v.s. (1,3347271)
12th: bestScore=(1,4023860) v.s. (1,3260597)
13th: bestScore=(1,4023860) v.s. (1,2952051)
14th: bestScore=(1,4023860) v.s. (1,4504484)
15th: bestScore=(1,4504484) v.s. (1,3685504)
16th: bestScore=(1,4504484) v.s. (1,4464712)
17th: bestScore=(1,4504484) v.s. (1,3666513)
18th: bestScore=(1,4504484) v.s. (1,2952497)
19th: bestScore=(1,4504484) v.s. (1,2783201)
20th: bestScore=(1,4504484) v.s. (1,3288288)
21th: bestScore=(1,4504484) v.s. (1,2407753)
22th: bestScore=(1,4504484) v.s. (1,2164956)
23th: bestScore=(1,4504484) v.s. (1,4451283)
24th: bestScore=(1,4504484) v.s. (1,2594642)
25th: bestScore=(1,4504484) v.s. (1,4597321)
26th: bestScore=(1,4597321) v.s. (1,2674169)
27th: bestScore=(1,4597321) v.s. (1,3076330)
28th: bestScore=(1,4597321) v.s. (1,2733404)
29th: bestScore=(1,4597321) v.s. (1,3697008)
30th: bestScore=(1,4597321) v.s. (1,4456618)
31th: bestScore=(1,4597321) v.s. (1,2864304)
32th: bestScore=(1,4597321) v.s. (1,3987174)
33th: bestScore=(1,4597321) v.s. (1,2308941)
34th: bestScore=(1,4597321) v.s. (1,3380625)
35th: bestScore=(1,4597321) v.s. (1,4264166)
36th: bestScore=(1,4597321) v.s. (1,1908431)
37th: bestScore=(1,4597321) v.s. (1,3126606)
38th: bestScore=(1,4597321) v.s. (1,4034390)
39th: bestScore=(1,4597321) v.s. (1,3771016)
40th: bestScore=(1,4597321) v.s. (1,3961612)
41th: bestScore=(1,4597321) v.s. (1,3664056)
42th: bestScore=(1,4597321) v.s. (1,3494242)
43th: bestScore=(1,4597321) v.s. (1,4438406)
44th: bestScore=(1,4597321) v.s. (1,3543982)
45th: bestScore=(1,4597321) v.s. (1,2230238)
46th: bestScore=(1,4597321) v.s. (1,3133652)
47th: bestScore=(1,4597321) v.s. (1,4211375)
48th: bestScore=(1,4597321) v.s. (1,3121593)
49th: bestScore=(1,4597321) v.s. (1,3307778)
50th: bestScore=(1,4597321) v.s. (1,3919012)
51th: bestScore=(1,4597321) v.s. (1,2560991)
52th: bestScore=(1,4597321) v.s. (1,3770014)
53th: bestScore=(1,4597321) v.s. (1,2521226)
54th: bestScore=(1,4597321) v.s. (1,2079671)
55th: bestScore=(1,4597321) v.s. (1,3043805)
56th: bestScore=(1,4597321) v.s. (1,2446379)
57th: bestScore=(1,4597321) v.s. (1,2930015)
58th: bestScore=(1,4597321) v.s. (1,3672386)
59th: bestScore=(1,4597321) v.s. (1,4279953)
60th: bestScore=(1,4597321) v.s. (1,2843152)
61th: bestScore=(1,4597321) v.s. (1,3685145)
62th: bestScore=(1,4597321) v.s. (1,3642138)
63th: bestScore=(1,4597321) v.s. (1,3785297)
64th: bestScore=(1,4597321) v.s. (1,4137058)
65th: bestScore=(1,4597321) v.s. (1,4072199)
66th: bestScore=(1,4597321) v.s. (1,4014049)
67th: bestScore=(1,4597321) v.s. (1,2960718)
68th: bestScore=(1,4597321) v.s. (1,4019695)
69th: bestScore=(1,4597321) v.s. (1,3308528)
70th: bestScore=(1,4597321) v.s. (1,3324555)
71th: bestScore=(1,4597321) v.s. (1,2879056)
72th: bestScore=(1,4597321) v.s. (1,2624111)
73th: bestScore=(1,4597321) v.s. (1,2379620)
74th: bestScore=(1,4597321) v.s. (1,2776613)
75th: bestScore=(1,4597321) v.s. (1,2821240)
76th: bestScore=(1,4597321) v.s. (1,3655894)
77th: bestScore=(1,4597321) v.s. (1,3502286)
78th: bestScore=(1,4597321) v.s. (1,4086252)
79th: bestScore=(1,4597321) v.s. (1,3604027)
80th: bestScore=(1,4597321) v.s. (1,3544288)
81th: bestScore=(1,4597321) v.s. (1,3584830)
82th: bestScore=(1,4597321) v.s. (1,3152218)
83th: bestScore=(1,4597321) v.s. (1,3942043)
84th: bestScore=(1,4597321) v.s. (1,4411802)
85th: bestScore=(1,4597321) v.s. (1,4054642)
86th: bestScore=(1,4597321) v.s. (1,3629135)
87th: bestScore=(1,4597321) v.s. (1,3331355)
88th: bestScore=(1,4597321) v.s. (1,3351992)
89th: bestScore=(1,4597321) v.s. (1,3702797)
90th: bestScore=(1,4597321) v.s. (1,3213642)
91th: bestScore=(1,4597321) v.s. (1,3094052)
92th: bestScore=(1,4597321) v.s. (1,4917293)
93th: bestScore=(1,4917293) v.s. (1,4326957)
94th: bestScore=(1,4917293) v.s. (1,3581167)
95th: bestScore=(1,4917293) v.s. (1,2650607)
96th: bestScore=(1,4917293) v.s. (1,3656403)
97th: bestScore=(1,4917293) v.s. (1,4798366)
98th: bestScore=(1,4917293) v.s. (1,3660665)
99th: bestScore=(1,4917293) v.s. (1,3415284)
100th: bestScore=(1,4917293) v.s. (1,3417470)
101th: bestScore=(1,4917293) v.s. (1,3764664)
102th: bestScore=(1,4917293) v.s. (1,2525381)
103th: bestScore=(1,4917293) v.s. (1,3283556)
104th: bestScore=(1,4917293) v.s. (1,2979848)
105th: bestScore=(1,4917293) v.s. (1,3118526)
106th: bestScore=(1,4917293) v.s. (1,3150715)
107th: bestScore=(1,4917293) v.s. (1,3093927)
108th: bestScore=(1,4917293) v.s. (1,2863740)
109th: bestScore=(1,4917293) v.s. (1,4586898)
110th: bestScore=(1,4917293) v.s. (1,4577098)
111th: bestScore=(1,4917293) v.s. (1,3655817)
112th: bestScore=(1,4917293) v.s. (1,3082836)
113th: bestScore=(1,4917293) v.s. (1,4483312)
114th: bestScore=(1,4917293) v.s. (1,3966401)
115th: bestScore=(1,4917293) v.s. (1,3253176)
116th: bestScore=(1,4917293) v.s. (1,3074119)
117th: bestScore=(1,4917293) v.s. (1,3431438)
118th: bestScore=(1,4917293) v.s. (1,3547660)
119th: bestScore=(1,4917293) v.s. (1,2849792)
120th: bestScore=(1,4917293) v.s. (1,3176364)
121th: bestScore=(1,4917293) v.s. (1,2700649)
122th: bestScore=(1,4917293) v.s. (1,3220747)
123th: bestScore=(1,4917293) v.s. (1,4674299)
124th: bestScore=(1,4917293) v.s. (1,2854487)
125th: bestScore=(1,4917293) v.s. (1,2950520)
126th: bestScore=(1,4917293) v.s. (1,2828441)
127th: bestScore=(1,4917293) v.s. (1,2056476)
128th: bestScore=(1,4917293) v.s. (1,3549501)
129th: bestScore=(1,4917293) v.s. (1,4312387)
130th: bestScore=(1,4917293) v.s. (1,3928366)
131th: bestScore=(1,4917293) v.s. (1,2713079)
132th: bestScore=(1,4917293) v.s. (1,3493514)
133th: bestScore=(1,4917293) v.s. (1,2740921)
134th: bestScore=(1,4917293) v.s. (1,3210899)
135th: bestScore=(1,4917293) v.s. (1,3394161)
136th: bestScore=(1,4917293) v.s. (1,3654500)
137th: bestScore=(1,4917293) v.s. (1,4094399)
138th: bestScore=(1,4917293) v.s. (1,3392375)
139th: bestScore=(1,4917293) v.s. (1,2629294)
140th: bestScore=(1,4917293) v.s. (1,2932049)
141th: bestScore=(1,4917293) v.s. (1,4248912)
142th: bestScore=(1,4917293) v.s. (1,3119523)
143th: bestScore=(1,4917293) v.s. (1,3456628)
144th: bestScore=(1,4917293) v.s. (1,3297521)
145th: bestScore=(1,4917293) v.s. (1,3531902)
146th: bestScore=(1,4917293) v.s. (1,3752306)
147th: bestScore=(1,4917293) v.s. (1,2828705)
148th: bestScore=(1,4917293) v.s. (1,4115073)
149th: bestScore=(1,4917293) v.s. (1,3185300)
150th: bestScore=(1,4917293) v.s. (1,3928429)
151th: bestScore=(1,4917293) v.s. (1,3849131)
152th: bestScore=(1,4917293) v.s. (1,2710259)
153th: bestScore=(1,4917293) v.s. (1,3402284)
154th: bestScore=(1,4917293) v.s. (1,2477899)
155th: bestScore=(1,4917293) v.s. (1,4224056)
156th: bestScore=(1,4917293) v.s. (1,3387863)
157th: bestScore=(1,4917293) v.s. (1,3951297)
158th: bestScore=(1,4917293) v.s. (1,3555949)
159th: bestScore=(1,4917293) v.s. (1,3660752)
160th: bestScore=(1,4917293) v.s. (1,2964461)
161th: bestScore=(1,4917293) v.s. (1,2807562)
162th: bestScore=(1,4917293) v.s. (1,3075492)
163th: bestScore=(1,4917293) v.s. (1,3049311)
164th: bestScore=(1,4917293) v.s. (1,3920419)
165th: bestScore=(1,4917293) v.s. (1,3845922)
166th: bestScore=(1,4917293) v.s. (1,3864065)
167th: bestScore=(1,4917293) v.s. (1,2902010)
168th: bestScore=(1,4917293) v.s. (1,3513047)
169th: bestScore=(1,4917293) v.s. (1,3502914)
170th: bestScore=(1,4917293) v.s. (1,3594533)
171th: bestScore=(1,4917293) v.s. (1,4018023)
172th: bestScore=(1,4917293) v.s. (1,3319764)
173th: bestScore=(1,4917293) v.s. (1,3172228)
174th: bestScore=(1,4917293) v.s. (1,3186001)
175th: bestScore=(1,4917293) v.s. (1,3478641)
176th: bestScore=(1,4917293) v.s. (1,2728481)
177th: bestScore=(1,4917293) v.s. (1,3245271)
178th: bestScore=(1,4917293) v.s. (1,3039415)
179th: bestScore=(1,4917293) v.s. (1,2513527)
180th: bestScore=(1,4917293) v.s. (1,4253979)
181th: bestScore=(1,4917293) v.s. (1,3787037)
182th: bestScore=(1,4917293) v.s. (1,3720800)
183th: bestScore=(1,4917293) v.s. (1,3441147)
184th: bestScore=(1,4917293) v.s. (1,2739357)
185th: bestScore=(1,4917293) v.s. (1,3822492)
186th: bestScore=(1,4917293) v.s. (1,3306518)
187th: bestScore=(1,4917293) v.s. (1,3814578)
188th: bestScore=(1,4917293) v.s. (1,3677102)
189th: bestScore=(1,4917293) v.s. (1,3939833)
190th: bestScore=(1,4917293) v.s. (1,3307610)
191th: bestScore=(1,4917293) v.s. (1,3560574)
192th: bestScore=(1,4917293) v.s. (1,4031408)
193th: bestScore=(1,4917293) v.s. (1,3417789)
194th: bestScore=(1,4917293) v.s. (1,3471354)
195th: bestScore=(1,4917293) v.s. (1,4313587)
196th: bestScore=(1,4917293) v.s. (1,3556810)
197th: bestScore=(1,4917293) v.s. (1,2116695)
198th: bestScore=(1,4917293) v.s. (1,3434751)
199th: bestScore=(1,4917293) v.s. (1,2875368)
score = (1,4917293)
