0th: bestScore=(0,-1) v.s. (1,7721615)
1th: bestScore=(1,7721615) v.s. (1,6303162)
2th: bestScore=(1,7721615) v.s. (1,7332484)
3th: bestScore=(1,7721615) v.s. (1,8088568)
4th: bestScore=(1,8088568) v.s. (1,5681641)
5th: bestScore=(1,8088568) v.s. (1,7759437)
6th: bestScore=(1,8088568) v.s. (1,10010368)
7th: bestScore=(1,10010368) v.s. (1,6795729)
8th: bestScore=(1,10010368) v.s. (1,8901296)
9th: bestScore=(1,10010368) v.s. (1,10921660)
10th: bestScore=(1,10921660) v.s. (1,7339593)
11th: bestScore=(1,10921660) v.s. (1,10538163)
12th: bestScore=(1,10921660) v.s. (1,10049134)
13th: bestScore=(1,10921660) v.s. (1,6874881)
14th: bestScore=(1,10921660) v.s. (1,11084947)
15th: bestScore=(1,11084947) v.s. (1,7278957)
16th: bestScore=(1,11084947) v.s. (1,6551105)
17th: bestScore=(1,11084947) v.s. (1,7457274)
18th: bestScore=(1,11084947) v.s. (1,6731319)
19th: bestScore=(1,11084947) v.s. (1,6049855)
20th: bestScore=(1,11084947) v.s. (1,7543210)
21th: bestScore=(1,11084947) v.s. (1,7656454)
22th: bestScore=(1,11084947) v.s. (1,13019719)
23th: bestScore=(1,13019719) v.s. (1,6916512)
24th: bestScore=(1,13019719) v.s. (1,6876072)
25th: bestScore=(1,13019719) v.s. (1,8073330)
26th: bestScore=(1,13019719) v.s. (1,8874716)
27th: bestScore=(1,13019719) v.s. (1,7933033)
28th: bestScore=(1,13019719) v.s. (1,5801216)
29th: bestScore=(1,13019719) v.s. (1,8908176)
30th: bestScore=(1,13019719) v.s. (1,8909973)
31th: bestScore=(1,13019719) v.s. (1,10933889)
32th: bestScore=(1,13019719) v.s. (1,7214562)
33th: bestScore=(1,13019719) v.s. (1,7468710)
34th: bestScore=(1,13019719) v.s. (1,5595452)
35th: bestScore=(1,13019719) v.s. (1,7657417)
36th: bestScore=(1,13019719) v.s. (1,5571645)
37th: bestScore=(1,13019719) v.s. (1,6085311)
38th: bestScore=(1,13019719) v.s. (1,7625229)
39th: bestScore=(1,13019719) v.s. (1,8186483)
40th: bestScore=(1,13019719) v.s. (1,10121221)
41th: bestScore=(1,13019719) v.s. (1,9931097)
42th: bestScore=(1,13019719) v.s. (1,9201444)
43th: bestScore=(1,13019719) v.s. (1,11638091)
44th: bestScore=(1,13019719) v.s. (1,6965253)
45th: bestScore=(1,13019719) v.s. (1,7775462)
46th: bestScore=(1,13019719) v.s. (1,5815977)
47th: bestScore=(1,13019719) v.s. (1,6738207)
48th: bestScore=(1,13019719) v.s. (1,9012989)
49th: bestScore=(1,13019719) v.s. (1,6884642)
50th: bestScore=(1,13019719) v.s. (1,8436897)
51th: bestScore=(1,13019719) v.s. (1,6366208)
52th: bestScore=(1,13019719) v.s. (1,7846850)
53th: bestScore=(1,13019719) v.s. (1,6879433)
54th: bestScore=(1,13019719) v.s. (1,9921558)
55th: bestScore=(1,13019719) v.s. (1,6961702)
56th: bestScore=(1,13019719) v.s. (1,8775524)
57th: bestScore=(1,13019719) v.s. (1,6835556)
58th: bestScore=(1,13019719) v.s. (1,7637244)
59th: bestScore=(1,13019719) v.s. (1,7368655)
60th: bestScore=(1,13019719) v.s. (1,7556525)
61th: bestScore=(1,13019719) v.s. (1,6298752)
62th: bestScore=(1,13019719) v.s. (1,9210341)
63th: bestScore=(1,13019719) v.s. (1,7448470)
64th: bestScore=(1,13019719) v.s. (1,7056880)
65th: bestScore=(1,13019719) v.s. (1,6172553)
66th: bestScore=(1,13019719) v.s. (1,7515221)
67th: bestScore=(1,13019719) v.s. (1,6306925)
68th: bestScore=(1,13019719) v.s. (1,7435771)
69th: bestScore=(1,13019719) v.s. (1,9378399)
70th: bestScore=(1,13019719) v.s. (1,7752266)
71th: bestScore=(1,13019719) v.s. (1,9545445)
72th: bestScore=(1,13019719) v.s. (1,6692184)
73th: bestScore=(1,13019719) v.s. (1,10005978)
74th: bestScore=(1,13019719) v.s. (1,7273842)
75th: bestScore=(1,13019719) v.s. (1,9660654)
76th: bestScore=(1,13019719) v.s. (1,6261531)
77th: bestScore=(1,13019719) v.s. (1,6675138)
78th: bestScore=(1,13019719) v.s. (1,9353128)
79th: bestScore=(1,13019719) v.s. (1,8142068)
80th: bestScore=(1,13019719) v.s. (1,8007139)
81th: bestScore=(1,13019719) v.s. (1,10245981)
82th: bestScore=(1,13019719) v.s. (1,8175548)
83th: bestScore=(1,13019719) v.s. (1,6230359)
84th: bestScore=(1,13019719) v.s. (1,12049907)
85th: bestScore=(1,13019719) v.s. (1,7943236)
86th: bestScore=(1,13019719) v.s. (1,7501973)
87th: bestScore=(1,13019719) v.s. (1,7228528)
88th: bestScore=(1,13019719) v.s. (1,6251700)
89th: bestScore=(1,13019719) v.s. (1,8047723)
90th: bestScore=(1,13019719) v.s. (1,10873637)
91th: bestScore=(1,13019719) v.s. (1,7890933)
92th: bestScore=(1,13019719) v.s. (1,10120496)
93th: bestScore=(1,13019719) v.s. (1,6015078)
94th: bestScore=(1,13019719) v.s. (1,8981904)
95th: bestScore=(1,13019719) v.s. (1,9422109)
96th: bestScore=(1,13019719) v.s. (1,6235081)
97th: bestScore=(1,13019719) v.s. (1,6859657)
98th: bestScore=(1,13019719) v.s. (1,7559692)
99th: bestScore=(1,13019719) v.s. (1,8757283)
100th: bestScore=(1,13019719) v.s. (1,7132047)
101th: bestScore=(1,13019719) v.s. (1,6333328)
102th: bestScore=(1,13019719) v.s. (1,7632646)
103th: bestScore=(1,13019719) v.s. (1,9130244)
104th: bestScore=(1,13019719) v.s. (1,6993861)
105th: bestScore=(1,13019719) v.s. (1,6179974)
106th: bestScore=(1,13019719) v.s. (1,8144715)
107th: bestScore=(1,13019719) v.s. (1,9483739)
108th: bestScore=(1,13019719) v.s. (1,8353524)
109th: bestScore=(1,13019719) v.s. (1,5559928)
110th: bestScore=(1,13019719) v.s. (1,8148636)
111th: bestScore=(1,13019719) v.s. (1,6237667)
112th: bestScore=(1,13019719) v.s. (1,7013945)
113th: bestScore=(1,13019719) v.s. (1,6455416)
114th: bestScore=(1,13019719) v.s. (1,8530990)
115th: bestScore=(1,13019719) v.s. (1,7960697)
116th: bestScore=(1,13019719) v.s. (1,7394431)
117th: bestScore=(1,13019719) v.s. (1,4773585)
118th: bestScore=(1,13019719) v.s. (1,12032570)
119th: bestScore=(1,13019719) v.s. (1,6525163)
120th: bestScore=(1,13019719) v.s. (1,8076912)
121th: bestScore=(1,13019719) v.s. (1,7846267)
122th: bestScore=(1,13019719) v.s. (1,6927181)
123th: bestScore=(1,13019719) v.s. (1,5988453)
124th: bestScore=(1,13019719) v.s. (1,4847283)
125th: bestScore=(1,13019719) v.s. (1,6449857)
126th: bestScore=(1,13019719) v.s. (1,6665762)
127th: bestScore=(1,13019719) v.s. (1,7462875)
128th: bestScore=(1,13019719) v.s. (1,9074852)
129th: bestScore=(1,13019719) v.s. (1,6489673)
130th: bestScore=(1,13019719) v.s. (1,6464492)
131th: bestScore=(1,13019719) v.s. (1,7659527)
132th: bestScore=(1,13019719) v.s. (1,9966883)
133th: bestScore=(1,13019719) v.s. (1,6469090)
134th: bestScore=(1,13019719) v.s. (1,7817653)
135th: bestScore=(1,13019719) v.s. (1,7469857)
136th: bestScore=(1,13019719) v.s. (1,7359978)
137th: bestScore=(1,13019719) v.s. (1,7457963)
138th: bestScore=(1,13019719) v.s. (1,8449233)
139th: bestScore=(1,13019719) v.s. (1,7246920)
140th: bestScore=(1,13019719) v.s. (1,6907075)
141th: bestScore=(1,13019719) v.s. (1,7075728)
142th: bestScore=(1,13019719) v.s. (1,7038481)
143th: bestScore=(1,13019719) v.s. (1,8315839)
144th: bestScore=(1,13019719) v.s. (1,8539278)
145th: bestScore=(1,13019719) v.s. (1,7908796)
146th: bestScore=(1,13019719) v.s. (1,11269659)
147th: bestScore=(1,13019719) v.s. (1,7122549)
148th: bestScore=(1,13019719) v.s. (1,13182203)
149th: bestScore=(1,13182203) v.s. (1,8131084)
150th: bestScore=(1,13182203) v.s. (1,7561785)
151th: bestScore=(1,13182203) v.s. (1,8104925)
152th: bestScore=(1,13182203) v.s. (1,6802785)
153th: bestScore=(1,13182203) v.s. (1,8343112)
154th: bestScore=(1,13182203) v.s. (1,7326076)
155th: bestScore=(1,13182203) v.s. (1,5995591)
156th: bestScore=(1,13182203) v.s. (1,7902285)
157th: bestScore=(1,13182203) v.s. (1,9282566)
158th: bestScore=(1,13182203) v.s. (1,6660766)
159th: bestScore=(1,13182203) v.s. (1,8462114)
160th: bestScore=(1,13182203) v.s. (1,8925184)
161th: bestScore=(1,13182203) v.s. (1,8865612)
162th: bestScore=(1,13182203) v.s. (1,6556599)
163th: bestScore=(1,13182203) v.s. (1,9357735)
164th: bestScore=(1,13182203) v.s. (1,10181667)
165th: bestScore=(1,13182203) v.s. (1,8880171)
166th: bestScore=(1,13182203) v.s. (1,7268355)
167th: bestScore=(1,13182203) v.s. (1,9409389)
168th: bestScore=(1,13182203) v.s. (1,7310489)
169th: bestScore=(1,13182203) v.s. (1,5614632)
170th: bestScore=(1,13182203) v.s. (1,9415765)
171th: bestScore=(1,13182203) v.s. (1,7023631)
172th: bestScore=(1,13182203) v.s. (1,7725159)
173th: bestScore=(1,13182203) v.s. (1,7526927)
174th: bestScore=(1,13182203) v.s. (1,9133422)
175th: bestScore=(1,13182203) v.s. (1,8730323)
176th: bestScore=(1,13182203) v.s. (1,7055663)
177th: bestScore=(1,13182203) v.s. (1,7248435)
178th: bestScore=(1,13182203) v.s. (1,7211625)
179th: bestScore=(1,13182203) v.s. (1,7897528)
180th: bestScore=(1,13182203) v.s. (1,7931529)
181th: bestScore=(1,13182203) v.s. (1,7306775)
182th: bestScore=(1,13182203) v.s. (1,6132898)
183th: bestScore=(1,13182203) v.s. (1,6501942)
184th: bestScore=(1,13182203) v.s. (1,7790600)
185th: bestScore=(1,13182203) v.s. (1,9368403)
186th: bestScore=(1,13182203) v.s. (1,8618352)
187th: bestScore=(1,13182203) v.s. (1,7256830)
188th: bestScore=(1,13182203) v.s. (1,8094427)
189th: bestScore=(1,13182203) v.s. (1,4627296)
190th: bestScore=(1,13182203) v.s. (1,6395780)
191th: bestScore=(1,13182203) v.s. (1,6757905)
192th: bestScore=(1,13182203) v.s. (1,6156086)
193th: bestScore=(1,13182203) v.s. (1,7411776)
194th: bestScore=(1,13182203) v.s. (1,8791550)
195th: bestScore=(1,13182203) v.s. (1,7497950)
196th: bestScore=(1,13182203) v.s. (1,8070109)
197th: bestScore=(1,13182203) v.s. (1,7962289)
198th: bestScore=(1,13182203) v.s. (1,8840286)
199th: bestScore=(1,13182203) v.s. (1,7598281)
score = (1,13182203)
