0th: bestScore=(0,-1) v.s. (1,3545662)
1th: bestScore=(1,3545662) v.s. (1,3935009)
2th: bestScore=(1,3935009) v.s. (1,3945491)
3th: bestScore=(1,3945491) v.s. (1,3489290)
4th: bestScore=(1,3945491) v.s. (1,3636403)
5th: bestScore=(1,3945491) v.s. (1,3796020)
6th: bestScore=(1,3945491) v.s. (1,3656307)
7th: bestScore=(1,3945491) v.s. (1,4031969)
8th: bestScore=(1,4031969) v.s. (1,3893569)
9th: bestScore=(1,4031969) v.s. (1,3805315)
10th: bestScore=(1,4031969) v.s. (1,3936855)
11th: bestScore=(1,4031969) v.s. (1,3676715)
12th: bestScore=(1,4031969) v.s. (1,3785141)
13th: bestScore=(1,4031969) v.s. (1,3710068)
14th: bestScore=(1,4031969) v.s. (1,3848988)
15th: bestScore=(1,4031969) v.s. (1,3875367)
16th: bestScore=(1,4031969) v.s. (1,3823637)
17th: bestScore=(1,4031969) v.s. (1,3538492)
18th: bestScore=(1,4031969) v.s. (1,3779472)
19th: bestScore=(1,4031969) v.s. (1,3894195)
20th: bestScore=(1,4031969) v.s. (1,4020694)
21th: bestScore=(1,4031969) v.s. (1,3550423)
22th: bestScore=(1,4031969) v.s. (1,3585909)
23th: bestScore=(1,4031969) v.s. (1,3813432)
24th: bestScore=(1,4031969) v.s. (1,3743974)
25th: bestScore=(1,4031969) v.s. (1,3656809)
26th: bestScore=(1,4031969) v.s. (1,3618054)
27th: bestScore=(1,4031969) v.s. (1,3957735)
28th: bestScore=(1,4031969) v.s. (1,3960915)
29th: bestScore=(1,4031969) v.s. (1,3755036)
30th: bestScore=(1,4031969) v.s. (1,3659461)
31th: bestScore=(1,4031969) v.s. (1,3767118)
32th: bestScore=(1,4031969) v.s. (1,3952296)
33th: bestScore=(1,4031969) v.s. (1,3711546)
34th: bestScore=(1,4031969) v.s. (1,3869251)
35th: bestScore=(1,4031969) v.s. (1,3694743)
36th: bestScore=(1,4031969) v.s. (1,3795189)
37th: bestScore=(1,4031969) v.s. (1,3717248)
38th: bestScore=(1,4031969) v.s. (1,3573706)
39th: bestScore=(1,4031969) v.s. (1,3854816)
40th: bestScore=(1,4031969) v.s. (1,3743295)
41th: bestScore=(1,4031969) v.s. (1,3876632)
42th: bestScore=(1,4031969) v.s. (1,3702416)
43th: bestScore=(1,4031969) v.s. (1,3693631)
44th: bestScore=(1,4031969) v.s. (1,3827289)
45th: bestScore=(1,4031969) v.s. (1,3801989)
46th: bestScore=(1,4031969) v.s. (1,3875695)
47th: bestScore=(1,4031969) v.s. (1,3800173)
48th: bestScore=(1,4031969) v.s. (1,3838932)
49th: bestScore=(1,4031969) v.s. (1,3511280)
50th: bestScore=(1,4031969) v.s. (1,3729719)
51th: bestScore=(1,4031969) v.s. (1,3658761)
52th: bestScore=(1,4031969) v.s. (1,4016064)
53th: bestScore=(1,4031969) v.s. (1,3715759)
54th: bestScore=(1,4031969) v.s. (1,3938029)
55th: bestScore=(1,4031969) v.s. (1,3902945)
56th: bestScore=(1,4031969) v.s. (1,3816537)
57th: bestScore=(1,4031969) v.s. (1,3747406)
58th: bestScore=(1,4031969) v.s. (1,3832650)
59th: bestScore=(1,4031969) v.s. (1,3554067)
60th: bestScore=(1,4031969) v.s. (1,3832652)
61th: bestScore=(1,4031969) v.s. (1,3881440)
62th: bestScore=(1,4031969) v.s. (1,3664087)
63th: bestScore=(1,4031969) v.s. (1,3702142)
64th: bestScore=(1,4031969) v.s. (1,3855994)
65th: bestScore=(1,4031969) v.s. (1,3837528)
66th: bestScore=(1,4031969) v.s. (1,3944878)
67th: bestScore=(1,4031969) v.s. (1,3803441)
68th: bestScore=(1,4031969) v.s. (1,3637208)
69th: bestScore=(1,4031969) v.s. (1,3794495)
70th: bestScore=(1,4031969) v.s. (1,3790677)
71th: bestScore=(1,4031969) v.s. (1,3775864)
72th: bestScore=(1,4031969) v.s. (1,3919346)
73th: bestScore=(1,4031969) v.s. (1,3658140)
74th: bestScore=(1,4031969) v.s. (1,3788577)
75th: bestScore=(1,4031969) v.s. (1,3558478)
76th: bestScore=(1,4031969) v.s. (1,3858180)
77th: bestScore=(1,4031969) v.s. (1,3991516)
78th: bestScore=(1,4031969) v.s. (1,3695500)
79th: bestScore=(1,4031969) v.s. (1,3783029)
80th: bestScore=(1,4031969) v.s. (1,3896674)
81th: bestScore=(1,4031969) v.s. (1,3796394)
82th: bestScore=(1,4031969) v.s. (1,3808301)
83th: bestScore=(1,4031969) v.s. (1,4039071)
84th: bestScore=(1,4039071) v.s. (1,3759400)
85th: bestScore=(1,4039071) v.s. (1,3953424)
86th: bestScore=(1,4039071) v.s. (1,3750779)
87th: bestScore=(1,4039071) v.s. (1,3707411)
88th: bestScore=(1,4039071) v.s. (1,3764133)
89th: bestScore=(1,4039071) v.s. (1,3785784)
90th: bestScore=(1,4039071) v.s. (1,3616705)
91th: bestScore=(1,4039071) v.s. (1,3697040)
92th: bestScore=(1,4039071) v.s. (1,3772204)
93th: bestScore=(1,4039071) v.s. (1,3663049)
94th: bestScore=(1,4039071) v.s. (1,3911455)
95th: bestScore=(1,4039071) v.s. (1,3829387)
96th: bestScore=(1,4039071) v.s. (1,3614803)
97th: bestScore=(1,4039071) v.s. (1,3663005)
98th: bestScore=(1,4039071) v.s. (1,4168006)
99th: bestScore=(1,4168006) v.s. (1,3893152)
100th: bestScore=(1,4168006) v.s. (1,3886032)
101th: bestScore=(1,4168006) v.s. (1,3782262)
102th: bestScore=(1,4168006) v.s. (1,4053068)
103th: bestScore=(1,4168006) v.s. (1,3823906)
104th: bestScore=(1,4168006) v.s. (1,3667423)
105th: bestScore=(1,4168006) v.s. (1,3845047)
106th: bestScore=(1,4168006) v.s. (1,3645401)
107th: bestScore=(1,4168006) v.s. (1,4022803)
108th: bestScore=(1,4168006) v.s. (1,3855472)
109th: bestScore=(1,4168006) v.s. (1,4004633)
110th: bestScore=(1,4168006) v.s. (1,3651961)
111th: bestScore=(1,4168006) v.s. (1,3559998)
112th: bestScore=(1,4168006) v.s. (1,3907819)
113th: bestScore=(1,4168006) v.s. (1,3923731)
114th: bestScore=(1,4168006) v.s. (1,3783948)
115th: bestScore=(1,4168006) v.s. (1,3949649)
116th: bestScore=(1,4168006) v.s. (1,3850010)
117th: bestScore=(1,4168006) v.s. (1,3594727)
118th: bestScore=(1,4168006) v.s. (1,4039670)
119th: bestScore=(1,4168006) v.s. (1,3867586)
120th: bestScore=(1,4168006) v.s. (1,3665931)
121th: bestScore=(1,4168006) v.s. (1,3853955)
122th: bestScore=(1,4168006) v.s. (1,3708697)
123th: bestScore=(1,4168006) v.s. (1,3676361)
124th: bestScore=(1,4168006) v.s. (1,3611334)
125th: bestScore=(1,4168006) v.s. (1,3938580)
126th: bestScore=(1,4168006) v.s. (1,3708469)
127th: bestScore=(1,4168006) v.s. (1,3814324)
128th: bestScore=(1,4168006) v.s. (1,3662498)
129th: bestScore=(1,4168006) v.s. (1,3788779)
130th: bestScore=(1,4168006) v.s. (1,3788807)
131th: bestScore=(1,4168006) v.s. (1,3771202)
132th: bestScore=(1,4168006) v.s. (1,3977815)
133th: bestScore=(1,4168006) v.s. (1,3829200)
134th: bestScore=(1,4168006) v.s. (1,4025847)
135th: bestScore=(1,4168006) v.s. (1,3564814)
136th: bestScore=(1,4168006) v.s. (1,3781822)
137th: bestScore=(1,4168006) v.s. (1,3774009)
138th: bestScore=(1,4168006) v.s. (1,3770199)
139th: bestScore=(1,4168006) v.s. (1,3683538)
140th: bestScore=(1,4168006) v.s. (1,3783955)
141th: bestScore=(1,4168006) v.s. (1,3740309)
142th: bestScore=(1,4168006) v.s. (1,3898786)
143th: bestScore=(1,4168006) v.s. (1,3712367)
144th: bestScore=(1,4168006) v.s. (1,3862646)
145th: bestScore=(1,4168006) v.s. (1,3568783)
146th: bestScore=(1,4168006) v.s. (1,3800134)
147th: bestScore=(1,4168006) v.s. (1,3923151)
148th: bestScore=(1,4168006) v.s. (1,3858394)
149th: bestScore=(1,4168006) v.s. (1,3885888)
150th: bestScore=(1,4168006) v.s. (1,3756640)
151th: bestScore=(1,4168006) v.s. (1,3812782)
152th: bestScore=(1,4168006) v.s. (1,3932860)
153th: bestScore=(1,4168006) v.s. (1,3795241)
154th: bestScore=(1,4168006) v.s. (1,3862157)
155th: bestScore=(1,4168006) v.s. (1,3884539)
156th: bestScore=(1,4168006) v.s. (1,3890670)
157th: bestScore=(1,4168006) v.s. (1,3923385)
158th: bestScore=(1,4168006) v.s. (1,3748473)
159th: bestScore=(1,4168006) v.s. (1,3626995)
160th: bestScore=(1,4168006) v.s. (1,3803173)
161th: bestScore=(1,4168006) v.s. (1,3639151)
162th: bestScore=(1,4168006) v.s. (1,3898803)
163th: bestScore=(1,4168006) v.s. (1,3594652)
164th: bestScore=(1,4168006) v.s. (1,4091241)
165th: bestScore=(1,4168006) v.s. (1,3817080)
166th: bestScore=(1,4168006) v.s. (1,3940702)
167th: bestScore=(1,4168006) v.s. (1,3905875)
168th: bestScore=(1,4168006) v.s. (1,3544501)
169th: bestScore=(1,4168006) v.s. (1,3859587)
170th: bestScore=(1,4168006) v.s. (1,3935641)
171th: bestScore=(1,4168006) v.s. (1,3803096)
172th: bestScore=(1,4168006) v.s. (1,3805254)
173th: bestScore=(1,4168006) v.s. (1,3711827)
174th: bestScore=(1,4168006) v.s. (1,4125474)
175th: bestScore=(1,4168006) v.s. (1,3635335)
176th: bestScore=(1,4168006) v.s. (1,4052145)
177th: bestScore=(1,4168006) v.s. (1,3730049)
178th: bestScore=(1,4168006) v.s. (1,3685673)
179th: bestScore=(1,4168006) v.s. (1,3857481)
180th: bestScore=(1,4168006) v.s. (1,3904635)
181th: bestScore=(1,4168006) v.s. (1,3837590)
182th: bestScore=(1,4168006) v.s. (1,3927857)
183th: bestScore=(1,4168006) v.s. (1,3566481)
184th: bestScore=(1,4168006) v.s. (1,3736735)
185th: bestScore=(1,4168006) v.s. (1,3849369)
186th: bestScore=(1,4168006) v.s. (1,3753946)
187th: bestScore=(1,4168006) v.s. (1,3870923)
188th: bestScore=(1,4168006) v.s. (1,3948732)
189th: bestScore=(1,4168006) v.s. (1,4022118)
190th: bestScore=(1,4168006) v.s. (1,3779268)
191th: bestScore=(1,4168006) v.s. (1,3698029)
192th: bestScore=(1,4168006) v.s. (1,3798374)
193th: bestScore=(1,4168006) v.s. (1,3803816)
194th: bestScore=(1,4168006) v.s. (1,3912826)
195th: bestScore=(1,4168006) v.s. (1,3666540)
196th: bestScore=(1,4168006) v.s. (1,3882465)
197th: bestScore=(1,4168006) v.s. (1,3912093)
198th: bestScore=(1,4168006) v.s. (1,3654032)
199th: bestScore=(1,4168006) v.s. (1,3755469)
score = (1,4168006)
