0th: bestScore=(0,-1) v.s. (1,8980473)
1th: bestScore=(1,8980473) v.s. (1,10006514)
2th: bestScore=(1,10006514) v.s. (1,7984756)
3th: bestScore=(1,10006514) v.s. (1,8023611)
4th: bestScore=(1,10006514) v.s. (1,9059018)
5th: bestScore=(1,10006514) v.s. (1,8260025)
6th: bestScore=(1,10006514) v.s. (1,8429336)
7th: bestScore=(1,10006514) v.s. (1,8505423)
8th: bestScore=(1,10006514) v.s. (1,9231056)
9th: bestScore=(1,10006514) v.s. (1,8246717)
10th: bestScore=(1,10006514) v.s. (1,8395626)
11th: bestScore=(1,10006514) v.s. (1,8930816)
12th: bestScore=(1,10006514) v.s. (1,8505032)
13th: bestScore=(1,10006514) v.s. (1,8028011)
14th: bestScore=(1,10006514) v.s. (1,8395436)
15th: bestScore=(1,10006514) v.s. (1,10260089)
16th: bestScore=(1,10260089) v.s. (1,8324471)
17th: bestScore=(1,10260089) v.s. (1,8622134)
18th: bestScore=(1,10260089) v.s. (1,8676302)
19th: bestScore=(1,10260089) v.s. (1,10254794)
20th: bestScore=(1,10260089) v.s. (1,8759455)
21th: bestScore=(1,10260089) v.s. (1,8495682)
22th: bestScore=(1,10260089) v.s. (1,8575193)
23th: bestScore=(1,10260089) v.s. (1,7843248)
24th: bestScore=(1,10260089) v.s. (1,9123145)
25th: bestScore=(1,10260089) v.s. (1,8539277)
26th: bestScore=(1,10260089) v.s. (1,8755147)
27th: bestScore=(1,10260089) v.s. (1,8873296)
28th: bestScore=(1,10260089) v.s. (1,8961063)
29th: bestScore=(1,10260089) v.s. (1,9025985)
30th: bestScore=(1,10260089) v.s. (1,8501480)
31th: bestScore=(1,10260089) v.s. (1,9088318)
32th: bestScore=(1,10260089) v.s. (1,7784767)
33th: bestScore=(1,10260089) v.s. (1,8887584)
34th: bestScore=(1,10260089) v.s. (1,8565056)
35th: bestScore=(1,10260089) v.s. (1,7806227)
36th: bestScore=(1,10260089) v.s. (1,7970840)
37th: bestScore=(1,10260089) v.s. (1,8650162)
38th: bestScore=(1,10260089) v.s. (1,8706582)
39th: bestScore=(1,10260089) v.s. (1,7908657)
40th: bestScore=(1,10260089) v.s. (1,9440878)
41th: bestScore=(1,10260089) v.s. (1,7997303)
42th: bestScore=(1,10260089) v.s. (1,9967979)
43th: bestScore=(1,10260089) v.s. (1,8070286)
44th: bestScore=(1,10260089) v.s. (1,8333043)
45th: bestScore=(1,10260089) v.s. (1,9003474)
46th: bestScore=(1,10260089) v.s. (1,9731365)
47th: bestScore=(1,10260089) v.s. (1,8587242)
48th: bestScore=(1,10260089) v.s. (1,8710861)
49th: bestScore=(1,10260089) v.s. (1,8380207)
50th: bestScore=(1,10260089) v.s. (1,9143710)
51th: bestScore=(1,10260089) v.s. (1,8011332)
52th: bestScore=(1,10260089) v.s. (1,8868891)
53th: bestScore=(1,10260089) v.s. (1,8016000)
54th: bestScore=(1,10260089) v.s. (1,8868184)
55th: bestScore=(1,10260089) v.s. (1,8014273)
56th: bestScore=(1,10260089) v.s. (1,9128625)
57th: bestScore=(1,10260089) v.s. (1,9005226)
58th: bestScore=(1,10260089) v.s. (1,8197738)
59th: bestScore=(1,10260089) v.s. (1,8908389)
60th: bestScore=(1,10260089) v.s. (1,9339935)
61th: bestScore=(1,10260089) v.s. (1,8815849)
62th: bestScore=(1,10260089) v.s. (1,8925272)
63th: bestScore=(1,10260089) v.s. (1,9801188)
64th: bestScore=(1,10260089) v.s. (1,7960808)
65th: bestScore=(1,10260089) v.s. (1,9199468)
66th: bestScore=(1,10260089) v.s. (1,10002322)
67th: bestScore=(1,10260089) v.s. (1,9787051)
68th: bestScore=(1,10260089) v.s. (1,8581944)
69th: bestScore=(1,10260089) v.s. (1,8773470)
70th: bestScore=(1,10260089) v.s. (1,9638382)
71th: bestScore=(1,10260089) v.s. (1,8931878)
72th: bestScore=(1,10260089) v.s. (1,8864243)
73th: bestScore=(1,10260089) v.s. (1,7784541)
74th: bestScore=(1,10260089) v.s. (1,9736826)
75th: bestScore=(1,10260089) v.s. (1,7988367)
76th: bestScore=(1,10260089) v.s. (1,8382920)
77th: bestScore=(1,10260089) v.s. (1,8124041)
78th: bestScore=(1,10260089) v.s. (1,8337485)
79th: bestScore=(1,10260089) v.s. (1,8155079)
80th: bestScore=(1,10260089) v.s. (1,8506803)
81th: bestScore=(1,10260089) v.s. (1,8892614)
82th: bestScore=(1,10260089) v.s. (1,9069758)
83th: bestScore=(1,10260089) v.s. (1,8550759)
84th: bestScore=(1,10260089) v.s. (1,8612718)
85th: bestScore=(1,10260089) v.s. (1,8918035)
86th: bestScore=(1,10260089) v.s. (1,8747429)
87th: bestScore=(1,10260089) v.s. (1,9828441)
88th: bestScore=(1,10260089) v.s. (1,8342902)
89th: bestScore=(1,10260089) v.s. (1,8825319)
90th: bestScore=(1,10260089) v.s. (1,8065128)
91th: bestScore=(1,10260089) v.s. (1,8186266)
92th: bestScore=(1,10260089) v.s. (1,9241145)
93th: bestScore=(1,10260089) v.s. (1,9401845)
94th: bestScore=(1,10260089) v.s. (1,8024336)
95th: bestScore=(1,10260089) v.s. (1,8090144)
96th: bestScore=(1,10260089) v.s. (1,8720743)
97th: bestScore=(1,10260089) v.s. (1,7570423)
98th: bestScore=(1,10260089) v.s. (1,9441793)
99th: bestScore=(1,10260089) v.s. (1,8953464)
100th: bestScore=(1,10260089) v.s. (1,8357410)
101th: bestScore=(1,10260089) v.s. (1,9179472)
102th: bestScore=(1,10260089) v.s. (1,8881267)
103th: bestScore=(1,10260089) v.s. (1,7968782)
104th: bestScore=(1,10260089) v.s. (1,8321885)
105th: bestScore=(1,10260089) v.s. (1,7452354)
106th: bestScore=(1,10260089) v.s. (1,8966092)
107th: bestScore=(1,10260089) v.s. (1,9358916)
108th: bestScore=(1,10260089) v.s. (1,8852133)
109th: bestScore=(1,10260089) v.s. (1,7691121)
110th: bestScore=(1,10260089) v.s. (1,8414901)
111th: bestScore=(1,10260089) v.s. (1,9002822)
112th: bestScore=(1,10260089) v.s. (1,9177933)
113th: bestScore=(1,10260089) v.s. (1,8445047)
114th: bestScore=(1,10260089) v.s. (1,8911469)
115th: bestScore=(1,10260089) v.s. (1,9042420)
116th: bestScore=(1,10260089) v.s. (1,7969361)
117th: bestScore=(1,10260089) v.s. (1,7737909)
118th: bestScore=(1,10260089) v.s. (1,8957333)
119th: bestScore=(1,10260089) v.s. (1,8162982)
120th: bestScore=(1,10260089) v.s. (1,8710977)
121th: bestScore=(1,10260089) v.s. (1,8673326)
122th: bestScore=(1,10260089) v.s. (1,8447102)
123th: bestScore=(1,10260089) v.s. (1,9728688)
124th: bestScore=(1,10260089) v.s. (1,8801377)
125th: bestScore=(1,10260089) v.s. (1,8526042)
126th: bestScore=(1,10260089) v.s. (1,8098807)
127th: bestScore=(1,10260089) v.s. (1,9129096)
128th: bestScore=(1,10260089) v.s. (1,8631616)
129th: bestScore=(1,10260089) v.s. (1,9475280)
130th: bestScore=(1,10260089) v.s. (1,8238128)
131th: bestScore=(1,10260089) v.s. (1,8717240)
132th: bestScore=(1,10260089) v.s. (1,7889834)
133th: bestScore=(1,10260089) v.s. (1,9197855)
134th: bestScore=(1,10260089) v.s. (1,7518800)
135th: bestScore=(1,10260089) v.s. (1,7847044)
136th: bestScore=(1,10260089) v.s. (1,9271228)
137th: bestScore=(1,10260089) v.s. (1,8329788)
138th: bestScore=(1,10260089) v.s. (1,8544044)
139th: bestScore=(1,10260089) v.s. (1,8477068)
140th: bestScore=(1,10260089) v.s. (1,8690647)
141th: bestScore=(1,10260089) v.s. (1,7533517)
142th: bestScore=(1,10260089) v.s. (1,7563780)
143th: bestScore=(1,10260089) v.s. (1,10111569)
144th: bestScore=(1,10260089) v.s. (1,8587895)
145th: bestScore=(1,10260089) v.s. (1,9708388)
146th: bestScore=(1,10260089) v.s. (1,8339915)
147th: bestScore=(1,10260089) v.s. (1,8197066)
148th: bestScore=(1,10260089) v.s. (1,8147788)
149th: bestScore=(1,10260089) v.s. (1,8736781)
150th: bestScore=(1,10260089) v.s. (1,8423297)
151th: bestScore=(1,10260089) v.s. (1,8127471)
152th: bestScore=(1,10260089) v.s. (1,8138601)
153th: bestScore=(1,10260089) v.s. (1,8474169)
154th: bestScore=(1,10260089) v.s. (1,8736919)
155th: bestScore=(1,10260089) v.s. (1,8212762)
156th: bestScore=(1,10260089) v.s. (1,9047328)
157th: bestScore=(1,10260089) v.s. (1,8046015)
158th: bestScore=(1,10260089) v.s. (1,8945828)
159th: bestScore=(1,10260089) v.s. (1,8852494)
160th: bestScore=(1,10260089) v.s. (1,8152047)
161th: bestScore=(1,10260089) v.s. (1,8609146)
162th: bestScore=(1,10260089) v.s. (1,7886439)
163th: bestScore=(1,10260089) v.s. (1,8159456)
164th: bestScore=(1,10260089) v.s. (1,8440859)
165th: bestScore=(1,10260089) v.s. (1,8123460)
166th: bestScore=(1,10260089) v.s. (1,7389780)
167th: bestScore=(1,10260089) v.s. (1,7893916)
168th: bestScore=(1,10260089) v.s. (1,9683831)
169th: bestScore=(1,10260089) v.s. (1,7950054)
170th: bestScore=(1,10260089) v.s. (1,9320219)
171th: bestScore=(1,10260089) v.s. (1,8663337)
172th: bestScore=(1,10260089) v.s. (1,8578824)
173th: bestScore=(1,10260089) v.s. (1,8548412)
174th: bestScore=(1,10260089) v.s. (1,8125883)
175th: bestScore=(1,10260089) v.s. (1,8095209)
176th: bestScore=(1,10260089) v.s. (1,8967754)
177th: bestScore=(1,10260089) v.s. (1,8751140)
178th: bestScore=(1,10260089) v.s. (1,8903849)
179th: bestScore=(1,10260089) v.s. (1,8016582)
180th: bestScore=(1,10260089) v.s. (1,8720368)
181th: bestScore=(1,10260089) v.s. (1,9621694)
182th: bestScore=(1,10260089) v.s. (1,8294862)
183th: bestScore=(1,10260089) v.s. (1,8639141)
184th: bestScore=(1,10260089) v.s. (1,9498447)
185th: bestScore=(1,10260089) v.s. (1,8087189)
186th: bestScore=(1,10260089) v.s. (1,9083609)
187th: bestScore=(1,10260089) v.s. (1,9491995)
188th: bestScore=(1,10260089) v.s. (1,8871419)
189th: bestScore=(1,10260089) v.s. (1,8895680)
190th: bestScore=(1,10260089) v.s. (1,8809738)
191th: bestScore=(1,10260089) v.s. (1,8347960)
192th: bestScore=(1,10260089) v.s. (1,9442016)
193th: bestScore=(1,10260089) v.s. (1,8105078)
194th: bestScore=(1,10260089) v.s. (1,8377283)
195th: bestScore=(1,10260089) v.s. (1,9962103)
196th: bestScore=(1,10260089) v.s. (1,10340316)
197th: bestScore=(1,10340316) v.s. (1,8200572)
198th: bestScore=(1,10340316) v.s. (1,8333511)
199th: bestScore=(1,10340316) v.s. (1,8873877)
score = (1,10340316)
