0th: bestScore=(0,-1) v.s. (1,5827797)
1th: bestScore=(1,5827797) v.s. (1,5401955)
2th: bestScore=(1,5827797) v.s. (1,5727609)
3th: bestScore=(1,5827797) v.s. (1,5917919)
4th: bestScore=(1,5917919) v.s. (1,5533117)
5th: bestScore=(1,5917919) v.s. (1,5613346)
6th: bestScore=(1,5917919) v.s. (1,6079539)
7th: bestScore=(1,6079539) v.s. (1,5776684)
8th: bestScore=(1,6079539) v.s. (1,6098726)
9th: bestScore=(1,6098726) v.s. (1,5627011)
10th: bestScore=(1,6098726) v.s. (1,5255041)
11th: bestScore=(1,6098726) v.s. (1,5378893)
12th: bestScore=(1,6098726) v.s. (1,5444364)
13th: bestScore=(1,6098726) v.s. (1,5696809)
14th: bestScore=(1,6098726) v.s. (1,5958942)
15th: bestScore=(1,6098726) v.s. (1,5634254)
16th: bestScore=(1,6098726) v.s. (1,6638236)
17th: bestScore=(1,6638236) v.s. (1,5973516)
18th: bestScore=(1,6638236) v.s. (1,5185994)
19th: bestScore=(1,6638236) v.s. (1,5558302)
20th: bestScore=(1,6638236) v.s. (1,6205039)
21th: bestScore=(1,6638236) v.s. (1,5424029)
22th: bestScore=(1,6638236) v.s. (1,6021310)
23th: bestScore=(1,6638236) v.s. (1,5247627)
24th: bestScore=(1,6638236) v.s. (1,5631405)
25th: bestScore=(1,6638236) v.s. (1,5874685)
26th: bestScore=(1,6638236) v.s. (1,5392315)
27th: bestScore=(1,6638236) v.s. (1,5242343)
28th: bestScore=(1,6638236) v.s. (1,5536052)
29th: bestScore=(1,6638236) v.s. (1,5213696)
30th: bestScore=(1,6638236) v.s. (1,5445702)
31th: bestScore=(1,6638236) v.s. (1,5710628)
32th: bestScore=(1,6638236) v.s. (1,5149769)
33th: bestScore=(1,6638236) v.s. (1,6109847)
34th: bestScore=(1,6638236) v.s. (1,5564894)
35th: bestScore=(1,6638236) v.s. (1,5956906)
36th: bestScore=(1,6638236) v.s. (1,5882265)
37th: bestScore=(1,6638236) v.s. (1,6003117)
38th: bestScore=(1,6638236) v.s. (1,5910763)
39th: bestScore=(1,6638236) v.s. (1,5659081)
40th: bestScore=(1,6638236) v.s. (1,5389923)
41th: bestScore=(1,6638236) v.s. (1,5798446)
42th: bestScore=(1,6638236) v.s. (1,5533810)
43th: bestScore=(1,6638236) v.s. (1,7228830)
44th: bestScore=(1,7228830) v.s. (1,5438868)
45th: bestScore=(1,7228830) v.s. (1,5582100)
46th: bestScore=(1,7228830) v.s. (1,5444318)
47th: bestScore=(1,7228830) v.s. (1,5479710)
48th: bestScore=(1,7228830) v.s. (1,5998412)
49th: bestScore=(1,7228830) v.s. (1,5500243)
50th: bestScore=(1,7228830) v.s. (1,5475097)
51th: bestScore=(1,7228830) v.s. (1,5263306)
52th: bestScore=(1,7228830) v.s. (1,5508337)
53th: bestScore=(1,7228830) v.s. (1,5410493)
54th: bestScore=(1,7228830) v.s. (1,6764810)
55th: bestScore=(1,7228830) v.s. (1,5537736)
56th: bestScore=(1,7228830) v.s. (1,5570724)
57th: bestScore=(1,7228830) v.s. (1,5518438)
58th: bestScore=(1,7228830) v.s. (1,5420603)
59th: bestScore=(1,7228830) v.s. (1,5151153)
60th: bestScore=(1,7228830) v.s. (1,5774684)
61th: bestScore=(1,7228830) v.s. (1,5779411)
62th: bestScore=(1,7228830) v.s. (1,5390011)
63th: bestScore=(1,7228830) v.s. (1,5810290)
64th: bestScore=(1,7228830) v.s. (1,5756499)
65th: bestScore=(1,7228830) v.s. (1,4686597)
66th: bestScore=(1,7228830) v.s. (1,5632418)
67th: bestScore=(1,7228830) v.s. (1,5654824)
68th: bestScore=(1,7228830) v.s. (1,5973800)
69th: bestScore=(1,7228830) v.s. (1,6038972)
70th: bestScore=(1,7228830) v.s. (1,5937380)
71th: bestScore=(1,7228830) v.s. (1,6439158)
72th: bestScore=(1,7228830) v.s. (1,5692007)
73th: bestScore=(1,7228830) v.s. (1,5689492)
74th: bestScore=(1,7228830) v.s. (1,6410302)
75th: bestScore=(1,7228830) v.s. (1,5692997)
76th: bestScore=(1,7228830) v.s. (1,5553551)
77th: bestScore=(1,7228830) v.s. (1,6049559)
78th: bestScore=(1,7228830) v.s. (1,6017152)
79th: bestScore=(1,7228830) v.s. (1,5460080)
80th: bestScore=(1,7228830) v.s. (1,5733611)
81th: bestScore=(1,7228830) v.s. (1,6192017)
82th: bestScore=(1,7228830) v.s. (1,6151524)
83th: bestScore=(1,7228830) v.s. (1,5583910)
84th: bestScore=(1,7228830) v.s. (1,5174450)
85th: bestScore=(1,7228830) v.s. (1,5588120)
86th: bestScore=(1,7228830) v.s. (1,5871679)
87th: bestScore=(1,7228830) v.s. (1,6472389)
88th: bestScore=(1,7228830) v.s. (1,5473290)
89th: bestScore=(1,7228830) v.s. (1,5660863)
90th: bestScore=(1,7228830) v.s. (1,6348729)
91th: bestScore=(1,7228830) v.s. (1,5624451)
92th: bestScore=(1,7228830) v.s. (1,5464121)
93th: bestScore=(1,7228830) v.s. (1,5804626)
94th: bestScore=(1,7228830) v.s. (1,5547125)
95th: bestScore=(1,7228830) v.s. (1,5920080)
96th: bestScore=(1,7228830) v.s. (1,5521220)
97th: bestScore=(1,7228830) v.s. (1,5436540)
98th: bestScore=(1,7228830) v.s. (1,5392465)
99th: bestScore=(1,7228830) v.s. (1,5665319)
100th: bestScore=(1,7228830) v.s. (1,5583234)
101th: bestScore=(1,7228830) v.s. (1,5624182)
102th: bestScore=(1,7228830) v.s. (1,5731095)
103th: bestScore=(1,7228830) v.s. (1,5674721)
104th: bestScore=(1,7228830) v.s. (1,5749830)
105th: bestScore=(1,7228830) v.s. (1,6164436)
106th: bestScore=(1,7228830) v.s. (1,5822995)
107th: bestScore=(1,7228830) v.s. (1,5747512)
108th: bestScore=(1,7228830) v.s. (1,5296841)
109th: bestScore=(1,7228830) v.s. (1,5617062)
110th: bestScore=(1,7228830) v.s. (1,5443901)
111th: bestScore=(1,7228830) v.s. (1,5600418)
112th: bestScore=(1,7228830) v.s. (1,6041062)
113th: bestScore=(1,7228830) v.s. (1,6165980)
114th: bestScore=(1,7228830) v.s. (1,5805381)
115th: bestScore=(1,7228830) v.s. (1,5805185)
116th: bestScore=(1,7228830) v.s. (1,5871891)
117th: bestScore=(1,7228830) v.s. (1,5721345)
118th: bestScore=(1,7228830) v.s. (1,5969433)
119th: bestScore=(1,7228830) v.s. (1,5375266)
120th: bestScore=(1,7228830) v.s. (1,5452338)
121th: bestScore=(1,7228830) v.s. (1,5728301)
122th: bestScore=(1,7228830) v.s. (1,5426832)
123th: bestScore=(1,7228830) v.s. (1,5237718)
124th: bestScore=(1,7228830) v.s. (1,5943368)
125th: bestScore=(1,7228830) v.s. (1,5388139)
126th: bestScore=(1,7228830) v.s. (1,5378581)
127th: bestScore=(1,7228830) v.s. (1,5897472)
128th: bestScore=(1,7228830) v.s. (1,5523802)
129th: bestScore=(1,7228830) v.s. (1,5420274)
130th: bestScore=(1,7228830) v.s. (1,5457124)
131th: bestScore=(1,7228830) v.s. (1,6154261)
132th: bestScore=(1,7228830) v.s. (1,5295137)
133th: bestScore=(1,7228830) v.s. (1,5946043)
134th: bestScore=(1,7228830) v.s. (1,5657133)
135th: bestScore=(1,7228830) v.s. (1,5432256)
136th: bestScore=(1,7228830) v.s. (1,5793129)
137th: bestScore=(1,7228830) v.s. (1,5440043)
138th: bestScore=(1,7228830) v.s. (1,6121519)
139th: bestScore=(1,7228830) v.s. (1,5386965)
140th: bestScore=(1,7228830) v.s. (1,5492901)
141th: bestScore=(1,7228830) v.s. (1,5575091)
142th: bestScore=(1,7228830) v.s. (1,5429700)
143th: bestScore=(1,7228830) v.s. (1,6075112)
144th: bestScore=(1,7228830) v.s. (1,5497448)
145th: bestScore=(1,7228830) v.s. (1,5530266)
146th: bestScore=(1,7228830) v.s. (1,6201753)
147th: bestScore=(1,7228830) v.s. (1,6197151)
148th: bestScore=(1,7228830) v.s. (1,5434848)
149th: bestScore=(1,7228830) v.s. (1,5902932)
150th: bestScore=(1,7228830) v.s. (1,5097461)
151th: bestScore=(1,7228830) v.s. (1,5913005)
152th: bestScore=(1,7228830) v.s. (1,5463770)
153th: bestScore=(1,7228830) v.s. (1,5695858)
154th: bestScore=(1,7228830) v.s. (1,5426176)
155th: bestScore=(1,7228830) v.s. (1,5345356)
156th: bestScore=(1,7228830) v.s. (1,5390385)
157th: bestScore=(1,7228830) v.s. (1,5339549)
158th: bestScore=(1,7228830) v.s. (1,5199667)
159th: bestScore=(1,7228830) v.s. (1,6087731)
160th: bestScore=(1,7228830) v.s. (1,5901583)
161th: bestScore=(1,7228830) v.s. (1,5291893)
162th: bestScore=(1,7228830) v.s. (1,6052669)
163th: bestScore=(1,7228830) v.s. (1,5560797)
164th: bestScore=(1,7228830) v.s. (1,5485442)
165th: bestScore=(1,7228830) v.s. (1,5666845)
166th: bestScore=(1,7228830) v.s. (1,6010947)
167th: bestScore=(1,7228830) v.s. (1,5569316)
168th: bestScore=(1,7228830) v.s. (1,6342196)
169th: bestScore=(1,7228830) v.s. (1,5055129)
170th: bestScore=(1,7228830) v.s. (1,5860360)
171th: bestScore=(1,7228830) v.s. (1,5824780)
172th: bestScore=(1,7228830) v.s. (1,5675879)
173th: bestScore=(1,7228830) v.s. (1,5026432)
174th: bestScore=(1,7228830) v.s. (1,5513996)
175th: bestScore=(1,7228830) v.s. (1,5166664)
176th: bestScore=(1,7228830) v.s. (1,5769300)
177th: bestScore=(1,7228830) v.s. (1,6045530)
178th: bestScore=(1,7228830) v.s. (1,5227624)
179th: bestScore=(1,7228830) v.s. (1,4760805)
180th: bestScore=(1,7228830) v.s. (1,5621465)
181th: bestScore=(1,7228830) v.s. (1,5817588)
182th: bestScore=(1,7228830) v.s. (1,5696150)
183th: bestScore=(1,7228830) v.s. (1,5605309)
184th: bestScore=(1,7228830) v.s. (1,5680760)
185th: bestScore=(1,7228830) v.s. (1,5861607)
186th: bestScore=(1,7228830) v.s. (1,5355454)
187th: bestScore=(1,7228830) v.s. (1,5955691)
188th: bestScore=(1,7228830) v.s. (1,5896849)
189th: bestScore=(1,7228830) v.s. (1,5592044)
190th: bestScore=(1,7228830) v.s. (1,6793663)
191th: bestScore=(1,7228830) v.s. (1,5102719)
192th: bestScore=(1,7228830) v.s. (1,6406460)
193th: bestScore=(1,7228830) v.s. (1,5473726)
194th: bestScore=(1,7228830) v.s. (1,5874113)
195th: bestScore=(1,7228830) v.s. (1,5154199)
196th: bestScore=(1,7228830) v.s. (1,5955023)
197th: bestScore=(1,7228830) v.s. (1,5442128)
198th: bestScore=(1,7228830) v.s. (1,5943578)
199th: bestScore=(1,7228830) v.s. (1,5810489)
score = (1,7228830)
