0th: bestScore=(0,-1) v.s. (1,17645408)
1th: bestScore=(1,17645408) v.s. (1,17232775)
2th: bestScore=(1,17645408) v.s. (1,17983551)
3th: bestScore=(1,17983551) v.s. (1,17416581)
4th: bestScore=(1,17983551) v.s. (1,20116208)
5th: bestScore=(1,20116208) v.s. (1,19662723)
6th: bestScore=(1,20116208) v.s. (1,20590982)
7th: bestScore=(1,20590982) v.s. (1,17818089)
8th: bestScore=(1,20590982) v.s. (1,18015290)
9th: bestScore=(1,20590982) v.s. (1,17460238)
10th: bestScore=(1,20590982) v.s. (1,18956253)
11th: bestScore=(1,20590982) v.s. (1,18303523)
12th: bestScore=(1,20590982) v.s. (1,19443992)
13th: bestScore=(1,20590982) v.s. (1,17436901)
14th: bestScore=(1,20590982) v.s. (1,18464685)
15th: bestScore=(1,20590982) v.s. (1,20465677)
16th: bestScore=(1,20590982) v.s. (1,19171688)
17th: bestScore=(1,20590982) v.s. (1,18087998)
18th: bestScore=(1,20590982) v.s. (1,19650159)
19th: bestScore=(1,20590982) v.s. (1,17181006)
20th: bestScore=(1,20590982) v.s. (1,18835866)
21th: bestScore=(1,20590982) v.s. (1,20521199)
22th: bestScore=(1,20590982) v.s. (1,19309132)
23th: bestScore=(1,20590982) v.s. (1,20061125)
24th: bestScore=(1,20590982) v.s. (1,17080475)
25th: bestScore=(1,20590982) v.s. (1,19164074)
26th: bestScore=(1,20590982) v.s. (1,18024510)
27th: bestScore=(1,20590982) v.s. (1,16322234)
28th: bestScore=(1,20590982) v.s. (1,17419019)
29th: bestScore=(1,20590982) v.s. (1,18729550)
30th: bestScore=(1,20590982) v.s. (1,19461729)
31th: bestScore=(1,20590982) v.s. (1,19581921)
32th: bestScore=(1,20590982) v.s. (1,17959068)
33th: bestScore=(1,20590982) v.s. (1,18940420)
34th: bestScore=(1,20590982) v.s. (1,19560848)
35th: bestScore=(1,20590982) v.s. (1,19354611)
36th: bestScore=(1,20590982) v.s. (1,21991666)
37th: bestScore=(1,21991666) v.s. (1,19532958)
38th: bestScore=(1,21991666) v.s. (1,18342841)
39th: bestScore=(1,21991666) v.s. (1,18424708)
40th: bestScore=(1,21991666) v.s. (1,16596943)
41th: bestScore=(1,21991666) v.s. (1,19374196)
42th: bestScore=(1,21991666) v.s. (1,19070912)
43th: bestScore=(1,21991666) v.s. (1,22153680)
44th: bestScore=(1,22153680) v.s. (1,17921038)
45th: bestScore=(1,22153680) v.s. (1,19662262)
46th: bestScore=(1,22153680) v.s. (1,17697635)
47th: bestScore=(1,22153680) v.s. (1,19846328)
48th: bestScore=(1,22153680) v.s. (1,16563649)
49th: bestScore=(1,22153680) v.s. (1,20403736)
50th: bestScore=(1,22153680) v.s. (1,18763710)
51th: bestScore=(1,22153680) v.s. (1,18818284)
52th: bestScore=(1,22153680) v.s. (1,19274041)
53th: bestScore=(1,22153680) v.s. (1,17932561)
54th: bestScore=(1,22153680) v.s. (1,18925935)
55th: bestScore=(1,22153680) v.s. (1,18660902)
56th: bestScore=(1,22153680) v.s. (1,20086049)
57th: bestScore=(1,22153680) v.s. (1,16307701)
58th: bestScore=(1,22153680) v.s. (1,19013585)
59th: bestScore=(1,22153680) v.s. (1,17847741)
60th: bestScore=(1,22153680) v.s. (1,17908526)
61th: bestScore=(1,22153680) v.s. (1,16360003)
62th: bestScore=(1,22153680) v.s. (1,20169199)
63th: bestScore=(1,22153680) v.s. (1,18346794)
64th: bestScore=(1,22153680) v.s. (1,19473733)
65th: bestScore=(1,22153680) v.s. (1,18851641)
66th: bestScore=(1,22153680) v.s. (1,18866546)
67th: bestScore=(1,22153680) v.s. (1,17772236)
68th: bestScore=(1,22153680) v.s. (1,18051428)
69th: bestScore=(1,22153680) v.s. (1,19950640)
70th: bestScore=(1,22153680) v.s. (1,18654807)
71th: bestScore=(1,22153680) v.s. (1,19161326)
72th: bestScore=(1,22153680) v.s. (1,19026199)
73th: bestScore=(1,22153680) v.s. (1,20720599)
74th: bestScore=(1,22153680) v.s. (1,17385924)
75th: bestScore=(1,22153680) v.s. (1,20787165)
76th: bestScore=(1,22153680) v.s. (1,19890051)
77th: bestScore=(1,22153680) v.s. (1,17205644)
78th: bestScore=(1,22153680) v.s. (1,19321387)
79th: bestScore=(1,22153680) v.s. (1,20630846)
80th: bestScore=(1,22153680) v.s. (1,18885672)
81th: bestScore=(1,22153680) v.s. (1,20087129)
82th: bestScore=(1,22153680) v.s. (1,17258244)
83th: bestScore=(1,22153680) v.s. (1,19084090)
84th: bestScore=(1,22153680) v.s. (1,17901763)
85th: bestScore=(1,22153680) v.s. (1,17195945)
86th: bestScore=(1,22153680) v.s. (1,18790679)
87th: bestScore=(1,22153680) v.s. (1,17824384)
88th: bestScore=(1,22153680) v.s. (1,18964034)
89th: bestScore=(1,22153680) v.s. (1,20844460)
90th: bestScore=(1,22153680) v.s. (1,17168086)
91th: bestScore=(1,22153680) v.s. (1,19776470)
92th: bestScore=(1,22153680) v.s. (1,18351634)
93th: bestScore=(1,22153680) v.s. (1,16656025)
94th: bestScore=(1,22153680) v.s. (1,18413479)
95th: bestScore=(1,22153680) v.s. (1,16933974)
96th: bestScore=(1,22153680) v.s. (1,18925107)
97th: bestScore=(1,22153680) v.s. (1,17522873)
98th: bestScore=(1,22153680) v.s. (1,19989745)
99th: bestScore=(1,22153680) v.s. (1,17181774)
100th: bestScore=(1,22153680) v.s. (1,16998856)
101th: bestScore=(1,22153680) v.s. (1,19305810)
102th: bestScore=(1,22153680) v.s. (1,18735089)
103th: bestScore=(1,22153680) v.s. (1,17892109)
104th: bestScore=(1,22153680) v.s. (1,19607086)
105th: bestScore=(1,22153680) v.s. (1,17674513)
106th: bestScore=(1,22153680) v.s. (1,17640076)
107th: bestScore=(1,22153680) v.s. (1,18741072)
108th: bestScore=(1,22153680) v.s. (1,17510742)
109th: bestScore=(1,22153680) v.s. (1,18495997)
110th: bestScore=(1,22153680) v.s. (1,17950395)
111th: bestScore=(1,22153680) v.s. (1,17405127)
112th: bestScore=(1,22153680) v.s. (1,17399102)
113th: bestScore=(1,22153680) v.s. (1,17457046)
114th: bestScore=(1,22153680) v.s. (1,18644049)
115th: bestScore=(1,22153680) v.s. (1,18724226)
116th: bestScore=(1,22153680) v.s. (1,17496633)
117th: bestScore=(1,22153680) v.s. (1,16429338)
118th: bestScore=(1,22153680) v.s. (1,19097262)
119th: bestScore=(1,22153680) v.s. (1,18678378)
120th: bestScore=(1,22153680) v.s. (1,16168997)
121th: bestScore=(1,22153680) v.s. (1,17146049)
122th: bestScore=(1,22153680) v.s. (1,18354288)
123th: bestScore=(1,22153680) v.s. (1,20874216)
124th: bestScore=(1,22153680) v.s. (1,18402051)
125th: bestScore=(1,22153680) v.s. (1,19462033)
126th: bestScore=(1,22153680) v.s. (1,18690150)
127th: bestScore=(1,22153680) v.s. (1,20014607)
128th: bestScore=(1,22153680) v.s. (1,21321376)
129th: bestScore=(1,22153680) v.s. (1,17905510)
130th: bestScore=(1,22153680) v.s. (1,17081640)
131th: bestScore=(1,22153680) v.s. (1,15019745)
132th: bestScore=(1,22153680) v.s. (1,18410648)
133th: bestScore=(1,22153680) v.s. (1,19712204)
134th: bestScore=(1,22153680) v.s. (1,16920693)
135th: bestScore=(1,22153680) v.s. (1,18234166)
136th: bestScore=(1,22153680) v.s. (1,18588961)
137th: bestScore=(1,22153680) v.s. (1,17963971)
138th: bestScore=(1,22153680) v.s. (1,18516502)
139th: bestScore=(1,22153680) v.s. (1,22302831)
140th: bestScore=(1,22302831) v.s. (1,21430845)
141th: bestScore=(1,22302831) v.s. (1,19002166)
142th: bestScore=(1,22302831) v.s. (1,20846114)
143th: bestScore=(1,22302831) v.s. (1,19841783)
144th: bestScore=(1,22302831) v.s. (1,19972239)
145th: bestScore=(1,22302831) v.s. (1,20269644)
146th: bestScore=(1,22302831) v.s. (1,18984578)
147th: bestScore=(1,22302831) v.s. (1,20892339)
148th: bestScore=(1,22302831) v.s. (1,20664771)
149th: bestScore=(1,22302831) v.s. (1,16310348)
150th: bestScore=(1,22302831) v.s. (1,17546941)
151th: bestScore=(1,22302831) v.s. (1,19807530)
152th: bestScore=(1,22302831) v.s. (1,16917747)
153th: bestScore=(1,22302831) v.s. (1,19056801)
154th: bestScore=(1,22302831) v.s. (1,17316301)
155th: bestScore=(1,22302831) v.s. (1,17004890)
156th: bestScore=(1,22302831) v.s. (1,16423756)
157th: bestScore=(1,22302831) v.s. (1,19269847)
158th: bestScore=(1,22302831) v.s. (1,18294620)
159th: bestScore=(1,22302831) v.s. (1,17567087)
160th: bestScore=(1,22302831) v.s. (1,15750921)
161th: bestScore=(1,22302831) v.s. (1,17713936)
162th: bestScore=(1,22302831) v.s. (1,17956770)
163th: bestScore=(1,22302831) v.s. (1,19655695)
164th: bestScore=(1,22302831) v.s. (1,17303677)
165th: bestScore=(1,22302831) v.s. (1,19600966)
166th: bestScore=(1,22302831) v.s. (1,17872986)
167th: bestScore=(1,22302831) v.s. (1,19586272)
168th: bestScore=(1,22302831) v.s. (1,16700591)
169th: bestScore=(1,22302831) v.s. (1,20152699)
170th: bestScore=(1,22302831) v.s. (1,20408157)
171th: bestScore=(1,22302831) v.s. (1,16816280)
172th: bestScore=(1,22302831) v.s. (1,18422505)
173th: bestScore=(1,22302831) v.s. (1,16446663)
174th: bestScore=(1,22302831) v.s. (1,20047225)
175th: bestScore=(1,22302831) v.s. (1,23371540)
176th: bestScore=(1,23371540) v.s. (1,21396386)
177th: bestScore=(1,23371540) v.s. (1,16424695)
178th: bestScore=(1,23371540) v.s. (1,20730905)
179th: bestScore=(1,23371540) v.s. (1,19103536)
180th: bestScore=(1,23371540) v.s. (1,16527844)
181th: bestScore=(1,23371540) v.s. (1,18530058)
182th: bestScore=(1,23371540) v.s. (1,17531143)
183th: bestScore=(1,23371540) v.s. (1,17291145)
184th: bestScore=(1,23371540) v.s. (1,21551856)
185th: bestScore=(1,23371540) v.s. (1,17088283)
186th: bestScore=(1,23371540) v.s. (1,18017181)
187th: bestScore=(1,23371540) v.s. (1,16508517)
188th: bestScore=(1,23371540) v.s. (1,19848102)
189th: bestScore=(1,23371540) v.s. (1,22625689)
190th: bestScore=(1,23371540) v.s. (1,19345429)
191th: bestScore=(1,23371540) v.s. (1,19289496)
192th: bestScore=(1,23371540) v.s. (1,18765356)
193th: bestScore=(1,23371540) v.s. (1,17997630)
194th: bestScore=(1,23371540) v.s. (1,17780627)
195th: bestScore=(1,23371540) v.s. (1,18009069)
196th: bestScore=(1,23371540) v.s. (1,20033907)
197th: bestScore=(1,23371540) v.s. (1,17726351)
198th: bestScore=(1,23371540) v.s. (1,22763251)
199th: bestScore=(1,23371540) v.s. (1,18861500)
score = (1,23371540)
