0th: bestScore=(0,-1) v.s. (1,9607446)
1th: bestScore=(1,9607446) v.s. (1,8827098)
2th: bestScore=(1,9607446) v.s. (1,7705462)
3th: bestScore=(1,9607446) v.s. (1,7873980)
4th: bestScore=(1,9607446) v.s. (1,11264262)
5th: bestScore=(1,11264262) v.s. (1,7041356)
6th: bestScore=(1,11264262) v.s. (1,9649421)
7th: bestScore=(1,11264262) v.s. (1,8352923)
8th: bestScore=(1,11264262) v.s. (1,9890094)
9th: bestScore=(1,11264262) v.s. (1,8540018)
10th: bestScore=(1,11264262) v.s. (1,8736309)
11th: bestScore=(1,11264262) v.s. (1,10434162)
12th: bestScore=(1,11264262) v.s. (1,10088188)
13th: bestScore=(1,11264262) v.s. (1,9909648)
14th: bestScore=(1,11264262) v.s. (1,10071249)
15th: bestScore=(1,11264262) v.s. (1,9242106)
16th: bestScore=(1,11264262) v.s. (1,8848012)
17th: bestScore=(1,11264262) v.s. (1,11020077)
18th: bestScore=(1,11264262) v.s. (1,10424773)
19th: bestScore=(1,11264262) v.s. (1,9842689)
20th: bestScore=(1,11264262) v.s. (1,9789400)
21th: bestScore=(1,11264262) v.s. (1,10924781)
22th: bestScore=(1,11264262) v.s. (1,10042916)
23th: bestScore=(1,11264262) v.s. (1,10629244)
24th: bestScore=(1,11264262) v.s. (1,11317500)
25th: bestScore=(1,11317500) v.s. (1,10074499)
26th: bestScore=(1,11317500) v.s. (1,9005604)
27th: bestScore=(1,11317500) v.s. (1,10335651)
28th: bestScore=(1,11317500) v.s. (1,10610169)
29th: bestScore=(1,11317500) v.s. (1,9057981)
30th: bestScore=(1,11317500) v.s. (1,10302414)
31th: bestScore=(1,11317500) v.s. (1,8596962)
32th: bestScore=(1,11317500) v.s. (1,9684127)
33th: bestScore=(1,11317500) v.s. (1,10272025)
34th: bestScore=(1,11317500) v.s. (1,12159918)
35th: bestScore=(1,12159918) v.s. (1,9890086)
36th: bestScore=(1,12159918) v.s. (1,10634963)
37th: bestScore=(1,12159918) v.s. (1,10494790)
38th: bestScore=(1,12159918) v.s. (1,9222237)
39th: bestScore=(1,12159918) v.s. (1,10442940)
40th: bestScore=(1,12159918) v.s. (1,9314417)
41th: bestScore=(1,12159918) v.s. (1,9874578)
42th: bestScore=(1,12159918) v.s. (1,7639877)
43th: bestScore=(1,12159918) v.s. (1,9415210)
44th: bestScore=(1,12159918) v.s. (1,9720510)
45th: bestScore=(1,12159918) v.s. (1,10019645)
46th: bestScore=(1,12159918) v.s. (1,11185298)
47th: bestScore=(1,12159918) v.s. (1,10382688)
48th: bestScore=(1,12159918) v.s. (1,10843335)
49th: bestScore=(1,12159918) v.s. (1,10402635)
50th: bestScore=(1,12159918) v.s. (1,10720848)
51th: bestScore=(1,12159918) v.s. (1,10110915)
52th: bestScore=(1,12159918) v.s. (1,10304607)
53th: bestScore=(1,12159918) v.s. (1,9590995)
54th: bestScore=(1,12159918) v.s. (1,10160448)
55th: bestScore=(1,12159918) v.s. (1,11287712)
56th: bestScore=(1,12159918) v.s. (1,10099961)
57th: bestScore=(1,12159918) v.s. (1,11516243)
58th: bestScore=(1,12159918) v.s. (1,10471423)
59th: bestScore=(1,12159918) v.s. (1,9807150)
60th: bestScore=(1,12159918) v.s. (1,8925136)
61th: bestScore=(1,12159918) v.s. (1,9591875)
62th: bestScore=(1,12159918) v.s. (1,9034282)
63th: bestScore=(1,12159918) v.s. (1,9792621)
64th: bestScore=(1,12159918) v.s. (1,10404495)
65th: bestScore=(1,12159918) v.s. (1,11185886)
66th: bestScore=(1,12159918) v.s. (1,10063404)
67th: bestScore=(1,12159918) v.s. (1,9595459)
68th: bestScore=(1,12159918) v.s. (1,8911788)
69th: bestScore=(1,12159918) v.s. (1,9541856)
70th: bestScore=(1,12159918) v.s. (1,8346490)
71th: bestScore=(1,12159918) v.s. (1,11059391)
72th: bestScore=(1,12159918) v.s. (1,8119727)
73th: bestScore=(1,12159918) v.s. (1,9153260)
74th: bestScore=(1,12159918) v.s. (1,8324692)
75th: bestScore=(1,12159918) v.s. (1,9948535)
76th: bestScore=(1,12159918) v.s. (1,8710681)
77th: bestScore=(1,12159918) v.s. (1,10185306)
78th: bestScore=(1,12159918) v.s. (1,9502203)
79th: bestScore=(1,12159918) v.s. (1,10477854)
80th: bestScore=(1,12159918) v.s. (1,8211635)
81th: bestScore=(1,12159918) v.s. (1,9139509)
82th: bestScore=(1,12159918) v.s. (1,8881810)
83th: bestScore=(1,12159918) v.s. (1,10575442)
84th: bestScore=(1,12159918) v.s. (1,10434243)
85th: bestScore=(1,12159918) v.s. (1,9114681)
86th: bestScore=(1,12159918) v.s. (1,9501978)
87th: bestScore=(1,12159918) v.s. (1,9544381)
88th: bestScore=(1,12159918) v.s. (1,9843046)
89th: bestScore=(1,12159918) v.s. (1,8126757)
90th: bestScore=(1,12159918) v.s. (1,9800974)
91th: bestScore=(1,12159918) v.s. (1,7913340)
92th: bestScore=(1,12159918) v.s. (1,10144126)
93th: bestScore=(1,12159918) v.s. (1,10249535)
94th: bestScore=(1,12159918) v.s. (1,9363266)
95th: bestScore=(1,12159918) v.s. (1,8388797)
96th: bestScore=(1,12159918) v.s. (1,9400843)
97th: bestScore=(1,12159918) v.s. (1,7941476)
98th: bestScore=(1,12159918) v.s. (1,9913513)
99th: bestScore=(1,12159918) v.s. (1,9509467)
100th: bestScore=(1,12159918) v.s. (1,10832501)
101th: bestScore=(1,12159918) v.s. (1,9502225)
102th: bestScore=(1,12159918) v.s. (1,9925815)
103th: bestScore=(1,12159918) v.s. (1,10421502)
104th: bestScore=(1,12159918) v.s. (1,10750107)
105th: bestScore=(1,12159918) v.s. (1,11705101)
106th: bestScore=(1,12159918) v.s. (1,12424666)
107th: bestScore=(1,12424666) v.s. (1,10504916)
108th: bestScore=(1,12424666) v.s. (1,9506392)
109th: bestScore=(1,12424666) v.s. (1,9951997)
110th: bestScore=(1,12424666) v.s. (1,10579856)
111th: bestScore=(1,12424666) v.s. (1,8969673)
112th: bestScore=(1,12424666) v.s. (1,10071110)
113th: bestScore=(1,12424666) v.s. (1,9402461)
114th: bestScore=(1,12424666) v.s. (1,10109798)
115th: bestScore=(1,12424666) v.s. (1,10301952)
116th: bestScore=(1,12424666) v.s. (1,10756642)
117th: bestScore=(1,12424666) v.s. (1,10104910)
118th: bestScore=(1,12424666) v.s. (1,8113792)
119th: bestScore=(1,12424666) v.s. (1,9626607)
120th: bestScore=(1,12424666) v.s. (1,10804634)
121th: bestScore=(1,12424666) v.s. (1,7844637)
122th: bestScore=(1,12424666) v.s. (1,10114067)
123th: bestScore=(1,12424666) v.s. (1,10286828)
124th: bestScore=(1,12424666) v.s. (1,11565157)
125th: bestScore=(1,12424666) v.s. (1,9963672)
126th: bestScore=(1,12424666) v.s. (1,12138274)
127th: bestScore=(1,12424666) v.s. (1,8586727)
128th: bestScore=(1,12424666) v.s. (1,9207006)
129th: bestScore=(1,12424666) v.s. (1,9166434)
130th: bestScore=(1,12424666) v.s. (1,9445471)
131th: bestScore=(1,12424666) v.s. (1,12198501)
132th: bestScore=(1,12424666) v.s. (1,11070643)
133th: bestScore=(1,12424666) v.s. (1,9130987)
134th: bestScore=(1,12424666) v.s. (1,8171466)
135th: bestScore=(1,12424666) v.s. (1,10562318)
136th: bestScore=(1,12424666) v.s. (1,10716805)
137th: bestScore=(1,12424666) v.s. (1,10621973)
138th: bestScore=(1,12424666) v.s. (1,8749937)
139th: bestScore=(1,12424666) v.s. (1,8731954)
140th: bestScore=(1,12424666) v.s. (1,9501806)
141th: bestScore=(1,12424666) v.s. (1,8173400)
142th: bestScore=(1,12424666) v.s. (1,10782871)
143th: bestScore=(1,12424666) v.s. (1,12982090)
144th: bestScore=(1,12982090) v.s. (1,9303558)
145th: bestScore=(1,12982090) v.s. (1,11669614)
146th: bestScore=(1,12982090) v.s. (1,8880956)
147th: bestScore=(1,12982090) v.s. (1,10422880)
148th: bestScore=(1,12982090) v.s. (1,8947867)
149th: bestScore=(1,12982090) v.s. (1,8465666)
150th: bestScore=(1,12982090) v.s. (1,8643605)
151th: bestScore=(1,12982090) v.s. (1,11087192)
152th: bestScore=(1,12982090) v.s. (1,9546644)
153th: bestScore=(1,12982090) v.s. (1,8882153)
154th: bestScore=(1,12982090) v.s. (1,10537542)
155th: bestScore=(1,12982090) v.s. (1,12638408)
156th: bestScore=(1,12982090) v.s. (1,9180944)
157th: bestScore=(1,12982090) v.s. (1,10782381)
158th: bestScore=(1,12982090) v.s. (1,9796323)
159th: bestScore=(1,12982090) v.s. (1,8827801)
160th: bestScore=(1,12982090) v.s. (1,9758911)
161th: bestScore=(1,12982090) v.s. (1,11522550)
162th: bestScore=(1,12982090) v.s. (1,10545185)
163th: bestScore=(1,12982090) v.s. (1,9149146)
164th: bestScore=(1,12982090) v.s. (1,7592571)
165th: bestScore=(1,12982090) v.s. (1,12189627)
166th: bestScore=(1,12982090) v.s. (1,10176381)
167th: bestScore=(1,12982090) v.s. (1,10714567)
168th: bestScore=(1,12982090) v.s. (1,10073727)
169th: bestScore=(1,12982090) v.s. (1,10477788)
170th: bestScore=(1,12982090) v.s. (1,10047784)
171th: bestScore=(1,12982090) v.s. (1,10288421)
172th: bestScore=(1,12982090) v.s. (1,8741636)
173th: bestScore=(1,12982090) v.s. (1,8731709)
174th: bestScore=(1,12982090) v.s. (1,11516526)
175th: bestScore=(1,12982090) v.s. (1,9808959)
176th: bestScore=(1,12982090) v.s. (1,9827139)
177th: bestScore=(1,12982090) v.s. (1,8540061)
178th: bestScore=(1,12982090) v.s. (1,7838362)
179th: bestScore=(1,12982090) v.s. (1,8046849)
180th: bestScore=(1,12982090) v.s. (1,9653966)
181th: bestScore=(1,12982090) v.s. (1,10419512)
182th: bestScore=(1,12982090) v.s. (1,8721854)
183th: bestScore=(1,12982090) v.s. (1,8095921)
184th: bestScore=(1,12982090) v.s. (1,10589054)
185th: bestScore=(1,12982090) v.s. (1,10529233)
186th: bestScore=(1,12982090) v.s. (1,8948331)
187th: bestScore=(1,12982090) v.s. (1,9511400)
188th: bestScore=(1,12982090) v.s. (1,9377341)
189th: bestScore=(1,12982090) v.s. (1,8931950)
190th: bestScore=(1,12982090) v.s. (1,7807905)
191th: bestScore=(1,12982090) v.s. (1,10108447)
192th: bestScore=(1,12982090) v.s. (1,9885257)
193th: bestScore=(1,12982090) v.s. (1,10486040)
194th: bestScore=(1,12982090) v.s. (1,8415461)
195th: bestScore=(1,12982090) v.s. (1,9524456)
196th: bestScore=(1,12982090) v.s. (1,11721645)
197th: bestScore=(1,12982090) v.s. (1,12173597)
198th: bestScore=(1,12982090) v.s. (1,8866885)
199th: bestScore=(1,12982090) v.s. (1,9943247)
score = (1,12982090)
