0th: bestScore=(0,-1) v.s. (1,13717923)
1th: bestScore=(1,13717923) v.s. (1,12436479)
2th: bestScore=(1,13717923) v.s. (1,10892586)
3th: bestScore=(1,13717923) v.s. (1,12203196)
4th: bestScore=(1,13717923) v.s. (1,14335514)
5th: bestScore=(1,14335514) v.s. (1,11996626)
6th: bestScore=(1,14335514) v.s. (1,11458353)
7th: bestScore=(1,14335514) v.s. (1,13008364)
8th: bestScore=(1,14335514) v.s. (1,13480910)
9th: bestScore=(1,14335514) v.s. (1,15005219)
10th: bestScore=(1,15005219) v.s. (1,14205292)
11th: bestScore=(1,15005219) v.s. (1,12341100)
12th: bestScore=(1,15005219) v.s. (1,13962806)
13th: bestScore=(1,15005219) v.s. (1,13512137)
14th: bestScore=(1,15005219) v.s. (1,14051469)
15th: bestScore=(1,15005219) v.s. (1,12281673)
16th: bestScore=(1,15005219) v.s. (1,12694981)
17th: bestScore=(1,15005219) v.s. (1,11393037)
18th: bestScore=(1,15005219) v.s. (1,13936141)
19th: bestScore=(1,15005219) v.s. (1,13039739)
20th: bestScore=(1,15005219) v.s. (1,12756302)
21th: bestScore=(1,15005219) v.s. (1,12150149)
22th: bestScore=(1,15005219) v.s. (1,11827627)
23th: bestScore=(1,15005219) v.s. (1,14360392)
24th: bestScore=(1,15005219) v.s. (1,12317790)
25th: bestScore=(1,15005219) v.s. (1,14910737)
26th: bestScore=(1,15005219) v.s. (1,11858756)
27th: bestScore=(1,15005219) v.s. (1,11884625)
28th: bestScore=(1,15005219) v.s. (1,12551640)
29th: bestScore=(1,15005219) v.s. (1,15013032)
30th: bestScore=(1,15013032) v.s. (1,11022035)
31th: bestScore=(1,15013032) v.s. (1,14276395)
32th: bestScore=(1,15013032) v.s. (1,17806368)
33th: bestScore=(1,17806368) v.s. (1,10719110)
34th: bestScore=(1,17806368) v.s. (1,12445324)
35th: bestScore=(1,17806368) v.s. (1,13559083)
36th: bestScore=(1,17806368) v.s. (1,16147946)
37th: bestScore=(1,17806368) v.s. (1,14960376)
38th: bestScore=(1,17806368) v.s. (1,15286357)
39th: bestScore=(1,17806368) v.s. (1,12062797)
40th: bestScore=(1,17806368) v.s. (1,13229451)
41th: bestScore=(1,17806368) v.s. (1,11367093)
42th: bestScore=(1,17806368) v.s. (1,12584537)
43th: bestScore=(1,17806368) v.s. (1,13252615)
44th: bestScore=(1,17806368) v.s. (1,11308711)
45th: bestScore=(1,17806368) v.s. (1,13628665)
46th: bestScore=(1,17806368) v.s. (1,15379479)
47th: bestScore=(1,17806368) v.s. (1,14477847)
48th: bestScore=(1,17806368) v.s. (1,12662236)
49th: bestScore=(1,17806368) v.s. (1,14170661)
50th: bestScore=(1,17806368) v.s. (1,16815514)
51th: bestScore=(1,17806368) v.s. (1,18876524)
52th: bestScore=(1,18876524) v.s. (1,11413810)
53th: bestScore=(1,18876524) v.s. (1,11625415)
54th: bestScore=(1,18876524) v.s. (1,15416054)
55th: bestScore=(1,18876524) v.s. (1,12918111)
56th: bestScore=(1,18876524) v.s. (1,13459928)
57th: bestScore=(1,18876524) v.s. (1,13592405)
58th: bestScore=(1,18876524) v.s. (1,12372222)
59th: bestScore=(1,18876524) v.s. (1,12402675)
60th: bestScore=(1,18876524) v.s. (1,13975274)
61th: bestScore=(1,18876524) v.s. (1,11140503)
62th: bestScore=(1,18876524) v.s. (1,13009400)
63th: bestScore=(1,18876524) v.s. (1,12356628)
64th: bestScore=(1,18876524) v.s. (1,12495718)
65th: bestScore=(1,18876524) v.s. (1,11825900)
66th: bestScore=(1,18876524) v.s. (1,14072611)
67th: bestScore=(1,18876524) v.s. (1,13893794)
68th: bestScore=(1,18876524) v.s. (1,11943216)
69th: bestScore=(1,18876524) v.s. (1,13618453)
70th: bestScore=(1,18876524) v.s. (1,12677673)
71th: bestScore=(1,18876524) v.s. (1,15881182)
72th: bestScore=(1,18876524) v.s. (1,14292479)
73th: bestScore=(1,18876524) v.s. (1,16743156)
74th: bestScore=(1,18876524) v.s. (1,13247206)
75th: bestScore=(1,18876524) v.s. (1,8830433)
76th: bestScore=(1,18876524) v.s. (1,11740711)
77th: bestScore=(1,18876524) v.s. (1,11278141)
78th: bestScore=(1,18876524) v.s. (1,11129873)
79th: bestScore=(1,18876524) v.s. (1,14423232)
80th: bestScore=(1,18876524) v.s. (1,10601338)
81th: bestScore=(1,18876524) v.s. (1,17655312)
82th: bestScore=(1,18876524) v.s. (1,9437747)
83th: bestScore=(1,18876524) v.s. (1,12810072)
84th: bestScore=(1,18876524) v.s. (1,11808644)
85th: bestScore=(1,18876524) v.s. (1,13407632)
86th: bestScore=(1,18876524) v.s. (1,9774315)
87th: bestScore=(1,18876524) v.s. (1,14304067)
88th: bestScore=(1,18876524) v.s. (1,12237387)
89th: bestScore=(1,18876524) v.s. (1,11896768)
90th: bestScore=(1,18876524) v.s. (1,14547989)
91th: bestScore=(1,18876524) v.s. (1,10054803)
92th: bestScore=(1,18876524) v.s. (1,11344663)
93th: bestScore=(1,18876524) v.s. (1,12963529)
94th: bestScore=(1,18876524) v.s. (1,12793619)
95th: bestScore=(1,18876524) v.s. (1,13445856)
96th: bestScore=(1,18876524) v.s. (1,13177806)
97th: bestScore=(1,18876524) v.s. (1,12620257)
98th: bestScore=(1,18876524) v.s. (1,12853195)
99th: bestScore=(1,18876524) v.s. (1,13051364)
100th: bestScore=(1,18876524) v.s. (1,14639887)
101th: bestScore=(1,18876524) v.s. (1,13803805)
102th: bestScore=(1,18876524) v.s. (1,13087781)
103th: bestScore=(1,18876524) v.s. (1,15067711)
104th: bestScore=(1,18876524) v.s. (1,11760078)
105th: bestScore=(1,18876524) v.s. (1,11746738)
106th: bestScore=(1,18876524) v.s. (1,11801835)
107th: bestScore=(1,18876524) v.s. (1,12684312)
108th: bestScore=(1,18876524) v.s. (1,14659248)
109th: bestScore=(1,18876524) v.s. (1,13513261)
110th: bestScore=(1,18876524) v.s. (1,15078578)
111th: bestScore=(1,18876524) v.s. (1,12968840)
112th: bestScore=(1,18876524) v.s. (1,12527273)
113th: bestScore=(1,18876524) v.s. (1,13483992)
114th: bestScore=(1,18876524) v.s. (1,11311842)
115th: bestScore=(1,18876524) v.s. (1,14350235)
116th: bestScore=(1,18876524) v.s. (1,12828056)
117th: bestScore=(1,18876524) v.s. (1,11421465)
118th: bestScore=(1,18876524) v.s. (1,14611360)
119th: bestScore=(1,18876524) v.s. (1,13934612)
120th: bestScore=(1,18876524) v.s. (1,11797605)
121th: bestScore=(1,18876524) v.s. (1,12198905)
122th: bestScore=(1,18876524) v.s. (1,13030462)
123th: bestScore=(1,18876524) v.s. (1,11485119)
124th: bestScore=(1,18876524) v.s. (1,12233572)
125th: bestScore=(1,18876524) v.s. (1,11748136)
126th: bestScore=(1,18876524) v.s. (1,13314652)
127th: bestScore=(1,18876524) v.s. (1,13116926)
128th: bestScore=(1,18876524) v.s. (1,9584177)
129th: bestScore=(1,18876524) v.s. (1,14633993)
130th: bestScore=(1,18876524) v.s. (1,12699385)
131th: bestScore=(1,18876524) v.s. (1,11689160)
132th: bestScore=(1,18876524) v.s. (1,11797458)
133th: bestScore=(1,18876524) v.s. (1,12890500)
134th: bestScore=(1,18876524) v.s. (1,11996508)
135th: bestScore=(1,18876524) v.s. (1,10551798)
136th: bestScore=(1,18876524) v.s. (1,14423085)
137th: bestScore=(1,18876524) v.s. (1,11932125)
138th: bestScore=(1,18876524) v.s. (1,14091328)
139th: bestScore=(1,18876524) v.s. (1,14520531)
140th: bestScore=(1,18876524) v.s. (1,12610695)
141th: bestScore=(1,18876524) v.s. (1,9743896)
142th: bestScore=(1,18876524) v.s. (1,11142053)
143th: bestScore=(1,18876524) v.s. (1,13367164)
144th: bestScore=(1,18876524) v.s. (1,12433328)
145th: bestScore=(1,18876524) v.s. (1,12427871)
146th: bestScore=(1,18876524) v.s. (1,14483267)
147th: bestScore=(1,18876524) v.s. (1,14030601)
148th: bestScore=(1,18876524) v.s. (1,14882377)
149th: bestScore=(1,18876524) v.s. (1,13425733)
150th: bestScore=(1,18876524) v.s. (1,13601335)
151th: bestScore=(1,18876524) v.s. (1,11551573)
152th: bestScore=(1,18876524) v.s. (1,13995953)
153th: bestScore=(1,18876524) v.s. (1,11678284)
154th: bestScore=(1,18876524) v.s. (1,12691290)
155th: bestScore=(1,18876524) v.s. (1,12398202)
156th: bestScore=(1,18876524) v.s. (1,8143324)
157th: bestScore=(1,18876524) v.s. (1,12772033)
158th: bestScore=(1,18876524) v.s. (1,12988943)
159th: bestScore=(1,18876524) v.s. (1,9977425)
160th: bestScore=(1,18876524) v.s. (1,12999962)
161th: bestScore=(1,18876524) v.s. (1,12368332)
162th: bestScore=(1,18876524) v.s. (1,15758617)
163th: bestScore=(1,18876524) v.s. (1,12186429)
164th: bestScore=(1,18876524) v.s. (1,15658174)
165th: bestScore=(1,18876524) v.s. (1,10871944)
166th: bestScore=(1,18876524) v.s. (1,14477329)
167th: bestScore=(1,18876524) v.s. (1,10231154)
168th: bestScore=(1,18876524) v.s. (1,13373957)
169th: bestScore=(1,18876524) v.s. (1,13737260)
170th: bestScore=(1,18876524) v.s. (1,8677199)
171th: bestScore=(1,18876524) v.s. (1,12479887)
172th: bestScore=(1,18876524) v.s. (1,13521864)
173th: bestScore=(1,18876524) v.s. (1,13035349)
174th: bestScore=(1,18876524) v.s. (1,14040216)
175th: bestScore=(1,18876524) v.s. (1,11406443)
176th: bestScore=(1,18876524) v.s. (1,12103408)
177th: bestScore=(1,18876524) v.s. (1,15145201)
178th: bestScore=(1,18876524) v.s. (1,13696928)
179th: bestScore=(1,18876524) v.s. (1,12155190)
180th: bestScore=(1,18876524) v.s. (1,14228617)
181th: bestScore=(1,18876524) v.s. (1,11890660)
182th: bestScore=(1,18876524) v.s. (1,15371484)
183th: bestScore=(1,18876524) v.s. (1,11477202)
184th: bestScore=(1,18876524) v.s. (1,11183021)
185th: bestScore=(1,18876524) v.s. (1,12941631)
186th: bestScore=(1,18876524) v.s. (1,13075145)
187th: bestScore=(1,18876524) v.s. (1,14221739)
188th: bestScore=(1,18876524) v.s. (1,13158404)
189th: bestScore=(1,18876524) v.s. (1,14545854)
190th: bestScore=(1,18876524) v.s. (1,10600865)
191th: bestScore=(1,18876524) v.s. (1,16195309)
192th: bestScore=(1,18876524) v.s. (1,9796123)
193th: bestScore=(1,18876524) v.s. (1,14651936)
194th: bestScore=(1,18876524) v.s. (1,13400846)
195th: bestScore=(1,18876524) v.s. (1,11022346)
196th: bestScore=(1,18876524) v.s. (1,12103370)
197th: bestScore=(1,18876524) v.s. (1,11436484)
198th: bestScore=(1,18876524) v.s. (1,14592480)
199th: bestScore=(1,18876524) v.s. (1,12892329)
score = (1,18876524)
