0th: bestScore=(0,-1) v.s. (1,6479032)
1th: bestScore=(1,6479032) v.s. (1,5403289)
2th: bestScore=(1,6479032) v.s. (1,6516478)
3th: bestScore=(1,6516478) v.s. (1,5227261)
4th: bestScore=(1,6516478) v.s. (1,6909628)
5th: bestScore=(1,6909628) v.s. (1,6708810)
6th: bestScore=(1,6909628) v.s. (1,6350596)
7th: bestScore=(1,6909628) v.s. (1,6704167)
8th: bestScore=(1,6909628) v.s. (1,6584179)
9th: bestScore=(1,6909628) v.s. (1,6246021)
10th: bestScore=(1,6909628) v.s. (1,6273307)
11th: bestScore=(1,6909628) v.s. (1,6883325)
12th: bestScore=(1,6909628) v.s. (1,6120443)
13th: bestScore=(1,6909628) v.s. (1,6926572)
14th: bestScore=(1,6926572) v.s. (1,5611482)
15th: bestScore=(1,6926572) v.s. (1,6703380)
16th: bestScore=(1,6926572) v.s. (1,6297699)
17th: bestScore=(1,6926572) v.s. (1,5577655)
18th: bestScore=(1,6926572) v.s. (1,5805336)
19th: bestScore=(1,6926572) v.s. (1,6506224)
20th: bestScore=(1,6926572) v.s. (1,5777744)
21th: bestScore=(1,6926572) v.s. (1,5949237)
22th: bestScore=(1,6926572) v.s. (1,6356663)
23th: bestScore=(1,6926572) v.s. (1,6152404)
24th: bestScore=(1,6926572) v.s. (1,6596394)
25th: bestScore=(1,6926572) v.s. (1,6376611)
26th: bestScore=(1,6926572) v.s. (1,6935542)
27th: bestScore=(1,6935542) v.s. (1,5594856)
28th: bestScore=(1,6935542) v.s. (1,6097504)
29th: bestScore=(1,6935542) v.s. (1,6074942)
30th: bestScore=(1,6935542) v.s. (1,6205443)
31th: bestScore=(1,6935542) v.s. (1,6847633)
32th: bestScore=(1,6935542) v.s. (1,6855735)
33th: bestScore=(1,6935542) v.s. (1,6299684)
34th: bestScore=(1,6935542) v.s. (1,6082155)
35th: bestScore=(1,6935542) v.s. (1,6932935)
36th: bestScore=(1,6935542) v.s. (1,6153799)
37th: bestScore=(1,6935542) v.s. (1,6444495)
38th: bestScore=(1,6935542) v.s. (1,6118617)
39th: bestScore=(1,6935542) v.s. (1,6238082)
40th: bestScore=(1,6935542) v.s. (1,5481016)
41th: bestScore=(1,6935542) v.s. (1,5725390)
42th: bestScore=(1,6935542) v.s. (1,5973570)
43th: bestScore=(1,6935542) v.s. (1,6220308)
44th: bestScore=(1,6935542) v.s. (1,6725003)
45th: bestScore=(1,6935542) v.s. (1,6049692)
46th: bestScore=(1,6935542) v.s. (1,6690747)
47th: bestScore=(1,6935542) v.s. (1,6235709)
48th: bestScore=(1,6935542) v.s. (1,6409684)
49th: bestScore=(1,6935542) v.s. (1,5456299)
50th: bestScore=(1,6935542) v.s. (1,6654604)
51th: bestScore=(1,6935542) v.s. (1,5808375)
52th: bestScore=(1,6935542) v.s. (1,6176778)
53th: bestScore=(1,6935542) v.s. (1,6765313)
54th: bestScore=(1,6935542) v.s. (1,6104362)
55th: bestScore=(1,6935542) v.s. (1,6401171)
56th: bestScore=(1,6935542) v.s. (1,6194832)
57th: bestScore=(1,6935542) v.s. (1,6544915)
58th: bestScore=(1,6935542) v.s. (1,6497568)
59th: bestScore=(1,6935542) v.s. (1,6155901)
60th: bestScore=(1,6935542) v.s. (1,6618911)
61th: bestScore=(1,6935542) v.s. (1,5923744)
62th: bestScore=(1,6935542) v.s. (1,5980706)
63th: bestScore=(1,6935542) v.s. (1,6163800)
64th: bestScore=(1,6935542) v.s. (1,5955302)
65th: bestScore=(1,6935542) v.s. (1,6785508)
66th: bestScore=(1,6935542) v.s. (1,6212090)
67th: bestScore=(1,6935542) v.s. (1,6468458)
68th: bestScore=(1,6935542) v.s. (1,6417472)
69th: bestScore=(1,6935542) v.s. (1,6527848)
70th: bestScore=(1,6935542) v.s. (1,5701088)
71th: bestScore=(1,6935542) v.s. (1,7235603)
72th: bestScore=(1,7235603) v.s. (1,6681191)
73th: bestScore=(1,7235603) v.s. (1,5640131)
74th: bestScore=(1,7235603) v.s. (1,6479697)
75th: bestScore=(1,7235603) v.s. (1,6257026)
76th: bestScore=(1,7235603) v.s. (1,6448521)
77th: bestScore=(1,7235603) v.s. (1,6844588)
78th: bestScore=(1,7235603) v.s. (1,6669175)
79th: bestScore=(1,7235603) v.s. (1,5794195)
80th: bestScore=(1,7235603) v.s. (1,7214950)
81th: bestScore=(1,7235603) v.s. (1,6665072)
82th: bestScore=(1,7235603) v.s. (1,6629625)
83th: bestScore=(1,7235603) v.s. (1,6537494)
84th: bestScore=(1,7235603) v.s. (1,5695506)
85th: bestScore=(1,7235603) v.s. (1,5270220)
86th: bestScore=(1,7235603) v.s. (1,6675809)
87th: bestScore=(1,7235603) v.s. (1,6377545)
88th: bestScore=(1,7235603) v.s. (1,4923506)
89th: bestScore=(1,7235603) v.s. (1,7137175)
90th: bestScore=(1,7235603) v.s. (1,6452390)
91th: bestScore=(1,7235603) v.s. (1,5844012)
92th: bestScore=(1,7235603) v.s. (1,6342917)
93th: bestScore=(1,7235603) v.s. (1,6042536)
94th: bestScore=(1,7235603) v.s. (1,6128089)
95th: bestScore=(1,7235603) v.s. (1,5531294)
96th: bestScore=(1,7235603) v.s. (1,5584570)
97th: bestScore=(1,7235603) v.s. (1,6221549)
98th: bestScore=(1,7235603) v.s. (1,6111694)
99th: bestScore=(1,7235603) v.s. (1,6077424)
100th: bestScore=(1,7235603) v.s. (1,6090153)
101th: bestScore=(1,7235603) v.s. (1,6143727)
102th: bestScore=(1,7235603) v.s. (1,6399170)
103th: bestScore=(1,7235603) v.s. (1,5752507)
104th: bestScore=(1,7235603) v.s. (1,5901162)
105th: bestScore=(1,7235603) v.s. (1,5842249)
106th: bestScore=(1,7235603) v.s. (1,6283834)
107th: bestScore=(1,7235603) v.s. (1,6638977)
108th: bestScore=(1,7235603) v.s. (1,5810803)
109th: bestScore=(1,7235603) v.s. (1,6688318)
110th: bestScore=(1,7235603) v.s. (1,6922877)
111th: bestScore=(1,7235603) v.s. (1,5510832)
112th: bestScore=(1,7235603) v.s. (1,6215755)
113th: bestScore=(1,7235603) v.s. (1,5786201)
114th: bestScore=(1,7235603) v.s. (1,7144668)
115th: bestScore=(1,7235603) v.s. (1,6466346)
116th: bestScore=(1,7235603) v.s. (1,7350622)
117th: bestScore=(1,7350622) v.s. (1,5904174)
118th: bestScore=(1,7350622) v.s. (1,5703781)
119th: bestScore=(1,7350622) v.s. (1,6233755)
120th: bestScore=(1,7350622) v.s. (1,5080264)
121th: bestScore=(1,7350622) v.s. (1,6054064)
122th: bestScore=(1,7350622) v.s. (1,6333287)
123th: bestScore=(1,7350622) v.s. (1,6328066)
124th: bestScore=(1,7350622) v.s. (1,6027389)
125th: bestScore=(1,7350622) v.s. (1,6053807)
126th: bestScore=(1,7350622) v.s. (1,6203679)
127th: bestScore=(1,7350622) v.s. (1,6600375)
128th: bestScore=(1,7350622) v.s. (1,6296636)
129th: bestScore=(1,7350622) v.s. (1,5826965)
130th: bestScore=(1,7350622) v.s. (1,6657236)
131th: bestScore=(1,7350622) v.s. (1,5849782)
132th: bestScore=(1,7350622) v.s. (1,5928973)
133th: bestScore=(1,7350622) v.s. (1,6297482)
134th: bestScore=(1,7350622) v.s. (1,5700527)
135th: bestScore=(1,7350622) v.s. (1,6800512)
136th: bestScore=(1,7350622) v.s. (1,6311391)
137th: bestScore=(1,7350622) v.s. (1,6430732)
138th: bestScore=(1,7350622) v.s. (1,6515606)
139th: bestScore=(1,7350622) v.s. (1,6617039)
140th: bestScore=(1,7350622) v.s. (1,5824907)
141th: bestScore=(1,7350622) v.s. (1,5825365)
142th: bestScore=(1,7350622) v.s. (1,6750627)
143th: bestScore=(1,7350622) v.s. (1,5862349)
144th: bestScore=(1,7350622) v.s. (1,6879220)
145th: bestScore=(1,7350622) v.s. (1,5660974)
146th: bestScore=(1,7350622) v.s. (1,6294171)
147th: bestScore=(1,7350622) v.s. (1,6422550)
148th: bestScore=(1,7350622) v.s. (1,5755153)
149th: bestScore=(1,7350622) v.s. (1,6422557)
150th: bestScore=(1,7350622) v.s. (1,5641049)
151th: bestScore=(1,7350622) v.s. (1,5196290)
152th: bestScore=(1,7350622) v.s. (1,7009084)
153th: bestScore=(1,7350622) v.s. (1,5254488)
154th: bestScore=(1,7350622) v.s. (1,6284810)
155th: bestScore=(1,7350622) v.s. (1,6060866)
156th: bestScore=(1,7350622) v.s. (1,6039844)
157th: bestScore=(1,7350622) v.s. (1,6721267)
158th: bestScore=(1,7350622) v.s. (1,6200966)
159th: bestScore=(1,7350622) v.s. (1,6533048)
160th: bestScore=(1,7350622) v.s. (1,5849583)
161th: bestScore=(1,7350622) v.s. (1,6598335)
162th: bestScore=(1,7350622) v.s. (1,6594419)
163th: bestScore=(1,7350622) v.s. (1,6292618)
164th: bestScore=(1,7350622) v.s. (1,5821724)
165th: bestScore=(1,7350622) v.s. (1,5882956)
166th: bestScore=(1,7350622) v.s. (1,6092940)
167th: bestScore=(1,7350622) v.s. (1,6570059)
168th: bestScore=(1,7350622) v.s. (1,6968950)
169th: bestScore=(1,7350622) v.s. (1,6425382)
170th: bestScore=(1,7350622) v.s. (1,6415049)
171th: bestScore=(1,7350622) v.s. (1,6120592)
172th: bestScore=(1,7350622) v.s. (1,6403473)
173th: bestScore=(1,7350622) v.s. (1,5975168)
174th: bestScore=(1,7350622) v.s. (1,6066542)
175th: bestScore=(1,7350622) v.s. (1,6758979)
176th: bestScore=(1,7350622) v.s. (1,5759787)
177th: bestScore=(1,7350622) v.s. (1,6407270)
178th: bestScore=(1,7350622) v.s. (1,6104169)
179th: bestScore=(1,7350622) v.s. (1,7368992)
180th: bestScore=(1,7368992) v.s. (1,6950278)
181th: bestScore=(1,7368992) v.s. (1,5869548)
182th: bestScore=(1,7368992) v.s. (1,6534334)
183th: bestScore=(1,7368992) v.s. (1,6487299)
184th: bestScore=(1,7368992) v.s. (1,6380613)
185th: bestScore=(1,7368992) v.s. (1,7041259)
186th: bestScore=(1,7368992) v.s. (1,6937518)
187th: bestScore=(1,7368992) v.s. (1,5548254)
188th: bestScore=(1,7368992) v.s. (1,6016406)
189th: bestScore=(1,7368992) v.s. (1,5692899)
190th: bestScore=(1,7368992) v.s. (1,6250366)
191th: bestScore=(1,7368992) v.s. (1,6098315)
192th: bestScore=(1,7368992) v.s. (1,5749794)
193th: bestScore=(1,7368992) v.s. (1,6727045)
194th: bestScore=(1,7368992) v.s. (1,6277306)
195th: bestScore=(1,7368992) v.s. (1,6232755)
196th: bestScore=(1,7368992) v.s. (1,5759881)
197th: bestScore=(1,7368992) v.s. (1,6460540)
198th: bestScore=(1,7368992) v.s. (1,6307149)
199th: bestScore=(1,7368992) v.s. (1,5748141)
score = (1,7368992)
