0th: bestScore=(0,-1) v.s. (1,7710920)
1th: bestScore=(1,7710920) v.s. (1,7555897)
2th: bestScore=(1,7710920) v.s. (1,8548714)
3th: bestScore=(1,8548714) v.s. (1,8527063)
4th: bestScore=(1,8548714) v.s. (1,7777451)
5th: bestScore=(1,8548714) v.s. (1,8215038)
6th: bestScore=(1,8548714) v.s. (1,7300968)
7th: bestScore=(1,8548714) v.s. (1,7209593)
8th: bestScore=(1,8548714) v.s. (1,8038146)
9th: bestScore=(1,8548714) v.s. (1,8078912)
10th: bestScore=(1,8548714) v.s. (1,7911590)
11th: bestScore=(1,8548714) v.s. (1,8107893)
12th: bestScore=(1,8548714) v.s. (1,7845182)
13th: bestScore=(1,8548714) v.s. (1,7155901)
14th: bestScore=(1,8548714) v.s. (1,7114225)
15th: bestScore=(1,8548714) v.s. (1,7869563)
16th: bestScore=(1,8548714) v.s. (1,7894979)
17th: bestScore=(1,8548714) v.s. (1,7800627)
18th: bestScore=(1,8548714) v.s. (1,8080877)
19th: bestScore=(1,8548714) v.s. (1,8814505)
20th: bestScore=(1,8814505) v.s. (1,8314553)
21th: bestScore=(1,8814505) v.s. (1,7210943)
22th: bestScore=(1,8814505) v.s. (1,7721202)
23th: bestScore=(1,8814505) v.s. (1,7882961)
24th: bestScore=(1,8814505) v.s. (1,7758760)
25th: bestScore=(1,8814505) v.s. (1,7418160)
26th: bestScore=(1,8814505) v.s. (1,7759037)
27th: bestScore=(1,8814505) v.s. (1,7373630)
28th: bestScore=(1,8814505) v.s. (1,7310382)
29th: bestScore=(1,8814505) v.s. (1,8028161)
30th: bestScore=(1,8814505) v.s. (1,7796969)
31th: bestScore=(1,8814505) v.s. (1,7472264)
32th: bestScore=(1,8814505) v.s. (1,7582107)
33th: bestScore=(1,8814505) v.s. (1,7774742)
34th: bestScore=(1,8814505) v.s. (1,7998970)
35th: bestScore=(1,8814505) v.s. (1,7973868)
36th: bestScore=(1,8814505) v.s. (1,7552517)
37th: bestScore=(1,8814505) v.s. (1,7458365)
38th: bestScore=(1,8814505) v.s. (1,7691273)
39th: bestScore=(1,8814505) v.s. (1,7762333)
40th: bestScore=(1,8814505) v.s. (1,7346023)
41th: bestScore=(1,8814505) v.s. (1,8492288)
42th: bestScore=(1,8814505) v.s. (1,7451594)
43th: bestScore=(1,8814505) v.s. (1,7732825)
44th: bestScore=(1,8814505) v.s. (1,8077921)
45th: bestScore=(1,8814505) v.s. (1,7477093)
46th: bestScore=(1,8814505) v.s. (1,8069180)
47th: bestScore=(1,8814505) v.s. (1,7781700)
48th: bestScore=(1,8814505) v.s. (1,8459147)
49th: bestScore=(1,8814505) v.s. (1,7898290)
50th: bestScore=(1,8814505) v.s. (1,8457968)
51th: bestScore=(1,8814505) v.s. (1,8708503)
52th: bestScore=(1,8814505) v.s. (1,8235419)
53th: bestScore=(1,8814505) v.s. (1,8252398)
54th: bestScore=(1,8814505) v.s. (1,7488874)
55th: bestScore=(1,8814505) v.s. (1,7414142)
56th: bestScore=(1,8814505) v.s. (1,8614783)
57th: bestScore=(1,8814505) v.s. (1,7922826)
58th: bestScore=(1,8814505) v.s. (1,7636759)
59th: bestScore=(1,8814505) v.s. (1,7502223)
60th: bestScore=(1,8814505) v.s. (1,8341974)
61th: bestScore=(1,8814505) v.s. (1,7752791)
62th: bestScore=(1,8814505) v.s. (1,8317500)
63th: bestScore=(1,8814505) v.s. (1,8297147)
64th: bestScore=(1,8814505) v.s. (1,8476781)
65th: bestScore=(1,8814505) v.s. (1,7642062)
66th: bestScore=(1,8814505) v.s. (1,6829323)
67th: bestScore=(1,8814505) v.s. (1,7688070)
68th: bestScore=(1,8814505) v.s. (1,7862871)
69th: bestScore=(1,8814505) v.s. (1,7828663)
70th: bestScore=(1,8814505) v.s. (1,7730859)
71th: bestScore=(1,8814505) v.s. (1,7151763)
72th: bestScore=(1,8814505) v.s. (1,7475597)
73th: bestScore=(1,8814505) v.s. (1,7733034)
74th: bestScore=(1,8814505) v.s. (1,7262832)
75th: bestScore=(1,8814505) v.s. (1,8538994)
76th: bestScore=(1,8814505) v.s. (1,7898755)
77th: bestScore=(1,8814505) v.s. (1,7334959)
78th: bestScore=(1,8814505) v.s. (1,7820125)
79th: bestScore=(1,8814505) v.s. (1,7670950)
80th: bestScore=(1,8814505) v.s. (1,8077724)
81th: bestScore=(1,8814505) v.s. (1,7379725)
82th: bestScore=(1,8814505) v.s. (1,8269381)
83th: bestScore=(1,8814505) v.s. (1,7108708)
84th: bestScore=(1,8814505) v.s. (1,7574193)
85th: bestScore=(1,8814505) v.s. (1,7536975)
86th: bestScore=(1,8814505) v.s. (1,7934419)
87th: bestScore=(1,8814505) v.s. (1,8647079)
88th: bestScore=(1,8814505) v.s. (1,7937836)
89th: bestScore=(1,8814505) v.s. (1,7839094)
90th: bestScore=(1,8814505) v.s. (1,7577475)
91th: bestScore=(1,8814505) v.s. (1,7606956)
92th: bestScore=(1,8814505) v.s. (1,8077519)
93th: bestScore=(1,8814505) v.s. (1,8720457)
94th: bestScore=(1,8814505) v.s. (1,7257185)
95th: bestScore=(1,8814505) v.s. (1,6943814)
96th: bestScore=(1,8814505) v.s. (1,8366247)
97th: bestScore=(1,8814505) v.s. (1,7639049)
98th: bestScore=(1,8814505) v.s. (1,7140221)
99th: bestScore=(1,8814505) v.s. (1,7771580)
100th: bestScore=(1,8814505) v.s. (1,7644983)
101th: bestScore=(1,8814505) v.s. (1,8683498)
102th: bestScore=(1,8814505) v.s. (1,8525915)
103th: bestScore=(1,8814505) v.s. (1,8811815)
104th: bestScore=(1,8814505) v.s. (1,8404288)
105th: bestScore=(1,8814505) v.s. (1,8658080)
106th: bestScore=(1,8814505) v.s. (1,7931020)
107th: bestScore=(1,8814505) v.s. (1,8265408)
108th: bestScore=(1,8814505) v.s. (1,7829800)
109th: bestScore=(1,8814505) v.s. (1,8700783)
110th: bestScore=(1,8814505) v.s. (1,7641261)
111th: bestScore=(1,8814505) v.s. (1,7253485)
112th: bestScore=(1,8814505) v.s. (1,8370261)
113th: bestScore=(1,8814505) v.s. (1,7732710)
114th: bestScore=(1,8814505) v.s. (1,7715479)
115th: bestScore=(1,8814505) v.s. (1,8444781)
116th: bestScore=(1,8814505) v.s. (1,7281797)
117th: bestScore=(1,8814505) v.s. (1,7427627)
118th: bestScore=(1,8814505) v.s. (1,7817861)
119th: bestScore=(1,8814505) v.s. (1,7759422)
120th: bestScore=(1,8814505) v.s. (1,8405983)
121th: bestScore=(1,8814505) v.s. (1,7283632)
122th: bestScore=(1,8814505) v.s. (1,7813891)
123th: bestScore=(1,8814505) v.s. (1,8446944)
124th: bestScore=(1,8814505) v.s. (1,7921936)
125th: bestScore=(1,8814505) v.s. (1,7672476)
126th: bestScore=(1,8814505) v.s. (1,7302085)
127th: bestScore=(1,8814505) v.s. (1,7812555)
128th: bestScore=(1,8814505) v.s. (1,8478498)
129th: bestScore=(1,8814505) v.s. (1,7578208)
130th: bestScore=(1,8814505) v.s. (1,8102161)
131th: bestScore=(1,8814505) v.s. (1,7845582)
132th: bestScore=(1,8814505) v.s. (1,7957972)
133th: bestScore=(1,8814505) v.s. (1,7068449)
134th: bestScore=(1,8814505) v.s. (1,8165406)
135th: bestScore=(1,8814505) v.s. (1,8026007)
136th: bestScore=(1,8814505) v.s. (1,7650992)
137th: bestScore=(1,8814505) v.s. (1,8228326)
138th: bestScore=(1,8814505) v.s. (1,8378076)
139th: bestScore=(1,8814505) v.s. (1,7147207)
140th: bestScore=(1,8814505) v.s. (1,8423491)
141th: bestScore=(1,8814505) v.s. (1,8457025)
142th: bestScore=(1,8814505) v.s. (1,7842416)
143th: bestScore=(1,8814505) v.s. (1,7496461)
144th: bestScore=(1,8814505) v.s. (1,7278524)
145th: bestScore=(1,8814505) v.s. (1,7938957)
146th: bestScore=(1,8814505) v.s. (1,7665714)
147th: bestScore=(1,8814505) v.s. (1,7520763)
148th: bestScore=(1,8814505) v.s. (1,7628484)
149th: bestScore=(1,8814505) v.s. (1,7919784)
150th: bestScore=(1,8814505) v.s. (1,7433427)
151th: bestScore=(1,8814505) v.s. (1,7099032)
152th: bestScore=(1,8814505) v.s. (1,8480676)
153th: bestScore=(1,8814505) v.s. (1,8397135)
154th: bestScore=(1,8814505) v.s. (1,7865777)
155th: bestScore=(1,8814505) v.s. (1,8020782)
156th: bestScore=(1,8814505) v.s. (1,8142603)
157th: bestScore=(1,8814505) v.s. (1,7103560)
158th: bestScore=(1,8814505) v.s. (1,7828233)
159th: bestScore=(1,8814505) v.s. (1,8430337)
160th: bestScore=(1,8814505) v.s. (1,8461715)
161th: bestScore=(1,8814505) v.s. (1,7714567)
162th: bestScore=(1,8814505) v.s. (1,7341281)
163th: bestScore=(1,8814505) v.s. (1,8730722)
164th: bestScore=(1,8814505) v.s. (1,7729701)
165th: bestScore=(1,8814505) v.s. (1,7311760)
166th: bestScore=(1,8814505) v.s. (1,7628206)
167th: bestScore=(1,8814505) v.s. (1,7410855)
168th: bestScore=(1,8814505) v.s. (1,7872608)
169th: bestScore=(1,8814505) v.s. (1,7445667)
170th: bestScore=(1,8814505) v.s. (1,8043827)
171th: bestScore=(1,8814505) v.s. (1,7269478)
172th: bestScore=(1,8814505) v.s. (1,8327682)
173th: bestScore=(1,8814505) v.s. (1,7165362)
174th: bestScore=(1,8814505) v.s. (1,7845868)
175th: bestScore=(1,8814505) v.s. (1,7870502)
176th: bestScore=(1,8814505) v.s. (1,7658225)
177th: bestScore=(1,8814505) v.s. (1,7121054)
178th: bestScore=(1,8814505) v.s. (1,7987489)
179th: bestScore=(1,8814505) v.s. (1,8271338)
180th: bestScore=(1,8814505) v.s. (1,7738733)
181th: bestScore=(1,8814505) v.s. (1,7113492)
182th: bestScore=(1,8814505) v.s. (1,8010172)
183th: bestScore=(1,8814505) v.s. (1,7038236)
184th: bestScore=(1,8814505) v.s. (1,8129552)
185th: bestScore=(1,8814505) v.s. (1,7884283)
186th: bestScore=(1,8814505) v.s. (1,8740374)
187th: bestScore=(1,8814505) v.s. (1,7222262)
188th: bestScore=(1,8814505) v.s. (1,7588768)
189th: bestScore=(1,8814505) v.s. (1,8316037)
190th: bestScore=(1,8814505) v.s. (1,7711646)
191th: bestScore=(1,8814505) v.s. (1,6916764)
192th: bestScore=(1,8814505) v.s. (1,7295026)
193th: bestScore=(1,8814505) v.s. (1,7364980)
194th: bestScore=(1,8814505) v.s. (1,8156815)
195th: bestScore=(1,8814505) v.s. (1,9098762)
196th: bestScore=(1,9098762) v.s. (1,7020412)
197th: bestScore=(1,9098762) v.s. (1,7464761)
198th: bestScore=(1,9098762) v.s. (1,7873616)
199th: bestScore=(1,9098762) v.s. (1,8138589)
score = (1,9098762)
