0th: bestScore=(0,-1) v.s. (1,12044360)
1th: bestScore=(1,12044360) v.s. (1,8709028)
2th: bestScore=(1,12044360) v.s. (1,8856824)
3th: bestScore=(1,12044360) v.s. (1,9941135)
4th: bestScore=(1,12044360) v.s. (1,10034651)
5th: bestScore=(1,12044360) v.s. (1,9704967)
6th: bestScore=(1,12044360) v.s. (1,10730475)
7th: bestScore=(1,12044360) v.s. (1,8815147)
8th: bestScore=(1,12044360) v.s. (1,8017608)
9th: bestScore=(1,12044360) v.s. (1,11501560)
10th: bestScore=(1,12044360) v.s. (1,9212982)
11th: bestScore=(1,12044360) v.s. (1,10088329)
12th: bestScore=(1,12044360) v.s. (1,8779986)
13th: bestScore=(1,12044360) v.s. (1,8932819)
14th: bestScore=(1,12044360) v.s. (1,8842150)
15th: bestScore=(1,12044360) v.s. (1,8480926)
16th: bestScore=(1,12044360) v.s. (1,8093595)
17th: bestScore=(1,12044360) v.s. (1,8457212)
18th: bestScore=(1,12044360) v.s. (1,9273588)
19th: bestScore=(1,12044360) v.s. (1,8324677)
20th: bestScore=(1,12044360) v.s. (1,9405744)
21th: bestScore=(1,12044360) v.s. (1,8861142)
22th: bestScore=(1,12044360) v.s. (1,9556196)
23th: bestScore=(1,12044360) v.s. (1,10783569)
24th: bestScore=(1,12044360) v.s. (1,7475652)
25th: bestScore=(1,12044360) v.s. (1,9204838)
26th: bestScore=(1,12044360) v.s. (1,8508983)
27th: bestScore=(1,12044360) v.s. (1,8637997)
28th: bestScore=(1,12044360) v.s. (1,12005795)
29th: bestScore=(1,12044360) v.s. (1,6990725)
30th: bestScore=(1,12044360) v.s. (1,8827179)
31th: bestScore=(1,12044360) v.s. (1,8115570)
32th: bestScore=(1,12044360) v.s. (1,10008259)
33th: bestScore=(1,12044360) v.s. (1,7762420)
34th: bestScore=(1,12044360) v.s. (1,8541861)
35th: bestScore=(1,12044360) v.s. (1,8722837)
36th: bestScore=(1,12044360) v.s. (1,10151135)
37th: bestScore=(1,12044360) v.s. (1,7895173)
38th: bestScore=(1,12044360) v.s. (1,10664700)
39th: bestScore=(1,12044360) v.s. (1,9847368)
40th: bestScore=(1,12044360) v.s. (1,7090814)
41th: bestScore=(1,12044360) v.s. (1,10817587)
42th: bestScore=(1,12044360) v.s. (1,9534290)
43th: bestScore=(1,12044360) v.s. (1,6678969)
44th: bestScore=(1,12044360) v.s. (1,8420922)
45th: bestScore=(1,12044360) v.s. (1,10182890)
46th: bestScore=(1,12044360) v.s. (1,8963556)
47th: bestScore=(1,12044360) v.s. (1,8866768)
48th: bestScore=(1,12044360) v.s. (1,10620809)
49th: bestScore=(1,12044360) v.s. (1,9686036)
50th: bestScore=(1,12044360) v.s. (1,8442486)
51th: bestScore=(1,12044360) v.s. (1,11325348)
52th: bestScore=(1,12044360) v.s. (1,7539011)
53th: bestScore=(1,12044360) v.s. (1,7787246)
54th: bestScore=(1,12044360) v.s. (1,8549142)
55th: bestScore=(1,12044360) v.s. (1,8616520)
56th: bestScore=(1,12044360) v.s. (1,12324520)
57th: bestScore=(1,12324520) v.s. (1,8362141)
58th: bestScore=(1,12324520) v.s. (1,9788155)
59th: bestScore=(1,12324520) v.s. (1,8521093)
60th: bestScore=(1,12324520) v.s. (1,9718950)
61th: bestScore=(1,12324520) v.s. (1,10077741)
62th: bestScore=(1,12324520) v.s. (1,9397880)
63th: bestScore=(1,12324520) v.s. (1,7272170)
64th: bestScore=(1,12324520) v.s. (1,11241486)
65th: bestScore=(1,12324520) v.s. (1,8764491)
66th: bestScore=(1,12324520) v.s. (1,9503417)
67th: bestScore=(1,12324520) v.s. (1,9236911)
68th: bestScore=(1,12324520) v.s. (1,9893093)
69th: bestScore=(1,12324520) v.s. (1,8041911)
70th: bestScore=(1,12324520) v.s. (1,9028546)
71th: bestScore=(1,12324520) v.s. (1,7491915)
72th: bestScore=(1,12324520) v.s. (1,8909335)
73th: bestScore=(1,12324520) v.s. (1,11143784)
74th: bestScore=(1,12324520) v.s. (1,10200884)
75th: bestScore=(1,12324520) v.s. (1,10827103)
76th: bestScore=(1,12324520) v.s. (1,9613559)
77th: bestScore=(1,12324520) v.s. (1,10894659)
78th: bestScore=(1,12324520) v.s. (1,6998714)
79th: bestScore=(1,12324520) v.s. (1,7824012)
80th: bestScore=(1,12324520) v.s. (1,10419874)
81th: bestScore=(1,12324520) v.s. (1,9496065)
82th: bestScore=(1,12324520) v.s. (1,9811050)
83th: bestScore=(1,12324520) v.s. (1,11310077)
84th: bestScore=(1,12324520) v.s. (1,11125530)
85th: bestScore=(1,12324520) v.s. (1,7693209)
86th: bestScore=(1,12324520) v.s. (1,7715071)
87th: bestScore=(1,12324520) v.s. (1,9004706)
88th: bestScore=(1,12324520) v.s. (1,7850675)
89th: bestScore=(1,12324520) v.s. (1,8872311)
90th: bestScore=(1,12324520) v.s. (1,9694165)
91th: bestScore=(1,12324520) v.s. (1,8131722)
92th: bestScore=(1,12324520) v.s. (1,8851976)
93th: bestScore=(1,12324520) v.s. (1,10126349)
94th: bestScore=(1,12324520) v.s. (1,8418204)
95th: bestScore=(1,12324520) v.s. (1,10323103)
96th: bestScore=(1,12324520) v.s. (1,8025522)
97th: bestScore=(1,12324520) v.s. (1,7889270)
98th: bestScore=(1,12324520) v.s. (1,8582977)
99th: bestScore=(1,12324520) v.s. (1,8082536)
100th: bestScore=(1,12324520) v.s. (1,8740473)
101th: bestScore=(1,12324520) v.s. (1,8062455)
102th: bestScore=(1,12324520) v.s. (1,10513578)
103th: bestScore=(1,12324520) v.s. (1,9586164)
104th: bestScore=(1,12324520) v.s. (1,8986124)
105th: bestScore=(1,12324520) v.s. (1,8649731)
106th: bestScore=(1,12324520) v.s. (1,9379630)
107th: bestScore=(1,12324520) v.s. (1,10992570)
108th: bestScore=(1,12324520) v.s. (1,9333386)
109th: bestScore=(1,12324520) v.s. (1,10204098)
110th: bestScore=(1,12324520) v.s. (1,9545980)
111th: bestScore=(1,12324520) v.s. (1,11117551)
112th: bestScore=(1,12324520) v.s. (1,10703465)
113th: bestScore=(1,12324520) v.s. (1,8738930)
114th: bestScore=(1,12324520) v.s. (1,5795568)
115th: bestScore=(1,12324520) v.s. (1,9379558)
116th: bestScore=(1,12324520) v.s. (1,6990976)
117th: bestScore=(1,12324520) v.s. (1,7424559)
118th: bestScore=(1,12324520) v.s. (1,12245117)
119th: bestScore=(1,12324520) v.s. (1,10461708)
120th: bestScore=(1,12324520) v.s. (1,8969926)
121th: bestScore=(1,12324520) v.s. (1,8087402)
122th: bestScore=(1,12324520) v.s. (1,9886987)
123th: bestScore=(1,12324520) v.s. (1,7846373)
124th: bestScore=(1,12324520) v.s. (1,9664020)
125th: bestScore=(1,12324520) v.s. (1,10569389)
126th: bestScore=(1,12324520) v.s. (1,8805138)
127th: bestScore=(1,12324520) v.s. (1,10479500)
128th: bestScore=(1,12324520) v.s. (1,8957609)
129th: bestScore=(1,12324520) v.s. (1,9721673)
130th: bestScore=(1,12324520) v.s. (1,9949827)
131th: bestScore=(1,12324520) v.s. (1,9252538)
132th: bestScore=(1,12324520) v.s. (1,7858340)
133th: bestScore=(1,12324520) v.s. (1,8938263)
134th: bestScore=(1,12324520) v.s. (1,9896878)
135th: bestScore=(1,12324520) v.s. (1,9325209)
136th: bestScore=(1,12324520) v.s. (1,6962274)
137th: bestScore=(1,12324520) v.s. (1,9583443)
138th: bestScore=(1,12324520) v.s. (1,9712390)
139th: bestScore=(1,12324520) v.s. (1,7744737)
140th: bestScore=(1,12324520) v.s. (1,10058893)
141th: bestScore=(1,12324520) v.s. (1,11363461)
142th: bestScore=(1,12324520) v.s. (1,7829819)
143th: bestScore=(1,12324520) v.s. (1,9649184)
144th: bestScore=(1,12324520) v.s. (1,7486007)
145th: bestScore=(1,12324520) v.s. (1,9430003)
146th: bestScore=(1,12324520) v.s. (1,9685526)
147th: bestScore=(1,12324520) v.s. (1,9207397)
148th: bestScore=(1,12324520) v.s. (1,7812948)
149th: bestScore=(1,12324520) v.s. (1,8252880)
150th: bestScore=(1,12324520) v.s. (1,8916561)
151th: bestScore=(1,12324520) v.s. (1,7496137)
152th: bestScore=(1,12324520) v.s. (1,9975783)
153th: bestScore=(1,12324520) v.s. (1,10114519)
154th: bestScore=(1,12324520) v.s. (1,8494701)
155th: bestScore=(1,12324520) v.s. (1,9695720)
156th: bestScore=(1,12324520) v.s. (1,9935766)
157th: bestScore=(1,12324520) v.s. (1,7525757)
158th: bestScore=(1,12324520) v.s. (1,9614296)
159th: bestScore=(1,12324520) v.s. (1,10672255)
160th: bestScore=(1,12324520) v.s. (1,8076101)
161th: bestScore=(1,12324520) v.s. (1,8920641)
162th: bestScore=(1,12324520) v.s. (1,10148793)
163th: bestScore=(1,12324520) v.s. (1,8730867)
164th: bestScore=(1,12324520) v.s. (1,9760556)
165th: bestScore=(1,12324520) v.s. (1,9020831)
166th: bestScore=(1,12324520) v.s. (1,9147118)
167th: bestScore=(1,12324520) v.s. (1,8985153)
168th: bestScore=(1,12324520) v.s. (1,9057723)
169th: bestScore=(1,12324520) v.s. (1,8706191)
170th: bestScore=(1,12324520) v.s. (1,10663476)
171th: bestScore=(1,12324520) v.s. (1,10623054)
172th: bestScore=(1,12324520) v.s. (1,10670189)
173th: bestScore=(1,12324520) v.s. (1,7834269)
174th: bestScore=(1,12324520) v.s. (1,10487045)
175th: bestScore=(1,12324520) v.s. (1,7691153)
176th: bestScore=(1,12324520) v.s. (1,10152700)
177th: bestScore=(1,12324520) v.s. (1,10210032)
178th: bestScore=(1,12324520) v.s. (1,10527314)
179th: bestScore=(1,12324520) v.s. (1,8067043)
180th: bestScore=(1,12324520) v.s. (1,9694597)
181th: bestScore=(1,12324520) v.s. (1,8654674)
182th: bestScore=(1,12324520) v.s. (1,9594391)
183th: bestScore=(1,12324520) v.s. (1,8575967)
184th: bestScore=(1,12324520) v.s. (1,7937520)
185th: bestScore=(1,12324520) v.s. (1,8567155)
186th: bestScore=(1,12324520) v.s. (1,9425312)
187th: bestScore=(1,12324520) v.s. (1,7990031)
188th: bestScore=(1,12324520) v.s. (1,8215132)
189th: bestScore=(1,12324520) v.s. (1,8365044)
190th: bestScore=(1,12324520) v.s. (1,11002773)
191th: bestScore=(1,12324520) v.s. (1,9141825)
192th: bestScore=(1,12324520) v.s. (1,7447708)
193th: bestScore=(1,12324520) v.s. (1,9149646)
194th: bestScore=(1,12324520) v.s. (1,9889905)
195th: bestScore=(1,12324520) v.s. (1,11468243)
196th: bestScore=(1,12324520) v.s. (1,8049602)
197th: bestScore=(1,12324520) v.s. (1,8366652)
198th: bestScore=(1,12324520) v.s. (1,8792111)
199th: bestScore=(1,12324520) v.s. (1,7917116)
score = (1,12324520)
