0th: bestScore=(0,-1) v.s. (1,8538547)
1th: bestScore=(1,8538547) v.s. (1,8736964)
2th: bestScore=(1,8736964) v.s. (1,8712018)
3th: bestScore=(1,8736964) v.s. (1,8874300)
4th: bestScore=(1,8874300) v.s. (1,9759930)
5th: bestScore=(1,9759930) v.s. (1,8569482)
6th: bestScore=(1,9759930) v.s. (1,10095248)
7th: bestScore=(1,10095248) v.s. (1,8274359)
8th: bestScore=(1,10095248) v.s. (1,8433551)
9th: bestScore=(1,10095248) v.s. (1,8423685)
10th: bestScore=(1,10095248) v.s. (1,8755688)
11th: bestScore=(1,10095248) v.s. (1,8621991)
12th: bestScore=(1,10095248) v.s. (1,8558174)
13th: bestScore=(1,10095248) v.s. (1,8554554)
14th: bestScore=(1,10095248) v.s. (1,8851557)
15th: bestScore=(1,10095248) v.s. (1,8912251)
16th: bestScore=(1,10095248) v.s. (1,9248249)
17th: bestScore=(1,10095248) v.s. (1,8885906)
18th: bestScore=(1,10095248) v.s. (1,9307854)
19th: bestScore=(1,10095248) v.s. (1,9112249)
20th: bestScore=(1,10095248) v.s. (1,8464829)
21th: bestScore=(1,10095248) v.s. (1,11230610)
22th: bestScore=(1,11230610) v.s. (1,8208471)
23th: bestScore=(1,11230610) v.s. (1,8998467)
24th: bestScore=(1,11230610) v.s. (1,8623839)
25th: bestScore=(1,11230610) v.s. (1,9343852)
26th: bestScore=(1,11230610) v.s. (1,9165966)
27th: bestScore=(1,11230610) v.s. (1,8305557)
28th: bestScore=(1,11230610) v.s. (1,8564792)
29th: bestScore=(1,11230610) v.s. (1,9338930)
30th: bestScore=(1,11230610) v.s. (1,9149436)
31th: bestScore=(1,11230610) v.s. (1,9240356)
32th: bestScore=(1,11230610) v.s. (1,9172136)
33th: bestScore=(1,11230610) v.s. (1,9140194)
34th: bestScore=(1,11230610) v.s. (1,8725676)
35th: bestScore=(1,11230610) v.s. (1,9250908)
36th: bestScore=(1,11230610) v.s. (1,8950553)
37th: bestScore=(1,11230610) v.s. (1,9367649)
38th: bestScore=(1,11230610) v.s. (1,8953553)
39th: bestScore=(1,11230610) v.s. (1,8870855)
40th: bestScore=(1,11230610) v.s. (1,8527315)
41th: bestScore=(1,11230610) v.s. (1,8403441)
42th: bestScore=(1,11230610) v.s. (1,9170430)
43th: bestScore=(1,11230610) v.s. (1,8871604)
44th: bestScore=(1,11230610) v.s. (1,10107223)
45th: bestScore=(1,11230610) v.s. (1,8910013)
46th: bestScore=(1,11230610) v.s. (1,8343751)
47th: bestScore=(1,11230610) v.s. (1,9247783)
48th: bestScore=(1,11230610) v.s. (1,9192115)
49th: bestScore=(1,11230610) v.s. (1,9193614)
50th: bestScore=(1,11230610) v.s. (1,8656263)
51th: bestScore=(1,11230610) v.s. (1,9110707)
52th: bestScore=(1,11230610) v.s. (1,8850568)
53th: bestScore=(1,11230610) v.s. (1,9015747)
54th: bestScore=(1,11230610) v.s. (1,8815960)
55th: bestScore=(1,11230610) v.s. (1,8259650)
56th: bestScore=(1,11230610) v.s. (1,9207180)
57th: bestScore=(1,11230610) v.s. (1,8828935)
58th: bestScore=(1,11230610) v.s. (1,8853865)
59th: bestScore=(1,11230610) v.s. (1,8371740)
60th: bestScore=(1,11230610) v.s. (1,8863296)
61th: bestScore=(1,11230610) v.s. (1,10579273)
62th: bestScore=(1,11230610) v.s. (1,9037855)
63th: bestScore=(1,11230610) v.s. (1,9379164)
64th: bestScore=(1,11230610) v.s. (1,8293459)
65th: bestScore=(1,11230610) v.s. (1,8642472)
66th: bestScore=(1,11230610) v.s. (1,8355890)
67th: bestScore=(1,11230610) v.s. (1,8846164)
68th: bestScore=(1,11230610) v.s. (1,9582219)
69th: bestScore=(1,11230610) v.s. (1,8989318)
70th: bestScore=(1,11230610) v.s. (1,9890391)
71th: bestScore=(1,11230610) v.s. (1,8275595)
72th: bestScore=(1,11230610) v.s. (1,8439032)
73th: bestScore=(1,11230610) v.s. (1,8905607)
74th: bestScore=(1,11230610) v.s. (1,8913149)
75th: bestScore=(1,11230610) v.s. (1,9957456)
76th: bestScore=(1,11230610) v.s. (1,8844978)
77th: bestScore=(1,11230610) v.s. (1,8283902)
78th: bestScore=(1,11230610) v.s. (1,8631270)
79th: bestScore=(1,11230610) v.s. (1,8116709)
80th: bestScore=(1,11230610) v.s. (1,9630166)
81th: bestScore=(1,11230610) v.s. (1,8913583)
82th: bestScore=(1,11230610) v.s. (1,8488968)
83th: bestScore=(1,11230610) v.s. (1,8476397)
84th: bestScore=(1,11230610) v.s. (1,8842790)
85th: bestScore=(1,11230610) v.s. (1,8397690)
86th: bestScore=(1,11230610) v.s. (1,9796551)
87th: bestScore=(1,11230610) v.s. (1,9537358)
88th: bestScore=(1,11230610) v.s. (1,9318102)
89th: bestScore=(1,11230610) v.s. (1,8464253)
90th: bestScore=(1,11230610) v.s. (1,8701271)
91th: bestScore=(1,11230610) v.s. (1,9676481)
92th: bestScore=(1,11230610) v.s. (1,9245887)
93th: bestScore=(1,11230610) v.s. (1,8213818)
94th: bestScore=(1,11230610) v.s. (1,8890494)
95th: bestScore=(1,11230610) v.s. (1,9251438)
96th: bestScore=(1,11230610) v.s. (1,8572313)
97th: bestScore=(1,11230610) v.s. (1,8185683)
98th: bestScore=(1,11230610) v.s. (1,8546245)
99th: bestScore=(1,11230610) v.s. (1,8763966)
100th: bestScore=(1,11230610) v.s. (1,9149585)
101th: bestScore=(1,11230610) v.s. (1,8558706)
102th: bestScore=(1,11230610) v.s. (1,8630943)
103th: bestScore=(1,11230610) v.s. (1,8837417)
104th: bestScore=(1,11230610) v.s. (1,8841144)
105th: bestScore=(1,11230610) v.s. (1,9225659)
106th: bestScore=(1,11230610) v.s. (1,8896533)
107th: bestScore=(1,11230610) v.s. (1,9528860)
108th: bestScore=(1,11230610) v.s. (1,8819860)
109th: bestScore=(1,11230610) v.s. (1,10867742)
110th: bestScore=(1,11230610) v.s. (1,8829216)
111th: bestScore=(1,11230610) v.s. (1,9279197)
112th: bestScore=(1,11230610) v.s. (1,9156444)
113th: bestScore=(1,11230610) v.s. (1,9856378)
114th: bestScore=(1,11230610) v.s. (1,9119158)
115th: bestScore=(1,11230610) v.s. (1,8829686)
116th: bestScore=(1,11230610) v.s. (1,9363469)
117th: bestScore=(1,11230610) v.s. (1,8754622)
118th: bestScore=(1,11230610) v.s. (1,8916185)
119th: bestScore=(1,11230610) v.s. (1,8820707)
120th: bestScore=(1,11230610) v.s. (1,9043381)
121th: bestScore=(1,11230610) v.s. (1,7809645)
122th: bestScore=(1,11230610) v.s. (1,8655910)
123th: bestScore=(1,11230610) v.s. (1,8945558)
124th: bestScore=(1,11230610) v.s. (1,9142347)
125th: bestScore=(1,11230610) v.s. (1,8787650)
126th: bestScore=(1,11230610) v.s. (1,8318661)
127th: bestScore=(1,11230610) v.s. (1,9090123)
128th: bestScore=(1,11230610) v.s. (1,8147023)
129th: bestScore=(1,11230610) v.s. (1,8670369)
130th: bestScore=(1,11230610) v.s. (1,8585902)
131th: bestScore=(1,11230610) v.s. (1,8811886)
132th: bestScore=(1,11230610) v.s. (1,9090594)
133th: bestScore=(1,11230610) v.s. (1,8965669)
134th: bestScore=(1,11230610) v.s. (1,8043052)
135th: bestScore=(1,11230610) v.s. (1,9223740)
136th: bestScore=(1,11230610) v.s. (1,8509457)
137th: bestScore=(1,11230610) v.s. (1,9560185)
138th: bestScore=(1,11230610) v.s. (1,9045655)
139th: bestScore=(1,11230610) v.s. (1,9184021)
140th: bestScore=(1,11230610) v.s. (1,8377173)
141th: bestScore=(1,11230610) v.s. (1,9080048)
142th: bestScore=(1,11230610) v.s. (1,8648277)
143th: bestScore=(1,11230610) v.s. (1,9298673)
144th: bestScore=(1,11230610) v.s. (1,9521069)
145th: bestScore=(1,11230610) v.s. (1,8671772)
146th: bestScore=(1,11230610) v.s. (1,9002360)
147th: bestScore=(1,11230610) v.s. (1,9104954)
148th: bestScore=(1,11230610) v.s. (1,8476643)
149th: bestScore=(1,11230610) v.s. (1,9472318)
150th: bestScore=(1,11230610) v.s. (1,9593669)
151th: bestScore=(1,11230610) v.s. (1,9725376)
152th: bestScore=(1,11230610) v.s. (1,9335096)
153th: bestScore=(1,11230610) v.s. (1,8980224)
154th: bestScore=(1,11230610) v.s. (1,8703327)
155th: bestScore=(1,11230610) v.s. (1,8729696)
156th: bestScore=(1,11230610) v.s. (1,9437378)
157th: bestScore=(1,11230610) v.s. (1,9495510)
158th: bestScore=(1,11230610) v.s. (1,8390770)
159th: bestScore=(1,11230610) v.s. (1,9051466)
160th: bestScore=(1,11230610) v.s. (1,9344663)
161th: bestScore=(1,11230610) v.s. (1,9120972)
162th: bestScore=(1,11230610) v.s. (1,9103633)
163th: bestScore=(1,11230610) v.s. (1,8737945)
164th: bestScore=(1,11230610) v.s. (1,8909648)
165th: bestScore=(1,11230610) v.s. (1,7876639)
166th: bestScore=(1,11230610) v.s. (1,10853759)
167th: bestScore=(1,11230610) v.s. (1,9350274)
168th: bestScore=(1,11230610) v.s. (1,9547953)
169th: bestScore=(1,11230610) v.s. (1,9071312)
170th: bestScore=(1,11230610) v.s. (1,10269239)
171th: bestScore=(1,11230610) v.s. (1,8649433)
172th: bestScore=(1,11230610) v.s. (1,10465964)
173th: bestScore=(1,11230610) v.s. (1,9192421)
174th: bestScore=(1,11230610) v.s. (1,8897924)
175th: bestScore=(1,11230610) v.s. (1,8922185)
176th: bestScore=(1,11230610) v.s. (1,8770904)
177th: bestScore=(1,11230610) v.s. (1,8768342)
178th: bestScore=(1,11230610) v.s. (1,8923435)
179th: bestScore=(1,11230610) v.s. (1,9783637)
180th: bestScore=(1,11230610) v.s. (1,9510824)
181th: bestScore=(1,11230610) v.s. (1,10641113)
182th: bestScore=(1,11230610) v.s. (1,9381688)
183th: bestScore=(1,11230610) v.s. (1,8881490)
184th: bestScore=(1,11230610) v.s. (1,8974959)
185th: bestScore=(1,11230610) v.s. (1,8814443)
186th: bestScore=(1,11230610) v.s. (1,8867723)
187th: bestScore=(1,11230610) v.s. (1,8819412)
188th: bestScore=(1,11230610) v.s. (1,8383538)
189th: bestScore=(1,11230610) v.s. (1,8725449)
190th: bestScore=(1,11230610) v.s. (1,8472903)
191th: bestScore=(1,11230610) v.s. (1,8363236)
192th: bestScore=(1,11230610) v.s. (1,8808975)
193th: bestScore=(1,11230610) v.s. (1,8651572)
194th: bestScore=(1,11230610) v.s. (1,8395939)
195th: bestScore=(1,11230610) v.s. (1,8984260)
196th: bestScore=(1,11230610) v.s. (1,9166273)
197th: bestScore=(1,11230610) v.s. (1,8976244)
198th: bestScore=(1,11230610) v.s. (1,9070476)
199th: bestScore=(1,11230610) v.s. (1,8656431)
score = (1,11230610)
