0th: bestScore=(0,-1) v.s. (1,4733382)
1th: bestScore=(1,4733382) v.s. (1,5985194)
2th: bestScore=(1,5985194) v.s. (1,4818810)
3th: bestScore=(1,5985194) v.s. (1,4919600)
4th: bestScore=(1,5985194) v.s. (1,4614918)
5th: bestScore=(1,5985194) v.s. (1,3991578)
6th: bestScore=(1,5985194) v.s. (1,4424418)
7th: bestScore=(1,5985194) v.s. (1,5122015)
8th: bestScore=(1,5985194) v.s. (1,4557430)
9th: bestScore=(1,5985194) v.s. (1,5576645)
10th: bestScore=(1,5985194) v.s. (1,4936481)
11th: bestScore=(1,5985194) v.s. (1,5268632)
12th: bestScore=(1,5985194) v.s. (1,4672723)
13th: bestScore=(1,5985194) v.s. (1,4523950)
14th: bestScore=(1,5985194) v.s. (1,4548788)
15th: bestScore=(1,5985194) v.s. (1,5387125)
16th: bestScore=(1,5985194) v.s. (1,4967811)
17th: bestScore=(1,5985194) v.s. (1,5393560)
18th: bestScore=(1,5985194) v.s. (1,4972764)
19th: bestScore=(1,5985194) v.s. (1,4511584)
20th: bestScore=(1,5985194) v.s. (1,4997294)
21th: bestScore=(1,5985194) v.s. (1,5104965)
22th: bestScore=(1,5985194) v.s. (1,4833085)
23th: bestScore=(1,5985194) v.s. (1,5546601)
24th: bestScore=(1,5985194) v.s. (1,6325647)
25th: bestScore=(1,6325647) v.s. (1,5359110)
26th: bestScore=(1,6325647) v.s. (1,7386782)
27th: bestScore=(1,7386782) v.s. (1,4916959)
28th: bestScore=(1,7386782) v.s. (1,4305346)
29th: bestScore=(1,7386782) v.s. (1,4750519)
30th: bestScore=(1,7386782) v.s. (1,4836708)
31th: bestScore=(1,7386782) v.s. (1,4158601)
32th: bestScore=(1,7386782) v.s. (1,4590766)
33th: bestScore=(1,7386782) v.s. (1,4746793)
34th: bestScore=(1,7386782) v.s. (1,6414439)
35th: bestScore=(1,7386782) v.s. (1,4902753)
36th: bestScore=(1,7386782) v.s. (1,4684816)
37th: bestScore=(1,7386782) v.s. (1,4822535)
38th: bestScore=(1,7386782) v.s. (1,4769626)
39th: bestScore=(1,7386782) v.s. (1,4817956)
40th: bestScore=(1,7386782) v.s. (1,4349864)
41th: bestScore=(1,7386782) v.s. (1,4800496)
42th: bestScore=(1,7386782) v.s. (1,6118171)
43th: bestScore=(1,7386782) v.s. (1,5491127)
44th: bestScore=(1,7386782) v.s. (1,6414276)
45th: bestScore=(1,7386782) v.s. (1,4371052)
46th: bestScore=(1,7386782) v.s. (1,4622741)
47th: bestScore=(1,7386782) v.s. (1,4850429)
48th: bestScore=(1,7386782) v.s. (1,5104431)
49th: bestScore=(1,7386782) v.s. (1,4802819)
50th: bestScore=(1,7386782) v.s. (1,5897101)
51th: bestScore=(1,7386782) v.s. (1,4955706)
52th: bestScore=(1,7386782) v.s. (1,4645609)
53th: bestScore=(1,7386782) v.s. (1,4396288)
54th: bestScore=(1,7386782) v.s. (1,4951384)
55th: bestScore=(1,7386782) v.s. (1,7115410)
56th: bestScore=(1,7386782) v.s. (1,5621565)
57th: bestScore=(1,7386782) v.s. (1,4855191)
58th: bestScore=(1,7386782) v.s. (1,4108745)
59th: bestScore=(1,7386782) v.s. (1,5029637)
60th: bestScore=(1,7386782) v.s. (1,4529132)
61th: bestScore=(1,7386782) v.s. (1,5769476)
62th: bestScore=(1,7386782) v.s. (1,5152274)
63th: bestScore=(1,7386782) v.s. (1,4462052)
64th: bestScore=(1,7386782) v.s. (1,5869062)
65th: bestScore=(1,7386782) v.s. (1,5817413)
66th: bestScore=(1,7386782) v.s. (1,4846809)
67th: bestScore=(1,7386782) v.s. (1,4785301)
68th: bestScore=(1,7386782) v.s. (1,4204737)
69th: bestScore=(1,7386782) v.s. (1,4519323)
70th: bestScore=(1,7386782) v.s. (1,4421951)
71th: bestScore=(1,7386782) v.s. (1,5645394)
72th: bestScore=(1,7386782) v.s. (1,4633608)
73th: bestScore=(1,7386782) v.s. (1,5684359)
74th: bestScore=(1,7386782) v.s. (1,5945644)
75th: bestScore=(1,7386782) v.s. (1,4145859)
76th: bestScore=(1,7386782) v.s. (1,4933532)
77th: bestScore=(1,7386782) v.s. (1,4110683)
78th: bestScore=(1,7386782) v.s. (1,4948374)
79th: bestScore=(1,7386782) v.s. (1,4833304)
80th: bestScore=(1,7386782) v.s. (1,4517125)
81th: bestScore=(1,7386782) v.s. (1,4348720)
82th: bestScore=(1,7386782) v.s. (1,4210157)
83th: bestScore=(1,7386782) v.s. (1,4301282)
84th: bestScore=(1,7386782) v.s. (1,5194031)
85th: bestScore=(1,7386782) v.s. (1,4610409)
86th: bestScore=(1,7386782) v.s. (1,4910116)
87th: bestScore=(1,7386782) v.s. (1,6572200)
88th: bestScore=(1,7386782) v.s. (1,6056092)
89th: bestScore=(1,7386782) v.s. (1,5640488)
90th: bestScore=(1,7386782) v.s. (1,4278971)
91th: bestScore=(1,7386782) v.s. (1,4042246)
92th: bestScore=(1,7386782) v.s. (1,4338516)
93th: bestScore=(1,7386782) v.s. (1,4273257)
94th: bestScore=(1,7386782) v.s. (1,5686806)
95th: bestScore=(1,7386782) v.s. (1,4491082)
96th: bestScore=(1,7386782) v.s. (1,4872004)
97th: bestScore=(1,7386782) v.s. (1,4593872)
98th: bestScore=(1,7386782) v.s. (1,4897547)
99th: bestScore=(1,7386782) v.s. (1,4261063)
100th: bestScore=(1,7386782) v.s. (1,5827018)
101th: bestScore=(1,7386782) v.s. (1,4835933)
102th: bestScore=(1,7386782) v.s. (1,5294098)
103th: bestScore=(1,7386782) v.s. (1,5631951)
104th: bestScore=(1,7386782) v.s. (1,5053479)
105th: bestScore=(1,7386782) v.s. (1,4633939)
106th: bestScore=(1,7386782) v.s. (1,4425092)
107th: bestScore=(1,7386782) v.s. (1,5374991)
108th: bestScore=(1,7386782) v.s. (1,4105017)
109th: bestScore=(1,7386782) v.s. (1,6531176)
110th: bestScore=(1,7386782) v.s. (1,4684273)
111th: bestScore=(1,7386782) v.s. (1,4227924)
112th: bestScore=(1,7386782) v.s. (1,5117053)
113th: bestScore=(1,7386782) v.s. (1,4421628)
114th: bestScore=(1,7386782) v.s. (1,4282646)
115th: bestScore=(1,7386782) v.s. (1,5036478)
116th: bestScore=(1,7386782) v.s. (1,5598179)
117th: bestScore=(1,7386782) v.s. (1,4932637)
118th: bestScore=(1,7386782) v.s. (1,4505720)
119th: bestScore=(1,7386782) v.s. (1,4219019)
120th: bestScore=(1,7386782) v.s. (1,5042485)
121th: bestScore=(1,7386782) v.s. (1,4214512)
122th: bestScore=(1,7386782) v.s. (1,4622834)
123th: bestScore=(1,7386782) v.s. (1,4323250)
124th: bestScore=(1,7386782) v.s. (1,4728487)
125th: bestScore=(1,7386782) v.s. (1,5402769)
126th: bestScore=(1,7386782) v.s. (1,4975078)
127th: bestScore=(1,7386782) v.s. (1,4775464)
128th: bestScore=(1,7386782) v.s. (1,4857215)
129th: bestScore=(1,7386782) v.s. (1,4117801)
130th: bestScore=(1,7386782) v.s. (1,4860301)
131th: bestScore=(1,7386782) v.s. (1,4604302)
132th: bestScore=(1,7386782) v.s. (1,5612945)
133th: bestScore=(1,7386782) v.s. (1,4170666)
134th: bestScore=(1,7386782) v.s. (1,6979375)
135th: bestScore=(1,7386782) v.s. (1,4622232)
136th: bestScore=(1,7386782) v.s. (1,4468223)
137th: bestScore=(1,7386782) v.s. (1,5309699)
138th: bestScore=(1,7386782) v.s. (1,5033437)
139th: bestScore=(1,7386782) v.s. (1,5750838)
140th: bestScore=(1,7386782) v.s. (1,3980826)
141th: bestScore=(1,7386782) v.s. (1,7400357)
142th: bestScore=(1,7400357) v.s. (1,4457979)
143th: bestScore=(1,7400357) v.s. (1,5208999)
144th: bestScore=(1,7400357) v.s. (1,4361492)
145th: bestScore=(1,7400357) v.s. (1,5458544)
146th: bestScore=(1,7400357) v.s. (1,4914089)
147th: bestScore=(1,7400357) v.s. (1,4494288)
148th: bestScore=(1,7400357) v.s. (1,4778675)
149th: bestScore=(1,7400357) v.s. (1,4040205)
150th: bestScore=(1,7400357) v.s. (1,4668721)
151th: bestScore=(1,7400357) v.s. (1,5392353)
152th: bestScore=(1,7400357) v.s. (1,4555820)
153th: bestScore=(1,7400357) v.s. (1,3681789)
154th: bestScore=(1,7400357) v.s. (1,5469847)
155th: bestScore=(1,7400357) v.s. (1,4813919)
156th: bestScore=(1,7400357) v.s. (1,4693859)
157th: bestScore=(1,7400357) v.s. (1,4859525)
158th: bestScore=(1,7400357) v.s. (1,4747922)
159th: bestScore=(1,7400357) v.s. (1,4751023)
160th: bestScore=(1,7400357) v.s. (1,4314651)
161th: bestScore=(1,7400357) v.s. (1,4443208)
162th: bestScore=(1,7400357) v.s. (1,5162592)
163th: bestScore=(1,7400357) v.s. (1,4848404)
164th: bestScore=(1,7400357) v.s. (1,5840669)
165th: bestScore=(1,7400357) v.s. (1,5090829)
166th: bestScore=(1,7400357) v.s. (1,4383211)
167th: bestScore=(1,7400357) v.s. (1,7135568)
168th: bestScore=(1,7400357) v.s. (1,4562907)
169th: bestScore=(1,7400357) v.s. (1,4165809)
170th: bestScore=(1,7400357) v.s. (1,4711285)
171th: bestScore=(1,7400357) v.s. (1,4429808)
172th: bestScore=(1,7400357) v.s. (1,5531012)
173th: bestScore=(1,7400357) v.s. (1,4354696)
174th: bestScore=(1,7400357) v.s. (1,4061664)
175th: bestScore=(1,7400357) v.s. (1,5205462)
176th: bestScore=(1,7400357) v.s. (1,5030850)
177th: bestScore=(1,7400357) v.s. (1,5195730)
178th: bestScore=(1,7400357) v.s. (1,4478855)
179th: bestScore=(1,7400357) v.s. (1,5859160)
180th: bestScore=(1,7400357) v.s. (1,5079746)
181th: bestScore=(1,7400357) v.s. (1,5779844)
182th: bestScore=(1,7400357) v.s. (1,4836315)
183th: bestScore=(1,7400357) v.s. (1,7324016)
184th: bestScore=(1,7400357) v.s. (1,4610693)
185th: bestScore=(1,7400357) v.s. (1,4802044)
186th: bestScore=(1,7400357) v.s. (1,4653907)
187th: bestScore=(1,7400357) v.s. (1,5440264)
188th: bestScore=(1,7400357) v.s. (1,4070051)
189th: bestScore=(1,7400357) v.s. (1,4594474)
190th: bestScore=(1,7400357) v.s. (1,4568752)
191th: bestScore=(1,7400357) v.s. (1,4448081)
192th: bestScore=(1,7400357) v.s. (1,5339224)
193th: bestScore=(1,7400357) v.s. (1,4476606)
194th: bestScore=(1,7400357) v.s. (1,5293406)
195th: bestScore=(1,7400357) v.s. (1,4213379)
196th: bestScore=(1,7400357) v.s. (1,6016816)
197th: bestScore=(1,7400357) v.s. (1,5308166)
198th: bestScore=(1,7400357) v.s. (1,3923063)
199th: bestScore=(1,7400357) v.s. (1,5577311)
score = (1,7400357)
