0th: bestScore=(0,-1) v.s. (1,5796175)
1th: bestScore=(1,5796175) v.s. (1,4953338)
2th: bestScore=(1,5796175) v.s. (1,4897808)
3th: bestScore=(1,5796175) v.s. (1,5450486)
4th: bestScore=(1,5796175) v.s. (1,5755524)
5th: bestScore=(1,5796175) v.s. (1,5303293)
6th: bestScore=(1,5796175) v.s. (1,4902870)
7th: bestScore=(1,5796175) v.s. (1,5024905)
8th: bestScore=(1,5796175) v.s. (1,5135929)
9th: bestScore=(1,5796175) v.s. (1,5339223)
10th: bestScore=(1,5796175) v.s. (1,5260330)
11th: bestScore=(1,5796175) v.s. (1,5378970)
12th: bestScore=(1,5796175) v.s. (1,5197462)
13th: bestScore=(1,5796175) v.s. (1,4875538)
14th: bestScore=(1,5796175) v.s. (1,5371454)
15th: bestScore=(1,5796175) v.s. (1,5484816)
16th: bestScore=(1,5796175) v.s. (1,5391843)
17th: bestScore=(1,5796175) v.s. (1,5308912)
18th: bestScore=(1,5796175) v.s. (1,5716818)
19th: bestScore=(1,5796175) v.s. (1,4995528)
20th: bestScore=(1,5796175) v.s. (1,4800494)
21th: bestScore=(1,5796175) v.s. (1,5680201)
22th: bestScore=(1,5796175) v.s. (1,5664329)
23th: bestScore=(1,5796175) v.s. (1,4572208)
24th: bestScore=(1,5796175) v.s. (1,4815721)
25th: bestScore=(1,5796175) v.s. (1,4949497)
26th: bestScore=(1,5796175) v.s. (1,5359479)
27th: bestScore=(1,5796175) v.s. (1,5464179)
28th: bestScore=(1,5796175) v.s. (1,5193485)
29th: bestScore=(1,5796175) v.s. (1,4980117)
30th: bestScore=(1,5796175) v.s. (1,4651557)
31th: bestScore=(1,5796175) v.s. (1,5157081)
32th: bestScore=(1,5796175) v.s. (1,5820159)
33th: bestScore=(1,5820159) v.s. (1,5201013)
34th: bestScore=(1,5820159) v.s. (1,4979070)
35th: bestScore=(1,5820159) v.s. (1,4969646)
36th: bestScore=(1,5820159) v.s. (1,5989303)
37th: bestScore=(1,5989303) v.s. (1,5399339)
38th: bestScore=(1,5989303) v.s. (1,5186236)
39th: bestScore=(1,5989303) v.s. (1,4902074)
40th: bestScore=(1,5989303) v.s. (1,5563593)
41th: bestScore=(1,5989303) v.s. (1,5591088)
42th: bestScore=(1,5989303) v.s. (1,4557957)
43th: bestScore=(1,5989303) v.s. (1,5405799)
44th: bestScore=(1,5989303) v.s. (1,5881899)
45th: bestScore=(1,5989303) v.s. (1,5815966)
46th: bestScore=(1,5989303) v.s. (1,4992686)
47th: bestScore=(1,5989303) v.s. (1,5861696)
48th: bestScore=(1,5989303) v.s. (1,5167757)
49th: bestScore=(1,5989303) v.s. (1,4966820)
50th: bestScore=(1,5989303) v.s. (1,4733938)
51th: bestScore=(1,5989303) v.s. (1,5468280)
52th: bestScore=(1,5989303) v.s. (1,4790196)
53th: bestScore=(1,5989303) v.s. (1,5612802)
54th: bestScore=(1,5989303) v.s. (1,5269343)
55th: bestScore=(1,5989303) v.s. (1,5330969)
56th: bestScore=(1,5989303) v.s. (1,5070376)
57th: bestScore=(1,5989303) v.s. (1,5779379)
58th: bestScore=(1,5989303) v.s. (1,5115172)
59th: bestScore=(1,5989303) v.s. (1,5323998)
60th: bestScore=(1,5989303) v.s. (1,5507970)
61th: bestScore=(1,5989303) v.s. (1,4988242)
62th: bestScore=(1,5989303) v.s. (1,5310573)
63th: bestScore=(1,5989303) v.s. (1,5841269)
64th: bestScore=(1,5989303) v.s. (1,5334283)
65th: bestScore=(1,5989303) v.s. (1,4849948)
66th: bestScore=(1,5989303) v.s. (1,5835099)
67th: bestScore=(1,5989303) v.s. (1,5669034)
68th: bestScore=(1,5989303) v.s. (1,5051157)
69th: bestScore=(1,5989303) v.s. (1,4773367)
70th: bestScore=(1,5989303) v.s. (1,5830931)
71th: bestScore=(1,5989303) v.s. (1,5230869)
72th: bestScore=(1,5989303) v.s. (1,5165450)
73th: bestScore=(1,5989303) v.s. (1,5664555)
74th: bestScore=(1,5989303) v.s. (1,5813162)
75th: bestScore=(1,5989303) v.s. (1,6404792)
76th: bestScore=(1,6404792) v.s. (1,4912699)
77th: bestScore=(1,6404792) v.s. (1,5278969)
78th: bestScore=(1,6404792) v.s. (1,5004979)
79th: bestScore=(1,6404792) v.s. (1,5872470)
80th: bestScore=(1,6404792) v.s. (1,5493973)
81th: bestScore=(1,6404792) v.s. (1,4485932)
82th: bestScore=(1,6404792) v.s. (1,5590849)
83th: bestScore=(1,6404792) v.s. (1,5779782)
84th: bestScore=(1,6404792) v.s. (1,5767501)
85th: bestScore=(1,6404792) v.s. (1,5076674)
86th: bestScore=(1,6404792) v.s. (1,5288770)
87th: bestScore=(1,6404792) v.s. (1,4828442)
88th: bestScore=(1,6404792) v.s. (1,5059130)
89th: bestScore=(1,6404792) v.s. (1,5248251)
90th: bestScore=(1,6404792) v.s. (1,4691724)
91th: bestScore=(1,6404792) v.s. (1,5214839)
92th: bestScore=(1,6404792) v.s. (1,5450510)
93th: bestScore=(1,6404792) v.s. (1,5895796)
94th: bestScore=(1,6404792) v.s. (1,4867450)
95th: bestScore=(1,6404792) v.s. (1,5248449)
96th: bestScore=(1,6404792) v.s. (1,5396261)
97th: bestScore=(1,6404792) v.s. (1,5365613)
98th: bestScore=(1,6404792) v.s. (1,5402232)
99th: bestScore=(1,6404792) v.s. (1,4831316)
100th: bestScore=(1,6404792) v.s. (1,5436589)
101th: bestScore=(1,6404792) v.s. (1,5109025)
102th: bestScore=(1,6404792) v.s. (1,5477392)
103th: bestScore=(1,6404792) v.s. (1,5214796)
104th: bestScore=(1,6404792) v.s. (1,5804710)
105th: bestScore=(1,6404792) v.s. (1,5437659)
106th: bestScore=(1,6404792) v.s. (1,5368061)
107th: bestScore=(1,6404792) v.s. (1,5280582)
108th: bestScore=(1,6404792) v.s. (1,4569538)
109th: bestScore=(1,6404792) v.s. (1,5692681)
110th: bestScore=(1,6404792) v.s. (1,5907442)
111th: bestScore=(1,6404792) v.s. (1,5465833)
112th: bestScore=(1,6404792) v.s. (1,5660256)
113th: bestScore=(1,6404792) v.s. (1,4699916)
114th: bestScore=(1,6404792) v.s. (1,4993649)
115th: bestScore=(1,6404792) v.s. (1,5253912)
116th: bestScore=(1,6404792) v.s. (1,5110081)
117th: bestScore=(1,6404792) v.s. (1,4674403)
118th: bestScore=(1,6404792) v.s. (1,4945948)
119th: bestScore=(1,6404792) v.s. (1,4991747)
120th: bestScore=(1,6404792) v.s. (1,4932819)
121th: bestScore=(1,6404792) v.s. (1,5413972)
122th: bestScore=(1,6404792) v.s. (1,5629613)
123th: bestScore=(1,6404792) v.s. (1,5166802)
124th: bestScore=(1,6404792) v.s. (1,5386282)
125th: bestScore=(1,6404792) v.s. (1,4800922)
126th: bestScore=(1,6404792) v.s. (1,5471665)
127th: bestScore=(1,6404792) v.s. (1,4605524)
128th: bestScore=(1,6404792) v.s. (1,5085294)
129th: bestScore=(1,6404792) v.s. (1,5646478)
130th: bestScore=(1,6404792) v.s. (1,5394813)
131th: bestScore=(1,6404792) v.s. (1,5409154)
132th: bestScore=(1,6404792) v.s. (1,5044242)
133th: bestScore=(1,6404792) v.s. (1,5224229)
134th: bestScore=(1,6404792) v.s. (1,5299950)
135th: bestScore=(1,6404792) v.s. (1,5141853)
136th: bestScore=(1,6404792) v.s. (1,6399236)
137th: bestScore=(1,6404792) v.s. (1,5336420)
138th: bestScore=(1,6404792) v.s. (1,5726831)
139th: bestScore=(1,6404792) v.s. (1,5412810)
140th: bestScore=(1,6404792) v.s. (1,5871924)
141th: bestScore=(1,6404792) v.s. (1,5312788)
142th: bestScore=(1,6404792) v.s. (1,5138397)
143th: bestScore=(1,6404792) v.s. (1,5394587)
144th: bestScore=(1,6404792) v.s. (1,5844357)
145th: bestScore=(1,6404792) v.s. (1,5197755)
146th: bestScore=(1,6404792) v.s. (1,4935938)
147th: bestScore=(1,6404792) v.s. (1,5808517)
148th: bestScore=(1,6404792) v.s. (1,4761075)
149th: bestScore=(1,6404792) v.s. (1,5053100)
150th: bestScore=(1,6404792) v.s. (1,5539037)
151th: bestScore=(1,6404792) v.s. (1,5170086)
152th: bestScore=(1,6404792) v.s. (1,5424034)
153th: bestScore=(1,6404792) v.s. (1,5195421)
154th: bestScore=(1,6404792) v.s. (1,5174529)
155th: bestScore=(1,6404792) v.s. (1,4734866)
156th: bestScore=(1,6404792) v.s. (1,4837086)
157th: bestScore=(1,6404792) v.s. (1,5051027)
158th: bestScore=(1,6404792) v.s. (1,5307782)
159th: bestScore=(1,6404792) v.s. (1,5418293)
160th: bestScore=(1,6404792) v.s. (1,4891026)
161th: bestScore=(1,6404792) v.s. (1,5466281)
162th: bestScore=(1,6404792) v.s. (1,5559013)
163th: bestScore=(1,6404792) v.s. (1,5124685)
164th: bestScore=(1,6404792) v.s. (1,4846012)
165th: bestScore=(1,6404792) v.s. (1,5200429)
166th: bestScore=(1,6404792) v.s. (1,5775728)
167th: bestScore=(1,6404792) v.s. (1,5666683)
168th: bestScore=(1,6404792) v.s. (1,5504741)
169th: bestScore=(1,6404792) v.s. (1,5554012)
170th: bestScore=(1,6404792) v.s. (1,5503998)
171th: bestScore=(1,6404792) v.s. (1,5201629)
172th: bestScore=(1,6404792) v.s. (1,6283698)
173th: bestScore=(1,6404792) v.s. (1,5287641)
174th: bestScore=(1,6404792) v.s. (1,6101174)
175th: bestScore=(1,6404792) v.s. (1,5521200)
176th: bestScore=(1,6404792) v.s. (1,6023047)
177th: bestScore=(1,6404792) v.s. (1,5066165)
178th: bestScore=(1,6404792) v.s. (1,5163145)
179th: bestScore=(1,6404792) v.s. (1,5052572)
180th: bestScore=(1,6404792) v.s. (1,5009521)
181th: bestScore=(1,6404792) v.s. (1,4772936)
182th: bestScore=(1,6404792) v.s. (1,5717990)
183th: bestScore=(1,6404792) v.s. (1,5575497)
184th: bestScore=(1,6404792) v.s. (1,5352898)
185th: bestScore=(1,6404792) v.s. (1,5330371)
186th: bestScore=(1,6404792) v.s. (1,4724027)
187th: bestScore=(1,6404792) v.s. (1,5789851)
188th: bestScore=(1,6404792) v.s. (1,5348168)
189th: bestScore=(1,6404792) v.s. (1,5075192)
190th: bestScore=(1,6404792) v.s. (1,5306262)
191th: bestScore=(1,6404792) v.s. (1,5349189)
192th: bestScore=(1,6404792) v.s. (1,5147736)
193th: bestScore=(1,6404792) v.s. (1,6204148)
194th: bestScore=(1,6404792) v.s. (1,5510008)
195th: bestScore=(1,6404792) v.s. (1,5262014)
196th: bestScore=(1,6404792) v.s. (1,4369011)
197th: bestScore=(1,6404792) v.s. (1,4949426)
198th: bestScore=(1,6404792) v.s. (1,5444307)
199th: bestScore=(1,6404792) v.s. (1,4925336)
score = (1,6404792)
