0th: bestScore=(0,-1) v.s. (1,3635652)
1th: bestScore=(1,3635652) v.s. (1,3703862)
2th: bestScore=(1,3703862) v.s. (1,3818817)
3th: bestScore=(1,3818817) v.s. (1,3734122)
4th: bestScore=(1,3818817) v.s. (1,3541038)
5th: bestScore=(1,3818817) v.s. (1,3585903)
6th: bestScore=(1,3818817) v.s. (1,3621257)
7th: bestScore=(1,3818817) v.s. (1,3740240)
8th: bestScore=(1,3818817) v.s. (1,3773045)
9th: bestScore=(1,3818817) v.s. (1,3993989)
10th: bestScore=(1,3993989) v.s. (1,3517767)
11th: bestScore=(1,3993989) v.s. (1,3878795)
12th: bestScore=(1,3993989) v.s. (1,3391048)
13th: bestScore=(1,3993989) v.s. (1,3611220)
14th: bestScore=(1,3993989) v.s. (1,3921665)
15th: bestScore=(1,3993989) v.s. (1,3590375)
16th: bestScore=(1,3993989) v.s. (1,3628536)
17th: bestScore=(1,3993989) v.s. (1,3558603)
18th: bestScore=(1,3993989) v.s. (1,3503045)
19th: bestScore=(1,3993989) v.s. (1,3591783)
20th: bestScore=(1,3993989) v.s. (1,3839030)
21th: bestScore=(1,3993989) v.s. (1,3679136)
22th: bestScore=(1,3993989) v.s. (1,3850530)
23th: bestScore=(1,3993989) v.s. (1,3736283)
24th: bestScore=(1,3993989) v.s. (1,3773971)
25th: bestScore=(1,3993989) v.s. (1,3539975)
26th: bestScore=(1,3993989) v.s. (1,3643726)
27th: bestScore=(1,3993989) v.s. (1,3663213)
28th: bestScore=(1,3993989) v.s. (1,3724264)
29th: bestScore=(1,3993989) v.s. (1,3804209)
30th: bestScore=(1,3993989) v.s. (1,3821762)
31th: bestScore=(1,3993989) v.s. (1,3545514)
32th: bestScore=(1,3993989) v.s. (1,3838231)
33th: bestScore=(1,3993989) v.s. (1,3777495)
34th: bestScore=(1,3993989) v.s. (1,3630436)
35th: bestScore=(1,3993989) v.s. (1,3735028)
36th: bestScore=(1,3993989) v.s. (1,3905595)
37th: bestScore=(1,3993989) v.s. (1,3923758)
38th: bestScore=(1,3993989) v.s. (1,3793908)
39th: bestScore=(1,3993989) v.s. (1,3785868)
40th: bestScore=(1,3993989) v.s. (1,3506481)
41th: bestScore=(1,3993989) v.s. (1,3946135)
42th: bestScore=(1,3993989) v.s. (1,3803537)
43th: bestScore=(1,3993989) v.s. (1,3964883)
44th: bestScore=(1,3993989) v.s. (1,3783908)
45th: bestScore=(1,3993989) v.s. (1,3773492)
46th: bestScore=(1,3993989) v.s. (1,3753021)
47th: bestScore=(1,3993989) v.s. (1,3671579)
48th: bestScore=(1,3993989) v.s. (1,3738905)
49th: bestScore=(1,3993989) v.s. (1,3765083)
50th: bestScore=(1,3993989) v.s. (1,3953825)
51th: bestScore=(1,3993989) v.s. (1,3619882)
52th: bestScore=(1,3993989) v.s. (1,3913157)
53th: bestScore=(1,3993989) v.s. (1,3572815)
54th: bestScore=(1,3993989) v.s. (1,3653520)
55th: bestScore=(1,3993989) v.s. (1,3570542)
56th: bestScore=(1,3993989) v.s. (1,3612910)
57th: bestScore=(1,3993989) v.s. (1,3622871)
58th: bestScore=(1,3993989) v.s. (1,3662915)
59th: bestScore=(1,3993989) v.s. (1,3888195)
60th: bestScore=(1,3993989) v.s. (1,3800192)
61th: bestScore=(1,3993989) v.s. (1,3796788)
62th: bestScore=(1,3993989) v.s. (1,3510560)
63th: bestScore=(1,3993989) v.s. (1,3549251)
64th: bestScore=(1,3993989) v.s. (1,3620333)
65th: bestScore=(1,3993989) v.s. (1,3704008)
66th: bestScore=(1,3993989) v.s. (1,3659605)
67th: bestScore=(1,3993989) v.s. (1,3931706)
68th: bestScore=(1,3993989) v.s. (1,3537560)
69th: bestScore=(1,3993989) v.s. (1,3749184)
70th: bestScore=(1,3993989) v.s. (1,3895354)
71th: bestScore=(1,3993989) v.s. (1,3937914)
72th: bestScore=(1,3993989) v.s. (1,3763006)
73th: bestScore=(1,3993989) v.s. (1,3923958)
74th: bestScore=(1,3993989) v.s. (1,3609734)
75th: bestScore=(1,3993989) v.s. (1,3535928)
76th: bestScore=(1,3993989) v.s. (1,3842027)
77th: bestScore=(1,3993989) v.s. (1,3673925)
78th: bestScore=(1,3993989) v.s. (1,3844793)
79th: bestScore=(1,3993989) v.s. (1,3475531)
80th: bestScore=(1,3993989) v.s. (1,4065981)
81th: bestScore=(1,4065981) v.s. (1,3689149)
82th: bestScore=(1,4065981) v.s. (1,3766530)
83th: bestScore=(1,4065981) v.s. (1,3987010)
84th: bestScore=(1,4065981) v.s. (1,3925477)
85th: bestScore=(1,4065981) v.s. (1,3714860)
86th: bestScore=(1,4065981) v.s. (1,3447103)
87th: bestScore=(1,4065981) v.s. (1,3723050)
88th: bestScore=(1,4065981) v.s. (1,3652518)
89th: bestScore=(1,4065981) v.s. (1,3531632)
90th: bestScore=(1,4065981) v.s. (1,3655463)
91th: bestScore=(1,4065981) v.s. (1,3797137)
92th: bestScore=(1,4065981) v.s. (1,3605490)
93th: bestScore=(1,4065981) v.s. (1,3546581)
94th: bestScore=(1,4065981) v.s. (1,3738860)
95th: bestScore=(1,4065981) v.s. (1,3634673)
96th: bestScore=(1,4065981) v.s. (1,3512003)
97th: bestScore=(1,4065981) v.s. (1,3589031)
98th: bestScore=(1,4065981) v.s. (1,3791617)
99th: bestScore=(1,4065981) v.s. (1,3618485)
100th: bestScore=(1,4065981) v.s. (1,3655830)
101th: bestScore=(1,4065981) v.s. (1,3568248)
102th: bestScore=(1,4065981) v.s. (1,3685779)
103th: bestScore=(1,4065981) v.s. (1,3721155)
104th: bestScore=(1,4065981) v.s. (1,3543999)
105th: bestScore=(1,4065981) v.s. (1,3742797)
106th: bestScore=(1,4065981) v.s. (1,3951185)
107th: bestScore=(1,4065981) v.s. (1,3539510)
108th: bestScore=(1,4065981) v.s. (1,3755050)
109th: bestScore=(1,4065981) v.s. (1,3684192)
110th: bestScore=(1,4065981) v.s. (1,3795410)
111th: bestScore=(1,4065981) v.s. (1,3657447)
112th: bestScore=(1,4065981) v.s. (1,3908456)
113th: bestScore=(1,4065981) v.s. (1,3764176)
114th: bestScore=(1,4065981) v.s. (1,3824407)
115th: bestScore=(1,4065981) v.s. (1,3567619)
116th: bestScore=(1,4065981) v.s. (1,3665215)
117th: bestScore=(1,4065981) v.s. (1,3468766)
118th: bestScore=(1,4065981) v.s. (1,3564419)
119th: bestScore=(1,4065981) v.s. (1,3422590)
120th: bestScore=(1,4065981) v.s. (1,4140552)
121th: bestScore=(1,4140552) v.s. (1,3573849)
122th: bestScore=(1,4140552) v.s. (1,3736860)
123th: bestScore=(1,4140552) v.s. (1,3537620)
124th: bestScore=(1,4140552) v.s. (1,3803674)
125th: bestScore=(1,4140552) v.s. (1,3736880)
126th: bestScore=(1,4140552) v.s. (1,3685173)
127th: bestScore=(1,4140552) v.s. (1,3640589)
128th: bestScore=(1,4140552) v.s. (1,3735096)
129th: bestScore=(1,4140552) v.s. (1,3769440)
130th: bestScore=(1,4140552) v.s. (1,4111786)
131th: bestScore=(1,4140552) v.s. (1,3778467)
132th: bestScore=(1,4140552) v.s. (1,3797425)
133th: bestScore=(1,4140552) v.s. (1,3744762)
134th: bestScore=(1,4140552) v.s. (1,3638814)
135th: bestScore=(1,4140552) v.s. (1,3778076)
136th: bestScore=(1,4140552) v.s. (1,3717464)
137th: bestScore=(1,4140552) v.s. (1,3820004)
138th: bestScore=(1,4140552) v.s. (1,3834914)
139th: bestScore=(1,4140552) v.s. (1,3521643)
140th: bestScore=(1,4140552) v.s. (1,3875071)
141th: bestScore=(1,4140552) v.s. (1,3774782)
142th: bestScore=(1,4140552) v.s. (1,3673964)
143th: bestScore=(1,4140552) v.s. (1,3559769)
144th: bestScore=(1,4140552) v.s. (1,3718237)
145th: bestScore=(1,4140552) v.s. (1,3706918)
146th: bestScore=(1,4140552) v.s. (1,3720116)
147th: bestScore=(1,4140552) v.s. (1,3402151)
148th: bestScore=(1,4140552) v.s. (1,4009682)
149th: bestScore=(1,4140552) v.s. (1,3422226)
150th: bestScore=(1,4140552) v.s. (1,3690626)
151th: bestScore=(1,4140552) v.s. (1,3993241)
152th: bestScore=(1,4140552) v.s. (1,3560698)
153th: bestScore=(1,4140552) v.s. (1,3747833)
154th: bestScore=(1,4140552) v.s. (1,3723352)
155th: bestScore=(1,4140552) v.s. (1,3720078)
156th: bestScore=(1,4140552) v.s. (1,3728802)
157th: bestScore=(1,4140552) v.s. (1,3805040)
158th: bestScore=(1,4140552) v.s. (1,3917094)
159th: bestScore=(1,4140552) v.s. (1,3603895)
160th: bestScore=(1,4140552) v.s. (1,4170610)
161th: bestScore=(1,4170610) v.s. (1,3785493)
162th: bestScore=(1,4170610) v.s. (1,3873852)
163th: bestScore=(1,4170610) v.s. (1,3813894)
164th: bestScore=(1,4170610) v.s. (1,3698509)
165th: bestScore=(1,4170610) v.s. (1,3900607)
166th: bestScore=(1,4170610) v.s. (1,3843126)
167th: bestScore=(1,4170610) v.s. (1,3665388)
168th: bestScore=(1,4170610) v.s. (1,3929307)
169th: bestScore=(1,4170610) v.s. (1,3802190)
170th: bestScore=(1,4170610) v.s. (1,3806895)
171th: bestScore=(1,4170610) v.s. (1,3760060)
172th: bestScore=(1,4170610) v.s. (1,3698864)
173th: bestScore=(1,4170610) v.s. (1,3917161)
174th: bestScore=(1,4170610) v.s. (1,4000401)
175th: bestScore=(1,4170610) v.s. (1,3747920)
176th: bestScore=(1,4170610) v.s. (1,3567403)
177th: bestScore=(1,4170610) v.s. (1,3781277)
178th: bestScore=(1,4170610) v.s. (1,3504797)
179th: bestScore=(1,4170610) v.s. (1,3654392)
180th: bestScore=(1,4170610) v.s. (1,3729680)
181th: bestScore=(1,4170610) v.s. (1,3788013)
182th: bestScore=(1,4170610) v.s. (1,3708208)
183th: bestScore=(1,4170610) v.s. (1,3545864)
184th: bestScore=(1,4170610) v.s. (1,3838124)
185th: bestScore=(1,4170610) v.s. (1,3624551)
186th: bestScore=(1,4170610) v.s. (1,3917944)
187th: bestScore=(1,4170610) v.s. (1,3926559)
188th: bestScore=(1,4170610) v.s. (1,3988456)
189th: bestScore=(1,4170610) v.s. (1,3740586)
190th: bestScore=(1,4170610) v.s. (1,3696175)
191th: bestScore=(1,4170610) v.s. (1,3435210)
192th: bestScore=(1,4170610) v.s. (1,3744941)
193th: bestScore=(1,4170610) v.s. (1,3712085)
194th: bestScore=(1,4170610) v.s. (1,3736284)
195th: bestScore=(1,4170610) v.s. (1,3753930)
196th: bestScore=(1,4170610) v.s. (1,3627905)
197th: bestScore=(1,4170610) v.s. (1,3547636)
198th: bestScore=(1,4170610) v.s. (1,3795760)
199th: bestScore=(1,4170610) v.s. (1,3836149)
score = (1,4170610)
