0th: bestScore=(0,-1) v.s. (1,12008288)
1th: bestScore=(1,12008288) v.s. (1,13965223)
2th: bestScore=(1,13965223) v.s. (1,9243049)
3th: bestScore=(1,13965223) v.s. (1,9412814)
4th: bestScore=(1,13965223) v.s. (1,9101172)
5th: bestScore=(1,13965223) v.s. (1,15718987)
6th: bestScore=(1,15718987) v.s. (1,12635660)
7th: bestScore=(1,15718987) v.s. (1,12181552)
8th: bestScore=(1,15718987) v.s. (1,14119430)
9th: bestScore=(1,15718987) v.s. (1,9943740)
10th: bestScore=(1,15718987) v.s. (1,11859459)
11th: bestScore=(1,15718987) v.s. (1,12286770)
12th: bestScore=(1,15718987) v.s. (1,14752032)
13th: bestScore=(1,15718987) v.s. (1,9871361)
14th: bestScore=(1,15718987) v.s. (1,8066819)
15th: bestScore=(1,15718987) v.s. (1,11637885)
16th: bestScore=(1,15718987) v.s. (1,10965073)
17th: bestScore=(1,15718987) v.s. (1,17590552)
18th: bestScore=(1,17590552) v.s. (1,13055493)
19th: bestScore=(1,17590552) v.s. (1,13845187)
20th: bestScore=(1,17590552) v.s. (1,10650438)
21th: bestScore=(1,17590552) v.s. (1,6500665)
22th: bestScore=(1,17590552) v.s. (1,15089926)
23th: bestScore=(1,17590552) v.s. (1,2708166)
24th: bestScore=(1,17590552) v.s. (1,13221545)
25th: bestScore=(1,17590552) v.s. (1,6973072)
26th: bestScore=(1,17590552) v.s. (1,17299252)
27th: bestScore=(1,17590552) v.s. (1,8791861)
28th: bestScore=(1,17590552) v.s. (1,9747822)
29th: bestScore=(1,17590552) v.s. (1,10321985)
30th: bestScore=(1,17590552) v.s. (1,16517435)
31th: bestScore=(1,17590552) v.s. (1,9705406)
32th: bestScore=(1,17590552) v.s. (1,9689038)
33th: bestScore=(1,17590552) v.s. (1,9566733)
34th: bestScore=(1,17590552) v.s. (1,9383741)
35th: bestScore=(1,17590552) v.s. (1,7923348)
36th: bestScore=(1,17590552) v.s. (1,10108557)
37th: bestScore=(1,17590552) v.s. (1,7692343)
38th: bestScore=(1,17590552) v.s. (1,11497290)
39th: bestScore=(1,17590552) v.s. (1,8190210)
40th: bestScore=(1,17590552) v.s. (1,11441252)
41th: bestScore=(1,17590552) v.s. (1,8422201)
42th: bestScore=(1,17590552) v.s. (1,9452984)
43th: bestScore=(1,17590552) v.s. (1,10514751)
44th: bestScore=(1,17590552) v.s. (1,8795898)
45th: bestScore=(1,17590552) v.s. (1,6254117)
46th: bestScore=(1,17590552) v.s. (1,12057880)
47th: bestScore=(1,17590552) v.s. (1,13635951)
48th: bestScore=(1,17590552) v.s. (1,12520621)
49th: bestScore=(1,17590552) v.s. (1,9320006)
50th: bestScore=(1,17590552) v.s. (1,5083544)
51th: bestScore=(1,17590552) v.s. (1,7449457)
52th: bestScore=(1,17590552) v.s. (1,15466312)
53th: bestScore=(1,17590552) v.s. (1,10250541)
54th: bestScore=(1,17590552) v.s. (1,6437416)
55th: bestScore=(1,17590552) v.s. (1,12208101)
56th: bestScore=(1,17590552) v.s. (1,13190404)
57th: bestScore=(1,17590552) v.s. (1,14184000)
58th: bestScore=(1,17590552) v.s. (1,9652838)
59th: bestScore=(1,17590552) v.s. (1,16531349)
60th: bestScore=(1,17590552) v.s. (1,7010495)
61th: bestScore=(1,17590552) v.s. (1,11614792)
62th: bestScore=(1,17590552) v.s. (1,7368731)
63th: bestScore=(1,17590552) v.s. (1,10073682)
64th: bestScore=(1,17590552) v.s. (1,14103750)
65th: bestScore=(1,17590552) v.s. (1,14839139)
66th: bestScore=(1,17590552) v.s. (1,11502282)
67th: bestScore=(1,17590552) v.s. (1,11674846)
68th: bestScore=(1,17590552) v.s. (1,8437409)
69th: bestScore=(1,17590552) v.s. (1,9472537)
70th: bestScore=(1,17590552) v.s. (1,10397925)
71th: bestScore=(1,17590552) v.s. (1,8963306)
72th: bestScore=(1,17590552) v.s. (1,14275166)
73th: bestScore=(1,17590552) v.s. (1,10057868)
74th: bestScore=(1,17590552) v.s. (1,9468962)
75th: bestScore=(1,17590552) v.s. (1,7197215)
76th: bestScore=(1,17590552) v.s. (1,11143333)
77th: bestScore=(1,17590552) v.s. (1,10540375)
78th: bestScore=(1,17590552) v.s. (1,14347250)
79th: bestScore=(1,17590552) v.s. (1,4203198)
80th: bestScore=(1,17590552) v.s. (1,4429207)
81th: bestScore=(1,17590552) v.s. (1,8736232)
82th: bestScore=(1,17590552) v.s. (1,7968366)
83th: bestScore=(1,17590552) v.s. (1,11791545)
84th: bestScore=(1,17590552) v.s. (1,6668165)
85th: bestScore=(1,17590552) v.s. (1,6902609)
86th: bestScore=(1,17590552) v.s. (1,12757389)
87th: bestScore=(1,17590552) v.s. (1,11441988)
88th: bestScore=(1,17590552) v.s. (1,11352825)
89th: bestScore=(1,17590552) v.s. (1,13067757)
90th: bestScore=(1,17590552) v.s. (1,6590040)
91th: bestScore=(1,17590552) v.s. (1,10188637)
92th: bestScore=(1,17590552) v.s. (1,6316483)
93th: bestScore=(1,17590552) v.s. (1,7327944)
94th: bestScore=(1,17590552) v.s. (1,9154691)
95th: bestScore=(1,17590552) v.s. (1,12315447)
96th: bestScore=(1,17590552) v.s. (1,8098053)
97th: bestScore=(1,17590552) v.s. (1,2865707)
98th: bestScore=(1,17590552) v.s. (1,9462701)
99th: bestScore=(1,17590552) v.s. (1,17035433)
100th: bestScore=(1,17590552) v.s. (1,5120328)
101th: bestScore=(1,17590552) v.s. (1,9994298)
102th: bestScore=(1,17590552) v.s. (1,11684244)
103th: bestScore=(1,17590552) v.s. (1,11439886)
104th: bestScore=(1,17590552) v.s. (1,11090754)
105th: bestScore=(1,17590552) v.s. (1,6361306)
106th: bestScore=(1,17590552) v.s. (1,14025153)
107th: bestScore=(1,17590552) v.s. (1,11058432)
108th: bestScore=(1,17590552) v.s. (1,10862475)
109th: bestScore=(1,17590552) v.s. (1,8204696)
110th: bestScore=(1,17590552) v.s. (1,9485640)
111th: bestScore=(1,17590552) v.s. (1,11161450)
112th: bestScore=(1,17590552) v.s. (1,9182059)
113th: bestScore=(1,17590552) v.s. (1,10447086)
114th: bestScore=(1,17590552) v.s. (1,9950092)
115th: bestScore=(1,17590552) v.s. (1,7781201)
116th: bestScore=(1,17590552) v.s. (1,10671779)
117th: bestScore=(1,17590552) v.s. (1,8933366)
118th: bestScore=(1,17590552) v.s. (1,15633577)
119th: bestScore=(1,17590552) v.s. (1,16995162)
120th: bestScore=(1,17590552) v.s. (1,11751264)
121th: bestScore=(1,17590552) v.s. (1,16123890)
122th: bestScore=(1,17590552) v.s. (1,7366935)
123th: bestScore=(1,17590552) v.s. (1,7277554)
124th: bestScore=(1,17590552) v.s. (1,3591445)
125th: bestScore=(1,17590552) v.s. (1,9168457)
126th: bestScore=(1,17590552) v.s. (1,6621566)
127th: bestScore=(1,17590552) v.s. (1,7417800)
128th: bestScore=(1,17590552) v.s. (1,11139963)
129th: bestScore=(1,17590552) v.s. (1,8974930)
130th: bestScore=(1,17590552) v.s. (1,14124717)
131th: bestScore=(1,17590552) v.s. (1,9204698)
132th: bestScore=(1,17590552) v.s. (1,9348774)
133th: bestScore=(1,17590552) v.s. (1,9370657)
134th: bestScore=(1,17590552) v.s. (1,9087709)
135th: bestScore=(1,17590552) v.s. (1,8706501)
136th: bestScore=(1,17590552) v.s. (1,8704172)
137th: bestScore=(1,17590552) v.s. (1,11292098)
138th: bestScore=(1,17590552) v.s. (1,12927429)
139th: bestScore=(1,17590552) v.s. (1,7688815)
140th: bestScore=(1,17590552) v.s. (1,12690627)
141th: bestScore=(1,17590552) v.s. (1,8580338)
142th: bestScore=(1,17590552) v.s. (1,10501146)
143th: bestScore=(1,17590552) v.s. (1,11399472)
144th: bestScore=(1,17590552) v.s. (1,15092419)
145th: bestScore=(1,17590552) v.s. (1,8440761)
146th: bestScore=(1,17590552) v.s. (1,6989974)
147th: bestScore=(1,17590552) v.s. (1,11967234)
148th: bestScore=(1,17590552) v.s. (1,6772063)
149th: bestScore=(1,17590552) v.s. (1,11890445)
150th: bestScore=(1,17590552) v.s. (1,8872673)
151th: bestScore=(1,17590552) v.s. (1,7669717)
152th: bestScore=(1,17590552) v.s. (1,9881558)
153th: bestScore=(1,17590552) v.s. (1,9439124)
154th: bestScore=(1,17590552) v.s. (1,12281555)
155th: bestScore=(1,17590552) v.s. (1,8545641)
156th: bestScore=(1,17590552) v.s. (1,8225577)
157th: bestScore=(1,17590552) v.s. (1,8518949)
158th: bestScore=(1,17590552) v.s. (1,11190054)
159th: bestScore=(1,17590552) v.s. (1,7891167)
160th: bestScore=(1,17590552) v.s. (1,13839074)
161th: bestScore=(1,17590552) v.s. (1,8150924)
162th: bestScore=(1,17590552) v.s. (1,9780858)
163th: bestScore=(1,17590552) v.s. (1,18483509)
164th: bestScore=(1,18483509) v.s. (1,13280918)
165th: bestScore=(1,18483509) v.s. (1,11757137)
166th: bestScore=(1,18483509) v.s. (1,11943058)
167th: bestScore=(1,18483509) v.s. (1,11414827)
168th: bestScore=(1,18483509) v.s. (1,7685375)
169th: bestScore=(1,18483509) v.s. (1,13685688)
170th: bestScore=(1,18483509) v.s. (1,12369927)
171th: bestScore=(1,18483509) v.s. (1,9639896)
172th: bestScore=(1,18483509) v.s. (1,8510361)
173th: bestScore=(1,18483509) v.s. (1,8558960)
174th: bestScore=(1,18483509) v.s. (1,12050976)
175th: bestScore=(1,18483509) v.s. (1,17062719)
176th: bestScore=(1,18483509) v.s. (1,10391716)
177th: bestScore=(1,18483509) v.s. (1,9788319)
178th: bestScore=(1,18483509) v.s. (1,13052908)
179th: bestScore=(1,18483509) v.s. (1,9120901)
180th: bestScore=(1,18483509) v.s. (1,12466182)
181th: bestScore=(1,18483509) v.s. (1,13538356)
182th: bestScore=(1,18483509) v.s. (1,9751169)
183th: bestScore=(1,18483509) v.s. (1,7700465)
184th: bestScore=(1,18483509) v.s. (1,9532233)
185th: bestScore=(1,18483509) v.s. (1,11438863)
186th: bestScore=(1,18483509) v.s. (1,8675564)
187th: bestScore=(1,18483509) v.s. (1,3148201)
188th: bestScore=(1,18483509) v.s. (1,8347290)
189th: bestScore=(1,18483509) v.s. (1,16977920)
190th: bestScore=(1,18483509) v.s. (1,13781554)
191th: bestScore=(1,18483509) v.s. (1,6658958)
192th: bestScore=(1,18483509) v.s. (1,9146260)
193th: bestScore=(1,18483509) v.s. (1,6543666)
194th: bestScore=(1,18483509) v.s. (1,12373013)
195th: bestScore=(1,18483509) v.s. (1,12121138)
196th: bestScore=(1,18483509) v.s. (1,11760322)
197th: bestScore=(1,18483509) v.s. (1,9368911)
198th: bestScore=(1,18483509) v.s. (1,7103734)
199th: bestScore=(1,18483509) v.s. (1,18471736)
score = (1,18483509)
