0th: bestScore=(0,-1) v.s. (1,5013728)
1th: bestScore=(1,5013728) v.s. (1,4701076)
2th: bestScore=(1,5013728) v.s. (1,5065840)
3th: bestScore=(1,5065840) v.s. (1,4511388)
4th: bestScore=(1,5065840) v.s. (1,4392094)
5th: bestScore=(1,5065840) v.s. (1,3984002)
6th: bestScore=(1,5065840) v.s. (1,4713228)
7th: bestScore=(1,5065840) v.s. (1,4837894)
8th: bestScore=(1,5065840) v.s. (1,4986938)
9th: bestScore=(1,5065840) v.s. (1,4486056)
10th: bestScore=(1,5065840) v.s. (1,4501242)
11th: bestScore=(1,5065840) v.s. (1,4910243)
12th: bestScore=(1,5065840) v.s. (1,4628567)
13th: bestScore=(1,5065840) v.s. (1,4423880)
14th: bestScore=(1,5065840) v.s. (1,4889881)
15th: bestScore=(1,5065840) v.s. (1,4302108)
16th: bestScore=(1,5065840) v.s. (1,4418886)
17th: bestScore=(1,5065840) v.s. (1,4467795)
18th: bestScore=(1,5065840) v.s. (1,4502538)
19th: bestScore=(1,5065840) v.s. (1,4522900)
20th: bestScore=(1,5065840) v.s. (1,4584552)
21th: bestScore=(1,5065840) v.s. (1,4927421)
22th: bestScore=(1,5065840) v.s. (1,5164262)
23th: bestScore=(1,5164262) v.s. (1,4557620)
24th: bestScore=(1,5164262) v.s. (1,4915800)
25th: bestScore=(1,5164262) v.s. (1,4519136)
26th: bestScore=(1,5164262) v.s. (1,4048954)
27th: bestScore=(1,5164262) v.s. (1,4507393)
28th: bestScore=(1,5164262) v.s. (1,4535554)
29th: bestScore=(1,5164262) v.s. (1,4550782)
30th: bestScore=(1,5164262) v.s. (1,4447566)
31th: bestScore=(1,5164262) v.s. (1,4372220)
32th: bestScore=(1,5164262) v.s. (1,4260260)
33th: bestScore=(1,5164262) v.s. (1,4387777)
34th: bestScore=(1,5164262) v.s. (1,4859023)
35th: bestScore=(1,5164262) v.s. (1,4284284)
36th: bestScore=(1,5164262) v.s. (1,4688447)
37th: bestScore=(1,5164262) v.s. (1,4786908)
38th: bestScore=(1,5164262) v.s. (1,4341694)
39th: bestScore=(1,5164262) v.s. (1,4952564)
40th: bestScore=(1,5164262) v.s. (1,4281374)
41th: bestScore=(1,5164262) v.s. (1,4912256)
42th: bestScore=(1,5164262) v.s. (1,4881356)
43th: bestScore=(1,5164262) v.s. (1,4226214)
44th: bestScore=(1,5164262) v.s. (1,4160208)
45th: bestScore=(1,5164262) v.s. (1,4405986)
46th: bestScore=(1,5164262) v.s. (1,4641961)
47th: bestScore=(1,5164262) v.s. (1,4964269)
48th: bestScore=(1,5164262) v.s. (1,4314684)
49th: bestScore=(1,5164262) v.s. (1,4310043)
50th: bestScore=(1,5164262) v.s. (1,4247772)
51th: bestScore=(1,5164262) v.s. (1,4343687)
52th: bestScore=(1,5164262) v.s. (1,4741111)
53th: bestScore=(1,5164262) v.s. (1,4277568)
54th: bestScore=(1,5164262) v.s. (1,4887028)
55th: bestScore=(1,5164262) v.s. (1,4306593)
56th: bestScore=(1,5164262) v.s. (1,4439679)
57th: bestScore=(1,5164262) v.s. (1,4178963)
58th: bestScore=(1,5164262) v.s. (1,4693628)
59th: bestScore=(1,5164262) v.s. (1,3955345)
60th: bestScore=(1,5164262) v.s. (1,4769123)
61th: bestScore=(1,5164262) v.s. (1,4237573)
62th: bestScore=(1,5164262) v.s. (1,4430609)
63th: bestScore=(1,5164262) v.s. (1,4333452)
64th: bestScore=(1,5164262) v.s. (1,4540712)
65th: bestScore=(1,5164262) v.s. (1,4390813)
66th: bestScore=(1,5164262) v.s. (1,4600881)
67th: bestScore=(1,5164262) v.s. (1,4563825)
68th: bestScore=(1,5164262) v.s. (1,4385831)
69th: bestScore=(1,5164262) v.s. (1,4386715)
70th: bestScore=(1,5164262) v.s. (1,4626833)
71th: bestScore=(1,5164262) v.s. (1,4606735)
72th: bestScore=(1,5164262) v.s. (1,4828455)
73th: bestScore=(1,5164262) v.s. (1,4279226)
74th: bestScore=(1,5164262) v.s. (1,4904156)
75th: bestScore=(1,5164262) v.s. (1,4065248)
76th: bestScore=(1,5164262) v.s. (1,4917588)
77th: bestScore=(1,5164262) v.s. (1,4779661)
78th: bestScore=(1,5164262) v.s. (1,4902833)
79th: bestScore=(1,5164262) v.s. (1,4808554)
80th: bestScore=(1,5164262) v.s. (1,4488589)
81th: bestScore=(1,5164262) v.s. (1,4589896)
82th: bestScore=(1,5164262) v.s. (1,4640501)
83th: bestScore=(1,5164262) v.s. (1,4704460)
84th: bestScore=(1,5164262) v.s. (1,5218626)
85th: bestScore=(1,5218626) v.s. (1,4652565)
86th: bestScore=(1,5218626) v.s. (1,4361201)
87th: bestScore=(1,5218626) v.s. (1,4966941)
88th: bestScore=(1,5218626) v.s. (1,4369913)
89th: bestScore=(1,5218626) v.s. (1,4985662)
90th: bestScore=(1,5218626) v.s. (1,4143123)
91th: bestScore=(1,5218626) v.s. (1,4058467)
92th: bestScore=(1,5218626) v.s. (1,4446795)
93th: bestScore=(1,5218626) v.s. (1,4728638)
94th: bestScore=(1,5218626) v.s. (1,4722399)
95th: bestScore=(1,5218626) v.s. (1,4427450)
96th: bestScore=(1,5218626) v.s. (1,4519277)
97th: bestScore=(1,5218626) v.s. (1,4616017)
98th: bestScore=(1,5218626) v.s. (1,4535247)
99th: bestScore=(1,5218626) v.s. (1,4531446)
100th: bestScore=(1,5218626) v.s. (1,4685460)
101th: bestScore=(1,5218626) v.s. (1,4507094)
102th: bestScore=(1,5218626) v.s. (1,4316603)
103th: bestScore=(1,5218626) v.s. (1,4465524)
104th: bestScore=(1,5218626) v.s. (1,4089438)
105th: bestScore=(1,5218626) v.s. (1,5018582)
106th: bestScore=(1,5218626) v.s. (1,4418996)
107th: bestScore=(1,5218626) v.s. (1,4610776)
108th: bestScore=(1,5218626) v.s. (1,4783672)
109th: bestScore=(1,5218626) v.s. (1,4586866)
110th: bestScore=(1,5218626) v.s. (1,4329424)
111th: bestScore=(1,5218626) v.s. (1,4660426)
112th: bestScore=(1,5218626) v.s. (1,4407954)
113th: bestScore=(1,5218626) v.s. (1,4781684)
114th: bestScore=(1,5218626) v.s. (1,4588512)
115th: bestScore=(1,5218626) v.s. (1,4084896)
116th: bestScore=(1,5218626) v.s. (1,4371620)
117th: bestScore=(1,5218626) v.s. (1,4262791)
118th: bestScore=(1,5218626) v.s. (1,4388058)
119th: bestScore=(1,5218626) v.s. (1,4315031)
120th: bestScore=(1,5218626) v.s. (1,4715100)
121th: bestScore=(1,5218626) v.s. (1,4310442)
122th: bestScore=(1,5218626) v.s. (1,4320823)
123th: bestScore=(1,5218626) v.s. (1,4530309)
124th: bestScore=(1,5218626) v.s. (1,4297287)
125th: bestScore=(1,5218626) v.s. (1,5213637)
126th: bestScore=(1,5218626) v.s. (1,4447388)
127th: bestScore=(1,5218626) v.s. (1,4223766)
128th: bestScore=(1,5218626) v.s. (1,4415722)
129th: bestScore=(1,5218626) v.s. (1,3999424)
130th: bestScore=(1,5218626) v.s. (1,4827739)
131th: bestScore=(1,5218626) v.s. (1,4444878)
132th: bestScore=(1,5218626) v.s. (1,4770315)
133th: bestScore=(1,5218626) v.s. (1,4681824)
134th: bestScore=(1,5218626) v.s. (1,4482733)
135th: bestScore=(1,5218626) v.s. (1,4471208)
136th: bestScore=(1,5218626) v.s. (1,4749726)
137th: bestScore=(1,5218626) v.s. (1,4126252)
138th: bestScore=(1,5218626) v.s. (1,4491010)
139th: bestScore=(1,5218626) v.s. (1,4540424)
140th: bestScore=(1,5218626) v.s. (1,5080924)
141th: bestScore=(1,5218626) v.s. (1,4653788)
142th: bestScore=(1,5218626) v.s. (1,4226322)
143th: bestScore=(1,5218626) v.s. (1,4798539)
144th: bestScore=(1,5218626) v.s. (1,4053324)
145th: bestScore=(1,5218626) v.s. (1,4276037)
146th: bestScore=(1,5218626) v.s. (1,4408260)
147th: bestScore=(1,5218626) v.s. (1,4153178)
148th: bestScore=(1,5218626) v.s. (1,4566284)
149th: bestScore=(1,5218626) v.s. (1,4463652)
150th: bestScore=(1,5218626) v.s. (1,4414635)
151th: bestScore=(1,5218626) v.s. (1,4889111)
152th: bestScore=(1,5218626) v.s. (1,4573723)
153th: bestScore=(1,5218626) v.s. (1,4385537)
154th: bestScore=(1,5218626) v.s. (1,4409862)
155th: bestScore=(1,5218626) v.s. (1,4251682)
156th: bestScore=(1,5218626) v.s. (1,5150378)
157th: bestScore=(1,5218626) v.s. (1,4767113)
158th: bestScore=(1,5218626) v.s. (1,4399012)
159th: bestScore=(1,5218626) v.s. (1,4303849)
160th: bestScore=(1,5218626) v.s. (1,4397618)
161th: bestScore=(1,5218626) v.s. (1,4661566)
162th: bestScore=(1,5218626) v.s. (1,5262534)
163th: bestScore=(1,5262534) v.s. (1,5014979)
164th: bestScore=(1,5262534) v.s. (1,4534140)
165th: bestScore=(1,5262534) v.s. (1,4870953)
166th: bestScore=(1,5262534) v.s. (1,4575664)
167th: bestScore=(1,5262534) v.s. (1,4723458)
168th: bestScore=(1,5262534) v.s. (1,4116087)
169th: bestScore=(1,5262534) v.s. (1,4688238)
170th: bestScore=(1,5262534) v.s. (1,4542271)
171th: bestScore=(1,5262534) v.s. (1,4792057)
172th: bestScore=(1,5262534) v.s. (1,4473545)
173th: bestScore=(1,5262534) v.s. (1,4295937)
174th: bestScore=(1,5262534) v.s. (1,5528122)
175th: bestScore=(1,5528122) v.s. (1,4821156)
176th: bestScore=(1,5528122) v.s. (1,4324989)
177th: bestScore=(1,5528122) v.s. (1,4715958)
178th: bestScore=(1,5528122) v.s. (1,4721559)
179th: bestScore=(1,5528122) v.s. (1,4518007)
180th: bestScore=(1,5528122) v.s. (1,4392832)
181th: bestScore=(1,5528122) v.s. (1,4652107)
182th: bestScore=(1,5528122) v.s. (1,4738441)
183th: bestScore=(1,5528122) v.s. (1,4597343)
184th: bestScore=(1,5528122) v.s. (1,4486199)
185th: bestScore=(1,5528122) v.s. (1,4113905)
186th: bestScore=(1,5528122) v.s. (1,4483815)
187th: bestScore=(1,5528122) v.s. (1,4627529)
188th: bestScore=(1,5528122) v.s. (1,4795100)
189th: bestScore=(1,5528122) v.s. (1,4489970)
190th: bestScore=(1,5528122) v.s. (1,4352115)
191th: bestScore=(1,5528122) v.s. (1,4444564)
192th: bestScore=(1,5528122) v.s. (1,4275888)
193th: bestScore=(1,5528122) v.s. (1,4491830)
194th: bestScore=(1,5528122) v.s. (1,4119712)
195th: bestScore=(1,5528122) v.s. (1,4458779)
196th: bestScore=(1,5528122) v.s. (1,4581708)
197th: bestScore=(1,5528122) v.s. (1,4398018)
198th: bestScore=(1,5528122) v.s. (1,4891248)
199th: bestScore=(1,5528122) v.s. (1,4228306)
score = (1,5528122)
