0th: bestScore=(0,-1) v.s. (1,14909221)
1th: bestScore=(1,14909221) v.s. (1,11865065)
2th: bestScore=(1,14909221) v.s. (1,9928599)
3th: bestScore=(1,14909221) v.s. (1,10779814)
4th: bestScore=(1,14909221) v.s. (1,12930920)
5th: bestScore=(1,14909221) v.s. (1,12967388)
6th: bestScore=(1,14909221) v.s. (1,11685199)
7th: bestScore=(1,14909221) v.s. (1,11843347)
8th: bestScore=(1,14909221) v.s. (1,13117554)
9th: bestScore=(1,14909221) v.s. (1,14083678)
10th: bestScore=(1,14909221) v.s. (1,10137580)
11th: bestScore=(1,14909221) v.s. (1,11585733)
12th: bestScore=(1,14909221) v.s. (1,13752798)
13th: bestScore=(1,14909221) v.s. (1,11218592)
14th: bestScore=(1,14909221) v.s. (1,13293951)
15th: bestScore=(1,14909221) v.s. (1,12514780)
16th: bestScore=(1,14909221) v.s. (1,14124763)
17th: bestScore=(1,14909221) v.s. (1,12768428)
18th: bestScore=(1,14909221) v.s. (1,12949059)
19th: bestScore=(1,14909221) v.s. (1,10950693)
20th: bestScore=(1,14909221) v.s. (1,11322638)
21th: bestScore=(1,14909221) v.s. (1,13233488)
22th: bestScore=(1,14909221) v.s. (1,12428710)
23th: bestScore=(1,14909221) v.s. (1,11360184)
24th: bestScore=(1,14909221) v.s. (1,12146254)
25th: bestScore=(1,14909221) v.s. (1,10096758)
26th: bestScore=(1,14909221) v.s. (1,9828856)
27th: bestScore=(1,14909221) v.s. (1,10877713)
28th: bestScore=(1,14909221) v.s. (1,10978332)
29th: bestScore=(1,14909221) v.s. (1,16059947)
30th: bestScore=(1,16059947) v.s. (1,10017343)
31th: bestScore=(1,16059947) v.s. (1,11772256)
32th: bestScore=(1,16059947) v.s. (1,13249296)
33th: bestScore=(1,16059947) v.s. (1,10293516)
34th: bestScore=(1,16059947) v.s. (1,12643981)
35th: bestScore=(1,16059947) v.s. (1,13155771)
36th: bestScore=(1,16059947) v.s. (1,11456258)
37th: bestScore=(1,16059947) v.s. (1,13813844)
38th: bestScore=(1,16059947) v.s. (1,12232963)
39th: bestScore=(1,16059947) v.s. (1,11711315)
40th: bestScore=(1,16059947) v.s. (1,10900113)
41th: bestScore=(1,16059947) v.s. (1,10426724)
42th: bestScore=(1,16059947) v.s. (1,11384033)
43th: bestScore=(1,16059947) v.s. (1,16528475)
44th: bestScore=(1,16528475) v.s. (1,14015592)
45th: bestScore=(1,16528475) v.s. (1,14837916)
46th: bestScore=(1,16528475) v.s. (1,12498677)
47th: bestScore=(1,16528475) v.s. (1,13820672)
48th: bestScore=(1,16528475) v.s. (1,12200581)
49th: bestScore=(1,16528475) v.s. (1,13451337)
50th: bestScore=(1,16528475) v.s. (1,14499234)
51th: bestScore=(1,16528475) v.s. (1,13172716)
52th: bestScore=(1,16528475) v.s. (1,13916862)
53th: bestScore=(1,16528475) v.s. (1,13042818)
54th: bestScore=(1,16528475) v.s. (1,12523737)
55th: bestScore=(1,16528475) v.s. (1,12021285)
56th: bestScore=(1,16528475) v.s. (1,12528429)
57th: bestScore=(1,16528475) v.s. (1,11141887)
58th: bestScore=(1,16528475) v.s. (1,12998386)
59th: bestScore=(1,16528475) v.s. (1,13657933)
60th: bestScore=(1,16528475) v.s. (1,10022439)
61th: bestScore=(1,16528475) v.s. (1,11930462)
62th: bestScore=(1,16528475) v.s. (1,14048731)
63th: bestScore=(1,16528475) v.s. (1,12967081)
64th: bestScore=(1,16528475) v.s. (1,11000102)
65th: bestScore=(1,16528475) v.s. (1,14847093)
66th: bestScore=(1,16528475) v.s. (1,11646608)
67th: bestScore=(1,16528475) v.s. (1,11670692)
68th: bestScore=(1,16528475) v.s. (1,10867725)
69th: bestScore=(1,16528475) v.s. (1,8368324)
70th: bestScore=(1,16528475) v.s. (1,11857046)
71th: bestScore=(1,16528475) v.s. (1,12556961)
72th: bestScore=(1,16528475) v.s. (1,12568424)
73th: bestScore=(1,16528475) v.s. (1,11449605)
74th: bestScore=(1,16528475) v.s. (1,14529767)
75th: bestScore=(1,16528475) v.s. (1,14887628)
76th: bestScore=(1,16528475) v.s. (1,11143134)
77th: bestScore=(1,16528475) v.s. (1,13756837)
78th: bestScore=(1,16528475) v.s. (1,11125502)
79th: bestScore=(1,16528475) v.s. (1,14647142)
80th: bestScore=(1,16528475) v.s. (1,9330328)
81th: bestScore=(1,16528475) v.s. (1,11488419)
82th: bestScore=(1,16528475) v.s. (1,12043389)
83th: bestScore=(1,16528475) v.s. (1,13967287)
84th: bestScore=(1,16528475) v.s. (1,10398930)
85th: bestScore=(1,16528475) v.s. (1,12837515)
86th: bestScore=(1,16528475) v.s. (1,10422977)
87th: bestScore=(1,16528475) v.s. (1,12512586)
88th: bestScore=(1,16528475) v.s. (1,12612648)
89th: bestScore=(1,16528475) v.s. (1,13904319)
90th: bestScore=(1,16528475) v.s. (1,12621675)
91th: bestScore=(1,16528475) v.s. (1,10239772)
92th: bestScore=(1,16528475) v.s. (1,13268874)
93th: bestScore=(1,16528475) v.s. (1,14599563)
94th: bestScore=(1,16528475) v.s. (1,12524687)
95th: bestScore=(1,16528475) v.s. (1,14354792)
96th: bestScore=(1,16528475) v.s. (1,11990463)
97th: bestScore=(1,16528475) v.s. (1,13883755)
98th: bestScore=(1,16528475) v.s. (1,12276706)
99th: bestScore=(1,16528475) v.s. (1,13584430)
100th: bestScore=(1,16528475) v.s. (1,15739245)
101th: bestScore=(1,16528475) v.s. (1,10647574)
102th: bestScore=(1,16528475) v.s. (1,13300834)
103th: bestScore=(1,16528475) v.s. (1,10956676)
104th: bestScore=(1,16528475) v.s. (1,12021160)
105th: bestScore=(1,16528475) v.s. (1,13876595)
106th: bestScore=(1,16528475) v.s. (1,12397729)
107th: bestScore=(1,16528475) v.s. (1,11855242)
108th: bestScore=(1,16528475) v.s. (1,10800640)
109th: bestScore=(1,16528475) v.s. (1,13682697)
110th: bestScore=(1,16528475) v.s. (1,12452589)
111th: bestScore=(1,16528475) v.s. (1,12834837)
112th: bestScore=(1,16528475) v.s. (1,11902877)
113th: bestScore=(1,16528475) v.s. (1,12512861)
114th: bestScore=(1,16528475) v.s. (1,13654321)
115th: bestScore=(1,16528475) v.s. (1,11791454)
116th: bestScore=(1,16528475) v.s. (1,12952871)
117th: bestScore=(1,16528475) v.s. (1,11802958)
118th: bestScore=(1,16528475) v.s. (1,9726638)
119th: bestScore=(1,16528475) v.s. (1,12068051)
120th: bestScore=(1,16528475) v.s. (1,10007372)
121th: bestScore=(1,16528475) v.s. (1,11025356)
122th: bestScore=(1,16528475) v.s. (1,11020022)
123th: bestScore=(1,16528475) v.s. (1,16251824)
124th: bestScore=(1,16528475) v.s. (1,11044472)
125th: bestScore=(1,16528475) v.s. (1,13333790)
126th: bestScore=(1,16528475) v.s. (1,11734112)
127th: bestScore=(1,16528475) v.s. (1,11043474)
128th: bestScore=(1,16528475) v.s. (1,13291291)
129th: bestScore=(1,16528475) v.s. (1,14199847)
130th: bestScore=(1,16528475) v.s. (1,12462141)
131th: bestScore=(1,16528475) v.s. (1,9411155)
132th: bestScore=(1,16528475) v.s. (1,16629685)
133th: bestScore=(1,16629685) v.s. (1,13873666)
134th: bestScore=(1,16629685) v.s. (1,12880172)
135th: bestScore=(1,16629685) v.s. (1,10904173)
136th: bestScore=(1,16629685) v.s. (1,11355414)
137th: bestScore=(1,16629685) v.s. (1,13455589)
138th: bestScore=(1,16629685) v.s. (1,12470575)
139th: bestScore=(1,16629685) v.s. (1,13575343)
140th: bestScore=(1,16629685) v.s. (1,12298297)
141th: bestScore=(1,16629685) v.s. (1,12826925)
142th: bestScore=(1,16629685) v.s. (1,12430337)
143th: bestScore=(1,16629685) v.s. (1,12127581)
144th: bestScore=(1,16629685) v.s. (1,11006507)
145th: bestScore=(1,16629685) v.s. (1,12905987)
146th: bestScore=(1,16629685) v.s. (1,13227917)
147th: bestScore=(1,16629685) v.s. (1,12444773)
148th: bestScore=(1,16629685) v.s. (1,12362166)
149th: bestScore=(1,16629685) v.s. (1,9637091)
150th: bestScore=(1,16629685) v.s. (1,15728925)
151th: bestScore=(1,16629685) v.s. (1,9229732)
152th: bestScore=(1,16629685) v.s. (1,13519393)
153th: bestScore=(1,16629685) v.s. (1,11755276)
154th: bestScore=(1,16629685) v.s. (1,14730672)
155th: bestScore=(1,16629685) v.s. (1,11305812)
156th: bestScore=(1,16629685) v.s. (1,14204897)
157th: bestScore=(1,16629685) v.s. (1,11658004)
158th: bestScore=(1,16629685) v.s. (1,14982189)
159th: bestScore=(1,16629685) v.s. (1,12027011)
160th: bestScore=(1,16629685) v.s. (1,9602323)
161th: bestScore=(1,16629685) v.s. (1,11643278)
162th: bestScore=(1,16629685) v.s. (1,13425179)
163th: bestScore=(1,16629685) v.s. (1,12500874)
164th: bestScore=(1,16629685) v.s. (1,9307989)
165th: bestScore=(1,16629685) v.s. (1,11475006)
166th: bestScore=(1,16629685) v.s. (1,10391339)
167th: bestScore=(1,16629685) v.s. (1,14076986)
168th: bestScore=(1,16629685) v.s. (1,11534600)
169th: bestScore=(1,16629685) v.s. (1,17607284)
170th: bestScore=(1,17607284) v.s. (1,10310235)
171th: bestScore=(1,17607284) v.s. (1,11758918)
172th: bestScore=(1,17607284) v.s. (1,10954248)
173th: bestScore=(1,17607284) v.s. (1,12103903)
174th: bestScore=(1,17607284) v.s. (1,11198811)
175th: bestScore=(1,17607284) v.s. (1,15635130)
176th: bestScore=(1,17607284) v.s. (1,12633292)
177th: bestScore=(1,17607284) v.s. (1,10180779)
178th: bestScore=(1,17607284) v.s. (1,11769443)
179th: bestScore=(1,17607284) v.s. (1,11301951)
180th: bestScore=(1,17607284) v.s. (1,14579614)
181th: bestScore=(1,17607284) v.s. (1,11878240)
182th: bestScore=(1,17607284) v.s. (1,12246740)
183th: bestScore=(1,17607284) v.s. (1,12083153)
184th: bestScore=(1,17607284) v.s. (1,14025124)
185th: bestScore=(1,17607284) v.s. (1,12125850)
186th: bestScore=(1,17607284) v.s. (1,12402340)
187th: bestScore=(1,17607284) v.s. (1,9315054)
188th: bestScore=(1,17607284) v.s. (1,11773562)
189th: bestScore=(1,17607284) v.s. (1,12389916)
190th: bestScore=(1,17607284) v.s. (1,13552802)
191th: bestScore=(1,17607284) v.s. (1,11782732)
192th: bestScore=(1,17607284) v.s. (1,12142000)
193th: bestScore=(1,17607284) v.s. (1,14105729)
194th: bestScore=(1,17607284) v.s. (1,10679954)
195th: bestScore=(1,17607284) v.s. (1,11208121)
196th: bestScore=(1,17607284) v.s. (1,12489689)
197th: bestScore=(1,17607284) v.s. (1,12084904)
198th: bestScore=(1,17607284) v.s. (1,13753201)
199th: bestScore=(1,17607284) v.s. (1,13765322)
score = (1,17607284)
