{
"placements": [
{"x": 290.000000000000000, "y": 530.000000000000000},
{"x": 290.000000000000000, "y": 520.000000000000000},
{"x": 290.000000000000000, "y": 510.000000000000000},
{"x": 290.000000000000000, "y": 500.000000000000000},
{"x": 290.000000000000000, "y": 490.000000000000000},
{"x": 290.000000000000000, "y": 480.000000000000000},
{"x": 290.000000000000000, "y": 470.000000000000000},
{"x": 290.000000000000000, "y": 460.000000000000000},
{"x": 290.000000000000000, "y": 450.000000000000000},
{"x": 290.000000000000000, "y": 440.000000000000000},
{"x": 290.000000000000000, "y": 430.000000000000000},
{"x": 290.000000000000000, "y": 420.000000000000000},
{"x": 290.000000000000000, "y": 410.000000000000000},
{"x": 290.000000000000000, "y": 400.000000000000000},
{"x": 290.000000000000000, "y": 390.000000000000000},
{"x": 290.000000000000000, "y": 380.000000000000000},
{"x": 290.000000000000000, "y": 370.000000000000000},
{"x": 290.000000000000000, "y": 360.000000000000000},
{"x": 290.000000000000000, "y": 350.000000000000000},
{"x": 290.000000000000000, "y": 340.000000000000000},
{"x": 290.000000000000000, "y": 330.000000000000000},
{"x": 290.000000000000000, "y": 320.000000000000000},
{"x": 290.000000000000000, "y": 310.000000000000000},
{"x": 290.000000000000000, "y": 300.000000000000000},
{"x": 290.000000000000000, "y": 290.000000000000000},
{"x": 290.000000000000000, "y": 280.000000000000000},
{"x": 290.000000000000000, "y": 270.000000000000000},
{"x": 290.000000000000000, "y": 260.000000000000000},
{"x": 290.000000000000000, "y": 250.000000000000000},
{"x": 290.000000000000000, "y": 240.000000000000000},
{"x": 290.000000000000000, "y": 230.000000000000000},
{"x": 290.000000000000000, "y": 220.000000000000000},
{"x": 290.000000000000000, "y": 210.000000000000000},
{"x": 290.000000000000000, "y": 200.000000000000000},
{"x": 290.000000000000000, "y": 190.000000000000000},
{"x": 290.000000000000000, "y": 180.000000000000000},
{"x": 290.000000000000000, "y": 170.000000000000000},
{"x": 290.000000000000000, "y": 160.000000000000000},
{"x": 290.000000000000000, "y": 150.000000000000000},
{"x": 290.000000000000000, "y": 140.000000000000000},
{"x": 290.000000000000000, "y": 130.000000000000000},
{"x": 290.000000000000000, "y": 120.000000000000000},
{"x": 290.000000000000000, "y": 110.000000000000000},
{"x": 290.000000000000000, "y": 100.000000000000000},
{"x": 290.000000000000000, "y": 90.000000000000000},
{"x": 290.000000000000000, "y": 80.000000000000000},
{"x": 290.000000000000000, "y": 70.000000000000000},
{"x": 290.000000000000000, "y": 60.000000000000000},
{"x": 290.000000000000000, "y": 50.000000000000000},
{"x": 290.000000000000000, "y": 40.000000000000000},
{"x": 290.000000000000000, "y": 30.000000000000000},
{"x": 290.000000000000000, "y": 20.000000000000000},
{"x": 290.000000000000000, "y": 10.000000000000000},
{"x": 280.000000000000000, "y": 530.000000000000000},
{"x": 280.000000000000000, "y": 520.000000000000000},
{"x": 280.000000000000000, "y": 510.000000000000000},
{"x": 280.000000000000000, "y": 500.000000000000000},
{"x": 280.000000000000000, "y": 490.000000000000000},
{"x": 280.000000000000000, "y": 480.000000000000000},
{"x": 280.000000000000000, "y": 470.000000000000000},
{"x": 280.000000000000000, "y": 460.000000000000000},
{"x": 280.000000000000000, "y": 450.000000000000000},
{"x": 280.000000000000000, "y": 440.000000000000000},
{"x": 280.000000000000000, "y": 430.000000000000000},
{"x": 280.000000000000000, "y": 420.000000000000000},
{"x": 280.000000000000000, "y": 410.000000000000000},
{"x": 280.000000000000000, "y": 400.000000000000000},
{"x": 280.000000000000000, "y": 390.000000000000000},
{"x": 280.000000000000000, "y": 380.000000000000000},
{"x": 280.000000000000000, "y": 370.000000000000000},
{"x": 280.000000000000000, "y": 360.000000000000000},
{"x": 280.000000000000000, "y": 350.000000000000000},
{"x": 280.000000000000000, "y": 340.000000000000000},
{"x": 280.000000000000000, "y": 330.000000000000000},
{"x": 280.000000000000000, "y": 320.000000000000000},
{"x": 280.000000000000000, "y": 310.000000000000000},
{"x": 280.000000000000000, "y": 300.000000000000000},
{"x": 280.000000000000000, "y": 290.000000000000000},
{"x": 280.000000000000000, "y": 280.000000000000000},
{"x": 280.000000000000000, "y": 270.000000000000000},
{"x": 280.000000000000000, "y": 260.000000000000000},
{"x": 280.000000000000000, "y": 250.000000000000000},
{"x": 280.000000000000000, "y": 240.000000000000000},
{"x": 280.000000000000000, "y": 230.000000000000000},
{"x": 280.000000000000000, "y": 220.000000000000000},
{"x": 280.000000000000000, "y": 210.000000000000000},
{"x": 280.000000000000000, "y": 200.000000000000000},
{"x": 280.000000000000000, "y": 190.000000000000000},
{"x": 280.000000000000000, "y": 180.000000000000000},
{"x": 280.000000000000000, "y": 170.000000000000000},
{"x": 280.000000000000000, "y": 160.000000000000000},
{"x": 280.000000000000000, "y": 150.000000000000000},
{"x": 280.000000000000000, "y": 140.000000000000000},
{"x": 280.000000000000000, "y": 130.000000000000000},
{"x": 280.000000000000000, "y": 120.000000000000000},
{"x": 280.000000000000000, "y": 110.000000000000000},
{"x": 280.000000000000000, "y": 100.000000000000000},
{"x": 280.000000000000000, "y": 90.000000000000000},
{"x": 280.000000000000000, "y": 80.000000000000000},
{"x": 280.000000000000000, "y": 70.000000000000000},
{"x": 280.000000000000000, "y": 60.000000000000000},
{"x": 280.000000000000000, "y": 50.000000000000000},
{"x": 280.000000000000000, "y": 40.000000000000000},
{"x": 280.000000000000000, "y": 30.000000000000000},
{"x": 280.000000000000000, "y": 20.000000000000000},
{"x": 280.000000000000000, "y": 10.000000000000000},
{"x": 270.000000000000000, "y": 530.000000000000000},
{"x": 270.000000000000000, "y": 520.000000000000000},
{"x": 270.000000000000000, "y": 510.000000000000000},
{"x": 270.000000000000000, "y": 500.000000000000000},
{"x": 270.000000000000000, "y": 490.000000000000000},
{"x": 270.000000000000000, "y": 480.000000000000000},
{"x": 270.000000000000000, "y": 470.000000000000000},
{"x": 270.000000000000000, "y": 460.000000000000000},
{"x": 270.000000000000000, "y": 450.000000000000000},
{"x": 270.000000000000000, "y": 440.000000000000000},
{"x": 270.000000000000000, "y": 430.000000000000000},
{"x": 270.000000000000000, "y": 420.000000000000000},
{"x": 270.000000000000000, "y": 410.000000000000000},
{"x": 270.000000000000000, "y": 400.000000000000000},
{"x": 270.000000000000000, "y": 390.000000000000000},
{"x": 270.000000000000000, "y": 380.000000000000000},
{"x": 270.000000000000000, "y": 370.000000000000000},
{"x": 270.000000000000000, "y": 360.000000000000000},
{"x": 270.000000000000000, "y": 350.000000000000000},
{"x": 270.000000000000000, "y": 340.000000000000000},
{"x": 270.000000000000000, "y": 330.000000000000000},
{"x": 270.000000000000000, "y": 320.000000000000000},
{"x": 270.000000000000000, "y": 310.000000000000000}
]
}