{
"placements": [
{"x": 164.000000000000000, "y": 10.000000000000000},
{"x": 154.000000000000000, "y": 10.000000000000000},
{"x": 144.000000000000000, "y": 10.000000000000000},
{"x": 130.000000000000000, "y": 10.000000000000000},
{"x": 120.000000000000000, "y": 10.000000000000000},
{"x": 110.000000000000000, "y": 10.000000000000000},
{"x": 100.000000000000000, "y": 10.000000000000000},
{"x": 90.000000000000000, "y": 10.000000000000000},
{"x": 80.000000000000000, "y": 10.000000000000000},
{"x": 70.000000000000000, "y": 10.000000000000000},
{"x": 60.000000000000000, "y": 10.000000000000000},
{"x": 50.000000000000000, "y": 10.000000000000000},
{"x": 40.000000000000000, "y": 10.000000000000000},
{"x": 30.000000000000000, "y": 10.000000000000000},
{"x": 20.000000000000000, "y": 10.000000000000000},
{"x": 10.000000000000000, "y": 10.000000000000000}
]
}