{
"placements": [
{"x": 10.000000000000000, "y": 580.000000000000000},
{"x": 30.000000000000000, "y": 780.000000000000000},
{"x": 210.000000000000000, "y": 800.000000000000000},
{"x": 190.000000000000000, "y": 580.000000000000000},
{"x": 180.000000000000000, "y": 120.000000000000000},
{"x": 70.000000000000000, "y": 680.000000000000000},
{"x": 10.000000000000000, "y": 400.000000000000000},
{"x": 60.000000000000000, "y": 380.000000000000000},
{"x": 200.000000000000000, "y": 560.000000000000000},
{"x": 150.000000000000000, "y": 820.000000000000000},
{"x": 70.000000000000000, "y": 710.000000000000000},
{"x": 30.000000000000000, "y": 360.000000000000000},
{"x": 60.000000000000000, "y": 870.000000000000000},
{"x": 60.000000000000000, "y": 430.000000000000000},
{"x": 180.000000000000000, "y": 450.000000000000000},
{"x": 220.000000000000000, "y": 670.000000000000000},
{"x": 20.000000000000000, "y": 840.000000000000000},
{"x": 180.000000000000000, "y": 730.000000000000000},
{"x": 160.000000000000000, "y": 680.000000000000000},
{"x": 70.000000000000000, "y": 340.000000000000000},
{"x": 210.000000000000000, "y": 130.000000000000000},
{"x": 50.000000000000000, "y": 540.000000000000000},
{"x": 230.000000000000000, "y": 320.000000000000000},
{"x": 140.000000000000000, "y": 610.000000000000000},
{"x": 180.000000000000000, "y": 840.000000000000000},
{"x": 180.000000000000000, "y": 630.000000000000000},
{"x": 230.000000000000000, "y": 160.000000000000000},
{"x": 160.000000000000000, "y": 220.000000000000000},
{"x": 40.000000000000000, "y": 600.000000000000000},
{"x": 90.000000000000000, "y": 570.000000000000000},
{"x": 190.000000000000000, "y": 750.000000000000000},
{"x": 100.000000000000000, "y": 500.000000000000000},
{"x": 120.000000000000000, "y": 390.000000000000000},
{"x": 160.000000000000000, "y": 350.000000000000000},
{"x": 30.000000000000000, "y": 880.000000000000000},
{"x": 10.000000000000000, "y": 130.000000000000000},
{"x": 120.000000000000000, "y": 840.000000000000000},
{"x": 90.000000000000000, "y": 350.000000000000000},
{"x": 20.000000000000000, "y": 560.000000000000000},
{"x": 80.000000000000000, "y": 870.000000000000000},
{"x": 110.000000000000000, "y": 860.000000000000000},
{"x": 70.000000000000000, "y": 750.000000000000000},
{"x": 200.000000000000000, "y": 660.000000000000000},
{"x": 20.000000000000000, "y": 420.000000000000000},
{"x": 60.000000000000000, "y": 810.000000000000000},
{"x": 150.000000000000000, "y": 770.000000000000000},
{"x": 210.000000000000000, "y": 380.000000000000000},
{"x": 120.000000000000000, "y": 670.000000000000000},
{"x": 150.000000000000000, "y": 520.000000000000000},
{"x": 230.000000000000000, "y": 760.000000000000000},
{"x": 110.000000000000000, "y": 850.000000000000000},
{"x": 190.000000000000000, "y": 220.000000000000000},
{"x": 160.000000000000000, "y": 810.000000000000000},
{"x": 210.000000000000000, "y": 880.000000000000000},
{"x": 210.000000000000000, "y": 540.000000000000000},
{"x": 200.000000000000000, "y": 840.000000000000000},
{"x": 220.000000000000000, "y": 110.000000000000000},
{"x": 50.000000000000000, "y": 110.000000000000000},
{"x": 30.000000000000000, "y": 320.000000000000000},
{"x": 130.000000000000000, "y": 820.000000000000000},
{"x": 170.000000000000000, "y": 630.000000000000000},
{"x": 180.000000000000000, "y": 30.000000000000000},
{"x": 140.000000000000000, "y": 830.000000000000000},
{"x": 70.000000000000000, "y": 530.000000000000000},
{"x": 50.000000000000000, "y": 710.000000000000000},
{"x": 10.000000000000000, "y": 830.000000000000000},
{"x": 180.000000000000000, "y": 860.000000000000000},
{"x": 90.000000000000000, "y": 660.000000000000000},
{"x": 50.000000000000000, "y": 40.000000000000000},
{"x": 70.000000000000000, "y": 690.000000000000000},
{"x": 130.000000000000000, "y": 860.000000000000000},
{"x": 190.000000000000000, "y": 60.000000000000000},
{"x": 40.000000000000000, "y": 770.000000000000000},
{"x": 70.000000000000000, "y": 790.000000000000000},
{"x": 110.000000000000000, "y": 70.000000000000000},
{"x": 210.000000000000000, "y": 100.000000000000000},
{"x": 220.000000000000000, "y": 390.000000000000000},
{"x": 60.000000000000000, "y": 660.000000000000000},
{"x": 80.000000000000000, "y": 240.000000000000000},
{"x": 90.000000000000000, "y": 740.000000000000000},
{"x": 180.000000000000000, "y": 510.000000000000000},
{"x": 10.000000000000000, "y": 750.000000000000000},
{"x": 230.000000000000000, "y": 120.000000000000000},
{"x": 10.000000000000000, "y": 290.000000000000000},
{"x": 120.000000000000000, "y": 850.000000000000000},
{"x": 230.000000000000000, "y": 770.000000000000000},
{"x": 120.000000000000000, "y": 550.000000000000000},
{"x": 130.000000000000000, "y": 390.000000000000000},
{"x": 170.000000000000000, "y": 130.000000000000000},
{"x": 90.000000000000000, "y": 500.000000000000000},
{"x": 200.000000000000000, "y": 860.000000000000000},
{"x": 210.000000000000000, "y": 740.000000000000000},
{"x": 230.000000000000000, "y": 740.000000000000000},
{"x": 220.000000000000000, "y": 580.000000000000000},
{"x": 190.000000000000000, "y": 830.000000000000000},
{"x": 220.000000000000000, "y": 730.000000000000000},
{"x": 50.000000000000000, "y": 880.000000000000000},
{"x": 210.000000000000000, "y": 260.000000000000000},
{"x": 120.000000000000000, "y": 400.000000000000000},
{"x": 170.000000000000000, "y": 240.000000000000000},
{"x": 110.000000000000000, "y": 670.000000000000000},
{"x": 230.000000000000000, "y": 700.000000000000000},
{"x": 210.000000000000000, "y": 510.000000000000000},
{"x": 190.000000000000000, "y": 330.000000000000000},
{"x": 140.000000000000000, "y": 10.000000000000000},
{"x": 140.000000000000000, "y": 660.000000000000000},
{"x": 220.000000000000000, "y": 130.000000000000000},
{"x": 20.000000000000000, "y": 640.000000000000000},
{"x": 70.000000000000000, "y": 460.000000000000000},
{"x": 10.000000000000000, "y": 450.000000000000000},
{"x": 80.000000000000000, "y": 190.000000000000000},
{"x": 10.000000000000000, "y": 680.000000000000000},
{"x": 190.000000000000000, "y": 320.000000000000000},
{"x": 60.000000000000000, "y": 820.000000000000000},
{"x": 130.000000000000000, "y": 260.000000000000000},
{"x": 10.000000000000000, "y": 570.000000000000000},
{"x": 100.000000000000000, "y": 170.000000000000000},
{"x": 110.000000000000000, "y": 40.000000000000000},
{"x": 90.000000000000000, "y": 180.000000000000000},
{"x": 140.000000000000000, "y": 90.000000000000000},
{"x": 190.000000000000000, "y": 610.000000000000000},
{"x": 70.000000000000000, "y": 280.000000000000000},
{"x": 10.000000000000000, "y": 510.000000000000000},
{"x": 50.000000000000000, "y": 640.000000000000000},
{"x": 70.000000000000000, "y": 800.000000000000000},
{"x": 160.000000000000000, "y": 460.000000000000000},
{"x": 120.000000000000000, "y": 450.000000000000000},
{"x": 220.000000000000000, "y": 280.000000000000000},
{"x": 230.000000000000000, "y": 270.000000000000000},
{"x": 170.000000000000000, "y": 160.000000000000000},
{"x": 50.000000000000000, "y": 810.000000000000000},
{"x": 140.000000000000000, "y": 600.000000000000000},
{"x": 170.000000000000000, "y": 660.000000000000000},
{"x": 50.000000000000000, "y": 750.000000000000000},
{"x": 20.000000000000000, "y": 220.000000000000000},
{"x": 220.000000000000000, "y": 60.000000000000000},
{"x": 200.000000000000000, "y": 750.000000000000000},
{"x": 230.000000000000000, "y": 260.000000000000000},
{"x": 120.000000000000000, "y": 580.000000000000000},
{"x": 30.000000000000000, "y": 490.000000000000000},
{"x": 110.000000000000000, "y": 470.000000000000000},
{"x": 130.000000000000000, "y": 320.000000000000000},
{"x": 200.000000000000000, "y": 70.000000000000000},
{"x": 180.000000000000000, "y": 700.000000000000000},
{"x": 220.000000000000000, "y": 710.000000000000000},
{"x": 60.000000000000000, "y": 290.000000000000000},
{"x": 230.000000000000000, "y": 230.000000000000000},
{"x": 110.000000000000000, "y": 740.000000000000000},
{"x": 130.000000000000000, "y": 770.000000000000000},
{"x": 220.000000000000000, "y": 470.000000000000000},
{"x": 200.000000000000000, "y": 570.000000000000000},
{"x": 230.000000000000000, "y": 850.000000000000000},
{"x": 140.000000000000000, "y": 760.000000000000000},
{"x": 120.000000000000000, "y": 810.000000000000000},
{"x": 210.000000000000000, "y": 450.000000000000000},
{"x": 220.000000000000000, "y": 870.000000000000000},
{"x": 130.000000000000000, "y": 460.000000000000000},
{"x": 220.000000000000000, "y": 830.000000000000000},
{"x": 170.000000000000000, "y": 30.000000000000000},
{"x": 110.000000000000000, "y": 440.000000000000000},
{"x": 140.000000000000000, "y": 150.000000000000000},
{"x": 170.000000000000000, "y": 580.000000000000000},
{"x": 40.000000000000000, "y": 650.000000000000000},
{"x": 110.000000000000000, "y": 840.000000000000000},
{"x": 150.000000000000000, "y": 720.000000000000000},
{"x": 210.000000000000000, "y": 30.000000000000000},
{"x": 150.000000000000000, "y": 500.000000000000000},
{"x": 140.000000000000000, "y": 790.000000000000000},
{"x": 220.000000000000000, "y": 840.000000000000000},
{"x": 50.000000000000000, "y": 440.000000000000000},
{"x": 170.000000000000000, "y": 420.000000000000000},
{"x": 190.000000000000000, "y": 460.000000000000000},
{"x": 190.000000000000000, "y": 520.000000000000000},
{"x": 200.000000000000000, "y": 580.000000000000000},
{"x": 140.000000000000000, "y": 510.000000000000000},
{"x": 150.000000000000000, "y": 840.000000000000000},
{"x": 30.000000000000000, "y": 420.000000000000000},
{"x": 30.000000000000000, "y": 290.000000000000000},
{"x": 150.000000000000000, "y": 790.000000000000000},
{"x": 90.000000000000000, "y": 380.000000000000000},
{"x": 210.000000000000000, "y": 140.000000000000000},
{"x": 200.000000000000000, "y": 160.000000000000000},
{"x": 160.000000000000000, "y": 100.000000000000000},
{"x": 130.000000000000000, "y": 540.000000000000000},
{"x": 210.000000000000000, "y": 600.000000000000000},
{"x": 100.000000000000000, "y": 880.000000000000000},
{"x": 230.000000000000000, "y": 330.000000000000000},
{"x": 210.000000000000000, "y": 50.000000000000000},
{"x": 230.000000000000000, "y": 420.000000000000000},
{"x": 120.000000000000000, "y": 650.000000000000000}
]
}