{
"placements": [
{"x": 111.000000000000000, "y": 726.000000000000000},
{"x": 118.000000000000000, "y": 693.000000000000000},
{"x": 78.000000000000000, "y": 716.000000000000000},
{"x": 68.000000000000000, "y": 729.000000000000000},
{"x": 111.000000000000000, "y": 806.000000000000000},
{"x": 118.000000000000000, "y": 769.000000000000000},
{"x": 178.000000000000000, "y": 826.000000000000000},
{"x": 41.000000000000000, "y": 826.000000000000000},
{"x": 98.000000000000000, "y": 793.000000000000000},
{"x": 158.000000000000000, "y": 706.000000000000000},
{"x": 98.000000000000000, "y": 826.000000000000000},
{"x": 75.000000000000000, "y": 816.000000000000000},
{"x": 118.000000000000000, "y": 673.000000000000000},
{"x": 85.000000000000000, "y": 696.000000000000000},
{"x": 128.000000000000000, "y": 833.000000000000000},
{"x": 58.000000000000000, "y": 663.000000000000000},
{"x": 178.000000000000000, "y": 753.000000000000000},
{"x": 78.000000000000000, "y": 706.000000000000000},
{"x": 158.000000000000000, "y": 816.000000000000000},
{"x": 121.000000000000000, "y": 716.000000000000000},
{"x": 118.000000000000000, "y": 836.000000000000000},
{"x": 38.000000000000000, "y": 759.000000000000000},
{"x": 171.000000000000000, "y": 766.000000000000000},
{"x": 58.000000000000000, "y": 779.000000000000000},
{"x": 68.000000000000000, "y": 663.000000000000000},
{"x": 128.000000000000000, "y": 699.000000000000000},
{"x": 178.000000000000000, "y": 659.000000000000000},
{"x": 121.000000000000000, "y": 806.000000000000000},
{"x": 135.000000000000000, "y": 766.000000000000000},
{"x": 175.000000000000000, "y": 736.000000000000000},
{"x": 108.000000000000000, "y": 683.000000000000000},
{"x": 191.000000000000000, "y": 706.000000000000000},
{"x": 78.000000000000000, "y": 826.000000000000000},
{"x": 91.000000000000000, "y": 746.000000000000000},
{"x": 121.000000000000000, "y": 756.000000000000000},
{"x": 188.000000000000000, "y": 659.000000000000000},
{"x": 138.000000000000000, "y": 689.000000000000000},
{"x": 158.000000000000000, "y": 756.000000000000000},
{"x": 58.000000000000000, "y": 763.000000000000000},
{"x": 135.000000000000000, "y": 656.000000000000000},
{"x": 151.000000000000000, "y": 666.000000000000000},
{"x": 81.000000000000000, "y": 746.000000000000000},
{"x": 188.000000000000000, "y": 826.000000000000000},
{"x": 48.000000000000000, "y": 699.000000000000000},
{"x": 178.000000000000000, "y": 719.000000000000000},
{"x": 88.000000000000000, "y": 803.000000000000000},
{"x": 138.000000000000000, "y": 753.000000000000000},
{"x": 68.000000000000000, "y": 753.000000000000000},
{"x": 115.000000000000000, "y": 796.000000000000000},
{"x": 98.000000000000000, "y": 803.000000000000000},
{"x": 105.000000000000000, "y": 776.000000000000000},
{"x": 85.000000000000000, "y": 736.000000000000000},
{"x": 135.000000000000000, "y": 736.000000000000000},
{"x": 58.000000000000000, "y": 739.000000000000000},
{"x": 81.000000000000000, "y": 786.000000000000000},
{"x": 191.000000000000000, "y": 766.000000000000000}
]
}